INFO: [SIM 2] *************** CSIM start ***************
INFO: [SIM 4] CSIM will launch GCC as the compiler.
   Compiling ../../../../../Archivos_Fuente/Hyperspectral/hyperspectral_test.cpp in debug mode
   Compiling ../../../../../Archivos_Fuente/Hyperspectral/hyperspectral_accel.cpp in debug mode
   Generating csim.exe
Archivo cargado correctamente
DEBUGGING AXI4 STREAMING DATA TYPES!
2Stream in the image
LLEGO AQUI!
STREAM IMAGE HECHO!
STREAM REFPIXEL HECHO!
maxBrightnessIdx[0] = 0
maxBrightnessIdx[1] = 26
minDistance = 41.4849
maxBrightness_hw[0] = 0
maxBrightness_hw[1] = 26
closestPixelIdx_hw[0] = 1
closestPixelIdx_hw[1] = 40
minDistance_hw = 41.4849, minDistance_sw = 41.4849
Test OK!
INFO: [SIM 1] CSim done with 0 errors.
INFO: [SIM 3] *************** CSIM finish ***************
