

================================================================
== Synthesis Summary Report of 'hyperspectral_hw_wrapped'
================================================================
+ General Information: 
    * Date:           Sat Oct 12 04:13:27 2024
    * Version:        2022.1 (Build 3526262 on Mon Apr 18 15:47:01 MDT 2022)
    * Project:        Hyperspectral_DataFlow
    * Solution:       solution1 (Vivado IP Flow Target)
    * Product family: zynquplus
    * Target device:  xczu3eg-sbva484-1-e
    

+ Performance & Resource Estimates: 
    
    PS: '+' for module; 'o' for loop; '*' for dataflow
    +------------------------------------------------------+------+------+---------+-----------+----------+---------+------+----------+---------+-----------+-------------+-------------+-----+
    |                        Modules                       | Issue|      | Latency |  Latency  | Iteration|         | Trip |          |         |           |             |             |     |
    |                        & Loops                       | Type | Slack| (cycles)|    (ns)   |  Latency | Interval| Count| Pipelined|  BRAM   |    DSP    |      FF     |     LUT     | URAM|
    +------------------------------------------------------+------+------+---------+-----------+----------+---------+------+----------+---------+-----------+-------------+-------------+-----+
    |+ hyperspectral_hw_wrapped                            |     -|  0.62|   184987|  1.850e+06|         -|   184988|     -|        no|  1 (~0%)|  182 (50%)|  33392 (23%)|  27809 (39%)|    -|
    | + hyperspectral_hw_wrapped_Pipeline_VITIS_LOOP_53_1  |     -|  5.09|       92|    920.000|         -|       92|     -|        no|        -|          -|     10 (~0%)|     74 (~0%)|    -|
    |  o VITIS_LOOP_53_1                                   |     -|  7.30|       90|    900.000|         1|        1|    90|       yes|        -|          -|            -|            -|    -|
    | + hyperspectral_hw_wrapped_Pipeline_L1               |     -|  0.62|   184702|  1.847e+06|         -|   184702|     -|        no|        -|  182 (50%)|  27460 (19%)|  17238 (24%)|    -|
    |  o L1                                                |    II|  7.30|   184700|  1.847e+06|       470|       90|  2048|       yes|        -|          -|            -|            -|    -|
    | + hyperspectral_hw_wrapped_Pipeline_VITIS_LOOP_97_2  |     -|  5.01|       92|    920.000|         -|       92|     -|        no|        -|          -|     19 (~0%)|    1969 (2%)|    -|
    |  o VITIS_LOOP_97_2                                   |     -|  7.30|       90|    900.000|         2|        1|    90|       yes|        -|          -|            -|            -|    -|
    +------------------------------------------------------+------+------+---------+-----------+----------+---------+------+----------+---------+-----------+-------------+-------------+-----+


================================================================
== HW Interfaces
================================================================
* S_AXILITE Interfaces
+-------------------+------------+---------------+
| Interface         | Data Width | Address Width |
+-------------------+------------+---------------+
| s_axi_CONTROL_BUS | 32         | 4             |
+-------------------+------------+---------------+

* S_AXILITE Registers
+-------------------+----------+--------+-------+--------+----------------------------------+----------------------------------------------------------------------+
| Interface         | Register | Offset | Width | Access | Description                      | Bit Fields                                                           |
+-------------------+----------+--------+-------+--------+----------------------------------+----------------------------------------------------------------------+
| s_axi_CONTROL_BUS | CTRL     | 0x00   | 32    | RW     | Control signals                  | 0=AP_START 1=AP_DONE 2=AP_IDLE 3=AP_READY 7=AUTO_RESTART 9=INTERRUPT |
| s_axi_CONTROL_BUS | GIER     | 0x04   | 32    | RW     | Global Interrupt Enable Register | 0=Enable                                                             |
| s_axi_CONTROL_BUS | IP_IER   | 0x08   | 32    | RW     | IP Interrupt Enable Register     | 0=CHAN0_INT_EN 1=CHAN1_INT_EN                                        |
| s_axi_CONTROL_BUS | IP_ISR   | 0x0c   | 32    | RW     | IP Interrupt Status Register     | 0=CHAN0_INT_ST 1=CHAN1_INT_ST                                        |
+-------------------+----------+--------+-------+--------+----------------------------------+----------------------------------------------------------------------+

* AXIS
+------------+---------------+-------+-------+-----+-------+-------+--------+-------+-------+--------+
| Interface  | Register Mode | TDATA | TDEST | TID | TKEEP | TLAST | TREADY | TSTRB | TUSER | TVALID |
+------------+---------------+-------+-------+-----+-------+-------+--------+-------+-------+--------+
| in_stream  | both          | 32    | 5     | 5   | 4     | 1     | 1      | 4     | 4     | 1      |
| out_stream | both          | 32    | 5     | 5   | 4     | 1     | 1      | 4     | 4     | 1      |
+------------+---------------+-------+-------+-----+-------+-------+--------+-------+-------+--------+

* TOP LEVEL CONTROL
+-----------+------------+-----------+
| Interface | Type       | Ports     |
+-----------+------------+-----------+
| ap_clk    | clock      | ap_clk    |
| ap_rst_n  | reset      | ap_rst_n  |
| interrupt | interrupt  | interrupt |
| ap_ctrl   | ap_ctrl_hs |           |
+-----------+------------+-----------+


================================================================
== SW I/O Information
================================================================
* Top Function Arguments
+------------+-----------+---------------------------------------------+
| Argument   | Direction | Datatype                                    |
+------------+-----------+---------------------------------------------+
| in_stream  | in        | stream<hls::axis<ap_uint<32>, 4, 5, 5>, 0>& |
| out_stream | out       | stream<hls::axis<ap_uint<32>, 4, 5, 5>, 0>& |
+------------+-----------+---------------------------------------------+

* SW-to-HW Mapping
+------------+--------------+-----------+
| Argument   | HW Interface | HW Type   |
+------------+--------------+-----------+
| in_stream  | in_stream    | interface |
| out_stream | out_stream   | interface |
+------------+--------------+-----------+


================================================================
== M_AXI Burst Information
================================================================
 Note: All burst requests might be further partitioned into multiple requests during RTL generation based on max_read_burst_length or max_write_burst_length settings.

  No burst in design

================================================================
== Bind Op Report
================================================================
+------------------------------------------------------+-----+--------+--------------------+-------+---------+---------+
| Name                                                 | DSP | Pragma | Variable           | Op    | Impl    | Latency |
+------------------------------------------------------+-----+--------+--------------------+-------+---------+---------+
| + hyperspectral_hw_wrapped                           | 182 |        |                    |       |         |         |
|  + hyperspectral_hw_wrapped_Pipeline_VITIS_LOOP_53_1 | 0   |        |                    |       |         |         |
|    add_ln53_fu_155_p2                                | -   |        | add_ln53           | add   | fabric  | 0       |
|  + hyperspectral_hw_wrapped_Pipeline_L1              | 182 |        |                    |       |         |         |
|    idx_2_fu_5132_p2                                  | -   |        | idx_2              | add   | fabric  | 0       |
|    closest_idx_fu_9505_p2                            | -   |        | closest_idx        | sub   | fabric  | 0       |
|    diff1_V_fu_5162_p2                                | -   |        | diff1_V            | sub   | fabric  | 0       |
|    diff2_V_fu_5172_p2                                | -   |        | diff2_V            | sub   | fabric  | 0       |
|    mul_mul_17s_17s_32_4_1_U13                        | 1   |        | squared_diff1_V    | mul   | dsp48   | 3       |
|    mul_mul_17s_17s_32_4_1_U14                        | 1   |        | squared_diff2_V    | mul   | dsp48   | 3       |
|    ret_V_fu_5253_p2                                  | -   |        | ret_V              | add   | fabric  | 0       |
|    diff1_V_1_fu_5199_p2                              | -   |        | diff1_V_1          | sub   | fabric  | 0       |
|    diff2_V_1_fu_5208_p2                              | -   |        | diff2_V_1          | sub   | fabric  | 0       |
|    mul_mul_17s_17s_32_4_1_U15                        | 1   |        | squared_diff1_V_1  | mul   | dsp48   | 3       |
|    mul_mul_17s_17s_32_4_1_U16                        | 1   |        | squared_diff2_V_1  | mul   | dsp48   | 3       |
|    ret_V_1_fu_5299_p2                                | -   |        | ret_V_1            | add   | fabric  | 0       |
|    fadd_32ns_32ns_32_5_full_dsp_1_U9                 | 2   |        | distance_1         | fadd  | fulldsp | 4       |
|    diff1_V_2_fu_5229_p2                              | -   |        | diff1_V_2          | sub   | fabric  | 0       |
|    diff2_V_2_fu_5238_p2                              | -   |        | diff2_V_2          | sub   | fabric  | 0       |
|    mul_mul_17s_17s_32_4_1_U17                        | 1   |        | squared_diff1_V_2  | mul   | dsp48   | 3       |
|    mul_mul_17s_17s_32_4_1_U18                        | 1   |        | squared_diff2_V_2  | mul   | dsp48   | 3       |
|    ret_V_2_fu_5345_p2                                | -   |        | ret_V_2            | add   | fabric  | 0       |
|    fadd_32ns_32ns_32_5_full_dsp_1_U9                 | 2   |        | distance_2         | fadd  | fulldsp | 4       |
|    diff1_V_3_fu_5271_p2                              | -   |        | diff1_V_3          | sub   | fabric  | 0       |
|    diff2_V_3_fu_5280_p2                              | -   |        | diff2_V_3          | sub   | fabric  | 0       |
|    mul_mul_17s_17s_32_4_1_U19                        | 1   |        | squared_diff1_V_3  | mul   | dsp48   | 3       |
|    mul_mul_17s_17s_32_4_1_U20                        | 1   |        | squared_diff2_V_3  | mul   | dsp48   | 3       |
|    ret_V_3_fu_5391_p2                                | -   |        | ret_V_3            | add   | fabric  | 0       |
|    fadd_32ns_32ns_32_5_full_dsp_1_U9                 | 2   |        | distance_3         | fadd  | fulldsp | 4       |
|    diff1_V_4_fu_5317_p2                              | -   |        | diff1_V_4          | sub   | fabric  | 0       |
|    diff2_V_4_fu_5326_p2                              | -   |        | diff2_V_4          | sub   | fabric  | 0       |
|    mul_mul_17s_17s_32_4_1_U21                        | 1   |        | squared_diff1_V_4  | mul   | dsp48   | 3       |
|    mul_mul_17s_17s_32_4_1_U22                        | 1   |        | squared_diff2_V_4  | mul   | dsp48   | 3       |
|    ret_V_4_fu_5437_p2                                | -   |        | ret_V_4            | add   | fabric  | 0       |
|    fadd_32ns_32ns_32_5_full_dsp_1_U9                 | 2   |        | distance_4         | fadd  | fulldsp | 4       |
|    diff1_V_5_fu_5363_p2                              | -   |        | diff1_V_5          | sub   | fabric  | 0       |
|    diff2_V_5_fu_5372_p2                              | -   |        | diff2_V_5          | sub   | fabric  | 0       |
|    mul_mul_17s_17s_32_4_1_U23                        | 1   |        | squared_diff1_V_5  | mul   | dsp48   | 3       |
|    mul_mul_17s_17s_32_4_1_U24                        | 1   |        | squared_diff2_V_5  | mul   | dsp48   | 3       |
|    ret_V_5_fu_5483_p2                                | -   |        | ret_V_5            | add   | fabric  | 0       |
|    fadd_32ns_32ns_32_5_full_dsp_1_U9                 | 2   |        | distance_5         | fadd  | fulldsp | 4       |
|    diff1_V_6_fu_5409_p2                              | -   |        | diff1_V_6          | sub   | fabric  | 0       |
|    diff2_V_6_fu_5418_p2                              | -   |        | diff2_V_6          | sub   | fabric  | 0       |
|    mul_mul_17s_17s_32_4_1_U25                        | 1   |        | squared_diff1_V_6  | mul   | dsp48   | 3       |
|    mul_mul_17s_17s_32_4_1_U26                        | 1   |        | squared_diff2_V_6  | mul   | dsp48   | 3       |
|    ret_V_6_fu_5529_p2                                | -   |        | ret_V_6            | add   | fabric  | 0       |
|    fadd_32ns_32ns_32_5_full_dsp_1_U9                 | 2   |        | distance_6         | fadd  | fulldsp | 4       |
|    diff1_V_7_fu_5455_p2                              | -   |        | diff1_V_7          | sub   | fabric  | 0       |
|    diff2_V_7_fu_5464_p2                              | -   |        | diff2_V_7          | sub   | fabric  | 0       |
|    mul_mul_17s_17s_32_4_1_U27                        | 1   |        | squared_diff1_V_7  | mul   | dsp48   | 3       |
|    mul_mul_17s_17s_32_4_1_U28                        | 1   |        | squared_diff2_V_7  | mul   | dsp48   | 3       |
|    ret_V_7_fu_5575_p2                                | -   |        | ret_V_7            | add   | fabric  | 0       |
|    fadd_32ns_32ns_32_5_full_dsp_1_U9                 | 2   |        | distance_7         | fadd  | fulldsp | 4       |
|    diff1_V_8_fu_5501_p2                              | -   |        | diff1_V_8          | sub   | fabric  | 0       |
|    diff2_V_8_fu_5510_p2                              | -   |        | diff2_V_8          | sub   | fabric  | 0       |
|    mul_mul_17s_17s_32_4_1_U29                        | 1   |        | squared_diff1_V_8  | mul   | dsp48   | 3       |
|    mul_mul_17s_17s_32_4_1_U30                        | 1   |        | squared_diff2_V_8  | mul   | dsp48   | 3       |
|    ret_V_8_fu_5621_p2                                | -   |        | ret_V_8            | add   | fabric  | 0       |
|    fadd_32ns_32ns_32_5_full_dsp_1_U9                 | 2   |        | distance_8         | fadd  | fulldsp | 4       |
|    diff1_V_9_fu_5547_p2                              | -   |        | diff1_V_9          | sub   | fabric  | 0       |
|    diff2_V_9_fu_5556_p2                              | -   |        | diff2_V_9          | sub   | fabric  | 0       |
|    mul_mul_17s_17s_32_4_1_U31                        | 1   |        | squared_diff1_V_9  | mul   | dsp48   | 3       |
|    mul_mul_17s_17s_32_4_1_U32                        | 1   |        | squared_diff2_V_9  | mul   | dsp48   | 3       |
|    ret_V_9_fu_5667_p2                                | -   |        | ret_V_9            | add   | fabric  | 0       |
|    fadd_32ns_32ns_32_5_full_dsp_1_U9                 | 2   |        | distance_9         | fadd  | fulldsp | 4       |
|    diff1_V_10_fu_5593_p2                             | -   |        | diff1_V_10         | sub   | fabric  | 0       |
|    diff2_V_10_fu_5602_p2                             | -   |        | diff2_V_10         | sub   | fabric  | 0       |
|    mul_mul_17s_17s_32_4_1_U33                        | 1   |        | squared_diff1_V_10 | mul   | dsp48   | 3       |
|    mul_mul_17s_17s_32_4_1_U34                        | 1   |        | squared_diff2_V_10 | mul   | dsp48   | 3       |
|    ret_V_10_fu_5713_p2                               | -   |        | ret_V_10           | add   | fabric  | 0       |
|    fadd_32ns_32ns_32_5_full_dsp_1_U9                 | 2   |        | distance_10        | fadd  | fulldsp | 4       |
|    diff1_V_11_fu_5639_p2                             | -   |        | diff1_V_11         | sub   | fabric  | 0       |
|    diff2_V_11_fu_5648_p2                             | -   |        | diff2_V_11         | sub   | fabric  | 0       |
|    mul_mul_17s_17s_32_4_1_U35                        | 1   |        | squared_diff1_V_11 | mul   | dsp48   | 3       |
|    mul_mul_17s_17s_32_4_1_U36                        | 1   |        | squared_diff2_V_11 | mul   | dsp48   | 3       |
|    ret_V_11_fu_5759_p2                               | -   |        | ret_V_11           | add   | fabric  | 0       |
|    fadd_32ns_32ns_32_5_full_dsp_1_U9                 | 2   |        | distance_11        | fadd  | fulldsp | 4       |
|    diff1_V_12_fu_5685_p2                             | -   |        | diff1_V_12         | sub   | fabric  | 0       |
|    diff2_V_12_fu_5694_p2                             | -   |        | diff2_V_12         | sub   | fabric  | 0       |
|    mul_mul_17s_17s_32_4_1_U37                        | 1   |        | squared_diff1_V_12 | mul   | dsp48   | 3       |
|    mul_mul_17s_17s_32_4_1_U38                        | 1   |        | squared_diff2_V_12 | mul   | dsp48   | 3       |
|    ret_V_12_fu_5805_p2                               | -   |        | ret_V_12           | add   | fabric  | 0       |
|    fadd_32ns_32ns_32_5_full_dsp_1_U9                 | 2   |        | distance_12        | fadd  | fulldsp | 4       |
|    diff1_V_13_fu_5731_p2                             | -   |        | diff1_V_13         | sub   | fabric  | 0       |
|    diff2_V_13_fu_5740_p2                             | -   |        | diff2_V_13         | sub   | fabric  | 0       |
|    mul_mul_17s_17s_32_4_1_U39                        | 1   |        | squared_diff1_V_13 | mul   | dsp48   | 3       |
|    mul_mul_17s_17s_32_4_1_U40                        | 1   |        | squared_diff2_V_13 | mul   | dsp48   | 3       |
|    ret_V_13_fu_5851_p2                               | -   |        | ret_V_13           | add   | fabric  | 0       |
|    fadd_32ns_32ns_32_5_full_dsp_1_U9                 | 2   |        | distance_13        | fadd  | fulldsp | 4       |
|    diff1_V_14_fu_5777_p2                             | -   |        | diff1_V_14         | sub   | fabric  | 0       |
|    diff2_V_14_fu_5786_p2                             | -   |        | diff2_V_14         | sub   | fabric  | 0       |
|    mul_mul_17s_17s_32_4_1_U41                        | 1   |        | squared_diff1_V_14 | mul   | dsp48   | 3       |
|    mul_mul_17s_17s_32_4_1_U42                        | 1   |        | squared_diff2_V_14 | mul   | dsp48   | 3       |
|    ret_V_14_fu_5897_p2                               | -   |        | ret_V_14           | add   | fabric  | 0       |
|    fadd_32ns_32ns_32_5_full_dsp_1_U9                 | 2   |        | distance_14        | fadd  | fulldsp | 4       |
|    diff1_V_15_fu_5823_p2                             | -   |        | diff1_V_15         | sub   | fabric  | 0       |
|    diff2_V_15_fu_5832_p2                             | -   |        | diff2_V_15         | sub   | fabric  | 0       |
|    mul_mul_17s_17s_32_4_1_U43                        | 1   |        | squared_diff1_V_15 | mul   | dsp48   | 3       |
|    mul_mul_17s_17s_32_4_1_U44                        | 1   |        | squared_diff2_V_15 | mul   | dsp48   | 3       |
|    ret_V_15_fu_5943_p2                               | -   |        | ret_V_15           | add   | fabric  | 0       |
|    fadd_32ns_32ns_32_5_full_dsp_1_U9                 | 2   |        | distance_15        | fadd  | fulldsp | 4       |
|    diff1_V_16_fu_5869_p2                             | -   |        | diff1_V_16         | sub   | fabric  | 0       |
|    diff2_V_16_fu_5878_p2                             | -   |        | diff2_V_16         | sub   | fabric  | 0       |
|    mul_mul_17s_17s_32_4_1_U45                        | 1   |        | squared_diff1_V_16 | mul   | dsp48   | 3       |
|    mul_mul_17s_17s_32_4_1_U46                        | 1   |        | squared_diff2_V_16 | mul   | dsp48   | 3       |
|    ret_V_16_fu_5989_p2                               | -   |        | ret_V_16           | add   | fabric  | 0       |
|    fadd_32ns_32ns_32_5_full_dsp_1_U9                 | 2   |        | distance_16        | fadd  | fulldsp | 4       |
|    diff1_V_17_fu_5915_p2                             | -   |        | diff1_V_17         | sub   | fabric  | 0       |
|    diff2_V_17_fu_5924_p2                             | -   |        | diff2_V_17         | sub   | fabric  | 0       |
|    mul_mul_17s_17s_32_4_1_U47                        | 1   |        | squared_diff1_V_17 | mul   | dsp48   | 3       |
|    mul_mul_17s_17s_32_4_1_U48                        | 1   |        | squared_diff2_V_17 | mul   | dsp48   | 3       |
|    ret_V_17_fu_6035_p2                               | -   |        | ret_V_17           | add   | fabric  | 0       |
|    fadd_32ns_32ns_32_5_full_dsp_1_U9                 | 2   |        | distance_17        | fadd  | fulldsp | 4       |
|    diff1_V_18_fu_5961_p2                             | -   |        | diff1_V_18         | sub   | fabric  | 0       |
|    diff2_V_18_fu_5970_p2                             | -   |        | diff2_V_18         | sub   | fabric  | 0       |
|    mul_mul_17s_17s_32_4_1_U49                        | 1   |        | squared_diff1_V_18 | mul   | dsp48   | 3       |
|    mul_mul_17s_17s_32_4_1_U50                        | 1   |        | squared_diff2_V_18 | mul   | dsp48   | 3       |
|    ret_V_18_fu_6081_p2                               | -   |        | ret_V_18           | add   | fabric  | 0       |
|    fadd_32ns_32ns_32_5_full_dsp_1_U9                 | 2   |        | distance_18        | fadd  | fulldsp | 4       |
|    diff1_V_19_fu_6007_p2                             | -   |        | diff1_V_19         | sub   | fabric  | 0       |
|    diff2_V_19_fu_6016_p2                             | -   |        | diff2_V_19         | sub   | fabric  | 0       |
|    mul_mul_17s_17s_32_4_1_U51                        | 1   |        | squared_diff1_V_19 | mul   | dsp48   | 3       |
|    mul_mul_17s_17s_32_4_1_U52                        | 1   |        | squared_diff2_V_19 | mul   | dsp48   | 3       |
|    ret_V_19_fu_6127_p2                               | -   |        | ret_V_19           | add   | fabric  | 0       |
|    fadd_32ns_32ns_32_5_full_dsp_1_U9                 | 2   |        | distance_19        | fadd  | fulldsp | 4       |
|    diff1_V_20_fu_6053_p2                             | -   |        | diff1_V_20         | sub   | fabric  | 0       |
|    diff2_V_20_fu_6062_p2                             | -   |        | diff2_V_20         | sub   | fabric  | 0       |
|    mul_mul_17s_17s_32_4_1_U53                        | 1   |        | squared_diff1_V_20 | mul   | dsp48   | 3       |
|    mul_mul_17s_17s_32_4_1_U54                        | 1   |        | squared_diff2_V_20 | mul   | dsp48   | 3       |
|    ret_V_20_fu_6173_p2                               | -   |        | ret_V_20           | add   | fabric  | 0       |
|    fadd_32ns_32ns_32_5_full_dsp_1_U9                 | 2   |        | distance_20        | fadd  | fulldsp | 4       |
|    diff1_V_21_fu_6099_p2                             | -   |        | diff1_V_21         | sub   | fabric  | 0       |
|    diff2_V_21_fu_6108_p2                             | -   |        | diff2_V_21         | sub   | fabric  | 0       |
|    mul_mul_17s_17s_32_4_1_U55                        | 1   |        | squared_diff1_V_21 | mul   | dsp48   | 3       |
|    mul_mul_17s_17s_32_4_1_U56                        | 1   |        | squared_diff2_V_21 | mul   | dsp48   | 3       |
|    ret_V_21_fu_6219_p2                               | -   |        | ret_V_21           | add   | fabric  | 0       |
|    fadd_32ns_32ns_32_5_full_dsp_1_U9                 | 2   |        | distance_21        | fadd  | fulldsp | 4       |
|    diff1_V_22_fu_6145_p2                             | -   |        | diff1_V_22         | sub   | fabric  | 0       |
|    diff2_V_22_fu_6154_p2                             | -   |        | diff2_V_22         | sub   | fabric  | 0       |
|    mul_mul_17s_17s_32_4_1_U57                        | 1   |        | squared_diff1_V_22 | mul   | dsp48   | 3       |
|    mul_mul_17s_17s_32_4_1_U58                        | 1   |        | squared_diff2_V_22 | mul   | dsp48   | 3       |
|    ret_V_22_fu_6265_p2                               | -   |        | ret_V_22           | add   | fabric  | 0       |
|    fadd_32ns_32ns_32_5_full_dsp_1_U9                 | 2   |        | distance_22        | fadd  | fulldsp | 4       |
|    diff1_V_23_fu_6191_p2                             | -   |        | diff1_V_23         | sub   | fabric  | 0       |
|    diff2_V_23_fu_6200_p2                             | -   |        | diff2_V_23         | sub   | fabric  | 0       |
|    mul_mul_17s_17s_32_4_1_U59                        | 1   |        | squared_diff1_V_23 | mul   | dsp48   | 3       |
|    mul_mul_17s_17s_32_4_1_U60                        | 1   |        | squared_diff2_V_23 | mul   | dsp48   | 3       |
|    ret_V_23_fu_6311_p2                               | -   |        | ret_V_23           | add   | fabric  | 0       |
|    fadd_32ns_32ns_32_5_full_dsp_1_U9                 | 2   |        | distance_23        | fadd  | fulldsp | 4       |
|    diff1_V_24_fu_6237_p2                             | -   |        | diff1_V_24         | sub   | fabric  | 0       |
|    diff2_V_24_fu_6246_p2                             | -   |        | diff2_V_24         | sub   | fabric  | 0       |
|    mul_mul_17s_17s_32_4_1_U61                        | 1   |        | squared_diff1_V_24 | mul   | dsp48   | 3       |
|    mul_mul_17s_17s_32_4_1_U62                        | 1   |        | squared_diff2_V_24 | mul   | dsp48   | 3       |
|    ret_V_24_fu_6357_p2                               | -   |        | ret_V_24           | add   | fabric  | 0       |
|    fadd_32ns_32ns_32_5_full_dsp_1_U9                 | 2   |        | distance_24        | fadd  | fulldsp | 4       |
|    diff1_V_25_fu_6283_p2                             | -   |        | diff1_V_25         | sub   | fabric  | 0       |
|    diff2_V_25_fu_6292_p2                             | -   |        | diff2_V_25         | sub   | fabric  | 0       |
|    mul_mul_17s_17s_32_4_1_U63                        | 1   |        | squared_diff1_V_25 | mul   | dsp48   | 3       |
|    mul_mul_17s_17s_32_4_1_U64                        | 1   |        | squared_diff2_V_25 | mul   | dsp48   | 3       |
|    ret_V_25_fu_6403_p2                               | -   |        | ret_V_25           | add   | fabric  | 0       |
|    fadd_32ns_32ns_32_5_full_dsp_1_U9                 | 2   |        | distance_25        | fadd  | fulldsp | 4       |
|    diff1_V_26_fu_6329_p2                             | -   |        | diff1_V_26         | sub   | fabric  | 0       |
|    diff2_V_26_fu_6338_p2                             | -   |        | diff2_V_26         | sub   | fabric  | 0       |
|    mul_mul_17s_17s_32_4_1_U65                        | 1   |        | squared_diff1_V_26 | mul   | dsp48   | 3       |
|    mul_mul_17s_17s_32_4_1_U66                        | 1   |        | squared_diff2_V_26 | mul   | dsp48   | 3       |
|    ret_V_26_fu_6449_p2                               | -   |        | ret_V_26           | add   | fabric  | 0       |
|    fadd_32ns_32ns_32_5_full_dsp_1_U9                 | 2   |        | distance_26        | fadd  | fulldsp | 4       |
|    diff1_V_27_fu_6375_p2                             | -   |        | diff1_V_27         | sub   | fabric  | 0       |
|    diff2_V_27_fu_6384_p2                             | -   |        | diff2_V_27         | sub   | fabric  | 0       |
|    mul_mul_17s_17s_32_4_1_U67                        | 1   |        | squared_diff1_V_27 | mul   | dsp48   | 3       |
|    mul_mul_17s_17s_32_4_1_U68                        | 1   |        | squared_diff2_V_27 | mul   | dsp48   | 3       |
|    ret_V_27_fu_6495_p2                               | -   |        | ret_V_27           | add   | fabric  | 0       |
|    fadd_32ns_32ns_32_5_full_dsp_1_U9                 | 2   |        | distance_27        | fadd  | fulldsp | 4       |
|    diff1_V_28_fu_6421_p2                             | -   |        | diff1_V_28         | sub   | fabric  | 0       |
|    diff2_V_28_fu_6430_p2                             | -   |        | diff2_V_28         | sub   | fabric  | 0       |
|    mul_mul_17s_17s_32_4_1_U69                        | 1   |        | squared_diff1_V_28 | mul   | dsp48   | 3       |
|    mul_mul_17s_17s_32_4_1_U70                        | 1   |        | squared_diff2_V_28 | mul   | dsp48   | 3       |
|    ret_V_28_fu_6541_p2                               | -   |        | ret_V_28           | add   | fabric  | 0       |
|    fadd_32ns_32ns_32_5_full_dsp_1_U9                 | 2   |        | distance_28        | fadd  | fulldsp | 4       |
|    diff1_V_29_fu_6467_p2                             | -   |        | diff1_V_29         | sub   | fabric  | 0       |
|    diff2_V_29_fu_6476_p2                             | -   |        | diff2_V_29         | sub   | fabric  | 0       |
|    mul_mul_17s_17s_32_4_1_U71                        | 1   |        | squared_diff1_V_29 | mul   | dsp48   | 3       |
|    mul_mul_17s_17s_32_4_1_U72                        | 1   |        | squared_diff2_V_29 | mul   | dsp48   | 3       |
|    ret_V_29_fu_6587_p2                               | -   |        | ret_V_29           | add   | fabric  | 0       |
|    fadd_32ns_32ns_32_5_full_dsp_1_U9                 | 2   |        | distance_29        | fadd  | fulldsp | 4       |
|    diff1_V_30_fu_6513_p2                             | -   |        | diff1_V_30         | sub   | fabric  | 0       |
|    diff2_V_30_fu_6522_p2                             | -   |        | diff2_V_30         | sub   | fabric  | 0       |
|    mul_mul_17s_17s_32_4_1_U73                        | 1   |        | squared_diff1_V_30 | mul   | dsp48   | 3       |
|    mul_mul_17s_17s_32_4_1_U74                        | 1   |        | squared_diff2_V_30 | mul   | dsp48   | 3       |
|    ret_V_30_fu_6633_p2                               | -   |        | ret_V_30           | add   | fabric  | 0       |
|    fadd_32ns_32ns_32_5_full_dsp_1_U9                 | 2   |        | distance_30        | fadd  | fulldsp | 4       |
|    diff1_V_31_fu_6559_p2                             | -   |        | diff1_V_31         | sub   | fabric  | 0       |
|    diff2_V_31_fu_6568_p2                             | -   |        | diff2_V_31         | sub   | fabric  | 0       |
|    mul_mul_17s_17s_32_4_1_U75                        | 1   |        | squared_diff1_V_31 | mul   | dsp48   | 3       |
|    mul_mul_17s_17s_32_4_1_U76                        | 1   |        | squared_diff2_V_31 | mul   | dsp48   | 3       |
|    ret_V_31_fu_6679_p2                               | -   |        | ret_V_31           | add   | fabric  | 0       |
|    fadd_32ns_32ns_32_5_full_dsp_1_U9                 | 2   |        | distance_31        | fadd  | fulldsp | 4       |
|    diff1_V_32_fu_6605_p2                             | -   |        | diff1_V_32         | sub   | fabric  | 0       |
|    diff2_V_32_fu_6614_p2                             | -   |        | diff2_V_32         | sub   | fabric  | 0       |
|    mul_mul_17s_17s_32_4_1_U77                        | 1   |        | squared_diff1_V_32 | mul   | dsp48   | 3       |
|    mul_mul_17s_17s_32_4_1_U78                        | 1   |        | squared_diff2_V_32 | mul   | dsp48   | 3       |
|    ret_V_32_fu_6725_p2                               | -   |        | ret_V_32           | add   | fabric  | 0       |
|    fadd_32ns_32ns_32_5_full_dsp_1_U9                 | 2   |        | distance_32        | fadd  | fulldsp | 4       |
|    diff1_V_33_fu_6651_p2                             | -   |        | diff1_V_33         | sub   | fabric  | 0       |
|    diff2_V_33_fu_6660_p2                             | -   |        | diff2_V_33         | sub   | fabric  | 0       |
|    mul_mul_17s_17s_32_4_1_U79                        | 1   |        | squared_diff1_V_33 | mul   | dsp48   | 3       |
|    mul_mul_17s_17s_32_4_1_U80                        | 1   |        | squared_diff2_V_33 | mul   | dsp48   | 3       |
|    ret_V_33_fu_6771_p2                               | -   |        | ret_V_33           | add   | fabric  | 0       |
|    fadd_32ns_32ns_32_5_full_dsp_1_U9                 | 2   |        | distance_33        | fadd  | fulldsp | 4       |
|    diff1_V_34_fu_6697_p2                             | -   |        | diff1_V_34         | sub   | fabric  | 0       |
|    diff2_V_34_fu_6706_p2                             | -   |        | diff2_V_34         | sub   | fabric  | 0       |
|    mul_mul_17s_17s_32_4_1_U81                        | 1   |        | squared_diff1_V_34 | mul   | dsp48   | 3       |
|    mul_mul_17s_17s_32_4_1_U82                        | 1   |        | squared_diff2_V_34 | mul   | dsp48   | 3       |
|    ret_V_34_fu_6817_p2                               | -   |        | ret_V_34           | add   | fabric  | 0       |
|    fadd_32ns_32ns_32_5_full_dsp_1_U9                 | 2   |        | distance_34        | fadd  | fulldsp | 4       |
|    diff1_V_35_fu_6743_p2                             | -   |        | diff1_V_35         | sub   | fabric  | 0       |
|    diff2_V_35_fu_6752_p2                             | -   |        | diff2_V_35         | sub   | fabric  | 0       |
|    mul_mul_17s_17s_32_4_1_U83                        | 1   |        | squared_diff1_V_35 | mul   | dsp48   | 3       |
|    mul_mul_17s_17s_32_4_1_U84                        | 1   |        | squared_diff2_V_35 | mul   | dsp48   | 3       |
|    ret_V_35_fu_6863_p2                               | -   |        | ret_V_35           | add   | fabric  | 0       |
|    fadd_32ns_32ns_32_5_full_dsp_1_U9                 | 2   |        | distance_35        | fadd  | fulldsp | 4       |
|    diff1_V_36_fu_6789_p2                             | -   |        | diff1_V_36         | sub   | fabric  | 0       |
|    diff2_V_36_fu_6798_p2                             | -   |        | diff2_V_36         | sub   | fabric  | 0       |
|    mul_mul_17s_17s_32_4_1_U85                        | 1   |        | squared_diff1_V_36 | mul   | dsp48   | 3       |
|    mul_mul_17s_17s_32_4_1_U86                        | 1   |        | squared_diff2_V_36 | mul   | dsp48   | 3       |
|    ret_V_36_fu_6909_p2                               | -   |        | ret_V_36           | add   | fabric  | 0       |
|    fadd_32ns_32ns_32_5_full_dsp_1_U9                 | 2   |        | distance_36        | fadd  | fulldsp | 4       |
|    diff1_V_37_fu_6835_p2                             | -   |        | diff1_V_37         | sub   | fabric  | 0       |
|    diff2_V_37_fu_6844_p2                             | -   |        | diff2_V_37         | sub   | fabric  | 0       |
|    mul_mul_17s_17s_32_4_1_U87                        | 1   |        | squared_diff1_V_37 | mul   | dsp48   | 3       |
|    mul_mul_17s_17s_32_4_1_U88                        | 1   |        | squared_diff2_V_37 | mul   | dsp48   | 3       |
|    ret_V_37_fu_6955_p2                               | -   |        | ret_V_37           | add   | fabric  | 0       |
|    fadd_32ns_32ns_32_5_full_dsp_1_U9                 | 2   |        | distance_37        | fadd  | fulldsp | 4       |
|    diff1_V_38_fu_6881_p2                             | -   |        | diff1_V_38         | sub   | fabric  | 0       |
|    diff2_V_38_fu_6890_p2                             | -   |        | diff2_V_38         | sub   | fabric  | 0       |
|    mul_mul_17s_17s_32_4_1_U89                        | 1   |        | squared_diff1_V_38 | mul   | dsp48   | 3       |
|    mul_mul_17s_17s_32_4_1_U90                        | 1   |        | squared_diff2_V_38 | mul   | dsp48   | 3       |
|    ret_V_38_fu_7001_p2                               | -   |        | ret_V_38           | add   | fabric  | 0       |
|    fadd_32ns_32ns_32_5_full_dsp_1_U9                 | 2   |        | distance_38        | fadd  | fulldsp | 4       |
|    diff1_V_39_fu_6927_p2                             | -   |        | diff1_V_39         | sub   | fabric  | 0       |
|    diff2_V_39_fu_6936_p2                             | -   |        | diff2_V_39         | sub   | fabric  | 0       |
|    mul_mul_17s_17s_32_4_1_U91                        | 1   |        | squared_diff1_V_39 | mul   | dsp48   | 3       |
|    mul_mul_17s_17s_32_4_1_U92                        | 1   |        | squared_diff2_V_39 | mul   | dsp48   | 3       |
|    ret_V_39_fu_7047_p2                               | -   |        | ret_V_39           | add   | fabric  | 0       |
|    fadd_32ns_32ns_32_5_full_dsp_1_U9                 | 2   |        | distance_39        | fadd  | fulldsp | 4       |
|    diff1_V_40_fu_6973_p2                             | -   |        | diff1_V_40         | sub   | fabric  | 0       |
|    diff2_V_40_fu_6982_p2                             | -   |        | diff2_V_40         | sub   | fabric  | 0       |
|    mul_mul_17s_17s_32_4_1_U93                        | 1   |        | squared_diff1_V_40 | mul   | dsp48   | 3       |
|    mul_mul_17s_17s_32_4_1_U94                        | 1   |        | squared_diff2_V_40 | mul   | dsp48   | 3       |
|    ret_V_40_fu_7093_p2                               | -   |        | ret_V_40           | add   | fabric  | 0       |
|    fadd_32ns_32ns_32_5_full_dsp_1_U9                 | 2   |        | distance_40        | fadd  | fulldsp | 4       |
|    diff1_V_41_fu_7019_p2                             | -   |        | diff1_V_41         | sub   | fabric  | 0       |
|    diff2_V_41_fu_7028_p2                             | -   |        | diff2_V_41         | sub   | fabric  | 0       |
|    mul_mul_17s_17s_32_4_1_U95                        | 1   |        | squared_diff1_V_41 | mul   | dsp48   | 3       |
|    mul_mul_17s_17s_32_4_1_U96                        | 1   |        | squared_diff2_V_41 | mul   | dsp48   | 3       |
|    ret_V_41_fu_7139_p2                               | -   |        | ret_V_41           | add   | fabric  | 0       |
|    fadd_32ns_32ns_32_5_full_dsp_1_U9                 | 2   |        | distance_41        | fadd  | fulldsp | 4       |
|    diff1_V_42_fu_7065_p2                             | -   |        | diff1_V_42         | sub   | fabric  | 0       |
|    diff2_V_42_fu_7074_p2                             | -   |        | diff2_V_42         | sub   | fabric  | 0       |
|    mul_mul_17s_17s_32_4_1_U97                        | 1   |        | squared_diff1_V_42 | mul   | dsp48   | 3       |
|    mul_mul_17s_17s_32_4_1_U98                        | 1   |        | squared_diff2_V_42 | mul   | dsp48   | 3       |
|    ret_V_42_fu_7185_p2                               | -   |        | ret_V_42           | add   | fabric  | 0       |
|    fadd_32ns_32ns_32_5_full_dsp_1_U9                 | 2   |        | distance_42        | fadd  | fulldsp | 4       |
|    diff1_V_43_fu_7111_p2                             | -   |        | diff1_V_43         | sub   | fabric  | 0       |
|    diff2_V_43_fu_7120_p2                             | -   |        | diff2_V_43         | sub   | fabric  | 0       |
|    mul_mul_17s_17s_32_4_1_U99                        | 1   |        | squared_diff1_V_43 | mul   | dsp48   | 3       |
|    mul_mul_17s_17s_32_4_1_U100                       | 1   |        | squared_diff2_V_43 | mul   | dsp48   | 3       |
|    ret_V_43_fu_7231_p2                               | -   |        | ret_V_43           | add   | fabric  | 0       |
|    fadd_32ns_32ns_32_5_full_dsp_1_U9                 | 2   |        | distance_43        | fadd  | fulldsp | 4       |
|    diff1_V_44_fu_7157_p2                             | -   |        | diff1_V_44         | sub   | fabric  | 0       |
|    diff2_V_44_fu_7166_p2                             | -   |        | diff2_V_44         | sub   | fabric  | 0       |
|    mul_mul_17s_17s_32_4_1_U101                       | 1   |        | squared_diff1_V_44 | mul   | dsp48   | 3       |
|    mul_mul_17s_17s_32_4_1_U102                       | 1   |        | squared_diff2_V_44 | mul   | dsp48   | 3       |
|    ret_V_44_fu_7277_p2                               | -   |        | ret_V_44           | add   | fabric  | 0       |
|    fadd_32ns_32ns_32_5_full_dsp_1_U9                 | 2   |        | distance_44        | fadd  | fulldsp | 4       |
|    diff1_V_45_fu_7203_p2                             | -   |        | diff1_V_45         | sub   | fabric  | 0       |
|    diff2_V_45_fu_7212_p2                             | -   |        | diff2_V_45         | sub   | fabric  | 0       |
|    mul_mul_17s_17s_32_4_1_U103                       | 1   |        | squared_diff1_V_45 | mul   | dsp48   | 3       |
|    mul_mul_17s_17s_32_4_1_U104                       | 1   |        | squared_diff2_V_45 | mul   | dsp48   | 3       |
|    ret_V_45_fu_7323_p2                               | -   |        | ret_V_45           | add   | fabric  | 0       |
|    fadd_32ns_32ns_32_5_full_dsp_1_U9                 | 2   |        | distance_45        | fadd  | fulldsp | 4       |
|    diff1_V_46_fu_7249_p2                             | -   |        | diff1_V_46         | sub   | fabric  | 0       |
|    diff2_V_46_fu_7258_p2                             | -   |        | diff2_V_46         | sub   | fabric  | 0       |
|    mul_mul_17s_17s_32_4_1_U105                       | 1   |        | squared_diff1_V_46 | mul   | dsp48   | 3       |
|    mul_mul_17s_17s_32_4_1_U106                       | 1   |        | squared_diff2_V_46 | mul   | dsp48   | 3       |
|    ret_V_46_fu_7369_p2                               | -   |        | ret_V_46           | add   | fabric  | 0       |
|    fadd_32ns_32ns_32_5_full_dsp_1_U9                 | 2   |        | distance_46        | fadd  | fulldsp | 4       |
|    diff1_V_47_fu_7295_p2                             | -   |        | diff1_V_47         | sub   | fabric  | 0       |
|    diff2_V_47_fu_7304_p2                             | -   |        | diff2_V_47         | sub   | fabric  | 0       |
|    mul_mul_17s_17s_32_4_1_U107                       | 1   |        | squared_diff1_V_47 | mul   | dsp48   | 3       |
|    mul_mul_17s_17s_32_4_1_U108                       | 1   |        | squared_diff2_V_47 | mul   | dsp48   | 3       |
|    ret_V_47_fu_7415_p2                               | -   |        | ret_V_47           | add   | fabric  | 0       |
|    fadd_32ns_32ns_32_5_full_dsp_1_U9                 | 2   |        | distance_47        | fadd  | fulldsp | 4       |
|    diff1_V_48_fu_7341_p2                             | -   |        | diff1_V_48         | sub   | fabric  | 0       |
|    diff2_V_48_fu_7350_p2                             | -   |        | diff2_V_48         | sub   | fabric  | 0       |
|    mul_mul_17s_17s_32_4_1_U109                       | 1   |        | squared_diff1_V_48 | mul   | dsp48   | 3       |
|    mul_mul_17s_17s_32_4_1_U110                       | 1   |        | squared_diff2_V_48 | mul   | dsp48   | 3       |
|    ret_V_48_fu_7461_p2                               | -   |        | ret_V_48           | add   | fabric  | 0       |
|    fadd_32ns_32ns_32_5_full_dsp_1_U9                 | 2   |        | distance_48        | fadd  | fulldsp | 4       |
|    diff1_V_49_fu_7387_p2                             | -   |        | diff1_V_49         | sub   | fabric  | 0       |
|    diff2_V_49_fu_7396_p2                             | -   |        | diff2_V_49         | sub   | fabric  | 0       |
|    mul_mul_17s_17s_32_4_1_U111                       | 1   |        | squared_diff1_V_49 | mul   | dsp48   | 3       |
|    mul_mul_17s_17s_32_4_1_U112                       | 1   |        | squared_diff2_V_49 | mul   | dsp48   | 3       |
|    ret_V_49_fu_7507_p2                               | -   |        | ret_V_49           | add   | fabric  | 0       |
|    fadd_32ns_32ns_32_5_full_dsp_1_U9                 | 2   |        | distance_49        | fadd  | fulldsp | 4       |
|    diff1_V_50_fu_7433_p2                             | -   |        | diff1_V_50         | sub   | fabric  | 0       |
|    diff2_V_50_fu_7442_p2                             | -   |        | diff2_V_50         | sub   | fabric  | 0       |
|    mul_mul_17s_17s_32_4_1_U113                       | 1   |        | squared_diff1_V_50 | mul   | dsp48   | 3       |
|    mul_mul_17s_17s_32_4_1_U114                       | 1   |        | squared_diff2_V_50 | mul   | dsp48   | 3       |
|    ret_V_50_fu_7553_p2                               | -   |        | ret_V_50           | add   | fabric  | 0       |
|    fadd_32ns_32ns_32_5_full_dsp_1_U9                 | 2   |        | distance_50        | fadd  | fulldsp | 4       |
|    diff1_V_51_fu_7479_p2                             | -   |        | diff1_V_51         | sub   | fabric  | 0       |
|    diff2_V_51_fu_7488_p2                             | -   |        | diff2_V_51         | sub   | fabric  | 0       |
|    mul_mul_17s_17s_32_4_1_U115                       | 1   |        | squared_diff1_V_51 | mul   | dsp48   | 3       |
|    mul_mul_17s_17s_32_4_1_U116                       | 1   |        | squared_diff2_V_51 | mul   | dsp48   | 3       |
|    ret_V_51_fu_7599_p2                               | -   |        | ret_V_51           | add   | fabric  | 0       |
|    fadd_32ns_32ns_32_5_full_dsp_1_U9                 | 2   |        | distance_51        | fadd  | fulldsp | 4       |
|    diff1_V_52_fu_7525_p2                             | -   |        | diff1_V_52         | sub   | fabric  | 0       |
|    diff2_V_52_fu_7534_p2                             | -   |        | diff2_V_52         | sub   | fabric  | 0       |
|    mul_mul_17s_17s_32_4_1_U117                       | 1   |        | squared_diff1_V_52 | mul   | dsp48   | 3       |
|    mul_mul_17s_17s_32_4_1_U118                       | 1   |        | squared_diff2_V_52 | mul   | dsp48   | 3       |
|    ret_V_52_fu_7645_p2                               | -   |        | ret_V_52           | add   | fabric  | 0       |
|    fadd_32ns_32ns_32_5_full_dsp_1_U9                 | 2   |        | distance_52        | fadd  | fulldsp | 4       |
|    diff1_V_53_fu_7571_p2                             | -   |        | diff1_V_53         | sub   | fabric  | 0       |
|    diff2_V_53_fu_7580_p2                             | -   |        | diff2_V_53         | sub   | fabric  | 0       |
|    mul_mul_17s_17s_32_4_1_U119                       | 1   |        | squared_diff1_V_53 | mul   | dsp48   | 3       |
|    mul_mul_17s_17s_32_4_1_U120                       | 1   |        | squared_diff2_V_53 | mul   | dsp48   | 3       |
|    ret_V_53_fu_7691_p2                               | -   |        | ret_V_53           | add   | fabric  | 0       |
|    fadd_32ns_32ns_32_5_full_dsp_1_U9                 | 2   |        | distance_53        | fadd  | fulldsp | 4       |
|    diff1_V_54_fu_7617_p2                             | -   |        | diff1_V_54         | sub   | fabric  | 0       |
|    diff2_V_54_fu_7626_p2                             | -   |        | diff2_V_54         | sub   | fabric  | 0       |
|    mul_mul_17s_17s_32_4_1_U121                       | 1   |        | squared_diff1_V_54 | mul   | dsp48   | 3       |
|    mul_mul_17s_17s_32_4_1_U122                       | 1   |        | squared_diff2_V_54 | mul   | dsp48   | 3       |
|    ret_V_54_fu_7737_p2                               | -   |        | ret_V_54           | add   | fabric  | 0       |
|    fadd_32ns_32ns_32_5_full_dsp_1_U9                 | 2   |        | distance_54        | fadd  | fulldsp | 4       |
|    diff1_V_55_fu_7663_p2                             | -   |        | diff1_V_55         | sub   | fabric  | 0       |
|    diff2_V_55_fu_7672_p2                             | -   |        | diff2_V_55         | sub   | fabric  | 0       |
|    mul_mul_17s_17s_32_4_1_U123                       | 1   |        | squared_diff1_V_55 | mul   | dsp48   | 3       |
|    mul_mul_17s_17s_32_4_1_U124                       | 1   |        | squared_diff2_V_55 | mul   | dsp48   | 3       |
|    ret_V_55_fu_7783_p2                               | -   |        | ret_V_55           | add   | fabric  | 0       |
|    fadd_32ns_32ns_32_5_full_dsp_1_U9                 | 2   |        | distance_55        | fadd  | fulldsp | 4       |
|    diff1_V_56_fu_7709_p2                             | -   |        | diff1_V_56         | sub   | fabric  | 0       |
|    diff2_V_56_fu_7718_p2                             | -   |        | diff2_V_56         | sub   | fabric  | 0       |
|    mul_mul_17s_17s_32_4_1_U125                       | 1   |        | squared_diff1_V_56 | mul   | dsp48   | 3       |
|    mul_mul_17s_17s_32_4_1_U126                       | 1   |        | squared_diff2_V_56 | mul   | dsp48   | 3       |
|    ret_V_56_fu_7829_p2                               | -   |        | ret_V_56           | add   | fabric  | 0       |
|    fadd_32ns_32ns_32_5_full_dsp_1_U9                 | 2   |        | distance_56        | fadd  | fulldsp | 4       |
|    diff1_V_57_fu_7755_p2                             | -   |        | diff1_V_57         | sub   | fabric  | 0       |
|    diff2_V_57_fu_7764_p2                             | -   |        | diff2_V_57         | sub   | fabric  | 0       |
|    mul_mul_17s_17s_32_4_1_U127                       | 1   |        | squared_diff1_V_57 | mul   | dsp48   | 3       |
|    mul_mul_17s_17s_32_4_1_U128                       | 1   |        | squared_diff2_V_57 | mul   | dsp48   | 3       |
|    ret_V_57_fu_7875_p2                               | -   |        | ret_V_57           | add   | fabric  | 0       |
|    fadd_32ns_32ns_32_5_full_dsp_1_U9                 | 2   |        | distance_57        | fadd  | fulldsp | 4       |
|    diff1_V_58_fu_7801_p2                             | -   |        | diff1_V_58         | sub   | fabric  | 0       |
|    diff2_V_58_fu_7810_p2                             | -   |        | diff2_V_58         | sub   | fabric  | 0       |
|    mul_mul_17s_17s_32_4_1_U129                       | 1   |        | squared_diff1_V_58 | mul   | dsp48   | 3       |
|    mul_mul_17s_17s_32_4_1_U130                       | 1   |        | squared_diff2_V_58 | mul   | dsp48   | 3       |
|    ret_V_58_fu_7921_p2                               | -   |        | ret_V_58           | add   | fabric  | 0       |
|    fadd_32ns_32ns_32_5_full_dsp_1_U9                 | 2   |        | distance_58        | fadd  | fulldsp | 4       |
|    diff1_V_59_fu_7847_p2                             | -   |        | diff1_V_59         | sub   | fabric  | 0       |
|    diff2_V_59_fu_7856_p2                             | -   |        | diff2_V_59         | sub   | fabric  | 0       |
|    mul_mul_17s_17s_32_4_1_U131                       | 1   |        | squared_diff1_V_59 | mul   | dsp48   | 3       |
|    mul_mul_17s_17s_32_4_1_U132                       | 1   |        | squared_diff2_V_59 | mul   | dsp48   | 3       |
|    ret_V_59_fu_7967_p2                               | -   |        | ret_V_59           | add   | fabric  | 0       |
|    fadd_32ns_32ns_32_5_full_dsp_1_U9                 | 2   |        | distance_59        | fadd  | fulldsp | 4       |
|    diff1_V_60_fu_7893_p2                             | -   |        | diff1_V_60         | sub   | fabric  | 0       |
|    diff2_V_60_fu_7902_p2                             | -   |        | diff2_V_60         | sub   | fabric  | 0       |
|    mul_mul_17s_17s_32_4_1_U133                       | 1   |        | squared_diff1_V_60 | mul   | dsp48   | 3       |
|    mul_mul_17s_17s_32_4_1_U134                       | 1   |        | squared_diff2_V_60 | mul   | dsp48   | 3       |
|    ret_V_60_fu_8013_p2                               | -   |        | ret_V_60           | add   | fabric  | 0       |
|    fadd_32ns_32ns_32_5_full_dsp_1_U9                 | 2   |        | distance_60        | fadd  | fulldsp | 4       |
|    diff1_V_61_fu_7939_p2                             | -   |        | diff1_V_61         | sub   | fabric  | 0       |
|    diff2_V_61_fu_7948_p2                             | -   |        | diff2_V_61         | sub   | fabric  | 0       |
|    mul_mul_17s_17s_32_4_1_U135                       | 1   |        | squared_diff1_V_61 | mul   | dsp48   | 3       |
|    mul_mul_17s_17s_32_4_1_U136                       | 1   |        | squared_diff2_V_61 | mul   | dsp48   | 3       |
|    ret_V_61_fu_8059_p2                               | -   |        | ret_V_61           | add   | fabric  | 0       |
|    fadd_32ns_32ns_32_5_full_dsp_1_U9                 | 2   |        | distance_61        | fadd  | fulldsp | 4       |
|    diff1_V_62_fu_7985_p2                             | -   |        | diff1_V_62         | sub   | fabric  | 0       |
|    diff2_V_62_fu_7994_p2                             | -   |        | diff2_V_62         | sub   | fabric  | 0       |
|    mul_mul_17s_17s_32_4_1_U137                       | 1   |        | squared_diff1_V_62 | mul   | dsp48   | 3       |
|    mul_mul_17s_17s_32_4_1_U138                       | 1   |        | squared_diff2_V_62 | mul   | dsp48   | 3       |
|    ret_V_62_fu_8105_p2                               | -   |        | ret_V_62           | add   | fabric  | 0       |
|    fadd_32ns_32ns_32_5_full_dsp_1_U9                 | 2   |        | distance_62        | fadd  | fulldsp | 4       |
|    diff1_V_63_fu_8031_p2                             | -   |        | diff1_V_63         | sub   | fabric  | 0       |
|    diff2_V_63_fu_8040_p2                             | -   |        | diff2_V_63         | sub   | fabric  | 0       |
|    mul_mul_17s_17s_32_4_1_U139                       | 1   |        | squared_diff1_V_63 | mul   | dsp48   | 3       |
|    mul_mul_17s_17s_32_4_1_U140                       | 1   |        | squared_diff2_V_63 | mul   | dsp48   | 3       |
|    ret_V_63_fu_8151_p2                               | -   |        | ret_V_63           | add   | fabric  | 0       |
|    fadd_32ns_32ns_32_5_full_dsp_1_U9                 | 2   |        | distance_63        | fadd  | fulldsp | 4       |
|    diff1_V_64_fu_8077_p2                             | -   |        | diff1_V_64         | sub   | fabric  | 0       |
|    diff2_V_64_fu_8086_p2                             | -   |        | diff2_V_64         | sub   | fabric  | 0       |
|    mul_mul_17s_17s_32_4_1_U141                       | 1   |        | squared_diff1_V_64 | mul   | dsp48   | 3       |
|    mul_mul_17s_17s_32_4_1_U142                       | 1   |        | squared_diff2_V_64 | mul   | dsp48   | 3       |
|    ret_V_64_fu_8197_p2                               | -   |        | ret_V_64           | add   | fabric  | 0       |
|    fadd_32ns_32ns_32_5_full_dsp_1_U9                 | 2   |        | distance_64        | fadd  | fulldsp | 4       |
|    diff1_V_65_fu_8123_p2                             | -   |        | diff1_V_65         | sub   | fabric  | 0       |
|    diff2_V_65_fu_8132_p2                             | -   |        | diff2_V_65         | sub   | fabric  | 0       |
|    mul_mul_17s_17s_32_4_1_U143                       | 1   |        | squared_diff1_V_65 | mul   | dsp48   | 3       |
|    mul_mul_17s_17s_32_4_1_U144                       | 1   |        | squared_diff2_V_65 | mul   | dsp48   | 3       |
|    ret_V_65_fu_8243_p2                               | -   |        | ret_V_65           | add   | fabric  | 0       |
|    fadd_32ns_32ns_32_5_full_dsp_1_U9                 | 2   |        | distance_65        | fadd  | fulldsp | 4       |
|    diff1_V_66_fu_8169_p2                             | -   |        | diff1_V_66         | sub   | fabric  | 0       |
|    diff2_V_66_fu_8178_p2                             | -   |        | diff2_V_66         | sub   | fabric  | 0       |
|    mul_mul_17s_17s_32_4_1_U145                       | 1   |        | squared_diff1_V_66 | mul   | dsp48   | 3       |
|    mul_mul_17s_17s_32_4_1_U146                       | 1   |        | squared_diff2_V_66 | mul   | dsp48   | 3       |
|    ret_V_66_fu_8289_p2                               | -   |        | ret_V_66           | add   | fabric  | 0       |
|    fadd_32ns_32ns_32_5_full_dsp_1_U9                 | 2   |        | distance_66        | fadd  | fulldsp | 4       |
|    diff1_V_67_fu_8215_p2                             | -   |        | diff1_V_67         | sub   | fabric  | 0       |
|    diff2_V_67_fu_8224_p2                             | -   |        | diff2_V_67         | sub   | fabric  | 0       |
|    mul_mul_17s_17s_32_4_1_U147                       | 1   |        | squared_diff1_V_67 | mul   | dsp48   | 3       |
|    mul_mul_17s_17s_32_4_1_U148                       | 1   |        | squared_diff2_V_67 | mul   | dsp48   | 3       |
|    ret_V_67_fu_8335_p2                               | -   |        | ret_V_67           | add   | fabric  | 0       |
|    fadd_32ns_32ns_32_5_full_dsp_1_U9                 | 2   |        | distance_67        | fadd  | fulldsp | 4       |
|    diff1_V_68_fu_8261_p2                             | -   |        | diff1_V_68         | sub   | fabric  | 0       |
|    diff2_V_68_fu_8270_p2                             | -   |        | diff2_V_68         | sub   | fabric  | 0       |
|    mul_mul_17s_17s_32_4_1_U149                       | 1   |        | squared_diff1_V_68 | mul   | dsp48   | 3       |
|    mul_mul_17s_17s_32_4_1_U150                       | 1   |        | squared_diff2_V_68 | mul   | dsp48   | 3       |
|    ret_V_68_fu_8381_p2                               | -   |        | ret_V_68           | add   | fabric  | 0       |
|    fadd_32ns_32ns_32_5_full_dsp_1_U9                 | 2   |        | distance_68        | fadd  | fulldsp | 4       |
|    diff1_V_69_fu_8307_p2                             | -   |        | diff1_V_69         | sub   | fabric  | 0       |
|    diff2_V_69_fu_8316_p2                             | -   |        | diff2_V_69         | sub   | fabric  | 0       |
|    mul_mul_17s_17s_32_4_1_U151                       | 1   |        | squared_diff1_V_69 | mul   | dsp48   | 3       |
|    mul_mul_17s_17s_32_4_1_U152                       | 1   |        | squared_diff2_V_69 | mul   | dsp48   | 3       |
|    ret_V_69_fu_8427_p2                               | -   |        | ret_V_69           | add   | fabric  | 0       |
|    fadd_32ns_32ns_32_5_full_dsp_1_U9                 | 2   |        | distance_69        | fadd  | fulldsp | 4       |
|    diff1_V_70_fu_8353_p2                             | -   |        | diff1_V_70         | sub   | fabric  | 0       |
|    diff2_V_70_fu_8362_p2                             | -   |        | diff2_V_70         | sub   | fabric  | 0       |
|    mul_mul_17s_17s_32_4_1_U153                       | 1   |        | squared_diff1_V_70 | mul   | dsp48   | 3       |
|    mul_mul_17s_17s_32_4_1_U154                       | 1   |        | squared_diff2_V_70 | mul   | dsp48   | 3       |
|    ret_V_70_fu_8473_p2                               | -   |        | ret_V_70           | add   | fabric  | 0       |
|    fadd_32ns_32ns_32_5_full_dsp_1_U9                 | 2   |        | distance_70        | fadd  | fulldsp | 4       |
|    diff1_V_71_fu_8399_p2                             | -   |        | diff1_V_71         | sub   | fabric  | 0       |
|    diff2_V_71_fu_8408_p2                             | -   |        | diff2_V_71         | sub   | fabric  | 0       |
|    mul_mul_17s_17s_32_4_1_U155                       | 1   |        | squared_diff1_V_71 | mul   | dsp48   | 3       |
|    mul_mul_17s_17s_32_4_1_U156                       | 1   |        | squared_diff2_V_71 | mul   | dsp48   | 3       |
|    ret_V_71_fu_8519_p2                               | -   |        | ret_V_71           | add   | fabric  | 0       |
|    fadd_32ns_32ns_32_5_full_dsp_1_U9                 | 2   |        | distance_71        | fadd  | fulldsp | 4       |
|    diff1_V_72_fu_8445_p2                             | -   |        | diff1_V_72         | sub   | fabric  | 0       |
|    diff2_V_72_fu_8454_p2                             | -   |        | diff2_V_72         | sub   | fabric  | 0       |
|    mul_mul_17s_17s_32_4_1_U157                       | 1   |        | squared_diff1_V_72 | mul   | dsp48   | 3       |
|    mul_mul_17s_17s_32_4_1_U158                       | 1   |        | squared_diff2_V_72 | mul   | dsp48   | 3       |
|    ret_V_72_fu_8565_p2                               | -   |        | ret_V_72           | add   | fabric  | 0       |
|    fadd_32ns_32ns_32_5_full_dsp_1_U9                 | 2   |        | distance_72        | fadd  | fulldsp | 4       |
|    diff1_V_73_fu_8491_p2                             | -   |        | diff1_V_73         | sub   | fabric  | 0       |
|    diff2_V_73_fu_8500_p2                             | -   |        | diff2_V_73         | sub   | fabric  | 0       |
|    mul_mul_17s_17s_32_4_1_U159                       | 1   |        | squared_diff1_V_73 | mul   | dsp48   | 3       |
|    mul_mul_17s_17s_32_4_1_U160                       | 1   |        | squared_diff2_V_73 | mul   | dsp48   | 3       |
|    ret_V_73_fu_8611_p2                               | -   |        | ret_V_73           | add   | fabric  | 0       |
|    fadd_32ns_32ns_32_5_full_dsp_1_U9                 | 2   |        | distance_73        | fadd  | fulldsp | 4       |
|    diff1_V_74_fu_8537_p2                             | -   |        | diff1_V_74         | sub   | fabric  | 0       |
|    diff2_V_74_fu_8546_p2                             | -   |        | diff2_V_74         | sub   | fabric  | 0       |
|    mul_mul_17s_17s_32_4_1_U161                       | 1   |        | squared_diff1_V_74 | mul   | dsp48   | 3       |
|    mul_mul_17s_17s_32_4_1_U162                       | 1   |        | squared_diff2_V_74 | mul   | dsp48   | 3       |
|    ret_V_74_fu_8657_p2                               | -   |        | ret_V_74           | add   | fabric  | 0       |
|    fadd_32ns_32ns_32_5_full_dsp_1_U9                 | 2   |        | distance_74        | fadd  | fulldsp | 4       |
|    diff1_V_75_fu_8583_p2                             | -   |        | diff1_V_75         | sub   | fabric  | 0       |
|    diff2_V_75_fu_8592_p2                             | -   |        | diff2_V_75         | sub   | fabric  | 0       |
|    mul_mul_17s_17s_32_4_1_U163                       | 1   |        | squared_diff1_V_75 | mul   | dsp48   | 3       |
|    mul_mul_17s_17s_32_4_1_U164                       | 1   |        | squared_diff2_V_75 | mul   | dsp48   | 3       |
|    ret_V_75_fu_8703_p2                               | -   |        | ret_V_75           | add   | fabric  | 0       |
|    fadd_32ns_32ns_32_5_full_dsp_1_U9                 | 2   |        | distance_75        | fadd  | fulldsp | 4       |
|    diff1_V_76_fu_8629_p2                             | -   |        | diff1_V_76         | sub   | fabric  | 0       |
|    diff2_V_76_fu_8638_p2                             | -   |        | diff2_V_76         | sub   | fabric  | 0       |
|    mul_mul_17s_17s_32_4_1_U165                       | 1   |        | squared_diff1_V_76 | mul   | dsp48   | 3       |
|    mul_mul_17s_17s_32_4_1_U166                       | 1   |        | squared_diff2_V_76 | mul   | dsp48   | 3       |
|    ret_V_76_fu_8749_p2                               | -   |        | ret_V_76           | add   | fabric  | 0       |
|    fadd_32ns_32ns_32_5_full_dsp_1_U9                 | 2   |        | distance_76        | fadd  | fulldsp | 4       |
|    diff1_V_77_fu_8675_p2                             | -   |        | diff1_V_77         | sub   | fabric  | 0       |
|    diff2_V_77_fu_8684_p2                             | -   |        | diff2_V_77         | sub   | fabric  | 0       |
|    mul_mul_17s_17s_32_4_1_U167                       | 1   |        | squared_diff1_V_77 | mul   | dsp48   | 3       |
|    mul_mul_17s_17s_32_4_1_U168                       | 1   |        | squared_diff2_V_77 | mul   | dsp48   | 3       |
|    ret_V_77_fu_8795_p2                               | -   |        | ret_V_77           | add   | fabric  | 0       |
|    fadd_32ns_32ns_32_5_full_dsp_1_U9                 | 2   |        | distance_77        | fadd  | fulldsp | 4       |
|    diff1_V_78_fu_8721_p2                             | -   |        | diff1_V_78         | sub   | fabric  | 0       |
|    diff2_V_78_fu_8730_p2                             | -   |        | diff2_V_78         | sub   | fabric  | 0       |
|    mul_mul_17s_17s_32_4_1_U169                       | 1   |        | squared_diff1_V_78 | mul   | dsp48   | 3       |
|    mul_mul_17s_17s_32_4_1_U170                       | 1   |        | squared_diff2_V_78 | mul   | dsp48   | 3       |
|    ret_V_78_fu_8841_p2                               | -   |        | ret_V_78           | add   | fabric  | 0       |
|    fadd_32ns_32ns_32_5_full_dsp_1_U9                 | 2   |        | distance_78        | fadd  | fulldsp | 4       |
|    diff1_V_79_fu_8767_p2                             | -   |        | diff1_V_79         | sub   | fabric  | 0       |
|    diff2_V_79_fu_8776_p2                             | -   |        | diff2_V_79         | sub   | fabric  | 0       |
|    mul_mul_17s_17s_32_4_1_U171                       | 1   |        | squared_diff1_V_79 | mul   | dsp48   | 3       |
|    mul_mul_17s_17s_32_4_1_U172                       | 1   |        | squared_diff2_V_79 | mul   | dsp48   | 3       |
|    ret_V_79_fu_8887_p2                               | -   |        | ret_V_79           | add   | fabric  | 0       |
|    fadd_32ns_32ns_32_5_full_dsp_1_U9                 | 2   |        | distance_79        | fadd  | fulldsp | 4       |
|    diff1_V_80_fu_8813_p2                             | -   |        | diff1_V_80         | sub   | fabric  | 0       |
|    diff2_V_80_fu_8822_p2                             | -   |        | diff2_V_80         | sub   | fabric  | 0       |
|    mul_mul_17s_17s_32_4_1_U173                       | 1   |        | squared_diff1_V_80 | mul   | dsp48   | 3       |
|    mul_mul_17s_17s_32_4_1_U174                       | 1   |        | squared_diff2_V_80 | mul   | dsp48   | 3       |
|    ret_V_80_fu_8933_p2                               | -   |        | ret_V_80           | add   | fabric  | 0       |
|    fadd_32ns_32ns_32_5_full_dsp_1_U9                 | 2   |        | distance_80        | fadd  | fulldsp | 4       |
|    diff1_V_81_fu_8859_p2                             | -   |        | diff1_V_81         | sub   | fabric  | 0       |
|    diff2_V_81_fu_8868_p2                             | -   |        | diff2_V_81         | sub   | fabric  | 0       |
|    mul_mul_17s_17s_32_4_1_U175                       | 1   |        | squared_diff1_V_81 | mul   | dsp48   | 3       |
|    mul_mul_17s_17s_32_4_1_U176                       | 1   |        | squared_diff2_V_81 | mul   | dsp48   | 3       |
|    ret_V_81_fu_8979_p2                               | -   |        | ret_V_81           | add   | fabric  | 0       |
|    fadd_32ns_32ns_32_5_full_dsp_1_U9                 | 2   |        | distance_81        | fadd  | fulldsp | 4       |
|    diff1_V_82_fu_8905_p2                             | -   |        | diff1_V_82         | sub   | fabric  | 0       |
|    diff2_V_82_fu_8914_p2                             | -   |        | diff2_V_82         | sub   | fabric  | 0       |
|    mul_mul_17s_17s_32_4_1_U177                       | 1   |        | squared_diff1_V_82 | mul   | dsp48   | 3       |
|    mul_mul_17s_17s_32_4_1_U178                       | 1   |        | squared_diff2_V_82 | mul   | dsp48   | 3       |
|    ret_V_82_fu_9025_p2                               | -   |        | ret_V_82           | add   | fabric  | 0       |
|    fadd_32ns_32ns_32_5_full_dsp_1_U9                 | 2   |        | distance_82        | fadd  | fulldsp | 4       |
|    diff1_V_83_fu_8951_p2                             | -   |        | diff1_V_83         | sub   | fabric  | 0       |
|    diff2_V_83_fu_8960_p2                             | -   |        | diff2_V_83         | sub   | fabric  | 0       |
|    mul_mul_17s_17s_32_4_1_U179                       | 1   |        | squared_diff1_V_83 | mul   | dsp48   | 3       |
|    mul_mul_17s_17s_32_4_1_U180                       | 1   |        | squared_diff2_V_83 | mul   | dsp48   | 3       |
|    ret_V_83_fu_9071_p2                               | -   |        | ret_V_83           | add   | fabric  | 0       |
|    fadd_32ns_32ns_32_5_full_dsp_1_U9                 | 2   |        | distance_83        | fadd  | fulldsp | 4       |
|    diff1_V_84_fu_8997_p2                             | -   |        | diff1_V_84         | sub   | fabric  | 0       |
|    diff2_V_84_fu_9006_p2                             | -   |        | diff2_V_84         | sub   | fabric  | 0       |
|    mul_mul_17s_17s_32_4_1_U181                       | 1   |        | squared_diff1_V_84 | mul   | dsp48   | 3       |
|    mul_mul_17s_17s_32_4_1_U182                       | 1   |        | squared_diff2_V_84 | mul   | dsp48   | 3       |
|    ret_V_84_fu_9117_p2                               | -   |        | ret_V_84           | add   | fabric  | 0       |
|    fadd_32ns_32ns_32_5_full_dsp_1_U9                 | 2   |        | distance_84        | fadd  | fulldsp | 4       |
|    diff1_V_85_fu_9043_p2                             | -   |        | diff1_V_85         | sub   | fabric  | 0       |
|    diff2_V_85_fu_9052_p2                             | -   |        | diff2_V_85         | sub   | fabric  | 0       |
|    mul_mul_17s_17s_32_4_1_U183                       | 1   |        | squared_diff1_V_85 | mul   | dsp48   | 3       |
|    mul_mul_17s_17s_32_4_1_U184                       | 1   |        | squared_diff2_V_85 | mul   | dsp48   | 3       |
|    ret_V_85_fu_9163_p2                               | -   |        | ret_V_85           | add   | fabric  | 0       |
|    fadd_32ns_32ns_32_5_full_dsp_1_U9                 | 2   |        | distance_85        | fadd  | fulldsp | 4       |
|    diff1_V_86_fu_9089_p2                             | -   |        | diff1_V_86         | sub   | fabric  | 0       |
|    diff2_V_86_fu_9098_p2                             | -   |        | diff2_V_86         | sub   | fabric  | 0       |
|    mul_mul_17s_17s_32_4_1_U185                       | 1   |        | squared_diff1_V_86 | mul   | dsp48   | 3       |
|    mul_mul_17s_17s_32_4_1_U186                       | 1   |        | squared_diff2_V_86 | mul   | dsp48   | 3       |
|    ret_V_86_fu_9209_p2                               | -   |        | ret_V_86           | add   | fabric  | 0       |
|    fadd_32ns_32ns_32_5_full_dsp_1_U9                 | 2   |        | distance_86        | fadd  | fulldsp | 4       |
|    diff1_V_87_fu_9135_p2                             | -   |        | diff1_V_87         | sub   | fabric  | 0       |
|    diff2_V_87_fu_9144_p2                             | -   |        | diff2_V_87         | sub   | fabric  | 0       |
|    mul_mul_17s_17s_32_4_1_U187                       | 1   |        | squared_diff1_V_87 | mul   | dsp48   | 3       |
|    mul_mul_17s_17s_32_4_1_U188                       | 1   |        | squared_diff2_V_87 | mul   | dsp48   | 3       |
|    ret_V_87_fu_9255_p2                               | -   |        | ret_V_87           | add   | fabric  | 0       |
|    fadd_32ns_32ns_32_5_full_dsp_1_U9                 | 2   |        | distance_87        | fadd  | fulldsp | 4       |
|    diff1_V_88_fu_9181_p2                             | -   |        | diff1_V_88         | sub   | fabric  | 0       |
|    diff2_V_88_fu_9190_p2                             | -   |        | diff2_V_88         | sub   | fabric  | 0       |
|    mul_mul_17s_17s_32_4_1_U189                       | 1   |        | squared_diff1_V_88 | mul   | dsp48   | 3       |
|    mul_mul_17s_17s_32_4_1_U190                       | 1   |        | squared_diff2_V_88 | mul   | dsp48   | 3       |
|    ret_V_88_fu_9271_p2                               | -   |        | ret_V_88           | add   | fabric  | 0       |
|    fadd_32ns_32ns_32_5_full_dsp_1_U9                 | 2   |        | distance_88        | fadd  | fulldsp | 4       |
|    diff1_V_89_fu_9227_p2                             | -   |        | diff1_V_89         | sub   | fabric  | 0       |
|    diff2_V_89_fu_9236_p2                             | -   |        | diff2_V_89         | sub   | fabric  | 0       |
|    mul_mul_17s_17s_32_4_1_U191                       | 1   |        | squared_diff1_V_89 | mul   | dsp48   | 3       |
|    mul_mul_17s_17s_32_4_1_U192                       | 1   |        | squared_diff2_V_89 | mul   | dsp48   | 3       |
|    ret_V_89_fu_9287_p2                               | -   |        | ret_V_89           | add   | fabric  | 0       |
|    fadd_32ns_32ns_32_5_full_dsp_1_U9                 | 2   |        | distance_89        | fadd  | fulldsp | 4       |
|    fsqrt_32ns_32ns_32_10_no_dsp_1_U12                | -   |        | distance_91        | fsqrt | fabric  | 9       |
|  + hyperspectral_hw_wrapped_Pipeline_VITIS_LOOP_97_2 | 0   |        |                    |       |         |         |
|    add_ln97_fu_3005_p2                               | -   |        | add_ln97           | add   | fabric  | 0       |
+------------------------------------------------------+-----+--------+--------------------+-------+---------+---------+


================================================================
== Bind Storage Report
================================================================
+----------------------------+------+------+--------+-------------+---------+------+---------+
| Name                       | BRAM | URAM | Pragma | Variable    | Storage | Impl | Latency |
+----------------------------+------+------+--------+-------------+---------+------+---------+
| + hyperspectral_hw_wrapped | 1    | 0    |        |             |         |      |         |
|   pixels_U                 | -    | -    |        | pixels      | ram_1p  | auto | 1       |
|   pixels_1_U               | -    | -    |        | pixels_1    | ram_1p  | auto | 1       |
|   pixels_2_U               | -    | -    |        | pixels_2    | ram_1p  | auto | 1       |
|   pixels_3_U               | -    | -    |        | pixels_3    | ram_1p  | auto | 1       |
|   pixels_4_U               | -    | -    |        | pixels_4    | ram_1p  | auto | 1       |
|   pixels_5_U               | -    | -    |        | pixels_5    | ram_1p  | auto | 1       |
|   pixels_6_U               | -    | -    |        | pixels_6    | ram_1p  | auto | 1       |
|   pixels_7_U               | -    | -    |        | pixels_7    | ram_1p  | auto | 1       |
|   pixels_8_U               | -    | -    |        | pixels_8    | ram_1p  | auto | 1       |
|   pixels_9_U               | -    | -    |        | pixels_9    | ram_1p  | auto | 1       |
|   pixels_10_U              | -    | -    |        | pixels_10   | ram_1p  | auto | 1       |
|   pixels_11_U              | -    | -    |        | pixels_11   | ram_1p  | auto | 1       |
|   pixels_12_U              | -    | -    |        | pixels_12   | ram_1p  | auto | 1       |
|   pixels_13_U              | -    | -    |        | pixels_13   | ram_1p  | auto | 1       |
|   pixels_14_U              | -    | -    |        | pixels_14   | ram_1p  | auto | 1       |
|   pixels_15_U              | -    | -    |        | pixels_15   | ram_1p  | auto | 1       |
|   pixels_16_U              | -    | -    |        | pixels_16   | ram_1p  | auto | 1       |
|   pixels_17_U              | -    | -    |        | pixels_17   | ram_1p  | auto | 1       |
|   pixels_18_U              | -    | -    |        | pixels_18   | ram_1p  | auto | 1       |
|   pixels_19_U              | -    | -    |        | pixels_19   | ram_1p  | auto | 1       |
|   pixels_20_U              | -    | -    |        | pixels_20   | ram_1p  | auto | 1       |
|   pixels_21_U              | -    | -    |        | pixels_21   | ram_1p  | auto | 1       |
|   pixels_22_U              | -    | -    |        | pixels_22   | ram_1p  | auto | 1       |
|   pixels_23_U              | -    | -    |        | pixels_23   | ram_1p  | auto | 1       |
|   pixels_24_U              | -    | -    |        | pixels_24   | ram_1p  | auto | 1       |
|   pixels_25_U              | -    | -    |        | pixels_25   | ram_1p  | auto | 1       |
|   pixels_26_U              | -    | -    |        | pixels_26   | ram_1p  | auto | 1       |
|   pixels_27_U              | -    | -    |        | pixels_27   | ram_1p  | auto | 1       |
|   pixels_28_U              | -    | -    |        | pixels_28   | ram_1p  | auto | 1       |
|   pixels_29_U              | -    | -    |        | pixels_29   | ram_1p  | auto | 1       |
|   pixels_30_U              | -    | -    |        | pixels_30   | ram_1p  | auto | 1       |
|   pixels_31_U              | -    | -    |        | pixels_31   | ram_1p  | auto | 1       |
|   pixels_32_U              | -    | -    |        | pixels_32   | ram_1p  | auto | 1       |
|   pixels_33_U              | -    | -    |        | pixels_33   | ram_1p  | auto | 1       |
|   pixels_34_U              | -    | -    |        | pixels_34   | ram_1p  | auto | 1       |
|   pixels_35_U              | -    | -    |        | pixels_35   | ram_1p  | auto | 1       |
|   pixels_36_U              | -    | -    |        | pixels_36   | ram_1p  | auto | 1       |
|   pixels_37_U              | -    | -    |        | pixels_37   | ram_1p  | auto | 1       |
|   pixels_38_U              | -    | -    |        | pixels_38   | ram_1p  | auto | 1       |
|   pixels_39_U              | -    | -    |        | pixels_39   | ram_1p  | auto | 1       |
|   pixels_40_U              | -    | -    |        | pixels_40   | ram_1p  | auto | 1       |
|   pixels_41_U              | -    | -    |        | pixels_41   | ram_1p  | auto | 1       |
|   pixels_42_U              | -    | -    |        | pixels_42   | ram_1p  | auto | 1       |
|   pixels_43_U              | -    | -    |        | pixels_43   | ram_1p  | auto | 1       |
|   pixels_44_U              | -    | -    |        | pixels_44   | ram_1p  | auto | 1       |
|   pixels_45_U              | -    | -    |        | pixels_45   | ram_1p  | auto | 1       |
|   pixels_46_U              | -    | -    |        | pixels_46   | ram_1p  | auto | 1       |
|   pixels_47_U              | -    | -    |        | pixels_47   | ram_1p  | auto | 1       |
|   pixels_48_U              | -    | -    |        | pixels_48   | ram_1p  | auto | 1       |
|   pixels_49_U              | -    | -    |        | pixels_49   | ram_1p  | auto | 1       |
|   pixels_50_U              | -    | -    |        | pixels_50   | ram_1p  | auto | 1       |
|   pixels_51_U              | -    | -    |        | pixels_51   | ram_1p  | auto | 1       |
|   pixels_52_U              | -    | -    |        | pixels_52   | ram_1p  | auto | 1       |
|   pixels_53_U              | -    | -    |        | pixels_53   | ram_1p  | auto | 1       |
|   pixels_54_U              | -    | -    |        | pixels_54   | ram_1p  | auto | 1       |
|   pixels_55_U              | -    | -    |        | pixels_55   | ram_1p  | auto | 1       |
|   pixels_56_U              | -    | -    |        | pixels_56   | ram_1p  | auto | 1       |
|   pixels_57_U              | -    | -    |        | pixels_57   | ram_1p  | auto | 1       |
|   pixels_58_U              | -    | -    |        | pixels_58   | ram_1p  | auto | 1       |
|   pixels_59_U              | -    | -    |        | pixels_59   | ram_1p  | auto | 1       |
|   pixels_60_U              | -    | -    |        | pixels_60   | ram_1p  | auto | 1       |
|   pixels_61_U              | -    | -    |        | pixels_61   | ram_1p  | auto | 1       |
|   pixels_62_U              | -    | -    |        | pixels_62   | ram_1p  | auto | 1       |
|   pixels_63_U              | -    | -    |        | pixels_63   | ram_1p  | auto | 1       |
|   pixels_64_U              | -    | -    |        | pixels_64   | ram_1p  | auto | 1       |
|   pixels_65_U              | -    | -    |        | pixels_65   | ram_1p  | auto | 1       |
|   pixels_66_U              | -    | -    |        | pixels_66   | ram_1p  | auto | 1       |
|   pixels_67_U              | -    | -    |        | pixels_67   | ram_1p  | auto | 1       |
|   pixels_68_U              | -    | -    |        | pixels_68   | ram_1p  | auto | 1       |
|   pixels_69_U              | -    | -    |        | pixels_69   | ram_1p  | auto | 1       |
|   pixels_70_U              | -    | -    |        | pixels_70   | ram_1p  | auto | 1       |
|   pixels_71_U              | -    | -    |        | pixels_71   | ram_1p  | auto | 1       |
|   pixels_72_U              | -    | -    |        | pixels_72   | ram_1p  | auto | 1       |
|   pixels_73_U              | -    | -    |        | pixels_73   | ram_1p  | auto | 1       |
|   pixels_74_U              | -    | -    |        | pixels_74   | ram_1p  | auto | 1       |
|   pixels_75_U              | -    | -    |        | pixels_75   | ram_1p  | auto | 1       |
|   pixels_76_U              | -    | -    |        | pixels_76   | ram_1p  | auto | 1       |
|   pixels_77_U              | -    | -    |        | pixels_77   | ram_1p  | auto | 1       |
|   pixels_78_U              | -    | -    |        | pixels_78   | ram_1p  | auto | 1       |
|   pixels_79_U              | -    | -    |        | pixels_79   | ram_1p  | auto | 1       |
|   pixels_80_U              | -    | -    |        | pixels_80   | ram_1p  | auto | 1       |
|   pixels_81_U              | -    | -    |        | pixels_81   | ram_1p  | auto | 1       |
|   pixels_82_U              | -    | -    |        | pixels_82   | ram_1p  | auto | 1       |
|   pixels_83_U              | -    | -    |        | pixels_83   | ram_1p  | auto | 1       |
|   pixels_84_U              | -    | -    |        | pixels_84   | ram_1p  | auto | 1       |
|   pixels_85_U              | -    | -    |        | pixels_85   | ram_1p  | auto | 1       |
|   pixels_86_U              | -    | -    |        | pixels_86   | ram_1p  | auto | 1       |
|   pixels_87_U              | -    | -    |        | pixels_87   | ram_1p  | auto | 1       |
|   pixels_88_U              | -    | -    |        | pixels_88   | ram_1p  | auto | 1       |
|   pixels_89_U              | -    | -    |        | pixels_89   | ram_1p  | auto | 1       |
|   pixels_90_U              | -    | -    |        | pixels_90   | ram_1p  | auto | 1       |
|   pixels_91_U              | -    | -    |        | pixels_91   | ram_1p  | auto | 1       |
|   pixels_92_U              | -    | -    |        | pixels_92   | ram_1p  | auto | 1       |
|   pixels_93_U              | -    | -    |        | pixels_93   | ram_1p  | auto | 1       |
|   pixels_94_U              | -    | -    |        | pixels_94   | ram_1p  | auto | 1       |
|   pixels_95_U              | -    | -    |        | pixels_95   | ram_1p  | auto | 1       |
|   pixels_96_U              | -    | -    |        | pixels_96   | ram_1p  | auto | 1       |
|   pixels_97_U              | -    | -    |        | pixels_97   | ram_1p  | auto | 1       |
|   pixels_98_U              | -    | -    |        | pixels_98   | ram_1p  | auto | 1       |
|   pixels_99_U              | -    | -    |        | pixels_99   | ram_1p  | auto | 1       |
|   pixels_100_U             | -    | -    |        | pixels_100  | ram_1p  | auto | 1       |
|   pixels_101_U             | -    | -    |        | pixels_101  | ram_1p  | auto | 1       |
|   pixels_102_U             | -    | -    |        | pixels_102  | ram_1p  | auto | 1       |
|   pixels_103_U             | -    | -    |        | pixels_103  | ram_1p  | auto | 1       |
|   pixels_104_U             | -    | -    |        | pixels_104  | ram_1p  | auto | 1       |
|   pixels_105_U             | -    | -    |        | pixels_105  | ram_1p  | auto | 1       |
|   pixels_106_U             | -    | -    |        | pixels_106  | ram_1p  | auto | 1       |
|   pixels_107_U             | -    | -    |        | pixels_107  | ram_1p  | auto | 1       |
|   pixels_108_U             | -    | -    |        | pixels_108  | ram_1p  | auto | 1       |
|   pixels_109_U             | -    | -    |        | pixels_109  | ram_1p  | auto | 1       |
|   pixels_110_U             | -    | -    |        | pixels_110  | ram_1p  | auto | 1       |
|   pixels_111_U             | -    | -    |        | pixels_111  | ram_1p  | auto | 1       |
|   pixels_112_U             | -    | -    |        | pixels_112  | ram_1p  | auto | 1       |
|   pixels_113_U             | -    | -    |        | pixels_113  | ram_1p  | auto | 1       |
|   pixels_114_U             | -    | -    |        | pixels_114  | ram_1p  | auto | 1       |
|   pixels_115_U             | -    | -    |        | pixels_115  | ram_1p  | auto | 1       |
|   pixels_116_U             | -    | -    |        | pixels_116  | ram_1p  | auto | 1       |
|   pixels_117_U             | -    | -    |        | pixels_117  | ram_1p  | auto | 1       |
|   pixels_118_U             | -    | -    |        | pixels_118  | ram_1p  | auto | 1       |
|   pixels_119_U             | -    | -    |        | pixels_119  | ram_1p  | auto | 1       |
|   pixels_120_U             | -    | -    |        | pixels_120  | ram_1p  | auto | 1       |
|   pixels_121_U             | -    | -    |        | pixels_121  | ram_1p  | auto | 1       |
|   pixels_122_U             | -    | -    |        | pixels_122  | ram_1p  | auto | 1       |
|   pixels_123_U             | -    | -    |        | pixels_123  | ram_1p  | auto | 1       |
|   pixels_124_U             | -    | -    |        | pixels_124  | ram_1p  | auto | 1       |
|   pixels_125_U             | -    | -    |        | pixels_125  | ram_1p  | auto | 1       |
|   pixels_126_U             | -    | -    |        | pixels_126  | ram_1p  | auto | 1       |
|   pixels_127_U             | -    | -    |        | pixels_127  | ram_1p  | auto | 1       |
|   pixels_128_U             | -    | -    |        | pixels_128  | ram_1p  | auto | 1       |
|   pixels_129_U             | -    | -    |        | pixels_129  | ram_1p  | auto | 1       |
|   pixels_130_U             | -    | -    |        | pixels_130  | ram_1p  | auto | 1       |
|   pixels_131_U             | -    | -    |        | pixels_131  | ram_1p  | auto | 1       |
|   pixels_132_U             | -    | -    |        | pixels_132  | ram_1p  | auto | 1       |
|   pixels_133_U             | -    | -    |        | pixels_133  | ram_1p  | auto | 1       |
|   pixels_134_U             | -    | -    |        | pixels_134  | ram_1p  | auto | 1       |
|   pixels_135_U             | -    | -    |        | pixels_135  | ram_1p  | auto | 1       |
|   pixels_136_U             | -    | -    |        | pixels_136  | ram_1p  | auto | 1       |
|   pixels_137_U             | -    | -    |        | pixels_137  | ram_1p  | auto | 1       |
|   pixels_138_U             | -    | -    |        | pixels_138  | ram_1p  | auto | 1       |
|   pixels_139_U             | -    | -    |        | pixels_139  | ram_1p  | auto | 1       |
|   pixels_140_U             | -    | -    |        | pixels_140  | ram_1p  | auto | 1       |
|   pixels_141_U             | -    | -    |        | pixels_141  | ram_1p  | auto | 1       |
|   pixels_142_U             | -    | -    |        | pixels_142  | ram_1p  | auto | 1       |
|   pixels_143_U             | -    | -    |        | pixels_143  | ram_1p  | auto | 1       |
|   pixels_144_U             | -    | -    |        | pixels_144  | ram_1p  | auto | 1       |
|   pixels_145_U             | -    | -    |        | pixels_145  | ram_1p  | auto | 1       |
|   pixels_146_U             | -    | -    |        | pixels_146  | ram_1p  | auto | 1       |
|   pixels_147_U             | -    | -    |        | pixels_147  | ram_1p  | auto | 1       |
|   pixels_148_U             | -    | -    |        | pixels_148  | ram_1p  | auto | 1       |
|   pixels_149_U             | -    | -    |        | pixels_149  | ram_1p  | auto | 1       |
|   pixels_150_U             | -    | -    |        | pixels_150  | ram_1p  | auto | 1       |
|   pixels_151_U             | -    | -    |        | pixels_151  | ram_1p  | auto | 1       |
|   pixels_152_U             | -    | -    |        | pixels_152  | ram_1p  | auto | 1       |
|   pixels_153_U             | -    | -    |        | pixels_153  | ram_1p  | auto | 1       |
|   pixels_154_U             | -    | -    |        | pixels_154  | ram_1p  | auto | 1       |
|   pixels_155_U             | -    | -    |        | pixels_155  | ram_1p  | auto | 1       |
|   pixels_156_U             | -    | -    |        | pixels_156  | ram_1p  | auto | 1       |
|   pixels_157_U             | -    | -    |        | pixels_157  | ram_1p  | auto | 1       |
|   pixels_158_U             | -    | -    |        | pixels_158  | ram_1p  | auto | 1       |
|   pixels_159_U             | -    | -    |        | pixels_159  | ram_1p  | auto | 1       |
|   pixels_160_U             | -    | -    |        | pixels_160  | ram_1p  | auto | 1       |
|   pixels_161_U             | -    | -    |        | pixels_161  | ram_1p  | auto | 1       |
|   pixels_162_U             | -    | -    |        | pixels_162  | ram_1p  | auto | 1       |
|   pixels_163_U             | -    | -    |        | pixels_163  | ram_1p  | auto | 1       |
|   pixels_164_U             | -    | -    |        | pixels_164  | ram_1p  | auto | 1       |
|   pixels_165_U             | -    | -    |        | pixels_165  | ram_1p  | auto | 1       |
|   pixels_166_U             | -    | -    |        | pixels_166  | ram_1p  | auto | 1       |
|   pixels_167_U             | -    | -    |        | pixels_167  | ram_1p  | auto | 1       |
|   pixels_168_U             | -    | -    |        | pixels_168  | ram_1p  | auto | 1       |
|   pixels_169_U             | -    | -    |        | pixels_169  | ram_1p  | auto | 1       |
|   pixels_170_U             | -    | -    |        | pixels_170  | ram_1p  | auto | 1       |
|   pixels_171_U             | -    | -    |        | pixels_171  | ram_1p  | auto | 1       |
|   pixels_172_U             | -    | -    |        | pixels_172  | ram_1p  | auto | 1       |
|   pixels_173_U             | -    | -    |        | pixels_173  | ram_1p  | auto | 1       |
|   pixels_174_U             | -    | -    |        | pixels_174  | ram_1p  | auto | 1       |
|   pixels_175_U             | -    | -    |        | pixels_175  | ram_1p  | auto | 1       |
|   pixels_176_U             | -    | -    |        | pixels_176  | ram_1p  | auto | 1       |
|   pixels_177_U             | -    | -    |        | pixels_177  | ram_1p  | auto | 1       |
|   pixels_178_U             | -    | -    |        | pixels_178  | ram_1p  | auto | 1       |
|   pixels_179_U             | -    | -    |        | pixels_179  | ram_1p  | auto | 1       |
|   ref_pixel_V_U            | 1    | -    |        | ref_pixel_V | ram_t2p | auto | 1       |
+----------------------------+------+------+--------+-------------+---------+------+---------+


================================================================
== Pragma Report
================================================================
* Valid Pragma Syntax
+-----------+------------------------------------------+----------------------------------------------------------------------------------------------------------------+
| Type      | Options                                  | Location                                                                                                       |
+-----------+------------------------------------------+----------------------------------------------------------------------------------------------------------------+
| inline    |                                          | ../Archivos_Fuente/Hyperspectral/DataFlow_2/hyperspectral_accel.cpp:11 in calculate_distance                   |
| interface | s_axilite port=return bundle=CONTROL_BUS | ../Archivos_Fuente/Hyperspectral/DataFlow_2/hyperspectral_accel.cpp:22 in hyperspectral_hw_wrapped, return     |
| interface | axis port=in_stream                      | ../Archivos_Fuente/Hyperspectral/DataFlow_2/hyperspectral_accel.cpp:23 in hyperspectral_hw_wrapped, in_stream  |
| interface | axis port=out_stream                     | ../Archivos_Fuente/Hyperspectral/DataFlow_2/hyperspectral_accel.cpp:24 in hyperspectral_hw_wrapped, out_stream |
| pipeline  | II=1                                     | ../Archivos_Fuente/Hyperspectral/DataFlow_2/hyperspectral_accel.cpp:54 in hyperspectral_hw_wrapped             |
| pipeline  | II=2                                     | ../Archivos_Fuente/Hyperspectral/DataFlow_2/hyperspectral_accel.cpp:64 in hyperspectral_hw_wrapped             |
| pipeline  | II=1                                     | ../Archivos_Fuente/Hyperspectral/DataFlow_2/hyperspectral_accel.cpp:98 in hyperspectral_hw_wrapped             |
+-----------+------------------------------------------+----------------------------------------------------------------------------------------------------------------+

* Inferred Pragmas
+---------------------------------------------------------------------------------+-----------------+--------------------------------------+---------------------------------------------+
| Source Pragma                                                                   | Inferred Pragma | Options                              | Location                                    |
+---------------------------------------------------------------------------------+-----------------+--------------------------------------+---------------------------------------------+
| pipeline ../Archivos_Fuente/Hyperspectral/DataFlow_2/hyperspectral_accel.cpp:64 | array_partition | dim=2 type=complete  variable=pixels | variable pixels in hyperspectral_hw_wrapped |
+---------------------------------------------------------------------------------+-----------------+--------------------------------------+---------------------------------------------+


