

================================================================
== Vitis HLS Report for 'hyperspectral_hw_wrapped_Pipeline_L6'
================================================================
* Date:           Wed Jul 10 00:10:07 2024

* Version:        2022.1 (Build 3526262 on Mon Apr 18 15:47:01 MDT 2022)
* Project:        Hyperspectral_DataFlow
* Solution:       solution1 (Vivado IP Flow Target)
* Product family: zynquplus
* Target device:  xczu3eg-sbva484-1-e


================================================================
== Performance Estimates
================================================================
+ Timing: 
    * Summary: 
    +--------+----------+----------+------------+
    |  Clock |  Target  | Estimated| Uncertainty|
    +--------+----------+----------+------------+
    |ap_clk  |  10.00 ns|  3.859 ns|     2.70 ns|
    +--------+----------+----------+------------+

+ Latency: 
    * Summary: 
    +---------+---------+----------+----------+-----+-----+---------+
    |  Latency (cycles) |  Latency (absolute) |  Interval | Pipeline|
    |   min   |   max   |    min   |    max   | min | max |   Type  |
    +---------+---------+----------+----------+-----+-----+---------+
    |      182|      182|  1.820 us|  1.820 us|  182|  182|       no|
    +---------+---------+----------+----------+-----+-----+---------+

    + Detail: 
        * Instance: 
        N/A

        * Loop: 
        +----------+---------+---------+----------+-----------+-----------+------+----------+
        |          |  Latency (cycles) | Iteration|  Initiation Interval  | Trip |          |
        | Loop Name|   min   |   max   |  Latency |  achieved |   target  | Count| Pipelined|
        +----------+---------+---------+----------+-----------+-----------+------+----------+
        |- L6      |      180|      180|         2|          1|          1|   180|       yes|
        +----------+---------+---------+----------+-----------+-----------+------+----------+



================================================================
== Utilization Estimates
================================================================
* Summary: 
+-----------------+---------+-----+--------+-------+-----+
|       Name      | BRAM_18K| DSP |   FF   |  LUT  | URAM|
+-----------------+---------+-----+--------+-------+-----+
|DSP              |        -|    -|       -|      -|    -|
|Expression       |        -|    -|       0|     69|    -|
|FIFO             |        -|    -|       -|      -|    -|
|Instance         |        -|    -|       -|      -|    -|
|Memory           |        -|    -|       -|      -|    -|
|Multiplexer      |        -|    -|       -|     54|    -|
|Register         |        -|    -|      43|      -|    -|
+-----------------+---------+-----+--------+-------+-----+
|Total            |        0|    0|      43|    123|    0|
+-----------------+---------+-----+--------+-------+-----+
|Available        |      432|  360|  141120|  70560|    0|
+-----------------+---------+-----+--------+-------+-----+
|Utilization (%)  |        0|    0|      ~0|     ~0|    0|
+-----------------+---------+-----+--------+-------+-----+

+ Detail: 
    * Instance: 
    N/A

    * DSP: 
    N/A

    * Memory: 
    N/A

    * FIFO: 
    N/A

    * Expression: 
    +-------------------------------+----------+----+---+----+------------+------------+
    |         Variable Name         | Operation| DSP| FF| LUT| Bitwidth P0| Bitwidth P1|
    +-------------------------------+----------+----+---+----+------------+------------+
    |current_brightness_1_fu_92_p2  |         +|   0|  0|  39|          32|          32|
    |k_2_fu_78_p2                   |         +|   0|  0|  15|           8|           1|
    |ap_block_pp0_stage0_01001      |       and|   0|  0|   2|           1|           1|
    |icmp_ln50_fu_72_p2             |      icmp|   0|  0|  11|           8|           8|
    |ap_enable_pp0                  |       xor|   0|  0|   2|           1|           2|
    +-------------------------------+----------+----+---+----+------------+------------+
    |Total                          |          |   0|  0|  69|          50|          44|
    +-------------------------------+----------+----+---+----+------------+------------+

    * Multiplexer: 
    +--------------------------+----+-----------+-----+-----------+
    |           Name           | LUT| Input Size| Bits| Total Bits|
    +--------------------------+----+-----------+-----+-----------+
    |ap_done_int               |   9|          2|    1|          2|
    |ap_enable_reg_pp0_iter1   |   9|          2|    1|          2|
    |ap_sig_allocacmp_k_1      |   9|          2|    8|         16|
    |brightness_stream_blk_n   |   9|          2|    1|          2|
    |current_brightness_fu_38  |   9|          2|   32|         64|
    |k_fu_42                   |   9|          2|    8|         16|
    +--------------------------+----+-----------+-----+-----------+
    |Total                     |  54|         12|   51|        102|
    +--------------------------+----+-----------+-----+-----------+

    * Register: 
    +--------------------------+----+----+-----+-----------+
    |           Name           | FF | LUT| Bits| Const Bits|
    +--------------------------+----+----+-----+-----------+
    |ap_CS_fsm                 |   1|   0|    1|          0|
    |ap_done_reg               |   1|   0|    1|          0|
    |ap_enable_reg_pp0_iter1   |   1|   0|    1|          0|
    |current_brightness_fu_38  |  32|   0|   32|          0|
    |k_fu_42                   |   8|   0|    8|          0|
    +--------------------------+----+----+-----+-----------+
    |Total                     |  43|   0|   43|          0|
    +--------------------------+----+----+-----+-----------+



================================================================
== Interface
================================================================
* Summary: 
+-------------------------------+-----+-----+------------+--------------------------------------+--------------+
|           RTL Ports           | Dir | Bits|  Protocol  |             Source Object            |    C Type    |
+-------------------------------+-----+-----+------------+--------------------------------------+--------------+
|ap_clk                         |   in|    1|  ap_ctrl_hs|  hyperspectral_hw_wrapped_Pipeline_L6|  return value|
|ap_rst                         |   in|    1|  ap_ctrl_hs|  hyperspectral_hw_wrapped_Pipeline_L6|  return value|
|ap_start                       |   in|    1|  ap_ctrl_hs|  hyperspectral_hw_wrapped_Pipeline_L6|  return value|
|ap_done                        |  out|    1|  ap_ctrl_hs|  hyperspectral_hw_wrapped_Pipeline_L6|  return value|
|ap_idle                        |  out|    1|  ap_ctrl_hs|  hyperspectral_hw_wrapped_Pipeline_L6|  return value|
|ap_ready                       |  out|    1|  ap_ctrl_hs|  hyperspectral_hw_wrapped_Pipeline_L6|  return value|
|brightness_stream_dout         |   in|   32|     ap_fifo|                     brightness_stream|       pointer|
|brightness_stream_empty_n      |   in|    1|     ap_fifo|                     brightness_stream|       pointer|
|brightness_stream_read         |  out|    1|     ap_fifo|                     brightness_stream|       pointer|
|current_brightness_out         |  out|   32|      ap_vld|                current_brightness_out|       pointer|
|current_brightness_out_ap_vld  |  out|    1|      ap_vld|                current_brightness_out|       pointer|
+-------------------------------+-----+-----+------------+--------------------------------------+--------------+

