

================================================================
== Vitis HLS Report for 'hyperspectral_hw_wrapped_Pipeline_VITIS_LOOP_97_2'
================================================================
* Date:           Sat Oct 12 04:13:25 2024

* Version:        2022.1 (Build 3526262 on Mon Apr 18 15:47:01 MDT 2022)
* Project:        Hyperspectral_DataFlow
* Solution:       solution1 (Vivado IP Flow Target)
* Product family: zynquplus
* Target device:  xczu3eg-sbva484-1-e


================================================================
== Performance Estimates
================================================================
+ Timing: 
    * Summary: 
    +--------+----------+----------+------------+
    |  Clock |  Target  | Estimated| Uncertainty|
    +--------+----------+----------+------------+
    |ap_clk  |  10.00 ns|  2.291 ns|     2.70 ns|
    +--------+----------+----------+------------+

+ Latency: 
    * Summary: 
    +---------+---------+----------+----------+-----+-----+---------+
    |  Latency (cycles) |  Latency (absolute) |  Interval | Pipeline|
    |   min   |   max   |    min   |    max   | min | max |   Type  |
    +---------+---------+----------+----------+-----+-----+---------+
    |       92|       92|  0.920 us|  0.920 us|   92|   92|       no|
    +---------+---------+----------+----------+-----+-----+---------+

    + Detail: 
        * Instance: 
        N/A

        * Loop: 
        +-------------------+---------+---------+----------+-----------+-----------+------+----------+
        |                   |  Latency (cycles) | Iteration|  Initiation Interval  | Trip |          |
        |     Loop Name     |   min   |   max   |  Latency |  achieved |   target  | Count| Pipelined|
        +-------------------+---------+---------+----------+-----------+-----------+------+----------+
        |- VITIS_LOOP_97_2  |       90|       90|         2|          1|          1|    90|       yes|
        +-------------------+---------+---------+----------+-----------+-----------+------+----------+



================================================================
== Utilization Estimates
================================================================
* Summary: 
+-----------------+---------+-----+--------+-------+-----+
|       Name      | BRAM_18K| DSP |   FF   |  LUT  | URAM|
+-----------------+---------+-----+--------+-------+-----+
|DSP              |        -|    -|       -|      -|    -|
|Expression       |        -|    -|       0|     30|    -|
|FIFO             |        -|    -|       -|      -|    -|
|Instance         |        -|    -|       0|   1894|    -|
|Memory           |        -|    -|       -|      -|    -|
|Multiplexer      |        -|    -|       -|     45|    -|
|Register         |        -|    -|      19|      -|    -|
+-----------------+---------+-----+--------+-------+-----+
|Total            |        0|    0|      19|   1969|    0|
+-----------------+---------+-----+--------+-------+-----+
|Available        |      432|  360|  141120|  70560|    0|
+-----------------+---------+-----+--------+-------+-----+
|Utilization (%)  |        0|    0|      ~0|      2|    0|
+-----------------+---------+-----+--------+-------+-----+

+ Detail: 
    * Instance: 
    +----------------------+-----------------+---------+----+---+-----+-----+
    |       Instance       |      Module     | BRAM_18K| DSP| FF| LUT | URAM|
    +----------------------+-----------------+---------+----+---+-----+-----+
    |mux_1798_32_1_1_U569  |mux_1798_32_1_1  |        0|   0|  0|  947|    0|
    |mux_1798_32_1_1_U570  |mux_1798_32_1_1  |        0|   0|  0|  947|    0|
    +----------------------+-----------------+---------+----+---+-----+-----+
    |Total                 |                 |        0|   0|  0| 1894|    0|
    +----------------------+-----------------+---------+----+---+-----+-----+

    * DSP: 
    N/A

    * Memory: 
    N/A

    * FIFO: 
    N/A

    * Expression: 
    +---------------------------+----------+----+---+----+------------+------------+
    |       Variable Name       | Operation| DSP| FF| LUT| Bitwidth P0| Bitwidth P1|
    +---------------------------+----------+----+---+----+------------+------------+
    |add_ln97_fu_3005_p2        |         +|   0|  0|  15|           8|           2|
    |ap_block_pp0_stage0_01001  |       and|   0|  0|   2|           1|           1|
    |icmp_ln97_fu_2999_p2       |      icmp|   0|  0|  11|           8|           8|
    |ap_enable_pp0              |       xor|   0|  0|   2|           1|           2|
    +---------------------------+----------+----+---+----+------------+------------+
    |Total                      |          |   0|  0|  30|          18|          13|
    +---------------------------+----------+----+---+----+------------+------------+

    * Multiplexer: 
    +-------------------------+----+-----------+-----+-----------+
    |           Name          | LUT| Input Size| Bits| Total Bits|
    +-------------------------+----+-----------+-----+-----------+
    |ap_done_int              |   9|          2|    1|          2|
    |ap_enable_reg_pp0_iter1  |   9|          2|    1|          2|
    |ap_sig_allocacmp_i_1     |   9|          2|    8|         16|
    |i_fu_426                 |   9|          2|    8|         16|
    |out_stream_TDATA_blk_n   |   9|          2|    1|          2|
    +-------------------------+----+-----------+-----+-----------+
    |Total                    |  45|         10|   19|         38|
    +-------------------------+----+-----------+-----+-----------+

    * Register: 
    +-------------------------+---+----+-----+-----------+
    |           Name          | FF| LUT| Bits| Const Bits|
    +-------------------------+---+----+-----+-----------+
    |ap_CS_fsm                |  1|   0|    1|          0|
    |ap_done_reg              |  1|   0|    1|          0|
    |ap_enable_reg_pp0_iter1  |  1|   0|    1|          0|
    |i_1_reg_4486             |  8|   0|    8|          0|
    |i_fu_426                 |  8|   0|    8|          0|
    +-------------------------+---+----+-----+-----------+
    |Total                    | 19|   0|   19|          0|
    +-------------------------+---+----+-----+-----------+



================================================================
== Interface
================================================================
* Summary: 
+---------------------+-----+-----+------------+---------------------------------------------------+--------------+
|      RTL Ports      | Dir | Bits|  Protocol  |                   Source Object                   |    C Type    |
+---------------------+-----+-----+------------+---------------------------------------------------+--------------+
|ap_clk               |   in|    1|  ap_ctrl_hs|  hyperspectral_hw_wrapped_Pipeline_VITIS_LOOP_97_2|  return value|
|ap_rst               |   in|    1|  ap_ctrl_hs|  hyperspectral_hw_wrapped_Pipeline_VITIS_LOOP_97_2|  return value|
|ap_start             |   in|    1|  ap_ctrl_hs|  hyperspectral_hw_wrapped_Pipeline_VITIS_LOOP_97_2|  return value|
|ap_done              |  out|    1|  ap_ctrl_hs|  hyperspectral_hw_wrapped_Pipeline_VITIS_LOOP_97_2|  return value|
|ap_idle              |  out|    1|  ap_ctrl_hs|  hyperspectral_hw_wrapped_Pipeline_VITIS_LOOP_97_2|  return value|
|ap_ready             |  out|    1|  ap_ctrl_hs|  hyperspectral_hw_wrapped_Pipeline_VITIS_LOOP_97_2|  return value|
|out_stream_TREADY    |   in|    1|        axis|                                out_stream_V_data_V|       pointer|
|out_stream_TDATA     |  out|   32|        axis|                                out_stream_V_data_V|       pointer|
|pixels_179_address0  |  out|    1|   ap_memory|                                         pixels_179|         array|
|pixels_179_ce0       |  out|    1|   ap_memory|                                         pixels_179|         array|
|pixels_179_q0        |   in|   16|   ap_memory|                                         pixels_179|         array|
|idxprom70            |   in|    1|     ap_none|                                          idxprom70|        scalar|
|pixels_177_address0  |  out|    1|   ap_memory|                                         pixels_177|         array|
|pixels_177_ce0       |  out|    1|   ap_memory|                                         pixels_177|         array|
|pixels_177_q0        |   in|   16|   ap_memory|                                         pixels_177|         array|
|pixels_175_address0  |  out|    1|   ap_memory|                                         pixels_175|         array|
|pixels_175_ce0       |  out|    1|   ap_memory|                                         pixels_175|         array|
|pixels_175_q0        |   in|   16|   ap_memory|                                         pixels_175|         array|
|pixels_173_address0  |  out|    1|   ap_memory|                                         pixels_173|         array|
|pixels_173_ce0       |  out|    1|   ap_memory|                                         pixels_173|         array|
|pixels_173_q0        |   in|   16|   ap_memory|                                         pixels_173|         array|
|pixels_171_address0  |  out|    1|   ap_memory|                                         pixels_171|         array|
|pixels_171_ce0       |  out|    1|   ap_memory|                                         pixels_171|         array|
|pixels_171_q0        |   in|   16|   ap_memory|                                         pixels_171|         array|
|pixels_169_address0  |  out|    1|   ap_memory|                                         pixels_169|         array|
|pixels_169_ce0       |  out|    1|   ap_memory|                                         pixels_169|         array|
|pixels_169_q0        |   in|   16|   ap_memory|                                         pixels_169|         array|
|pixels_167_address0  |  out|    1|   ap_memory|                                         pixels_167|         array|
|pixels_167_ce0       |  out|    1|   ap_memory|                                         pixels_167|         array|
|pixels_167_q0        |   in|   16|   ap_memory|                                         pixels_167|         array|
|pixels_165_address0  |  out|    1|   ap_memory|                                         pixels_165|         array|
|pixels_165_ce0       |  out|    1|   ap_memory|                                         pixels_165|         array|
|pixels_165_q0        |   in|   16|   ap_memory|                                         pixels_165|         array|
|pixels_163_address0  |  out|    1|   ap_memory|                                         pixels_163|         array|
|pixels_163_ce0       |  out|    1|   ap_memory|                                         pixels_163|         array|
|pixels_163_q0        |   in|   16|   ap_memory|                                         pixels_163|         array|
|pixels_161_address0  |  out|    1|   ap_memory|                                         pixels_161|         array|
|pixels_161_ce0       |  out|    1|   ap_memory|                                         pixels_161|         array|
|pixels_161_q0        |   in|   16|   ap_memory|                                         pixels_161|         array|
|pixels_159_address0  |  out|    1|   ap_memory|                                         pixels_159|         array|
|pixels_159_ce0       |  out|    1|   ap_memory|                                         pixels_159|         array|
|pixels_159_q0        |   in|   16|   ap_memory|                                         pixels_159|         array|
|pixels_157_address0  |  out|    1|   ap_memory|                                         pixels_157|         array|
|pixels_157_ce0       |  out|    1|   ap_memory|                                         pixels_157|         array|
|pixels_157_q0        |   in|   16|   ap_memory|                                         pixels_157|         array|
|pixels_155_address0  |  out|    1|   ap_memory|                                         pixels_155|         array|
|pixels_155_ce0       |  out|    1|   ap_memory|                                         pixels_155|         array|
|pixels_155_q0        |   in|   16|   ap_memory|                                         pixels_155|         array|
|pixels_153_address0  |  out|    1|   ap_memory|                                         pixels_153|         array|
|pixels_153_ce0       |  out|    1|   ap_memory|                                         pixels_153|         array|
|pixels_153_q0        |   in|   16|   ap_memory|                                         pixels_153|         array|
|pixels_151_address0  |  out|    1|   ap_memory|                                         pixels_151|         array|
|pixels_151_ce0       |  out|    1|   ap_memory|                                         pixels_151|         array|
|pixels_151_q0        |   in|   16|   ap_memory|                                         pixels_151|         array|
|pixels_149_address0  |  out|    1|   ap_memory|                                         pixels_149|         array|
|pixels_149_ce0       |  out|    1|   ap_memory|                                         pixels_149|         array|
|pixels_149_q0        |   in|   16|   ap_memory|                                         pixels_149|         array|
|pixels_147_address0  |  out|    1|   ap_memory|                                         pixels_147|         array|
|pixels_147_ce0       |  out|    1|   ap_memory|                                         pixels_147|         array|
|pixels_147_q0        |   in|   16|   ap_memory|                                         pixels_147|         array|
|pixels_145_address0  |  out|    1|   ap_memory|                                         pixels_145|         array|
|pixels_145_ce0       |  out|    1|   ap_memory|                                         pixels_145|         array|
|pixels_145_q0        |   in|   16|   ap_memory|                                         pixels_145|         array|
|pixels_143_address0  |  out|    1|   ap_memory|                                         pixels_143|         array|
|pixels_143_ce0       |  out|    1|   ap_memory|                                         pixels_143|         array|
|pixels_143_q0        |   in|   16|   ap_memory|                                         pixels_143|         array|
|pixels_141_address0  |  out|    1|   ap_memory|                                         pixels_141|         array|
|pixels_141_ce0       |  out|    1|   ap_memory|                                         pixels_141|         array|
|pixels_141_q0        |   in|   16|   ap_memory|                                         pixels_141|         array|
|pixels_139_address0  |  out|    1|   ap_memory|                                         pixels_139|         array|
|pixels_139_ce0       |  out|    1|   ap_memory|                                         pixels_139|         array|
|pixels_139_q0        |   in|   16|   ap_memory|                                         pixels_139|         array|
|pixels_137_address0  |  out|    1|   ap_memory|                                         pixels_137|         array|
|pixels_137_ce0       |  out|    1|   ap_memory|                                         pixels_137|         array|
|pixels_137_q0        |   in|   16|   ap_memory|                                         pixels_137|         array|
|pixels_135_address0  |  out|    1|   ap_memory|                                         pixels_135|         array|
|pixels_135_ce0       |  out|    1|   ap_memory|                                         pixels_135|         array|
|pixels_135_q0        |   in|   16|   ap_memory|                                         pixels_135|         array|
|pixels_133_address0  |  out|    1|   ap_memory|                                         pixels_133|         array|
|pixels_133_ce0       |  out|    1|   ap_memory|                                         pixels_133|         array|
|pixels_133_q0        |   in|   16|   ap_memory|                                         pixels_133|         array|
|pixels_131_address0  |  out|    1|   ap_memory|                                         pixels_131|         array|
|pixels_131_ce0       |  out|    1|   ap_memory|                                         pixels_131|         array|
|pixels_131_q0        |   in|   16|   ap_memory|                                         pixels_131|         array|
|pixels_129_address0  |  out|    1|   ap_memory|                                         pixels_129|         array|
|pixels_129_ce0       |  out|    1|   ap_memory|                                         pixels_129|         array|
|pixels_129_q0        |   in|   16|   ap_memory|                                         pixels_129|         array|
|pixels_127_address0  |  out|    1|   ap_memory|                                         pixels_127|         array|
|pixels_127_ce0       |  out|    1|   ap_memory|                                         pixels_127|         array|
|pixels_127_q0        |   in|   16|   ap_memory|                                         pixels_127|         array|
|pixels_125_address0  |  out|    1|   ap_memory|                                         pixels_125|         array|
|pixels_125_ce0       |  out|    1|   ap_memory|                                         pixels_125|         array|
|pixels_125_q0        |   in|   16|   ap_memory|                                         pixels_125|         array|
|pixels_123_address0  |  out|    1|   ap_memory|                                         pixels_123|         array|
|pixels_123_ce0       |  out|    1|   ap_memory|                                         pixels_123|         array|
|pixels_123_q0        |   in|   16|   ap_memory|                                         pixels_123|         array|
|pixels_121_address0  |  out|    1|   ap_memory|                                         pixels_121|         array|
|pixels_121_ce0       |  out|    1|   ap_memory|                                         pixels_121|         array|
|pixels_121_q0        |   in|   16|   ap_memory|                                         pixels_121|         array|
|pixels_119_address0  |  out|    1|   ap_memory|                                         pixels_119|         array|
|pixels_119_ce0       |  out|    1|   ap_memory|                                         pixels_119|         array|
|pixels_119_q0        |   in|   16|   ap_memory|                                         pixels_119|         array|
|pixels_117_address0  |  out|    1|   ap_memory|                                         pixels_117|         array|
|pixels_117_ce0       |  out|    1|   ap_memory|                                         pixels_117|         array|
|pixels_117_q0        |   in|   16|   ap_memory|                                         pixels_117|         array|
|pixels_115_address0  |  out|    1|   ap_memory|                                         pixels_115|         array|
|pixels_115_ce0       |  out|    1|   ap_memory|                                         pixels_115|         array|
|pixels_115_q0        |   in|   16|   ap_memory|                                         pixels_115|         array|
|pixels_113_address0  |  out|    1|   ap_memory|                                         pixels_113|         array|
|pixels_113_ce0       |  out|    1|   ap_memory|                                         pixels_113|         array|
|pixels_113_q0        |   in|   16|   ap_memory|                                         pixels_113|         array|
|pixels_111_address0  |  out|    1|   ap_memory|                                         pixels_111|         array|
|pixels_111_ce0       |  out|    1|   ap_memory|                                         pixels_111|         array|
|pixels_111_q0        |   in|   16|   ap_memory|                                         pixels_111|         array|
|pixels_109_address0  |  out|    1|   ap_memory|                                         pixels_109|         array|
|pixels_109_ce0       |  out|    1|   ap_memory|                                         pixels_109|         array|
|pixels_109_q0        |   in|   16|   ap_memory|                                         pixels_109|         array|
|pixels_107_address0  |  out|    1|   ap_memory|                                         pixels_107|         array|
|pixels_107_ce0       |  out|    1|   ap_memory|                                         pixels_107|         array|
|pixels_107_q0        |   in|   16|   ap_memory|                                         pixels_107|         array|
|pixels_105_address0  |  out|    1|   ap_memory|                                         pixels_105|         array|
|pixels_105_ce0       |  out|    1|   ap_memory|                                         pixels_105|         array|
|pixels_105_q0        |   in|   16|   ap_memory|                                         pixels_105|         array|
|pixels_103_address0  |  out|    1|   ap_memory|                                         pixels_103|         array|
|pixels_103_ce0       |  out|    1|   ap_memory|                                         pixels_103|         array|
|pixels_103_q0        |   in|   16|   ap_memory|                                         pixels_103|         array|
|pixels_101_address0  |  out|    1|   ap_memory|                                         pixels_101|         array|
|pixels_101_ce0       |  out|    1|   ap_memory|                                         pixels_101|         array|
|pixels_101_q0        |   in|   16|   ap_memory|                                         pixels_101|         array|
|pixels_99_address0   |  out|    1|   ap_memory|                                          pixels_99|         array|
|pixels_99_ce0        |  out|    1|   ap_memory|                                          pixels_99|         array|
|pixels_99_q0         |   in|   16|   ap_memory|                                          pixels_99|         array|
|pixels_97_address0   |  out|    1|   ap_memory|                                          pixels_97|         array|
|pixels_97_ce0        |  out|    1|   ap_memory|                                          pixels_97|         array|
|pixels_97_q0         |   in|   16|   ap_memory|                                          pixels_97|         array|
|pixels_95_address0   |  out|    1|   ap_memory|                                          pixels_95|         array|
|pixels_95_ce0        |  out|    1|   ap_memory|                                          pixels_95|         array|
|pixels_95_q0         |   in|   16|   ap_memory|                                          pixels_95|         array|
|pixels_93_address0   |  out|    1|   ap_memory|                                          pixels_93|         array|
|pixels_93_ce0        |  out|    1|   ap_memory|                                          pixels_93|         array|
|pixels_93_q0         |   in|   16|   ap_memory|                                          pixels_93|         array|
|pixels_91_address0   |  out|    1|   ap_memory|                                          pixels_91|         array|
|pixels_91_ce0        |  out|    1|   ap_memory|                                          pixels_91|         array|
|pixels_91_q0         |   in|   16|   ap_memory|                                          pixels_91|         array|
|pixels_89_address0   |  out|    1|   ap_memory|                                          pixels_89|         array|
|pixels_89_ce0        |  out|    1|   ap_memory|                                          pixels_89|         array|
|pixels_89_q0         |   in|   16|   ap_memory|                                          pixels_89|         array|
|pixels_87_address0   |  out|    1|   ap_memory|                                          pixels_87|         array|
|pixels_87_ce0        |  out|    1|   ap_memory|                                          pixels_87|         array|
|pixels_87_q0         |   in|   16|   ap_memory|                                          pixels_87|         array|
|pixels_85_address0   |  out|    1|   ap_memory|                                          pixels_85|         array|
|pixels_85_ce0        |  out|    1|   ap_memory|                                          pixels_85|         array|
|pixels_85_q0         |   in|   16|   ap_memory|                                          pixels_85|         array|
|pixels_83_address0   |  out|    1|   ap_memory|                                          pixels_83|         array|
|pixels_83_ce0        |  out|    1|   ap_memory|                                          pixels_83|         array|
|pixels_83_q0         |   in|   16|   ap_memory|                                          pixels_83|         array|
|pixels_81_address0   |  out|    1|   ap_memory|                                          pixels_81|         array|
|pixels_81_ce0        |  out|    1|   ap_memory|                                          pixels_81|         array|
|pixels_81_q0         |   in|   16|   ap_memory|                                          pixels_81|         array|
|pixels_79_address0   |  out|    1|   ap_memory|                                          pixels_79|         array|
|pixels_79_ce0        |  out|    1|   ap_memory|                                          pixels_79|         array|
|pixels_79_q0         |   in|   16|   ap_memory|                                          pixels_79|         array|
|pixels_77_address0   |  out|    1|   ap_memory|                                          pixels_77|         array|
|pixels_77_ce0        |  out|    1|   ap_memory|                                          pixels_77|         array|
|pixels_77_q0         |   in|   16|   ap_memory|                                          pixels_77|         array|
|pixels_75_address0   |  out|    1|   ap_memory|                                          pixels_75|         array|
|pixels_75_ce0        |  out|    1|   ap_memory|                                          pixels_75|         array|
|pixels_75_q0         |   in|   16|   ap_memory|                                          pixels_75|         array|
|pixels_73_address0   |  out|    1|   ap_memory|                                          pixels_73|         array|
|pixels_73_ce0        |  out|    1|   ap_memory|                                          pixels_73|         array|
|pixels_73_q0         |   in|   16|   ap_memory|                                          pixels_73|         array|
|pixels_71_address0   |  out|    1|   ap_memory|                                          pixels_71|         array|
|pixels_71_ce0        |  out|    1|   ap_memory|                                          pixels_71|         array|
|pixels_71_q0         |   in|   16|   ap_memory|                                          pixels_71|         array|
|pixels_69_address0   |  out|    1|   ap_memory|                                          pixels_69|         array|
|pixels_69_ce0        |  out|    1|   ap_memory|                                          pixels_69|         array|
|pixels_69_q0         |   in|   16|   ap_memory|                                          pixels_69|         array|
|pixels_67_address0   |  out|    1|   ap_memory|                                          pixels_67|         array|
|pixels_67_ce0        |  out|    1|   ap_memory|                                          pixels_67|         array|
|pixels_67_q0         |   in|   16|   ap_memory|                                          pixels_67|         array|
|pixels_65_address0   |  out|    1|   ap_memory|                                          pixels_65|         array|
|pixels_65_ce0        |  out|    1|   ap_memory|                                          pixels_65|         array|
|pixels_65_q0         |   in|   16|   ap_memory|                                          pixels_65|         array|
|pixels_63_address0   |  out|    1|   ap_memory|                                          pixels_63|         array|
|pixels_63_ce0        |  out|    1|   ap_memory|                                          pixels_63|         array|
|pixels_63_q0         |   in|   16|   ap_memory|                                          pixels_63|         array|
|pixels_61_address0   |  out|    1|   ap_memory|                                          pixels_61|         array|
|pixels_61_ce0        |  out|    1|   ap_memory|                                          pixels_61|         array|
|pixels_61_q0         |   in|   16|   ap_memory|                                          pixels_61|         array|
|pixels_59_address0   |  out|    1|   ap_memory|                                          pixels_59|         array|
|pixels_59_ce0        |  out|    1|   ap_memory|                                          pixels_59|         array|
|pixels_59_q0         |   in|   16|   ap_memory|                                          pixels_59|         array|
|pixels_57_address0   |  out|    1|   ap_memory|                                          pixels_57|         array|
|pixels_57_ce0        |  out|    1|   ap_memory|                                          pixels_57|         array|
|pixels_57_q0         |   in|   16|   ap_memory|                                          pixels_57|         array|
|pixels_55_address0   |  out|    1|   ap_memory|                                          pixels_55|         array|
|pixels_55_ce0        |  out|    1|   ap_memory|                                          pixels_55|         array|
|pixels_55_q0         |   in|   16|   ap_memory|                                          pixels_55|         array|
|pixels_53_address0   |  out|    1|   ap_memory|                                          pixels_53|         array|
|pixels_53_ce0        |  out|    1|   ap_memory|                                          pixels_53|         array|
|pixels_53_q0         |   in|   16|   ap_memory|                                          pixels_53|         array|
|pixels_51_address0   |  out|    1|   ap_memory|                                          pixels_51|         array|
|pixels_51_ce0        |  out|    1|   ap_memory|                                          pixels_51|         array|
|pixels_51_q0         |   in|   16|   ap_memory|                                          pixels_51|         array|
|pixels_49_address0   |  out|    1|   ap_memory|                                          pixels_49|         array|
|pixels_49_ce0        |  out|    1|   ap_memory|                                          pixels_49|         array|
|pixels_49_q0         |   in|   16|   ap_memory|                                          pixels_49|         array|
|pixels_47_address0   |  out|    1|   ap_memory|                                          pixels_47|         array|
|pixels_47_ce0        |  out|    1|   ap_memory|                                          pixels_47|         array|
|pixels_47_q0         |   in|   16|   ap_memory|                                          pixels_47|         array|
|pixels_45_address0   |  out|    1|   ap_memory|                                          pixels_45|         array|
|pixels_45_ce0        |  out|    1|   ap_memory|                                          pixels_45|         array|
|pixels_45_q0         |   in|   16|   ap_memory|                                          pixels_45|         array|
|pixels_43_address0   |  out|    1|   ap_memory|                                          pixels_43|         array|
|pixels_43_ce0        |  out|    1|   ap_memory|                                          pixels_43|         array|
|pixels_43_q0         |   in|   16|   ap_memory|                                          pixels_43|         array|
|pixels_41_address0   |  out|    1|   ap_memory|                                          pixels_41|         array|
|pixels_41_ce0        |  out|    1|   ap_memory|                                          pixels_41|         array|
|pixels_41_q0         |   in|   16|   ap_memory|                                          pixels_41|         array|
|pixels_39_address0   |  out|    1|   ap_memory|                                          pixels_39|         array|
|pixels_39_ce0        |  out|    1|   ap_memory|                                          pixels_39|         array|
|pixels_39_q0         |   in|   16|   ap_memory|                                          pixels_39|         array|
|pixels_37_address0   |  out|    1|   ap_memory|                                          pixels_37|         array|
|pixels_37_ce0        |  out|    1|   ap_memory|                                          pixels_37|         array|
|pixels_37_q0         |   in|   16|   ap_memory|                                          pixels_37|         array|
|pixels_35_address0   |  out|    1|   ap_memory|                                          pixels_35|         array|
|pixels_35_ce0        |  out|    1|   ap_memory|                                          pixels_35|         array|
|pixels_35_q0         |   in|   16|   ap_memory|                                          pixels_35|         array|
|pixels_33_address0   |  out|    1|   ap_memory|                                          pixels_33|         array|
|pixels_33_ce0        |  out|    1|   ap_memory|                                          pixels_33|         array|
|pixels_33_q0         |   in|   16|   ap_memory|                                          pixels_33|         array|
|pixels_31_address0   |  out|    1|   ap_memory|                                          pixels_31|         array|
|pixels_31_ce0        |  out|    1|   ap_memory|                                          pixels_31|         array|
|pixels_31_q0         |   in|   16|   ap_memory|                                          pixels_31|         array|
|pixels_29_address0   |  out|    1|   ap_memory|                                          pixels_29|         array|
|pixels_29_ce0        |  out|    1|   ap_memory|                                          pixels_29|         array|
|pixels_29_q0         |   in|   16|   ap_memory|                                          pixels_29|         array|
|pixels_27_address0   |  out|    1|   ap_memory|                                          pixels_27|         array|
|pixels_27_ce0        |  out|    1|   ap_memory|                                          pixels_27|         array|
|pixels_27_q0         |   in|   16|   ap_memory|                                          pixels_27|         array|
|pixels_25_address0   |  out|    1|   ap_memory|                                          pixels_25|         array|
|pixels_25_ce0        |  out|    1|   ap_memory|                                          pixels_25|         array|
|pixels_25_q0         |   in|   16|   ap_memory|                                          pixels_25|         array|
|pixels_23_address0   |  out|    1|   ap_memory|                                          pixels_23|         array|
|pixels_23_ce0        |  out|    1|   ap_memory|                                          pixels_23|         array|
|pixels_23_q0         |   in|   16|   ap_memory|                                          pixels_23|         array|
|pixels_21_address0   |  out|    1|   ap_memory|                                          pixels_21|         array|
|pixels_21_ce0        |  out|    1|   ap_memory|                                          pixels_21|         array|
|pixels_21_q0         |   in|   16|   ap_memory|                                          pixels_21|         array|
|pixels_19_address0   |  out|    1|   ap_memory|                                          pixels_19|         array|
|pixels_19_ce0        |  out|    1|   ap_memory|                                          pixels_19|         array|
|pixels_19_q0         |   in|   16|   ap_memory|                                          pixels_19|         array|
|pixels_17_address0   |  out|    1|   ap_memory|                                          pixels_17|         array|
|pixels_17_ce0        |  out|    1|   ap_memory|                                          pixels_17|         array|
|pixels_17_q0         |   in|   16|   ap_memory|                                          pixels_17|         array|
|pixels_15_address0   |  out|    1|   ap_memory|                                          pixels_15|         array|
|pixels_15_ce0        |  out|    1|   ap_memory|                                          pixels_15|         array|
|pixels_15_q0         |   in|   16|   ap_memory|                                          pixels_15|         array|
|pixels_13_address0   |  out|    1|   ap_memory|                                          pixels_13|         array|
|pixels_13_ce0        |  out|    1|   ap_memory|                                          pixels_13|         array|
|pixels_13_q0         |   in|   16|   ap_memory|                                          pixels_13|         array|
|pixels_11_address0   |  out|    1|   ap_memory|                                          pixels_11|         array|
|pixels_11_ce0        |  out|    1|   ap_memory|                                          pixels_11|         array|
|pixels_11_q0         |   in|   16|   ap_memory|                                          pixels_11|         array|
|pixels_9_address0    |  out|    1|   ap_memory|                                           pixels_9|         array|
|pixels_9_ce0         |  out|    1|   ap_memory|                                           pixels_9|         array|
|pixels_9_q0          |   in|   16|   ap_memory|                                           pixels_9|         array|
|pixels_7_address0    |  out|    1|   ap_memory|                                           pixels_7|         array|
|pixels_7_ce0         |  out|    1|   ap_memory|                                           pixels_7|         array|
|pixels_7_q0          |   in|   16|   ap_memory|                                           pixels_7|         array|
|pixels_5_address0    |  out|    1|   ap_memory|                                           pixels_5|         array|
|pixels_5_ce0         |  out|    1|   ap_memory|                                           pixels_5|         array|
|pixels_5_q0          |   in|   16|   ap_memory|                                           pixels_5|         array|
|pixels_3_address0    |  out|    1|   ap_memory|                                           pixels_3|         array|
|pixels_3_ce0         |  out|    1|   ap_memory|                                           pixels_3|         array|
|pixels_3_q0          |   in|   16|   ap_memory|                                           pixels_3|         array|
|pixels_1_address0    |  out|    1|   ap_memory|                                           pixels_1|         array|
|pixels_1_ce0         |  out|    1|   ap_memory|                                           pixels_1|         array|
|pixels_1_q0          |   in|   16|   ap_memory|                                           pixels_1|         array|
|pixels_178_address0  |  out|    1|   ap_memory|                                         pixels_178|         array|
|pixels_178_ce0       |  out|    1|   ap_memory|                                         pixels_178|         array|
|pixels_178_q0        |   in|   16|   ap_memory|                                         pixels_178|         array|
|pixels_176_address0  |  out|    1|   ap_memory|                                         pixels_176|         array|
|pixels_176_ce0       |  out|    1|   ap_memory|                                         pixels_176|         array|
|pixels_176_q0        |   in|   16|   ap_memory|                                         pixels_176|         array|
|pixels_174_address0  |  out|    1|   ap_memory|                                         pixels_174|         array|
|pixels_174_ce0       |  out|    1|   ap_memory|                                         pixels_174|         array|
|pixels_174_q0        |   in|   16|   ap_memory|                                         pixels_174|         array|
|pixels_172_address0  |  out|    1|   ap_memory|                                         pixels_172|         array|
|pixels_172_ce0       |  out|    1|   ap_memory|                                         pixels_172|         array|
|pixels_172_q0        |   in|   16|   ap_memory|                                         pixels_172|         array|
|pixels_170_address0  |  out|    1|   ap_memory|                                         pixels_170|         array|
|pixels_170_ce0       |  out|    1|   ap_memory|                                         pixels_170|         array|
|pixels_170_q0        |   in|   16|   ap_memory|                                         pixels_170|         array|
|pixels_168_address0  |  out|    1|   ap_memory|                                         pixels_168|         array|
|pixels_168_ce0       |  out|    1|   ap_memory|                                         pixels_168|         array|
|pixels_168_q0        |   in|   16|   ap_memory|                                         pixels_168|         array|
|pixels_166_address0  |  out|    1|   ap_memory|                                         pixels_166|         array|
|pixels_166_ce0       |  out|    1|   ap_memory|                                         pixels_166|         array|
|pixels_166_q0        |   in|   16|   ap_memory|                                         pixels_166|         array|
|pixels_164_address0  |  out|    1|   ap_memory|                                         pixels_164|         array|
|pixels_164_ce0       |  out|    1|   ap_memory|                                         pixels_164|         array|
|pixels_164_q0        |   in|   16|   ap_memory|                                         pixels_164|         array|
|pixels_162_address0  |  out|    1|   ap_memory|                                         pixels_162|         array|
|pixels_162_ce0       |  out|    1|   ap_memory|                                         pixels_162|         array|
|pixels_162_q0        |   in|   16|   ap_memory|                                         pixels_162|         array|
|pixels_160_address0  |  out|    1|   ap_memory|                                         pixels_160|         array|
|pixels_160_ce0       |  out|    1|   ap_memory|                                         pixels_160|         array|
|pixels_160_q0        |   in|   16|   ap_memory|                                         pixels_160|         array|
|pixels_158_address0  |  out|    1|   ap_memory|                                         pixels_158|         array|
|pixels_158_ce0       |  out|    1|   ap_memory|                                         pixels_158|         array|
|pixels_158_q0        |   in|   16|   ap_memory|                                         pixels_158|         array|
|pixels_156_address0  |  out|    1|   ap_memory|                                         pixels_156|         array|
|pixels_156_ce0       |  out|    1|   ap_memory|                                         pixels_156|         array|
|pixels_156_q0        |   in|   16|   ap_memory|                                         pixels_156|         array|
|pixels_154_address0  |  out|    1|   ap_memory|                                         pixels_154|         array|
|pixels_154_ce0       |  out|    1|   ap_memory|                                         pixels_154|         array|
|pixels_154_q0        |   in|   16|   ap_memory|                                         pixels_154|         array|
|pixels_152_address0  |  out|    1|   ap_memory|                                         pixels_152|         array|
|pixels_152_ce0       |  out|    1|   ap_memory|                                         pixels_152|         array|
|pixels_152_q0        |   in|   16|   ap_memory|                                         pixels_152|         array|
|pixels_150_address0  |  out|    1|   ap_memory|                                         pixels_150|         array|
|pixels_150_ce0       |  out|    1|   ap_memory|                                         pixels_150|         array|
|pixels_150_q0        |   in|   16|   ap_memory|                                         pixels_150|         array|
|pixels_148_address0  |  out|    1|   ap_memory|                                         pixels_148|         array|
|pixels_148_ce0       |  out|    1|   ap_memory|                                         pixels_148|         array|
|pixels_148_q0        |   in|   16|   ap_memory|                                         pixels_148|         array|
|pixels_146_address0  |  out|    1|   ap_memory|                                         pixels_146|         array|
|pixels_146_ce0       |  out|    1|   ap_memory|                                         pixels_146|         array|
|pixels_146_q0        |   in|   16|   ap_memory|                                         pixels_146|         array|
|pixels_144_address0  |  out|    1|   ap_memory|                                         pixels_144|         array|
|pixels_144_ce0       |  out|    1|   ap_memory|                                         pixels_144|         array|
|pixels_144_q0        |   in|   16|   ap_memory|                                         pixels_144|         array|
|pixels_142_address0  |  out|    1|   ap_memory|                                         pixels_142|         array|
|pixels_142_ce0       |  out|    1|   ap_memory|                                         pixels_142|         array|
|pixels_142_q0        |   in|   16|   ap_memory|                                         pixels_142|         array|
|pixels_140_address0  |  out|    1|   ap_memory|                                         pixels_140|         array|
|pixels_140_ce0       |  out|    1|   ap_memory|                                         pixels_140|         array|
|pixels_140_q0        |   in|   16|   ap_memory|                                         pixels_140|         array|
|pixels_138_address0  |  out|    1|   ap_memory|                                         pixels_138|         array|
|pixels_138_ce0       |  out|    1|   ap_memory|                                         pixels_138|         array|
|pixels_138_q0        |   in|   16|   ap_memory|                                         pixels_138|         array|
|pixels_136_address0  |  out|    1|   ap_memory|                                         pixels_136|         array|
|pixels_136_ce0       |  out|    1|   ap_memory|                                         pixels_136|         array|
|pixels_136_q0        |   in|   16|   ap_memory|                                         pixels_136|         array|
|pixels_134_address0  |  out|    1|   ap_memory|                                         pixels_134|         array|
|pixels_134_ce0       |  out|    1|   ap_memory|                                         pixels_134|         array|
|pixels_134_q0        |   in|   16|   ap_memory|                                         pixels_134|         array|
|pixels_132_address0  |  out|    1|   ap_memory|                                         pixels_132|         array|
|pixels_132_ce0       |  out|    1|   ap_memory|                                         pixels_132|         array|
|pixels_132_q0        |   in|   16|   ap_memory|                                         pixels_132|         array|
|pixels_130_address0  |  out|    1|   ap_memory|                                         pixels_130|         array|
|pixels_130_ce0       |  out|    1|   ap_memory|                                         pixels_130|         array|
|pixels_130_q0        |   in|   16|   ap_memory|                                         pixels_130|         array|
|pixels_128_address0  |  out|    1|   ap_memory|                                         pixels_128|         array|
|pixels_128_ce0       |  out|    1|   ap_memory|                                         pixels_128|         array|
|pixels_128_q0        |   in|   16|   ap_memory|                                         pixels_128|         array|
|pixels_126_address0  |  out|    1|   ap_memory|                                         pixels_126|         array|
|pixels_126_ce0       |  out|    1|   ap_memory|                                         pixels_126|         array|
|pixels_126_q0        |   in|   16|   ap_memory|                                         pixels_126|         array|
|pixels_124_address0  |  out|    1|   ap_memory|                                         pixels_124|         array|
|pixels_124_ce0       |  out|    1|   ap_memory|                                         pixels_124|         array|
|pixels_124_q0        |   in|   16|   ap_memory|                                         pixels_124|         array|
|pixels_122_address0  |  out|    1|   ap_memory|                                         pixels_122|         array|
|pixels_122_ce0       |  out|    1|   ap_memory|                                         pixels_122|         array|
|pixels_122_q0        |   in|   16|   ap_memory|                                         pixels_122|         array|
|pixels_120_address0  |  out|    1|   ap_memory|                                         pixels_120|         array|
|pixels_120_ce0       |  out|    1|   ap_memory|                                         pixels_120|         array|
|pixels_120_q0        |   in|   16|   ap_memory|                                         pixels_120|         array|
|pixels_118_address0  |  out|    1|   ap_memory|                                         pixels_118|         array|
|pixels_118_ce0       |  out|    1|   ap_memory|                                         pixels_118|         array|
|pixels_118_q0        |   in|   16|   ap_memory|                                         pixels_118|         array|
|pixels_116_address0  |  out|    1|   ap_memory|                                         pixels_116|         array|
|pixels_116_ce0       |  out|    1|   ap_memory|                                         pixels_116|         array|
|pixels_116_q0        |   in|   16|   ap_memory|                                         pixels_116|         array|
|pixels_114_address0  |  out|    1|   ap_memory|                                         pixels_114|         array|
|pixels_114_ce0       |  out|    1|   ap_memory|                                         pixels_114|         array|
|pixels_114_q0        |   in|   16|   ap_memory|                                         pixels_114|         array|
|pixels_112_address0  |  out|    1|   ap_memory|                                         pixels_112|         array|
|pixels_112_ce0       |  out|    1|   ap_memory|                                         pixels_112|         array|
|pixels_112_q0        |   in|   16|   ap_memory|                                         pixels_112|         array|
|pixels_110_address0  |  out|    1|   ap_memory|                                         pixels_110|         array|
|pixels_110_ce0       |  out|    1|   ap_memory|                                         pixels_110|         array|
|pixels_110_q0        |   in|   16|   ap_memory|                                         pixels_110|         array|
|pixels_108_address0  |  out|    1|   ap_memory|                                         pixels_108|         array|
|pixels_108_ce0       |  out|    1|   ap_memory|                                         pixels_108|         array|
|pixels_108_q0        |   in|   16|   ap_memory|                                         pixels_108|         array|
|pixels_106_address0  |  out|    1|   ap_memory|                                         pixels_106|         array|
|pixels_106_ce0       |  out|    1|   ap_memory|                                         pixels_106|         array|
|pixels_106_q0        |   in|   16|   ap_memory|                                         pixels_106|         array|
|pixels_104_address0  |  out|    1|   ap_memory|                                         pixels_104|         array|
|pixels_104_ce0       |  out|    1|   ap_memory|                                         pixels_104|         array|
|pixels_104_q0        |   in|   16|   ap_memory|                                         pixels_104|         array|
|pixels_102_address0  |  out|    1|   ap_memory|                                         pixels_102|         array|
|pixels_102_ce0       |  out|    1|   ap_memory|                                         pixels_102|         array|
|pixels_102_q0        |   in|   16|   ap_memory|                                         pixels_102|         array|
|pixels_100_address0  |  out|    1|   ap_memory|                                         pixels_100|         array|
|pixels_100_ce0       |  out|    1|   ap_memory|                                         pixels_100|         array|
|pixels_100_q0        |   in|   16|   ap_memory|                                         pixels_100|         array|
|pixels_98_address0   |  out|    1|   ap_memory|                                          pixels_98|         array|
|pixels_98_ce0        |  out|    1|   ap_memory|                                          pixels_98|         array|
|pixels_98_q0         |   in|   16|   ap_memory|                                          pixels_98|         array|
|pixels_96_address0   |  out|    1|   ap_memory|                                          pixels_96|         array|
|pixels_96_ce0        |  out|    1|   ap_memory|                                          pixels_96|         array|
|pixels_96_q0         |   in|   16|   ap_memory|                                          pixels_96|         array|
|pixels_94_address0   |  out|    1|   ap_memory|                                          pixels_94|         array|
|pixels_94_ce0        |  out|    1|   ap_memory|                                          pixels_94|         array|
|pixels_94_q0         |   in|   16|   ap_memory|                                          pixels_94|         array|
|pixels_92_address0   |  out|    1|   ap_memory|                                          pixels_92|         array|
|pixels_92_ce0        |  out|    1|   ap_memory|                                          pixels_92|         array|
|pixels_92_q0         |   in|   16|   ap_memory|                                          pixels_92|         array|
|pixels_90_address0   |  out|    1|   ap_memory|                                          pixels_90|         array|
|pixels_90_ce0        |  out|    1|   ap_memory|                                          pixels_90|         array|
|pixels_90_q0         |   in|   16|   ap_memory|                                          pixels_90|         array|
|pixels_88_address0   |  out|    1|   ap_memory|                                          pixels_88|         array|
|pixels_88_ce0        |  out|    1|   ap_memory|                                          pixels_88|         array|
|pixels_88_q0         |   in|   16|   ap_memory|                                          pixels_88|         array|
|pixels_86_address0   |  out|    1|   ap_memory|                                          pixels_86|         array|
|pixels_86_ce0        |  out|    1|   ap_memory|                                          pixels_86|         array|
|pixels_86_q0         |   in|   16|   ap_memory|                                          pixels_86|         array|
|pixels_84_address0   |  out|    1|   ap_memory|                                          pixels_84|         array|
|pixels_84_ce0        |  out|    1|   ap_memory|                                          pixels_84|         array|
|pixels_84_q0         |   in|   16|   ap_memory|                                          pixels_84|         array|
|pixels_82_address0   |  out|    1|   ap_memory|                                          pixels_82|         array|
|pixels_82_ce0        |  out|    1|   ap_memory|                                          pixels_82|         array|
|pixels_82_q0         |   in|   16|   ap_memory|                                          pixels_82|         array|
|pixels_80_address0   |  out|    1|   ap_memory|                                          pixels_80|         array|
|pixels_80_ce0        |  out|    1|   ap_memory|                                          pixels_80|         array|
|pixels_80_q0         |   in|   16|   ap_memory|                                          pixels_80|         array|
|pixels_78_address0   |  out|    1|   ap_memory|                                          pixels_78|         array|
|pixels_78_ce0        |  out|    1|   ap_memory|                                          pixels_78|         array|
|pixels_78_q0         |   in|   16|   ap_memory|                                          pixels_78|         array|
|pixels_76_address0   |  out|    1|   ap_memory|                                          pixels_76|         array|
|pixels_76_ce0        |  out|    1|   ap_memory|                                          pixels_76|         array|
|pixels_76_q0         |   in|   16|   ap_memory|                                          pixels_76|         array|
|pixels_74_address0   |  out|    1|   ap_memory|                                          pixels_74|         array|
|pixels_74_ce0        |  out|    1|   ap_memory|                                          pixels_74|         array|
|pixels_74_q0         |   in|   16|   ap_memory|                                          pixels_74|         array|
|pixels_72_address0   |  out|    1|   ap_memory|                                          pixels_72|         array|
|pixels_72_ce0        |  out|    1|   ap_memory|                                          pixels_72|         array|
|pixels_72_q0         |   in|   16|   ap_memory|                                          pixels_72|         array|
|pixels_70_address0   |  out|    1|   ap_memory|                                          pixels_70|         array|
|pixels_70_ce0        |  out|    1|   ap_memory|                                          pixels_70|         array|
|pixels_70_q0         |   in|   16|   ap_memory|                                          pixels_70|         array|
|pixels_68_address0   |  out|    1|   ap_memory|                                          pixels_68|         array|
|pixels_68_ce0        |  out|    1|   ap_memory|                                          pixels_68|         array|
|pixels_68_q0         |   in|   16|   ap_memory|                                          pixels_68|         array|
|pixels_66_address0   |  out|    1|   ap_memory|                                          pixels_66|         array|
|pixels_66_ce0        |  out|    1|   ap_memory|                                          pixels_66|         array|
|pixels_66_q0         |   in|   16|   ap_memory|                                          pixels_66|         array|
|pixels_64_address0   |  out|    1|   ap_memory|                                          pixels_64|         array|
|pixels_64_ce0        |  out|    1|   ap_memory|                                          pixels_64|         array|
|pixels_64_q0         |   in|   16|   ap_memory|                                          pixels_64|         array|
|pixels_62_address0   |  out|    1|   ap_memory|                                          pixels_62|         array|
|pixels_62_ce0        |  out|    1|   ap_memory|                                          pixels_62|         array|
|pixels_62_q0         |   in|   16|   ap_memory|                                          pixels_62|         array|
|pixels_60_address0   |  out|    1|   ap_memory|                                          pixels_60|         array|
|pixels_60_ce0        |  out|    1|   ap_memory|                                          pixels_60|         array|
|pixels_60_q0         |   in|   16|   ap_memory|                                          pixels_60|         array|
|pixels_58_address0   |  out|    1|   ap_memory|                                          pixels_58|         array|
|pixels_58_ce0        |  out|    1|   ap_memory|                                          pixels_58|         array|
|pixels_58_q0         |   in|   16|   ap_memory|                                          pixels_58|         array|
|pixels_56_address0   |  out|    1|   ap_memory|                                          pixels_56|         array|
|pixels_56_ce0        |  out|    1|   ap_memory|                                          pixels_56|         array|
|pixels_56_q0         |   in|   16|   ap_memory|                                          pixels_56|         array|
|pixels_54_address0   |  out|    1|   ap_memory|                                          pixels_54|         array|
|pixels_54_ce0        |  out|    1|   ap_memory|                                          pixels_54|         array|
|pixels_54_q0         |   in|   16|   ap_memory|                                          pixels_54|         array|
|pixels_52_address0   |  out|    1|   ap_memory|                                          pixels_52|         array|
|pixels_52_ce0        |  out|    1|   ap_memory|                                          pixels_52|         array|
|pixels_52_q0         |   in|   16|   ap_memory|                                          pixels_52|         array|
|pixels_50_address0   |  out|    1|   ap_memory|                                          pixels_50|         array|
|pixels_50_ce0        |  out|    1|   ap_memory|                                          pixels_50|         array|
|pixels_50_q0         |   in|   16|   ap_memory|                                          pixels_50|         array|
|pixels_48_address0   |  out|    1|   ap_memory|                                          pixels_48|         array|
|pixels_48_ce0        |  out|    1|   ap_memory|                                          pixels_48|         array|
|pixels_48_q0         |   in|   16|   ap_memory|                                          pixels_48|         array|
|pixels_46_address0   |  out|    1|   ap_memory|                                          pixels_46|         array|
|pixels_46_ce0        |  out|    1|   ap_memory|                                          pixels_46|         array|
|pixels_46_q0         |   in|   16|   ap_memory|                                          pixels_46|         array|
|pixels_44_address0   |  out|    1|   ap_memory|                                          pixels_44|         array|
|pixels_44_ce0        |  out|    1|   ap_memory|                                          pixels_44|         array|
|pixels_44_q0         |   in|   16|   ap_memory|                                          pixels_44|         array|
|pixels_42_address0   |  out|    1|   ap_memory|                                          pixels_42|         array|
|pixels_42_ce0        |  out|    1|   ap_memory|                                          pixels_42|         array|
|pixels_42_q0         |   in|   16|   ap_memory|                                          pixels_42|         array|
|pixels_40_address0   |  out|    1|   ap_memory|                                          pixels_40|         array|
|pixels_40_ce0        |  out|    1|   ap_memory|                                          pixels_40|         array|
|pixels_40_q0         |   in|   16|   ap_memory|                                          pixels_40|         array|
|pixels_38_address0   |  out|    1|   ap_memory|                                          pixels_38|         array|
|pixels_38_ce0        |  out|    1|   ap_memory|                                          pixels_38|         array|
|pixels_38_q0         |   in|   16|   ap_memory|                                          pixels_38|         array|
|pixels_36_address0   |  out|    1|   ap_memory|                                          pixels_36|         array|
|pixels_36_ce0        |  out|    1|   ap_memory|                                          pixels_36|         array|
|pixels_36_q0         |   in|   16|   ap_memory|                                          pixels_36|         array|
|pixels_34_address0   |  out|    1|   ap_memory|                                          pixels_34|         array|
|pixels_34_ce0        |  out|    1|   ap_memory|                                          pixels_34|         array|
|pixels_34_q0         |   in|   16|   ap_memory|                                          pixels_34|         array|
|pixels_32_address0   |  out|    1|   ap_memory|                                          pixels_32|         array|
|pixels_32_ce0        |  out|    1|   ap_memory|                                          pixels_32|         array|
|pixels_32_q0         |   in|   16|   ap_memory|                                          pixels_32|         array|
|pixels_30_address0   |  out|    1|   ap_memory|                                          pixels_30|         array|
|pixels_30_ce0        |  out|    1|   ap_memory|                                          pixels_30|         array|
|pixels_30_q0         |   in|   16|   ap_memory|                                          pixels_30|         array|
|pixels_28_address0   |  out|    1|   ap_memory|                                          pixels_28|         array|
|pixels_28_ce0        |  out|    1|   ap_memory|                                          pixels_28|         array|
|pixels_28_q0         |   in|   16|   ap_memory|                                          pixels_28|         array|
|pixels_26_address0   |  out|    1|   ap_memory|                                          pixels_26|         array|
|pixels_26_ce0        |  out|    1|   ap_memory|                                          pixels_26|         array|
|pixels_26_q0         |   in|   16|   ap_memory|                                          pixels_26|         array|
|pixels_24_address0   |  out|    1|   ap_memory|                                          pixels_24|         array|
|pixels_24_ce0        |  out|    1|   ap_memory|                                          pixels_24|         array|
|pixels_24_q0         |   in|   16|   ap_memory|                                          pixels_24|         array|
|pixels_22_address0   |  out|    1|   ap_memory|                                          pixels_22|         array|
|pixels_22_ce0        |  out|    1|   ap_memory|                                          pixels_22|         array|
|pixels_22_q0         |   in|   16|   ap_memory|                                          pixels_22|         array|
|pixels_20_address0   |  out|    1|   ap_memory|                                          pixels_20|         array|
|pixels_20_ce0        |  out|    1|   ap_memory|                                          pixels_20|         array|
|pixels_20_q0         |   in|   16|   ap_memory|                                          pixels_20|         array|
|pixels_18_address0   |  out|    1|   ap_memory|                                          pixels_18|         array|
|pixels_18_ce0        |  out|    1|   ap_memory|                                          pixels_18|         array|
|pixels_18_q0         |   in|   16|   ap_memory|                                          pixels_18|         array|
|pixels_16_address0   |  out|    1|   ap_memory|                                          pixels_16|         array|
|pixels_16_ce0        |  out|    1|   ap_memory|                                          pixels_16|         array|
|pixels_16_q0         |   in|   16|   ap_memory|                                          pixels_16|         array|
|pixels_14_address0   |  out|    1|   ap_memory|                                          pixels_14|         array|
|pixels_14_ce0        |  out|    1|   ap_memory|                                          pixels_14|         array|
|pixels_14_q0         |   in|   16|   ap_memory|                                          pixels_14|         array|
|pixels_12_address0   |  out|    1|   ap_memory|                                          pixels_12|         array|
|pixels_12_ce0        |  out|    1|   ap_memory|                                          pixels_12|         array|
|pixels_12_q0         |   in|   16|   ap_memory|                                          pixels_12|         array|
|pixels_10_address0   |  out|    1|   ap_memory|                                          pixels_10|         array|
|pixels_10_ce0        |  out|    1|   ap_memory|                                          pixels_10|         array|
|pixels_10_q0         |   in|   16|   ap_memory|                                          pixels_10|         array|
|pixels_8_address0    |  out|    1|   ap_memory|                                           pixels_8|         array|
|pixels_8_ce0         |  out|    1|   ap_memory|                                           pixels_8|         array|
|pixels_8_q0          |   in|   16|   ap_memory|                                           pixels_8|         array|
|pixels_6_address0    |  out|    1|   ap_memory|                                           pixels_6|         array|
|pixels_6_ce0         |  out|    1|   ap_memory|                                           pixels_6|         array|
|pixels_6_q0          |   in|   16|   ap_memory|                                           pixels_6|         array|
|pixels_4_address0    |  out|    1|   ap_memory|                                           pixels_4|         array|
|pixels_4_ce0         |  out|    1|   ap_memory|                                           pixels_4|         array|
|pixels_4_q0          |   in|   16|   ap_memory|                                           pixels_4|         array|
|pixels_2_address0    |  out|    1|   ap_memory|                                           pixels_2|         array|
|pixels_2_ce0         |  out|    1|   ap_memory|                                           pixels_2|         array|
|pixels_2_q0          |   in|   16|   ap_memory|                                           pixels_2|         array|
|pixels_address0      |  out|    1|   ap_memory|                                             pixels|         array|
|pixels_ce0           |  out|    1|   ap_memory|                                             pixels|         array|
|pixels_q0            |   in|   16|   ap_memory|                                             pixels|         array|
|out_stream_TVALID    |  out|    1|        axis|                                out_stream_V_dest_V|       pointer|
|out_stream_TDEST     |  out|    5|        axis|                                out_stream_V_dest_V|       pointer|
|out_stream_TKEEP     |  out|    4|        axis|                                out_stream_V_keep_V|       pointer|
|out_stream_TSTRB     |  out|    4|        axis|                                out_stream_V_strb_V|       pointer|
|out_stream_TUSER     |  out|    4|        axis|                                out_stream_V_user_V|       pointer|
|out_stream_TLAST     |  out|    1|        axis|                                out_stream_V_last_V|       pointer|
|out_stream_TID       |  out|    5|        axis|                                  out_stream_V_id_V|       pointer|
+---------------------+-----+-----+------------+---------------------------------------------------+--------------+

