

================================================================
== Vitis HLS Report for 'sqrt_fixed_33_33_s'
================================================================
* Date:           Thu Oct 10 03:40:15 2024

* Version:        2022.1 (Build 3526262 on Mon Apr 18 15:47:01 MDT 2022)
* Project:        Hyperspectral_DataFlow
* Solution:       solution1 (Vivado IP Flow Target)
* Product family: zynquplus
* Target device:  xczu3eg-sbva484-1-e


================================================================
== Performance Estimates
================================================================
+ Timing: 
    * Summary: 
    +--------+----------+----------+------------+
    |  Clock |  Target  | Estimated| Uncertainty|
    +--------+----------+----------+------------+
    |ap_clk  |  10.00 ns|  7.166 ns|     2.70 ns|
    +--------+----------+----------+------------+

+ Latency: 
    * Summary: 
    +---------+---------+-----------+-----------+-----+-----+---------+
    |  Latency (cycles) |   Latency (absolute)  |  Interval | Pipeline|
    |   min   |   max   |    min    |    max    | min | max |   Type  |
    +---------+---------+-----------+-----------+-----+-----+---------+
    |        3|        3|  30.000 ns|  30.000 ns|    1|    1|      yes|
    +---------+---------+-----------+-----------+-----+-----+---------+

    + Detail: 
        * Instance: 
        N/A

        * Loop: 
        N/A



================================================================
== Utilization Estimates
================================================================
* Summary: 
+-----------------+---------+-----+--------+-------+-----+
|       Name      | BRAM_18K| DSP |   FF   |  LUT  | URAM|
+-----------------+---------+-----+--------+-------+-----+
|DSP              |        -|    -|       -|      -|    -|
|Expression       |        -|    -|       0|   1388|    -|
|FIFO             |        -|    -|       -|      -|    -|
|Instance         |        -|    -|       -|      -|    -|
|Memory           |        -|    -|       -|      -|    -|
|Multiplexer      |        -|    -|       -|     14|    -|
|Register         |        -|    -|     245|      -|    -|
+-----------------+---------+-----+--------+-------+-----+
|Total            |        0|    0|     245|   1402|    0|
+-----------------+---------+-----+--------+-------+-----+
|Available        |      432|  360|  141120|  70560|    0|
+-----------------+---------+-----+--------+-------+-----+
|Utilization (%)  |        0|    0|      ~0|      1|    0|
+-----------------+---------+-----+--------+-------+-----+

+ Detail: 
    * Instance: 
    N/A

    * DSP: 
    N/A

    * Memory: 
    N/A

    * FIFO: 
    N/A

    * Expression: 
    +--------------------------+----------+----+---+----+------------+------------+
    |       Variable Name      | Operation| DSP| FF| LUT| Bitwidth P0| Bitwidth P1|
    +--------------------------+----------+----+---+----+------------+------------+
    |add_ln323_fu_242_p2       |         +|   0|  0|  10|           3|           2|
    |res_I_V_29_fu_1489_p2     |         +|   0|  0|  24|          17|           1|
    |sub_ln323_10_fu_1122_p2   |         -|   0|  0|  22|          15|          15|
    |sub_ln323_11_fu_1204_p2   |         -|   0|  0|  23|          16|          16|
    |sub_ln323_12_fu_1279_p2   |         -|   0|  0|  24|          17|          17|
    |sub_ln323_13_fu_1361_p2   |         -|   0|  0|  25|          18|          18|
    |sub_ln323_14_fu_1427_p2   |         -|   0|  0|  26|          19|          19|
    |sub_ln323_1_fu_398_p2     |         -|   0|  0|  13|           6|           6|
    |sub_ln323_2_fu_473_p2     |         -|   0|  0|  14|           7|           7|
    |sub_ln323_3_fu_555_p2     |         -|   0|  0|  15|           8|           8|
    |sub_ln323_4_fu_637_p2     |         -|   0|  0|  16|           9|           9|
    |sub_ln323_5_fu_719_p2     |         -|   0|  0|  17|          10|          10|
    |sub_ln323_6_fu_801_p2     |         -|   0|  0|  18|          11|          11|
    |sub_ln323_7_fu_876_p2     |         -|   0|  0|  19|          12|          12|
    |sub_ln323_8_fu_958_p2     |         -|   0|  0|  20|          13|          13|
    |sub_ln323_9_fu_1040_p2    |         -|   0|  0|  21|          14|          14|
    |sub_ln323_fu_316_p2       |         -|   0|  0|  12|           5|           5|
    |icmp_ln489_10_fu_1034_p2  |      icmp|   0|  0|  12|          14|          14|
    |icmp_ln489_11_fu_1116_p2  |      icmp|   0|  0|  12|          15|          15|
    |icmp_ln489_12_fu_1198_p2  |      icmp|   0|  0|  13|          16|          16|
    |icmp_ln489_13_fu_1273_p2  |      icmp|   0|  0|  13|          17|          17|
    |icmp_ln489_14_fu_1355_p2  |      icmp|   0|  0|  13|          18|          18|
    |icmp_ln489_15_fu_1421_p2  |      icmp|   0|  0|  14|          19|          19|
    |icmp_ln489_1_fu_310_p2    |      icmp|   0|  0|   9|           5|           5|
    |icmp_ln489_2_fu_392_p2    |      icmp|   0|  0|  10|           6|           6|
    |icmp_ln489_3_fu_467_p2    |      icmp|   0|  0|  10|           7|           7|
    |icmp_ln489_4_fu_549_p2    |      icmp|   0|  0|  11|           8|           8|
    |icmp_ln489_5_fu_631_p2    |      icmp|   0|  0|  11|           9|           9|
    |icmp_ln489_6_fu_713_p2    |      icmp|   0|  0|  11|          10|          10|
    |icmp_ln489_7_fu_795_p2    |      icmp|   0|  0|  11|          11|          11|
    |icmp_ln489_8_fu_870_p2    |      icmp|   0|  0|  12|          12|          12|
    |icmp_ln489_9_fu_952_p2    |      icmp|   0|  0|  12|          13|          13|
    |icmp_ln489_fu_236_p2      |      icmp|   0|  0|   8|           2|           1|
    |p_Result_s_fu_1483_p2     |      icmp|   0|  0|  20|          36|          36|
    |res_I_V_31_fu_344_p3      |    select|   0|  0|  17|           1|          17|
    |res_I_V_32_fu_423_p3      |    select|   0|  0|  17|           1|          17|
    |res_I_V_33_fu_501_p3      |    select|   0|  0|  17|           1|          17|
    |res_I_V_34_fu_583_p3      |    select|   0|  0|  17|           1|          17|
    |res_I_V_35_fu_665_p3      |    select|   0|  0|  17|           1|          17|
    |res_I_V_36_fu_826_p3      |    select|   0|  0|  17|           1|          17|
    |res_I_V_37_fu_904_p3      |    select|   0|  0|  17|           1|          17|
    |res_I_V_38_fu_986_p3      |    select|   0|  0|  17|           1|          17|
    |res_I_V_39_fu_1068_p3     |    select|   0|  0|  17|           1|          17|
    |res_I_V_40_fu_1150_p3     |    select|   0|  0|  17|           1|          17|
    |res_I_V_41_fu_1229_p3     |    select|   0|  0|  17|           1|          17|
    |res_I_V_42_fu_1307_p3     |    select|   0|  0|  17|           1|          17|
    |res_I_V_43_fu_1389_p3     |    select|   0|  0|  17|           1|          17|
    |res_I_V_44_fu_1455_p3     |    select|   0|  0|  17|           1|          17|
    |res_I_V_45_fu_1495_p3     |    select|   0|  0|  17|           1|          17|
    |res_I_V_fu_747_p3         |    select|   0|  0|  17|           1|          17|
    |select_ln239_fu_264_p3    |    select|   0|  0|  16|           1|           1|
    |select_ln489_fu_280_p3    |    select|   0|  0|   3|           1|           1|
    |x_l_I_V_31_fu_272_p3      |    select|   0|  0|  36|           1|          36|
    |x_l_I_V_32_fu_352_p3      |    select|   0|  0|  36|           1|          36|
    |x_l_I_V_33_fu_429_p3      |    select|   0|  0|  36|           1|          36|
    |x_l_I_V_34_fu_509_p3      |    select|   0|  0|  36|           1|          36|
    |x_l_I_V_35_fu_591_p3      |    select|   0|  0|  36|           1|          36|
    |x_l_I_V_36_fu_755_p3      |    select|   0|  0|  36|           1|          36|
    |x_l_I_V_37_fu_832_p3      |    select|   0|  0|  36|           1|          36|
    |x_l_I_V_38_fu_912_p3      |    select|   0|  0|  36|           1|          36|
    |x_l_I_V_39_fu_994_p3      |    select|   0|  0|  36|           1|          36|
    |x_l_I_V_40_fu_1076_p3     |    select|   0|  0|  36|           1|          36|
    |x_l_I_V_41_fu_1158_p3     |    select|   0|  0|  36|           1|          36|
    |x_l_I_V_42_fu_1235_p3     |    select|   0|  0|  36|           1|          36|
    |x_l_I_V_43_fu_1315_p3     |    select|   0|  0|  36|           1|          36|
    |x_l_I_V_44_fu_1397_p3     |    select|   0|  0|  36|           1|          36|
    |x_l_I_V_45_fu_1463_p3     |    select|   0|  0|  36|           1|          36|
    |x_l_I_V_fu_673_p3         |    select|   0|  0|  36|           1|          36|
    +--------------------------+----------+----+---+----+------------+------------+
    |Total                     |          |   0|  0|1388|         452|        1250|
    +--------------------------+----------+----+---+----+------------+------------+

    * Multiplexer: 
    +-----------+----+-----------+-----+-----------+
    |    Name   | LUT| Input Size| Bits| Total Bits|
    +-----------+----+-----------+-----+-----------+
    |ap_return  |  14|          3|   17|         51|
    +-----------+----+-----------+-----+-----------+
    |Total      |  14|          3|   17|         51|
    +-----------+----+-----------+-----+-----------+

    * Register: 
    +------------------------+----+----+-----+-----------+
    |          Name          | FF | LUT| Bits| Const Bits|
    +------------------------+----+----+-----+-----------+
    |ap_ce_reg               |   1|   0|    1|          0|
    |ap_return_int_reg       |  17|   0|   17|          0|
    |icmp_ln489_12_reg_1561  |   1|   0|    1|          0|
    |icmp_ln489_2_reg_1515   |   1|   0|    1|          0|
    |icmp_ln489_7_reg_1538   |   1|   0|    1|          0|
    |res_I_V_31_reg_1503     |  17|   0|   17|          0|
    |res_I_V_40_reg_1549     |  17|   0|   17|          0|
    |res_I_V_reg_1526        |  17|   0|   17|          0|
    |sub_ln323_11_reg_1567   |  16|   0|   16|          0|
    |sub_ln323_1_reg_1521    |   6|   0|    6|          0|
    |sub_ln323_6_reg_1544    |  11|   0|   11|          0|
    |x_int_reg               |  32|   0|   32|          0|
    |x_l_I_V_32_reg_1509     |  36|   0|   36|          0|
    |x_l_I_V_36_reg_1532     |  36|   0|   36|          0|
    |x_l_I_V_41_reg_1555     |  36|   0|   36|          0|
    +------------------------+----+----+-----+-----------+
    |Total                   | 245|   0|  245|          0|
    +------------------------+----+----+-----+-----------+



================================================================
== Interface
================================================================
* Summary: 
+-----------+-----+-----+------------+--------------------+--------------+
| RTL Ports | Dir | Bits|  Protocol  |    Source Object   |    C Type    |
+-----------+-----+-----+------------+--------------------+--------------+
|ap_clk     |   in|    1|  ap_ctrl_hs|  sqrt_fixed<33, 33>|  return value|
|ap_rst     |   in|    1|  ap_ctrl_hs|  sqrt_fixed<33, 33>|  return value|
|ap_return  |  out|   17|  ap_ctrl_hs|  sqrt_fixed<33, 33>|  return value|
|ap_ce      |   in|    1|  ap_ctrl_hs|  sqrt_fixed<33, 33>|  return value|
|x          |   in|   32|     ap_none|                   x|        scalar|
+-----------+-----+-----+------------+--------------------+--------------+

