

================================================================
== Vitis HLS Report for 'hyperspectral_hw_wrapped_Pipeline_VITIS_LOOP_85_4'
================================================================
* Date:           Thu Oct  3 05:20:11 2024

* Version:        2022.1 (Build 3526262 on Mon Apr 18 15:47:01 MDT 2022)
* Project:        Hyperspectral_DataFlow
* Solution:       solution1 (Vivado IP Flow Target)
* Product family: zynquplus
* Target device:  xczu3eg-sbva484-1-e


================================================================
== Performance Estimates
================================================================
+ Timing: 
    * Summary: 
    +--------+----------+----------+------------+
    |  Clock |  Target  | Estimated| Uncertainty|
    +--------+----------+----------+------------+
    |ap_clk  |  10.00 ns|  1.501 ns|     2.70 ns|
    +--------+----------+----------+------------+

+ Latency: 
    * Summary: 
    +---------+---------+----------+----------+-----+-----+---------+
    |  Latency (cycles) |  Latency (absolute) |  Interval | Pipeline|
    |   min   |   max   |    min   |    max   | min | max |   Type  |
    +---------+---------+----------+----------+-----+-----+---------+
    |       92|       92|  0.920 us|  0.920 us|   92|   92|       no|
    +---------+---------+----------+----------+-----+-----+---------+

    + Detail: 
        * Instance: 
        N/A

        * Loop: 
        +-------------------+---------+---------+----------+-----------+-----------+------+----------+
        |                   |  Latency (cycles) | Iteration|  Initiation Interval  | Trip |          |
        |     Loop Name     |   min   |   max   |  Latency |  achieved |   target  | Count| Pipelined|
        +-------------------+---------+---------+----------+-----------+-----------+------+----------+
        |- VITIS_LOOP_85_4  |       90|       90|         2|          1|          1|    90|       yes|
        +-------------------+---------+---------+----------+-----------+-----------+------+----------+

============================================================
+ Verbose Summary: Synthesis Manager
============================================================
InlineROM: 1
ExposeGlobal: 0
============================================================
+ Verbose Summary: CDFG Model
============================================================
IsTopModel: 0
ResetActiveHigh: 1
IsCombinational: 0
IsDatapathOnly: 0
HasWiredReturn: 1
HasMFsm: 2
HasVarLatency: 1
IsPipeline: 0
IsRtlPipelined: 0
IsInstanceOverlapped: 0
IsDontTouch: 0
HasImplIP: 0
IsGatedGlobalClock: 0

+ Individual pipeline summary: 
  * Pipeline-0: initiation interval (II) = 1, depth = 2


============================================================
+ Verbose Summary: Schedule
============================================================
* Number of FSM states : 2
* Pipeline : 1
  Pipeline-0 : II = 1, D = 2, States = { 1 2 }
* Dataflow Pipeline: 0

* FSM state transitions: 
1 --> 2 
2 --> 

* FSM state operations: 

State 1 <SV = 0> <Delay = 1.50>
ST_1 : Operation 5 [1/1] (0.00ns)   --->   "%i = alloca i32 1"   --->   Operation 5 'alloca' 'i' <Predicate = true> <Delay = 0.00>
ST_1 : Operation 6 [1/1] (0.00ns)   --->   "%specinterface_ln0 = specinterface void @_ssdm_op_SpecInterface, i5 %out_stream_V_dest_V, i5 %out_stream_V_id_V, i1 %out_stream_V_last_V, i4 %out_stream_V_user_V, i4 %out_stream_V_strb_V, i4 %out_stream_V_keep_V, i32 %out_stream_V_data_V, void @empty, i32 0, i32 0, void @empty_0, i32 0, i32 0, void @empty_1, void @empty_1, void @empty_1, i32 0, i32 0, i32 0, i32 0, void @empty_1, void @empty_1, i32 4294967295, i32 0"   --->   Operation 6 'specinterface' 'specinterface_ln0' <Predicate = true> <Delay = 0.00>
ST_1 : Operation 7 [1/1] (0.00ns)   --->   "%closest_pixel_V_538_0183_reload_read = read i16 @_ssdm_op_Read.ap_auto.i16, i16 %closest_pixel_V_538_0183_reload"   --->   Operation 7 'read' 'closest_pixel_V_538_0183_reload_read' <Predicate = true> <Delay = 0.00>
ST_1 : Operation 8 [1/1] (0.00ns)   --->   "%closest_pixel_V_537_0181_reload_read = read i16 @_ssdm_op_Read.ap_auto.i16, i16 %closest_pixel_V_537_0181_reload"   --->   Operation 8 'read' 'closest_pixel_V_537_0181_reload_read' <Predicate = true> <Delay = 0.00>
ST_1 : Operation 9 [1/1] (0.00ns)   --->   "%closest_pixel_V_536_0179_reload_read = read i16 @_ssdm_op_Read.ap_auto.i16, i16 %closest_pixel_V_536_0179_reload"   --->   Operation 9 'read' 'closest_pixel_V_536_0179_reload_read' <Predicate = true> <Delay = 0.00>
ST_1 : Operation 10 [1/1] (0.00ns)   --->   "%closest_pixel_V_535_0177_reload_read = read i16 @_ssdm_op_Read.ap_auto.i16, i16 %closest_pixel_V_535_0177_reload"   --->   Operation 10 'read' 'closest_pixel_V_535_0177_reload_read' <Predicate = true> <Delay = 0.00>
ST_1 : Operation 11 [1/1] (0.00ns)   --->   "%closest_pixel_V_534_0175_reload_read = read i16 @_ssdm_op_Read.ap_auto.i16, i16 %closest_pixel_V_534_0175_reload"   --->   Operation 11 'read' 'closest_pixel_V_534_0175_reload_read' <Predicate = true> <Delay = 0.00>
ST_1 : Operation 12 [1/1] (0.00ns)   --->   "%closest_pixel_V_533_0173_reload_read = read i16 @_ssdm_op_Read.ap_auto.i16, i16 %closest_pixel_V_533_0173_reload"   --->   Operation 12 'read' 'closest_pixel_V_533_0173_reload_read' <Predicate = true> <Delay = 0.00>
ST_1 : Operation 13 [1/1] (0.00ns)   --->   "%closest_pixel_V_532_0171_reload_read = read i16 @_ssdm_op_Read.ap_auto.i16, i16 %closest_pixel_V_532_0171_reload"   --->   Operation 13 'read' 'closest_pixel_V_532_0171_reload_read' <Predicate = true> <Delay = 0.00>
ST_1 : Operation 14 [1/1] (0.00ns)   --->   "%closest_pixel_V_531_0169_reload_read = read i16 @_ssdm_op_Read.ap_auto.i16, i16 %closest_pixel_V_531_0169_reload"   --->   Operation 14 'read' 'closest_pixel_V_531_0169_reload_read' <Predicate = true> <Delay = 0.00>
ST_1 : Operation 15 [1/1] (0.00ns)   --->   "%closest_pixel_V_530_0167_reload_read = read i16 @_ssdm_op_Read.ap_auto.i16, i16 %closest_pixel_V_530_0167_reload"   --->   Operation 15 'read' 'closest_pixel_V_530_0167_reload_read' <Predicate = true> <Delay = 0.00>
ST_1 : Operation 16 [1/1] (0.00ns)   --->   "%closest_pixel_V_529_0165_reload_read = read i16 @_ssdm_op_Read.ap_auto.i16, i16 %closest_pixel_V_529_0165_reload"   --->   Operation 16 'read' 'closest_pixel_V_529_0165_reload_read' <Predicate = true> <Delay = 0.00>
ST_1 : Operation 17 [1/1] (0.00ns)   --->   "%closest_pixel_V_528_0163_reload_read = read i16 @_ssdm_op_Read.ap_auto.i16, i16 %closest_pixel_V_528_0163_reload"   --->   Operation 17 'read' 'closest_pixel_V_528_0163_reload_read' <Predicate = true> <Delay = 0.00>
ST_1 : Operation 18 [1/1] (0.00ns)   --->   "%closest_pixel_V_527_0161_reload_read = read i16 @_ssdm_op_Read.ap_auto.i16, i16 %closest_pixel_V_527_0161_reload"   --->   Operation 18 'read' 'closest_pixel_V_527_0161_reload_read' <Predicate = true> <Delay = 0.00>
ST_1 : Operation 19 [1/1] (0.00ns)   --->   "%closest_pixel_V_526_0159_reload_read = read i16 @_ssdm_op_Read.ap_auto.i16, i16 %closest_pixel_V_526_0159_reload"   --->   Operation 19 'read' 'closest_pixel_V_526_0159_reload_read' <Predicate = true> <Delay = 0.00>
ST_1 : Operation 20 [1/1] (0.00ns)   --->   "%closest_pixel_V_525_0157_reload_read = read i16 @_ssdm_op_Read.ap_auto.i16, i16 %closest_pixel_V_525_0157_reload"   --->   Operation 20 'read' 'closest_pixel_V_525_0157_reload_read' <Predicate = true> <Delay = 0.00>
ST_1 : Operation 21 [1/1] (0.00ns)   --->   "%closest_pixel_V_524_0155_reload_read = read i16 @_ssdm_op_Read.ap_auto.i16, i16 %closest_pixel_V_524_0155_reload"   --->   Operation 21 'read' 'closest_pixel_V_524_0155_reload_read' <Predicate = true> <Delay = 0.00>
ST_1 : Operation 22 [1/1] (0.00ns)   --->   "%closest_pixel_V_523_0153_reload_read = read i16 @_ssdm_op_Read.ap_auto.i16, i16 %closest_pixel_V_523_0153_reload"   --->   Operation 22 'read' 'closest_pixel_V_523_0153_reload_read' <Predicate = true> <Delay = 0.00>
ST_1 : Operation 23 [1/1] (0.00ns)   --->   "%closest_pixel_V_522_0151_reload_read = read i16 @_ssdm_op_Read.ap_auto.i16, i16 %closest_pixel_V_522_0151_reload"   --->   Operation 23 'read' 'closest_pixel_V_522_0151_reload_read' <Predicate = true> <Delay = 0.00>
ST_1 : Operation 24 [1/1] (0.00ns)   --->   "%closest_pixel_V_521_0149_reload_read = read i16 @_ssdm_op_Read.ap_auto.i16, i16 %closest_pixel_V_521_0149_reload"   --->   Operation 24 'read' 'closest_pixel_V_521_0149_reload_read' <Predicate = true> <Delay = 0.00>
ST_1 : Operation 25 [1/1] (0.00ns)   --->   "%closest_pixel_V_520_0147_reload_read = read i16 @_ssdm_op_Read.ap_auto.i16, i16 %closest_pixel_V_520_0147_reload"   --->   Operation 25 'read' 'closest_pixel_V_520_0147_reload_read' <Predicate = true> <Delay = 0.00>
ST_1 : Operation 26 [1/1] (0.00ns)   --->   "%closest_pixel_V_519_0145_reload_read = read i16 @_ssdm_op_Read.ap_auto.i16, i16 %closest_pixel_V_519_0145_reload"   --->   Operation 26 'read' 'closest_pixel_V_519_0145_reload_read' <Predicate = true> <Delay = 0.00>
ST_1 : Operation 27 [1/1] (0.00ns)   --->   "%closest_pixel_V_518_0143_reload_read = read i16 @_ssdm_op_Read.ap_auto.i16, i16 %closest_pixel_V_518_0143_reload"   --->   Operation 27 'read' 'closest_pixel_V_518_0143_reload_read' <Predicate = true> <Delay = 0.00>
ST_1 : Operation 28 [1/1] (0.00ns)   --->   "%closest_pixel_V_517_0141_reload_read = read i16 @_ssdm_op_Read.ap_auto.i16, i16 %closest_pixel_V_517_0141_reload"   --->   Operation 28 'read' 'closest_pixel_V_517_0141_reload_read' <Predicate = true> <Delay = 0.00>
ST_1 : Operation 29 [1/1] (0.00ns)   --->   "%closest_pixel_V_516_0139_reload_read = read i16 @_ssdm_op_Read.ap_auto.i16, i16 %closest_pixel_V_516_0139_reload"   --->   Operation 29 'read' 'closest_pixel_V_516_0139_reload_read' <Predicate = true> <Delay = 0.00>
ST_1 : Operation 30 [1/1] (0.00ns)   --->   "%closest_pixel_V_515_0137_reload_read = read i16 @_ssdm_op_Read.ap_auto.i16, i16 %closest_pixel_V_515_0137_reload"   --->   Operation 30 'read' 'closest_pixel_V_515_0137_reload_read' <Predicate = true> <Delay = 0.00>
ST_1 : Operation 31 [1/1] (0.00ns)   --->   "%closest_pixel_V_514_0135_reload_read = read i16 @_ssdm_op_Read.ap_auto.i16, i16 %closest_pixel_V_514_0135_reload"   --->   Operation 31 'read' 'closest_pixel_V_514_0135_reload_read' <Predicate = true> <Delay = 0.00>
ST_1 : Operation 32 [1/1] (0.00ns)   --->   "%closest_pixel_V_513_0133_reload_read = read i16 @_ssdm_op_Read.ap_auto.i16, i16 %closest_pixel_V_513_0133_reload"   --->   Operation 32 'read' 'closest_pixel_V_513_0133_reload_read' <Predicate = true> <Delay = 0.00>
ST_1 : Operation 33 [1/1] (0.00ns)   --->   "%closest_pixel_V_512_0131_reload_read = read i16 @_ssdm_op_Read.ap_auto.i16, i16 %closest_pixel_V_512_0131_reload"   --->   Operation 33 'read' 'closest_pixel_V_512_0131_reload_read' <Predicate = true> <Delay = 0.00>
ST_1 : Operation 34 [1/1] (0.00ns)   --->   "%closest_pixel_V_511_0129_reload_read = read i16 @_ssdm_op_Read.ap_auto.i16, i16 %closest_pixel_V_511_0129_reload"   --->   Operation 34 'read' 'closest_pixel_V_511_0129_reload_read' <Predicate = true> <Delay = 0.00>
ST_1 : Operation 35 [1/1] (0.00ns)   --->   "%closest_pixel_V_510_0127_reload_read = read i16 @_ssdm_op_Read.ap_auto.i16, i16 %closest_pixel_V_510_0127_reload"   --->   Operation 35 'read' 'closest_pixel_V_510_0127_reload_read' <Predicate = true> <Delay = 0.00>
ST_1 : Operation 36 [1/1] (0.00ns)   --->   "%closest_pixel_V_509_0125_reload_read = read i16 @_ssdm_op_Read.ap_auto.i16, i16 %closest_pixel_V_509_0125_reload"   --->   Operation 36 'read' 'closest_pixel_V_509_0125_reload_read' <Predicate = true> <Delay = 0.00>
ST_1 : Operation 37 [1/1] (0.00ns)   --->   "%closest_pixel_V_508_0123_reload_read = read i16 @_ssdm_op_Read.ap_auto.i16, i16 %closest_pixel_V_508_0123_reload"   --->   Operation 37 'read' 'closest_pixel_V_508_0123_reload_read' <Predicate = true> <Delay = 0.00>
ST_1 : Operation 38 [1/1] (0.00ns)   --->   "%closest_pixel_V_507_0121_reload_read = read i16 @_ssdm_op_Read.ap_auto.i16, i16 %closest_pixel_V_507_0121_reload"   --->   Operation 38 'read' 'closest_pixel_V_507_0121_reload_read' <Predicate = true> <Delay = 0.00>
ST_1 : Operation 39 [1/1] (0.00ns)   --->   "%closest_pixel_V_506_0119_reload_read = read i16 @_ssdm_op_Read.ap_auto.i16, i16 %closest_pixel_V_506_0119_reload"   --->   Operation 39 'read' 'closest_pixel_V_506_0119_reload_read' <Predicate = true> <Delay = 0.00>
ST_1 : Operation 40 [1/1] (0.00ns)   --->   "%closest_pixel_V_505_0117_reload_read = read i16 @_ssdm_op_Read.ap_auto.i16, i16 %closest_pixel_V_505_0117_reload"   --->   Operation 40 'read' 'closest_pixel_V_505_0117_reload_read' <Predicate = true> <Delay = 0.00>
ST_1 : Operation 41 [1/1] (0.00ns)   --->   "%closest_pixel_V_504_0115_reload_read = read i16 @_ssdm_op_Read.ap_auto.i16, i16 %closest_pixel_V_504_0115_reload"   --->   Operation 41 'read' 'closest_pixel_V_504_0115_reload_read' <Predicate = true> <Delay = 0.00>
ST_1 : Operation 42 [1/1] (0.00ns)   --->   "%closest_pixel_V_503_0113_reload_read = read i16 @_ssdm_op_Read.ap_auto.i16, i16 %closest_pixel_V_503_0113_reload"   --->   Operation 42 'read' 'closest_pixel_V_503_0113_reload_read' <Predicate = true> <Delay = 0.00>
ST_1 : Operation 43 [1/1] (0.00ns)   --->   "%closest_pixel_V_502_0111_reload_read = read i16 @_ssdm_op_Read.ap_auto.i16, i16 %closest_pixel_V_502_0111_reload"   --->   Operation 43 'read' 'closest_pixel_V_502_0111_reload_read' <Predicate = true> <Delay = 0.00>
ST_1 : Operation 44 [1/1] (0.00ns)   --->   "%closest_pixel_V_501_0109_reload_read = read i16 @_ssdm_op_Read.ap_auto.i16, i16 %closest_pixel_V_501_0109_reload"   --->   Operation 44 'read' 'closest_pixel_V_501_0109_reload_read' <Predicate = true> <Delay = 0.00>
ST_1 : Operation 45 [1/1] (0.00ns)   --->   "%closest_pixel_V_500_0107_reload_read = read i16 @_ssdm_op_Read.ap_auto.i16, i16 %closest_pixel_V_500_0107_reload"   --->   Operation 45 'read' 'closest_pixel_V_500_0107_reload_read' <Predicate = true> <Delay = 0.00>
ST_1 : Operation 46 [1/1] (0.00ns)   --->   "%closest_pixel_V_499_0105_reload_read = read i16 @_ssdm_op_Read.ap_auto.i16, i16 %closest_pixel_V_499_0105_reload"   --->   Operation 46 'read' 'closest_pixel_V_499_0105_reload_read' <Predicate = true> <Delay = 0.00>
ST_1 : Operation 47 [1/1] (0.00ns)   --->   "%closest_pixel_V_498_0103_reload_read = read i16 @_ssdm_op_Read.ap_auto.i16, i16 %closest_pixel_V_498_0103_reload"   --->   Operation 47 'read' 'closest_pixel_V_498_0103_reload_read' <Predicate = true> <Delay = 0.00>
ST_1 : Operation 48 [1/1] (0.00ns)   --->   "%closest_pixel_V_497_0101_reload_read = read i16 @_ssdm_op_Read.ap_auto.i16, i16 %closest_pixel_V_497_0101_reload"   --->   Operation 48 'read' 'closest_pixel_V_497_0101_reload_read' <Predicate = true> <Delay = 0.00>
ST_1 : Operation 49 [1/1] (0.00ns)   --->   "%closest_pixel_V_496_099_reload_read = read i16 @_ssdm_op_Read.ap_auto.i16, i16 %closest_pixel_V_496_099_reload"   --->   Operation 49 'read' 'closest_pixel_V_496_099_reload_read' <Predicate = true> <Delay = 0.00>
ST_1 : Operation 50 [1/1] (0.00ns)   --->   "%closest_pixel_V_495_097_reload_read = read i16 @_ssdm_op_Read.ap_auto.i16, i16 %closest_pixel_V_495_097_reload"   --->   Operation 50 'read' 'closest_pixel_V_495_097_reload_read' <Predicate = true> <Delay = 0.00>
ST_1 : Operation 51 [1/1] (0.00ns)   --->   "%closest_pixel_V_494_095_reload_read = read i16 @_ssdm_op_Read.ap_auto.i16, i16 %closest_pixel_V_494_095_reload"   --->   Operation 51 'read' 'closest_pixel_V_494_095_reload_read' <Predicate = true> <Delay = 0.00>
ST_1 : Operation 52 [1/1] (0.00ns)   --->   "%closest_pixel_V_493_093_reload_read = read i16 @_ssdm_op_Read.ap_auto.i16, i16 %closest_pixel_V_493_093_reload"   --->   Operation 52 'read' 'closest_pixel_V_493_093_reload_read' <Predicate = true> <Delay = 0.00>
ST_1 : Operation 53 [1/1] (0.00ns)   --->   "%closest_pixel_V_492_091_reload_read = read i16 @_ssdm_op_Read.ap_auto.i16, i16 %closest_pixel_V_492_091_reload"   --->   Operation 53 'read' 'closest_pixel_V_492_091_reload_read' <Predicate = true> <Delay = 0.00>
ST_1 : Operation 54 [1/1] (0.00ns)   --->   "%closest_pixel_V_491_089_reload_read = read i16 @_ssdm_op_Read.ap_auto.i16, i16 %closest_pixel_V_491_089_reload"   --->   Operation 54 'read' 'closest_pixel_V_491_089_reload_read' <Predicate = true> <Delay = 0.00>
ST_1 : Operation 55 [1/1] (0.00ns)   --->   "%closest_pixel_V_490_087_reload_read = read i16 @_ssdm_op_Read.ap_auto.i16, i16 %closest_pixel_V_490_087_reload"   --->   Operation 55 'read' 'closest_pixel_V_490_087_reload_read' <Predicate = true> <Delay = 0.00>
ST_1 : Operation 56 [1/1] (0.00ns)   --->   "%closest_pixel_V_489_085_reload_read = read i16 @_ssdm_op_Read.ap_auto.i16, i16 %closest_pixel_V_489_085_reload"   --->   Operation 56 'read' 'closest_pixel_V_489_085_reload_read' <Predicate = true> <Delay = 0.00>
ST_1 : Operation 57 [1/1] (0.00ns)   --->   "%closest_pixel_V_488_083_reload_read = read i16 @_ssdm_op_Read.ap_auto.i16, i16 %closest_pixel_V_488_083_reload"   --->   Operation 57 'read' 'closest_pixel_V_488_083_reload_read' <Predicate = true> <Delay = 0.00>
ST_1 : Operation 58 [1/1] (0.00ns)   --->   "%closest_pixel_V_487_081_reload_read = read i16 @_ssdm_op_Read.ap_auto.i16, i16 %closest_pixel_V_487_081_reload"   --->   Operation 58 'read' 'closest_pixel_V_487_081_reload_read' <Predicate = true> <Delay = 0.00>
ST_1 : Operation 59 [1/1] (0.00ns)   --->   "%closest_pixel_V_486_079_reload_read = read i16 @_ssdm_op_Read.ap_auto.i16, i16 %closest_pixel_V_486_079_reload"   --->   Operation 59 'read' 'closest_pixel_V_486_079_reload_read' <Predicate = true> <Delay = 0.00>
ST_1 : Operation 60 [1/1] (0.00ns)   --->   "%closest_pixel_V_485_077_reload_read = read i16 @_ssdm_op_Read.ap_auto.i16, i16 %closest_pixel_V_485_077_reload"   --->   Operation 60 'read' 'closest_pixel_V_485_077_reload_read' <Predicate = true> <Delay = 0.00>
ST_1 : Operation 61 [1/1] (0.00ns)   --->   "%closest_pixel_V_484_075_reload_read = read i16 @_ssdm_op_Read.ap_auto.i16, i16 %closest_pixel_V_484_075_reload"   --->   Operation 61 'read' 'closest_pixel_V_484_075_reload_read' <Predicate = true> <Delay = 0.00>
ST_1 : Operation 62 [1/1] (0.00ns)   --->   "%closest_pixel_V_483_073_reload_read = read i16 @_ssdm_op_Read.ap_auto.i16, i16 %closest_pixel_V_483_073_reload"   --->   Operation 62 'read' 'closest_pixel_V_483_073_reload_read' <Predicate = true> <Delay = 0.00>
ST_1 : Operation 63 [1/1] (0.00ns)   --->   "%closest_pixel_V_482_071_reload_read = read i16 @_ssdm_op_Read.ap_auto.i16, i16 %closest_pixel_V_482_071_reload"   --->   Operation 63 'read' 'closest_pixel_V_482_071_reload_read' <Predicate = true> <Delay = 0.00>
ST_1 : Operation 64 [1/1] (0.00ns)   --->   "%closest_pixel_V_481_069_reload_read = read i16 @_ssdm_op_Read.ap_auto.i16, i16 %closest_pixel_V_481_069_reload"   --->   Operation 64 'read' 'closest_pixel_V_481_069_reload_read' <Predicate = true> <Delay = 0.00>
ST_1 : Operation 65 [1/1] (0.00ns)   --->   "%closest_pixel_V_480_067_reload_read = read i16 @_ssdm_op_Read.ap_auto.i16, i16 %closest_pixel_V_480_067_reload"   --->   Operation 65 'read' 'closest_pixel_V_480_067_reload_read' <Predicate = true> <Delay = 0.00>
ST_1 : Operation 66 [1/1] (0.00ns)   --->   "%closest_pixel_V_479_065_reload_read = read i16 @_ssdm_op_Read.ap_auto.i16, i16 %closest_pixel_V_479_065_reload"   --->   Operation 66 'read' 'closest_pixel_V_479_065_reload_read' <Predicate = true> <Delay = 0.00>
ST_1 : Operation 67 [1/1] (0.00ns)   --->   "%closest_pixel_V_478_063_reload_read = read i16 @_ssdm_op_Read.ap_auto.i16, i16 %closest_pixel_V_478_063_reload"   --->   Operation 67 'read' 'closest_pixel_V_478_063_reload_read' <Predicate = true> <Delay = 0.00>
ST_1 : Operation 68 [1/1] (0.00ns)   --->   "%closest_pixel_V_477_061_reload_read = read i16 @_ssdm_op_Read.ap_auto.i16, i16 %closest_pixel_V_477_061_reload"   --->   Operation 68 'read' 'closest_pixel_V_477_061_reload_read' <Predicate = true> <Delay = 0.00>
ST_1 : Operation 69 [1/1] (0.00ns)   --->   "%closest_pixel_V_476_059_reload_read = read i16 @_ssdm_op_Read.ap_auto.i16, i16 %closest_pixel_V_476_059_reload"   --->   Operation 69 'read' 'closest_pixel_V_476_059_reload_read' <Predicate = true> <Delay = 0.00>
ST_1 : Operation 70 [1/1] (0.00ns)   --->   "%closest_pixel_V_475_057_reload_read = read i16 @_ssdm_op_Read.ap_auto.i16, i16 %closest_pixel_V_475_057_reload"   --->   Operation 70 'read' 'closest_pixel_V_475_057_reload_read' <Predicate = true> <Delay = 0.00>
ST_1 : Operation 71 [1/1] (0.00ns)   --->   "%closest_pixel_V_474_055_reload_read = read i16 @_ssdm_op_Read.ap_auto.i16, i16 %closest_pixel_V_474_055_reload"   --->   Operation 71 'read' 'closest_pixel_V_474_055_reload_read' <Predicate = true> <Delay = 0.00>
ST_1 : Operation 72 [1/1] (0.00ns)   --->   "%closest_pixel_V_473_053_reload_read = read i16 @_ssdm_op_Read.ap_auto.i16, i16 %closest_pixel_V_473_053_reload"   --->   Operation 72 'read' 'closest_pixel_V_473_053_reload_read' <Predicate = true> <Delay = 0.00>
ST_1 : Operation 73 [1/1] (0.00ns)   --->   "%closest_pixel_V_472_051_reload_read = read i16 @_ssdm_op_Read.ap_auto.i16, i16 %closest_pixel_V_472_051_reload"   --->   Operation 73 'read' 'closest_pixel_V_472_051_reload_read' <Predicate = true> <Delay = 0.00>
ST_1 : Operation 74 [1/1] (0.00ns)   --->   "%closest_pixel_V_471_049_reload_read = read i16 @_ssdm_op_Read.ap_auto.i16, i16 %closest_pixel_V_471_049_reload"   --->   Operation 74 'read' 'closest_pixel_V_471_049_reload_read' <Predicate = true> <Delay = 0.00>
ST_1 : Operation 75 [1/1] (0.00ns)   --->   "%closest_pixel_V_470_047_reload_read = read i16 @_ssdm_op_Read.ap_auto.i16, i16 %closest_pixel_V_470_047_reload"   --->   Operation 75 'read' 'closest_pixel_V_470_047_reload_read' <Predicate = true> <Delay = 0.00>
ST_1 : Operation 76 [1/1] (0.00ns)   --->   "%closest_pixel_V_469_045_reload_read = read i16 @_ssdm_op_Read.ap_auto.i16, i16 %closest_pixel_V_469_045_reload"   --->   Operation 76 'read' 'closest_pixel_V_469_045_reload_read' <Predicate = true> <Delay = 0.00>
ST_1 : Operation 77 [1/1] (0.00ns)   --->   "%closest_pixel_V_468_043_reload_read = read i16 @_ssdm_op_Read.ap_auto.i16, i16 %closest_pixel_V_468_043_reload"   --->   Operation 77 'read' 'closest_pixel_V_468_043_reload_read' <Predicate = true> <Delay = 0.00>
ST_1 : Operation 78 [1/1] (0.00ns)   --->   "%closest_pixel_V_467_041_reload_read = read i16 @_ssdm_op_Read.ap_auto.i16, i16 %closest_pixel_V_467_041_reload"   --->   Operation 78 'read' 'closest_pixel_V_467_041_reload_read' <Predicate = true> <Delay = 0.00>
ST_1 : Operation 79 [1/1] (0.00ns)   --->   "%closest_pixel_V_466_039_reload_read = read i16 @_ssdm_op_Read.ap_auto.i16, i16 %closest_pixel_V_466_039_reload"   --->   Operation 79 'read' 'closest_pixel_V_466_039_reload_read' <Predicate = true> <Delay = 0.00>
ST_1 : Operation 80 [1/1] (0.00ns)   --->   "%closest_pixel_V_465_037_reload_read = read i16 @_ssdm_op_Read.ap_auto.i16, i16 %closest_pixel_V_465_037_reload"   --->   Operation 80 'read' 'closest_pixel_V_465_037_reload_read' <Predicate = true> <Delay = 0.00>
ST_1 : Operation 81 [1/1] (0.00ns)   --->   "%closest_pixel_V_464_035_reload_read = read i16 @_ssdm_op_Read.ap_auto.i16, i16 %closest_pixel_V_464_035_reload"   --->   Operation 81 'read' 'closest_pixel_V_464_035_reload_read' <Predicate = true> <Delay = 0.00>
ST_1 : Operation 82 [1/1] (0.00ns)   --->   "%closest_pixel_V_463_033_reload_read = read i16 @_ssdm_op_Read.ap_auto.i16, i16 %closest_pixel_V_463_033_reload"   --->   Operation 82 'read' 'closest_pixel_V_463_033_reload_read' <Predicate = true> <Delay = 0.00>
ST_1 : Operation 83 [1/1] (0.00ns)   --->   "%closest_pixel_V_462_031_reload_read = read i16 @_ssdm_op_Read.ap_auto.i16, i16 %closest_pixel_V_462_031_reload"   --->   Operation 83 'read' 'closest_pixel_V_462_031_reload_read' <Predicate = true> <Delay = 0.00>
ST_1 : Operation 84 [1/1] (0.00ns)   --->   "%closest_pixel_V_461_029_reload_read = read i16 @_ssdm_op_Read.ap_auto.i16, i16 %closest_pixel_V_461_029_reload"   --->   Operation 84 'read' 'closest_pixel_V_461_029_reload_read' <Predicate = true> <Delay = 0.00>
ST_1 : Operation 85 [1/1] (0.00ns)   --->   "%closest_pixel_V_460_027_reload_read = read i16 @_ssdm_op_Read.ap_auto.i16, i16 %closest_pixel_V_460_027_reload"   --->   Operation 85 'read' 'closest_pixel_V_460_027_reload_read' <Predicate = true> <Delay = 0.00>
ST_1 : Operation 86 [1/1] (0.00ns)   --->   "%closest_pixel_V_459_025_reload_read = read i16 @_ssdm_op_Read.ap_auto.i16, i16 %closest_pixel_V_459_025_reload"   --->   Operation 86 'read' 'closest_pixel_V_459_025_reload_read' <Predicate = true> <Delay = 0.00>
ST_1 : Operation 87 [1/1] (0.00ns)   --->   "%closest_pixel_V_458_023_reload_read = read i16 @_ssdm_op_Read.ap_auto.i16, i16 %closest_pixel_V_458_023_reload"   --->   Operation 87 'read' 'closest_pixel_V_458_023_reload_read' <Predicate = true> <Delay = 0.00>
ST_1 : Operation 88 [1/1] (0.00ns)   --->   "%closest_pixel_V_457_021_reload_read = read i16 @_ssdm_op_Read.ap_auto.i16, i16 %closest_pixel_V_457_021_reload"   --->   Operation 88 'read' 'closest_pixel_V_457_021_reload_read' <Predicate = true> <Delay = 0.00>
ST_1 : Operation 89 [1/1] (0.00ns)   --->   "%closest_pixel_V_456_019_reload_read = read i16 @_ssdm_op_Read.ap_auto.i16, i16 %closest_pixel_V_456_019_reload"   --->   Operation 89 'read' 'closest_pixel_V_456_019_reload_read' <Predicate = true> <Delay = 0.00>
ST_1 : Operation 90 [1/1] (0.00ns)   --->   "%closest_pixel_V_455_017_reload_read = read i16 @_ssdm_op_Read.ap_auto.i16, i16 %closest_pixel_V_455_017_reload"   --->   Operation 90 'read' 'closest_pixel_V_455_017_reload_read' <Predicate = true> <Delay = 0.00>
ST_1 : Operation 91 [1/1] (0.00ns)   --->   "%closest_pixel_V_454_015_reload_read = read i16 @_ssdm_op_Read.ap_auto.i16, i16 %closest_pixel_V_454_015_reload"   --->   Operation 91 'read' 'closest_pixel_V_454_015_reload_read' <Predicate = true> <Delay = 0.00>
ST_1 : Operation 92 [1/1] (0.00ns)   --->   "%closest_pixel_V_453_013_reload_read = read i16 @_ssdm_op_Read.ap_auto.i16, i16 %closest_pixel_V_453_013_reload"   --->   Operation 92 'read' 'closest_pixel_V_453_013_reload_read' <Predicate = true> <Delay = 0.00>
ST_1 : Operation 93 [1/1] (0.00ns)   --->   "%closest_pixel_V_452_011_reload_read = read i16 @_ssdm_op_Read.ap_auto.i16, i16 %closest_pixel_V_452_011_reload"   --->   Operation 93 'read' 'closest_pixel_V_452_011_reload_read' <Predicate = true> <Delay = 0.00>
ST_1 : Operation 94 [1/1] (0.00ns)   --->   "%closest_pixel_V_451_09_reload_read = read i16 @_ssdm_op_Read.ap_auto.i16, i16 %closest_pixel_V_451_09_reload"   --->   Operation 94 'read' 'closest_pixel_V_451_09_reload_read' <Predicate = true> <Delay = 0.00>
ST_1 : Operation 95 [1/1] (0.00ns)   --->   "%closest_pixel_V_450_07_reload_read = read i16 @_ssdm_op_Read.ap_auto.i16, i16 %closest_pixel_V_450_07_reload"   --->   Operation 95 'read' 'closest_pixel_V_450_07_reload_read' <Predicate = true> <Delay = 0.00>
ST_1 : Operation 96 [1/1] (0.00ns)   --->   "%closest_pixel_V_449_05_reload_read = read i16 @_ssdm_op_Read.ap_auto.i16, i16 %closest_pixel_V_449_05_reload"   --->   Operation 96 'read' 'closest_pixel_V_449_05_reload_read' <Predicate = true> <Delay = 0.00>
ST_1 : Operation 97 [1/1] (0.00ns)   --->   "%closest_pixel_V_448_0182_reload_read = read i16 @_ssdm_op_Read.ap_auto.i16, i16 %closest_pixel_V_448_0182_reload"   --->   Operation 97 'read' 'closest_pixel_V_448_0182_reload_read' <Predicate = true> <Delay = 0.00>
ST_1 : Operation 98 [1/1] (0.00ns)   --->   "%closest_pixel_V_447_0180_reload_read = read i16 @_ssdm_op_Read.ap_auto.i16, i16 %closest_pixel_V_447_0180_reload"   --->   Operation 98 'read' 'closest_pixel_V_447_0180_reload_read' <Predicate = true> <Delay = 0.00>
ST_1 : Operation 99 [1/1] (0.00ns)   --->   "%closest_pixel_V_446_0178_reload_read = read i16 @_ssdm_op_Read.ap_auto.i16, i16 %closest_pixel_V_446_0178_reload"   --->   Operation 99 'read' 'closest_pixel_V_446_0178_reload_read' <Predicate = true> <Delay = 0.00>
ST_1 : Operation 100 [1/1] (0.00ns)   --->   "%closest_pixel_V_445_0176_reload_read = read i16 @_ssdm_op_Read.ap_auto.i16, i16 %closest_pixel_V_445_0176_reload"   --->   Operation 100 'read' 'closest_pixel_V_445_0176_reload_read' <Predicate = true> <Delay = 0.00>
ST_1 : Operation 101 [1/1] (0.00ns)   --->   "%closest_pixel_V_444_0174_reload_read = read i16 @_ssdm_op_Read.ap_auto.i16, i16 %closest_pixel_V_444_0174_reload"   --->   Operation 101 'read' 'closest_pixel_V_444_0174_reload_read' <Predicate = true> <Delay = 0.00>
ST_1 : Operation 102 [1/1] (0.00ns)   --->   "%closest_pixel_V_443_0172_reload_read = read i16 @_ssdm_op_Read.ap_auto.i16, i16 %closest_pixel_V_443_0172_reload"   --->   Operation 102 'read' 'closest_pixel_V_443_0172_reload_read' <Predicate = true> <Delay = 0.00>
ST_1 : Operation 103 [1/1] (0.00ns)   --->   "%closest_pixel_V_442_0170_reload_read = read i16 @_ssdm_op_Read.ap_auto.i16, i16 %closest_pixel_V_442_0170_reload"   --->   Operation 103 'read' 'closest_pixel_V_442_0170_reload_read' <Predicate = true> <Delay = 0.00>
ST_1 : Operation 104 [1/1] (0.00ns)   --->   "%closest_pixel_V_441_0168_reload_read = read i16 @_ssdm_op_Read.ap_auto.i16, i16 %closest_pixel_V_441_0168_reload"   --->   Operation 104 'read' 'closest_pixel_V_441_0168_reload_read' <Predicate = true> <Delay = 0.00>
ST_1 : Operation 105 [1/1] (0.00ns)   --->   "%closest_pixel_V_440_0166_reload_read = read i16 @_ssdm_op_Read.ap_auto.i16, i16 %closest_pixel_V_440_0166_reload"   --->   Operation 105 'read' 'closest_pixel_V_440_0166_reload_read' <Predicate = true> <Delay = 0.00>
ST_1 : Operation 106 [1/1] (0.00ns)   --->   "%closest_pixel_V_439_0164_reload_read = read i16 @_ssdm_op_Read.ap_auto.i16, i16 %closest_pixel_V_439_0164_reload"   --->   Operation 106 'read' 'closest_pixel_V_439_0164_reload_read' <Predicate = true> <Delay = 0.00>
ST_1 : Operation 107 [1/1] (0.00ns)   --->   "%closest_pixel_V_438_0162_reload_read = read i16 @_ssdm_op_Read.ap_auto.i16, i16 %closest_pixel_V_438_0162_reload"   --->   Operation 107 'read' 'closest_pixel_V_438_0162_reload_read' <Predicate = true> <Delay = 0.00>
ST_1 : Operation 108 [1/1] (0.00ns)   --->   "%closest_pixel_V_437_0160_reload_read = read i16 @_ssdm_op_Read.ap_auto.i16, i16 %closest_pixel_V_437_0160_reload"   --->   Operation 108 'read' 'closest_pixel_V_437_0160_reload_read' <Predicate = true> <Delay = 0.00>
ST_1 : Operation 109 [1/1] (0.00ns)   --->   "%closest_pixel_V_436_0158_reload_read = read i16 @_ssdm_op_Read.ap_auto.i16, i16 %closest_pixel_V_436_0158_reload"   --->   Operation 109 'read' 'closest_pixel_V_436_0158_reload_read' <Predicate = true> <Delay = 0.00>
ST_1 : Operation 110 [1/1] (0.00ns)   --->   "%closest_pixel_V_435_0156_reload_read = read i16 @_ssdm_op_Read.ap_auto.i16, i16 %closest_pixel_V_435_0156_reload"   --->   Operation 110 'read' 'closest_pixel_V_435_0156_reload_read' <Predicate = true> <Delay = 0.00>
ST_1 : Operation 111 [1/1] (0.00ns)   --->   "%closest_pixel_V_434_0154_reload_read = read i16 @_ssdm_op_Read.ap_auto.i16, i16 %closest_pixel_V_434_0154_reload"   --->   Operation 111 'read' 'closest_pixel_V_434_0154_reload_read' <Predicate = true> <Delay = 0.00>
ST_1 : Operation 112 [1/1] (0.00ns)   --->   "%closest_pixel_V_433_0152_reload_read = read i16 @_ssdm_op_Read.ap_auto.i16, i16 %closest_pixel_V_433_0152_reload"   --->   Operation 112 'read' 'closest_pixel_V_433_0152_reload_read' <Predicate = true> <Delay = 0.00>
ST_1 : Operation 113 [1/1] (0.00ns)   --->   "%closest_pixel_V_432_0150_reload_read = read i16 @_ssdm_op_Read.ap_auto.i16, i16 %closest_pixel_V_432_0150_reload"   --->   Operation 113 'read' 'closest_pixel_V_432_0150_reload_read' <Predicate = true> <Delay = 0.00>
ST_1 : Operation 114 [1/1] (0.00ns)   --->   "%closest_pixel_V_431_0148_reload_read = read i16 @_ssdm_op_Read.ap_auto.i16, i16 %closest_pixel_V_431_0148_reload"   --->   Operation 114 'read' 'closest_pixel_V_431_0148_reload_read' <Predicate = true> <Delay = 0.00>
ST_1 : Operation 115 [1/1] (0.00ns)   --->   "%closest_pixel_V_430_0146_reload_read = read i16 @_ssdm_op_Read.ap_auto.i16, i16 %closest_pixel_V_430_0146_reload"   --->   Operation 115 'read' 'closest_pixel_V_430_0146_reload_read' <Predicate = true> <Delay = 0.00>
ST_1 : Operation 116 [1/1] (0.00ns)   --->   "%closest_pixel_V_429_0144_reload_read = read i16 @_ssdm_op_Read.ap_auto.i16, i16 %closest_pixel_V_429_0144_reload"   --->   Operation 116 'read' 'closest_pixel_V_429_0144_reload_read' <Predicate = true> <Delay = 0.00>
ST_1 : Operation 117 [1/1] (0.00ns)   --->   "%closest_pixel_V_428_0142_reload_read = read i16 @_ssdm_op_Read.ap_auto.i16, i16 %closest_pixel_V_428_0142_reload"   --->   Operation 117 'read' 'closest_pixel_V_428_0142_reload_read' <Predicate = true> <Delay = 0.00>
ST_1 : Operation 118 [1/1] (0.00ns)   --->   "%closest_pixel_V_427_0140_reload_read = read i16 @_ssdm_op_Read.ap_auto.i16, i16 %closest_pixel_V_427_0140_reload"   --->   Operation 118 'read' 'closest_pixel_V_427_0140_reload_read' <Predicate = true> <Delay = 0.00>
ST_1 : Operation 119 [1/1] (0.00ns)   --->   "%closest_pixel_V_426_0138_reload_read = read i16 @_ssdm_op_Read.ap_auto.i16, i16 %closest_pixel_V_426_0138_reload"   --->   Operation 119 'read' 'closest_pixel_V_426_0138_reload_read' <Predicate = true> <Delay = 0.00>
ST_1 : Operation 120 [1/1] (0.00ns)   --->   "%closest_pixel_V_425_0136_reload_read = read i16 @_ssdm_op_Read.ap_auto.i16, i16 %closest_pixel_V_425_0136_reload"   --->   Operation 120 'read' 'closest_pixel_V_425_0136_reload_read' <Predicate = true> <Delay = 0.00>
ST_1 : Operation 121 [1/1] (0.00ns)   --->   "%closest_pixel_V_424_0134_reload_read = read i16 @_ssdm_op_Read.ap_auto.i16, i16 %closest_pixel_V_424_0134_reload"   --->   Operation 121 'read' 'closest_pixel_V_424_0134_reload_read' <Predicate = true> <Delay = 0.00>
ST_1 : Operation 122 [1/1] (0.00ns)   --->   "%closest_pixel_V_423_0132_reload_read = read i16 @_ssdm_op_Read.ap_auto.i16, i16 %closest_pixel_V_423_0132_reload"   --->   Operation 122 'read' 'closest_pixel_V_423_0132_reload_read' <Predicate = true> <Delay = 0.00>
ST_1 : Operation 123 [1/1] (0.00ns)   --->   "%closest_pixel_V_422_0130_reload_read = read i16 @_ssdm_op_Read.ap_auto.i16, i16 %closest_pixel_V_422_0130_reload"   --->   Operation 123 'read' 'closest_pixel_V_422_0130_reload_read' <Predicate = true> <Delay = 0.00>
ST_1 : Operation 124 [1/1] (0.00ns)   --->   "%closest_pixel_V_421_0128_reload_read = read i16 @_ssdm_op_Read.ap_auto.i16, i16 %closest_pixel_V_421_0128_reload"   --->   Operation 124 'read' 'closest_pixel_V_421_0128_reload_read' <Predicate = true> <Delay = 0.00>
ST_1 : Operation 125 [1/1] (0.00ns)   --->   "%closest_pixel_V_420_0126_reload_read = read i16 @_ssdm_op_Read.ap_auto.i16, i16 %closest_pixel_V_420_0126_reload"   --->   Operation 125 'read' 'closest_pixel_V_420_0126_reload_read' <Predicate = true> <Delay = 0.00>
ST_1 : Operation 126 [1/1] (0.00ns)   --->   "%closest_pixel_V_419_0124_reload_read = read i16 @_ssdm_op_Read.ap_auto.i16, i16 %closest_pixel_V_419_0124_reload"   --->   Operation 126 'read' 'closest_pixel_V_419_0124_reload_read' <Predicate = true> <Delay = 0.00>
ST_1 : Operation 127 [1/1] (0.00ns)   --->   "%closest_pixel_V_418_0122_reload_read = read i16 @_ssdm_op_Read.ap_auto.i16, i16 %closest_pixel_V_418_0122_reload"   --->   Operation 127 'read' 'closest_pixel_V_418_0122_reload_read' <Predicate = true> <Delay = 0.00>
ST_1 : Operation 128 [1/1] (0.00ns)   --->   "%closest_pixel_V_417_0120_reload_read = read i16 @_ssdm_op_Read.ap_auto.i16, i16 %closest_pixel_V_417_0120_reload"   --->   Operation 128 'read' 'closest_pixel_V_417_0120_reload_read' <Predicate = true> <Delay = 0.00>
ST_1 : Operation 129 [1/1] (0.00ns)   --->   "%closest_pixel_V_416_0118_reload_read = read i16 @_ssdm_op_Read.ap_auto.i16, i16 %closest_pixel_V_416_0118_reload"   --->   Operation 129 'read' 'closest_pixel_V_416_0118_reload_read' <Predicate = true> <Delay = 0.00>
ST_1 : Operation 130 [1/1] (0.00ns)   --->   "%closest_pixel_V_415_0116_reload_read = read i16 @_ssdm_op_Read.ap_auto.i16, i16 %closest_pixel_V_415_0116_reload"   --->   Operation 130 'read' 'closest_pixel_V_415_0116_reload_read' <Predicate = true> <Delay = 0.00>
ST_1 : Operation 131 [1/1] (0.00ns)   --->   "%closest_pixel_V_414_0114_reload_read = read i16 @_ssdm_op_Read.ap_auto.i16, i16 %closest_pixel_V_414_0114_reload"   --->   Operation 131 'read' 'closest_pixel_V_414_0114_reload_read' <Predicate = true> <Delay = 0.00>
ST_1 : Operation 132 [1/1] (0.00ns)   --->   "%closest_pixel_V_413_0112_reload_read = read i16 @_ssdm_op_Read.ap_auto.i16, i16 %closest_pixel_V_413_0112_reload"   --->   Operation 132 'read' 'closest_pixel_V_413_0112_reload_read' <Predicate = true> <Delay = 0.00>
ST_1 : Operation 133 [1/1] (0.00ns)   --->   "%closest_pixel_V_412_0110_reload_read = read i16 @_ssdm_op_Read.ap_auto.i16, i16 %closest_pixel_V_412_0110_reload"   --->   Operation 133 'read' 'closest_pixel_V_412_0110_reload_read' <Predicate = true> <Delay = 0.00>
ST_1 : Operation 134 [1/1] (0.00ns)   --->   "%closest_pixel_V_411_0108_reload_read = read i16 @_ssdm_op_Read.ap_auto.i16, i16 %closest_pixel_V_411_0108_reload"   --->   Operation 134 'read' 'closest_pixel_V_411_0108_reload_read' <Predicate = true> <Delay = 0.00>
ST_1 : Operation 135 [1/1] (0.00ns)   --->   "%closest_pixel_V_410_0106_reload_read = read i16 @_ssdm_op_Read.ap_auto.i16, i16 %closest_pixel_V_410_0106_reload"   --->   Operation 135 'read' 'closest_pixel_V_410_0106_reload_read' <Predicate = true> <Delay = 0.00>
ST_1 : Operation 136 [1/1] (0.00ns)   --->   "%closest_pixel_V_409_0104_reload_read = read i16 @_ssdm_op_Read.ap_auto.i16, i16 %closest_pixel_V_409_0104_reload"   --->   Operation 136 'read' 'closest_pixel_V_409_0104_reload_read' <Predicate = true> <Delay = 0.00>
ST_1 : Operation 137 [1/1] (0.00ns)   --->   "%closest_pixel_V_408_0102_reload_read = read i16 @_ssdm_op_Read.ap_auto.i16, i16 %closest_pixel_V_408_0102_reload"   --->   Operation 137 'read' 'closest_pixel_V_408_0102_reload_read' <Predicate = true> <Delay = 0.00>
ST_1 : Operation 138 [1/1] (0.00ns)   --->   "%closest_pixel_V_407_0100_reload_read = read i16 @_ssdm_op_Read.ap_auto.i16, i16 %closest_pixel_V_407_0100_reload"   --->   Operation 138 'read' 'closest_pixel_V_407_0100_reload_read' <Predicate = true> <Delay = 0.00>
ST_1 : Operation 139 [1/1] (0.00ns)   --->   "%closest_pixel_V_406_098_reload_read = read i16 @_ssdm_op_Read.ap_auto.i16, i16 %closest_pixel_V_406_098_reload"   --->   Operation 139 'read' 'closest_pixel_V_406_098_reload_read' <Predicate = true> <Delay = 0.00>
ST_1 : Operation 140 [1/1] (0.00ns)   --->   "%closest_pixel_V_405_096_reload_read = read i16 @_ssdm_op_Read.ap_auto.i16, i16 %closest_pixel_V_405_096_reload"   --->   Operation 140 'read' 'closest_pixel_V_405_096_reload_read' <Predicate = true> <Delay = 0.00>
ST_1 : Operation 141 [1/1] (0.00ns)   --->   "%closest_pixel_V_404_094_reload_read = read i16 @_ssdm_op_Read.ap_auto.i16, i16 %closest_pixel_V_404_094_reload"   --->   Operation 141 'read' 'closest_pixel_V_404_094_reload_read' <Predicate = true> <Delay = 0.00>
ST_1 : Operation 142 [1/1] (0.00ns)   --->   "%closest_pixel_V_403_092_reload_read = read i16 @_ssdm_op_Read.ap_auto.i16, i16 %closest_pixel_V_403_092_reload"   --->   Operation 142 'read' 'closest_pixel_V_403_092_reload_read' <Predicate = true> <Delay = 0.00>
ST_1 : Operation 143 [1/1] (0.00ns)   --->   "%closest_pixel_V_402_090_reload_read = read i16 @_ssdm_op_Read.ap_auto.i16, i16 %closest_pixel_V_402_090_reload"   --->   Operation 143 'read' 'closest_pixel_V_402_090_reload_read' <Predicate = true> <Delay = 0.00>
ST_1 : Operation 144 [1/1] (0.00ns)   --->   "%closest_pixel_V_401_088_reload_read = read i16 @_ssdm_op_Read.ap_auto.i16, i16 %closest_pixel_V_401_088_reload"   --->   Operation 144 'read' 'closest_pixel_V_401_088_reload_read' <Predicate = true> <Delay = 0.00>
ST_1 : Operation 145 [1/1] (0.00ns)   --->   "%closest_pixel_V_400_086_reload_read = read i16 @_ssdm_op_Read.ap_auto.i16, i16 %closest_pixel_V_400_086_reload"   --->   Operation 145 'read' 'closest_pixel_V_400_086_reload_read' <Predicate = true> <Delay = 0.00>
ST_1 : Operation 146 [1/1] (0.00ns)   --->   "%closest_pixel_V_399_084_reload_read = read i16 @_ssdm_op_Read.ap_auto.i16, i16 %closest_pixel_V_399_084_reload"   --->   Operation 146 'read' 'closest_pixel_V_399_084_reload_read' <Predicate = true> <Delay = 0.00>
ST_1 : Operation 147 [1/1] (0.00ns)   --->   "%closest_pixel_V_398_082_reload_read = read i16 @_ssdm_op_Read.ap_auto.i16, i16 %closest_pixel_V_398_082_reload"   --->   Operation 147 'read' 'closest_pixel_V_398_082_reload_read' <Predicate = true> <Delay = 0.00>
ST_1 : Operation 148 [1/1] (0.00ns)   --->   "%closest_pixel_V_397_080_reload_read = read i16 @_ssdm_op_Read.ap_auto.i16, i16 %closest_pixel_V_397_080_reload"   --->   Operation 148 'read' 'closest_pixel_V_397_080_reload_read' <Predicate = true> <Delay = 0.00>
ST_1 : Operation 149 [1/1] (0.00ns)   --->   "%closest_pixel_V_396_078_reload_read = read i16 @_ssdm_op_Read.ap_auto.i16, i16 %closest_pixel_V_396_078_reload"   --->   Operation 149 'read' 'closest_pixel_V_396_078_reload_read' <Predicate = true> <Delay = 0.00>
ST_1 : Operation 150 [1/1] (0.00ns)   --->   "%closest_pixel_V_395_076_reload_read = read i16 @_ssdm_op_Read.ap_auto.i16, i16 %closest_pixel_V_395_076_reload"   --->   Operation 150 'read' 'closest_pixel_V_395_076_reload_read' <Predicate = true> <Delay = 0.00>
ST_1 : Operation 151 [1/1] (0.00ns)   --->   "%closest_pixel_V_394_074_reload_read = read i16 @_ssdm_op_Read.ap_auto.i16, i16 %closest_pixel_V_394_074_reload"   --->   Operation 151 'read' 'closest_pixel_V_394_074_reload_read' <Predicate = true> <Delay = 0.00>
ST_1 : Operation 152 [1/1] (0.00ns)   --->   "%closest_pixel_V_393_072_reload_read = read i16 @_ssdm_op_Read.ap_auto.i16, i16 %closest_pixel_V_393_072_reload"   --->   Operation 152 'read' 'closest_pixel_V_393_072_reload_read' <Predicate = true> <Delay = 0.00>
ST_1 : Operation 153 [1/1] (0.00ns)   --->   "%closest_pixel_V_392_070_reload_read = read i16 @_ssdm_op_Read.ap_auto.i16, i16 %closest_pixel_V_392_070_reload"   --->   Operation 153 'read' 'closest_pixel_V_392_070_reload_read' <Predicate = true> <Delay = 0.00>
ST_1 : Operation 154 [1/1] (0.00ns)   --->   "%closest_pixel_V_391_068_reload_read = read i16 @_ssdm_op_Read.ap_auto.i16, i16 %closest_pixel_V_391_068_reload"   --->   Operation 154 'read' 'closest_pixel_V_391_068_reload_read' <Predicate = true> <Delay = 0.00>
ST_1 : Operation 155 [1/1] (0.00ns)   --->   "%closest_pixel_V_390_066_reload_read = read i16 @_ssdm_op_Read.ap_auto.i16, i16 %closest_pixel_V_390_066_reload"   --->   Operation 155 'read' 'closest_pixel_V_390_066_reload_read' <Predicate = true> <Delay = 0.00>
ST_1 : Operation 156 [1/1] (0.00ns)   --->   "%closest_pixel_V_389_064_reload_read = read i16 @_ssdm_op_Read.ap_auto.i16, i16 %closest_pixel_V_389_064_reload"   --->   Operation 156 'read' 'closest_pixel_V_389_064_reload_read' <Predicate = true> <Delay = 0.00>
ST_1 : Operation 157 [1/1] (0.00ns)   --->   "%closest_pixel_V_388_062_reload_read = read i16 @_ssdm_op_Read.ap_auto.i16, i16 %closest_pixel_V_388_062_reload"   --->   Operation 157 'read' 'closest_pixel_V_388_062_reload_read' <Predicate = true> <Delay = 0.00>
ST_1 : Operation 158 [1/1] (0.00ns)   --->   "%closest_pixel_V_387_060_reload_read = read i16 @_ssdm_op_Read.ap_auto.i16, i16 %closest_pixel_V_387_060_reload"   --->   Operation 158 'read' 'closest_pixel_V_387_060_reload_read' <Predicate = true> <Delay = 0.00>
ST_1 : Operation 159 [1/1] (0.00ns)   --->   "%closest_pixel_V_386_058_reload_read = read i16 @_ssdm_op_Read.ap_auto.i16, i16 %closest_pixel_V_386_058_reload"   --->   Operation 159 'read' 'closest_pixel_V_386_058_reload_read' <Predicate = true> <Delay = 0.00>
ST_1 : Operation 160 [1/1] (0.00ns)   --->   "%closest_pixel_V_385_056_reload_read = read i16 @_ssdm_op_Read.ap_auto.i16, i16 %closest_pixel_V_385_056_reload"   --->   Operation 160 'read' 'closest_pixel_V_385_056_reload_read' <Predicate = true> <Delay = 0.00>
ST_1 : Operation 161 [1/1] (0.00ns)   --->   "%closest_pixel_V_384_054_reload_read = read i16 @_ssdm_op_Read.ap_auto.i16, i16 %closest_pixel_V_384_054_reload"   --->   Operation 161 'read' 'closest_pixel_V_384_054_reload_read' <Predicate = true> <Delay = 0.00>
ST_1 : Operation 162 [1/1] (0.00ns)   --->   "%closest_pixel_V_383_052_reload_read = read i16 @_ssdm_op_Read.ap_auto.i16, i16 %closest_pixel_V_383_052_reload"   --->   Operation 162 'read' 'closest_pixel_V_383_052_reload_read' <Predicate = true> <Delay = 0.00>
ST_1 : Operation 163 [1/1] (0.00ns)   --->   "%closest_pixel_V_382_050_reload_read = read i16 @_ssdm_op_Read.ap_auto.i16, i16 %closest_pixel_V_382_050_reload"   --->   Operation 163 'read' 'closest_pixel_V_382_050_reload_read' <Predicate = true> <Delay = 0.00>
ST_1 : Operation 164 [1/1] (0.00ns)   --->   "%closest_pixel_V_381_048_reload_read = read i16 @_ssdm_op_Read.ap_auto.i16, i16 %closest_pixel_V_381_048_reload"   --->   Operation 164 'read' 'closest_pixel_V_381_048_reload_read' <Predicate = true> <Delay = 0.00>
ST_1 : Operation 165 [1/1] (0.00ns)   --->   "%closest_pixel_V_380_046_reload_read = read i16 @_ssdm_op_Read.ap_auto.i16, i16 %closest_pixel_V_380_046_reload"   --->   Operation 165 'read' 'closest_pixel_V_380_046_reload_read' <Predicate = true> <Delay = 0.00>
ST_1 : Operation 166 [1/1] (0.00ns)   --->   "%closest_pixel_V_379_044_reload_read = read i16 @_ssdm_op_Read.ap_auto.i16, i16 %closest_pixel_V_379_044_reload"   --->   Operation 166 'read' 'closest_pixel_V_379_044_reload_read' <Predicate = true> <Delay = 0.00>
ST_1 : Operation 167 [1/1] (0.00ns)   --->   "%closest_pixel_V_378_042_reload_read = read i16 @_ssdm_op_Read.ap_auto.i16, i16 %closest_pixel_V_378_042_reload"   --->   Operation 167 'read' 'closest_pixel_V_378_042_reload_read' <Predicate = true> <Delay = 0.00>
ST_1 : Operation 168 [1/1] (0.00ns)   --->   "%closest_pixel_V_377_040_reload_read = read i16 @_ssdm_op_Read.ap_auto.i16, i16 %closest_pixel_V_377_040_reload"   --->   Operation 168 'read' 'closest_pixel_V_377_040_reload_read' <Predicate = true> <Delay = 0.00>
ST_1 : Operation 169 [1/1] (0.00ns)   --->   "%closest_pixel_V_376_038_reload_read = read i16 @_ssdm_op_Read.ap_auto.i16, i16 %closest_pixel_V_376_038_reload"   --->   Operation 169 'read' 'closest_pixel_V_376_038_reload_read' <Predicate = true> <Delay = 0.00>
ST_1 : Operation 170 [1/1] (0.00ns)   --->   "%closest_pixel_V_375_036_reload_read = read i16 @_ssdm_op_Read.ap_auto.i16, i16 %closest_pixel_V_375_036_reload"   --->   Operation 170 'read' 'closest_pixel_V_375_036_reload_read' <Predicate = true> <Delay = 0.00>
ST_1 : Operation 171 [1/1] (0.00ns)   --->   "%closest_pixel_V_374_034_reload_read = read i16 @_ssdm_op_Read.ap_auto.i16, i16 %closest_pixel_V_374_034_reload"   --->   Operation 171 'read' 'closest_pixel_V_374_034_reload_read' <Predicate = true> <Delay = 0.00>
ST_1 : Operation 172 [1/1] (0.00ns)   --->   "%closest_pixel_V_373_032_reload_read = read i16 @_ssdm_op_Read.ap_auto.i16, i16 %closest_pixel_V_373_032_reload"   --->   Operation 172 'read' 'closest_pixel_V_373_032_reload_read' <Predicate = true> <Delay = 0.00>
ST_1 : Operation 173 [1/1] (0.00ns)   --->   "%closest_pixel_V_372_030_reload_read = read i16 @_ssdm_op_Read.ap_auto.i16, i16 %closest_pixel_V_372_030_reload"   --->   Operation 173 'read' 'closest_pixel_V_372_030_reload_read' <Predicate = true> <Delay = 0.00>
ST_1 : Operation 174 [1/1] (0.00ns)   --->   "%closest_pixel_V_371_028_reload_read = read i16 @_ssdm_op_Read.ap_auto.i16, i16 %closest_pixel_V_371_028_reload"   --->   Operation 174 'read' 'closest_pixel_V_371_028_reload_read' <Predicate = true> <Delay = 0.00>
ST_1 : Operation 175 [1/1] (0.00ns)   --->   "%closest_pixel_V_370_026_reload_read = read i16 @_ssdm_op_Read.ap_auto.i16, i16 %closest_pixel_V_370_026_reload"   --->   Operation 175 'read' 'closest_pixel_V_370_026_reload_read' <Predicate = true> <Delay = 0.00>
ST_1 : Operation 176 [1/1] (0.00ns)   --->   "%closest_pixel_V_369_024_reload_read = read i16 @_ssdm_op_Read.ap_auto.i16, i16 %closest_pixel_V_369_024_reload"   --->   Operation 176 'read' 'closest_pixel_V_369_024_reload_read' <Predicate = true> <Delay = 0.00>
ST_1 : Operation 177 [1/1] (0.00ns)   --->   "%closest_pixel_V_368_022_reload_read = read i16 @_ssdm_op_Read.ap_auto.i16, i16 %closest_pixel_V_368_022_reload"   --->   Operation 177 'read' 'closest_pixel_V_368_022_reload_read' <Predicate = true> <Delay = 0.00>
ST_1 : Operation 178 [1/1] (0.00ns)   --->   "%closest_pixel_V_367_020_reload_read = read i16 @_ssdm_op_Read.ap_auto.i16, i16 %closest_pixel_V_367_020_reload"   --->   Operation 178 'read' 'closest_pixel_V_367_020_reload_read' <Predicate = true> <Delay = 0.00>
ST_1 : Operation 179 [1/1] (0.00ns)   --->   "%closest_pixel_V_366_018_reload_read = read i16 @_ssdm_op_Read.ap_auto.i16, i16 %closest_pixel_V_366_018_reload"   --->   Operation 179 'read' 'closest_pixel_V_366_018_reload_read' <Predicate = true> <Delay = 0.00>
ST_1 : Operation 180 [1/1] (0.00ns)   --->   "%closest_pixel_V_365_016_reload_read = read i16 @_ssdm_op_Read.ap_auto.i16, i16 %closest_pixel_V_365_016_reload"   --->   Operation 180 'read' 'closest_pixel_V_365_016_reload_read' <Predicate = true> <Delay = 0.00>
ST_1 : Operation 181 [1/1] (0.00ns)   --->   "%closest_pixel_V_364_014_reload_read = read i16 @_ssdm_op_Read.ap_auto.i16, i16 %closest_pixel_V_364_014_reload"   --->   Operation 181 'read' 'closest_pixel_V_364_014_reload_read' <Predicate = true> <Delay = 0.00>
ST_1 : Operation 182 [1/1] (0.00ns)   --->   "%closest_pixel_V_363_012_reload_read = read i16 @_ssdm_op_Read.ap_auto.i16, i16 %closest_pixel_V_363_012_reload"   --->   Operation 182 'read' 'closest_pixel_V_363_012_reload_read' <Predicate = true> <Delay = 0.00>
ST_1 : Operation 183 [1/1] (0.00ns)   --->   "%closest_pixel_V_362_010_reload_read = read i16 @_ssdm_op_Read.ap_auto.i16, i16 %closest_pixel_V_362_010_reload"   --->   Operation 183 'read' 'closest_pixel_V_362_010_reload_read' <Predicate = true> <Delay = 0.00>
ST_1 : Operation 184 [1/1] (0.00ns)   --->   "%closest_pixel_V_361_08_reload_read = read i16 @_ssdm_op_Read.ap_auto.i16, i16 %closest_pixel_V_361_08_reload"   --->   Operation 184 'read' 'closest_pixel_V_361_08_reload_read' <Predicate = true> <Delay = 0.00>
ST_1 : Operation 185 [1/1] (0.00ns)   --->   "%closest_pixel_V_360_06_reload_read = read i16 @_ssdm_op_Read.ap_auto.i16, i16 %closest_pixel_V_360_06_reload"   --->   Operation 185 'read' 'closest_pixel_V_360_06_reload_read' <Predicate = true> <Delay = 0.00>
ST_1 : Operation 186 [1/1] (0.00ns)   --->   "%closest_pixel_V_359_04_reload_read = read i16 @_ssdm_op_Read.ap_auto.i16, i16 %closest_pixel_V_359_04_reload"   --->   Operation 186 'read' 'closest_pixel_V_359_04_reload_read' <Predicate = true> <Delay = 0.00>
ST_1 : Operation 187 [1/1] (0.48ns)   --->   "%store_ln0 = store i8 0, i8 %i"   --->   Operation 187 'store' 'store_ln0' <Predicate = true> <Delay = 0.48>
ST_1 : Operation 188 [1/1] (0.00ns)   --->   "%br_ln0 = br void %for.inc99"   --->   Operation 188 'br' 'br_ln0' <Predicate = true> <Delay = 0.00>
ST_1 : Operation 189 [1/1] (0.00ns)   --->   "%i_1 = load i8 %i" [../Archivos_Fuente/Hyperspectral/DataFlow_2/hyperspectral_accel.cpp:85]   --->   Operation 189 'load' 'i_1' <Predicate = true> <Delay = 0.00>
ST_1 : Operation 190 [1/1] (0.85ns)   --->   "%icmp_ln85 = icmp_ult  i8 %i_1, i8 180" [../Archivos_Fuente/Hyperspectral/DataFlow_2/hyperspectral_accel.cpp:85]   --->   Operation 190 'icmp' 'icmp_ln85' <Predicate = true> <Delay = 0.85> <CoreInst = "Cmp">   --->   Core 9 'Cmp' <Latency = 0> <II = 1> <Delay = 0.85> <FuncUnit> <Opcode : 'icmp'> <InPorts = 2> <OutPorts = 1>
ST_1 : Operation 191 [1/1] (0.00ns)   --->   "%empty = speclooptripcount i32 @_ssdm_op_SpecLoopTripCount, i64 90, i64 90, i64 90"   --->   Operation 191 'speclooptripcount' 'empty' <Predicate = true> <Delay = 0.00>
ST_1 : Operation 192 [1/1] (0.00ns)   --->   "%br_ln85 = br i1 %icmp_ln85, void %for.end101.exitStub, void %for.inc99.split" [../Archivos_Fuente/Hyperspectral/DataFlow_2/hyperspectral_accel.cpp:85]   --->   Operation 192 'br' 'br_ln85' <Predicate = true> <Delay = 0.00>
ST_1 : Operation 193 [1/1] (1.50ns)   --->   "%tmp_s = mux i16 @_ssdm_op_Mux.ap_auto.179i16.i8, i16 %closest_pixel_V_359_04_reload_read, i16 0, i16 %closest_pixel_V_360_06_reload_read, i16 0, i16 %closest_pixel_V_361_08_reload_read, i16 0, i16 %closest_pixel_V_362_010_reload_read, i16 0, i16 %closest_pixel_V_363_012_reload_read, i16 0, i16 %closest_pixel_V_364_014_reload_read, i16 0, i16 %closest_pixel_V_365_016_reload_read, i16 0, i16 %closest_pixel_V_366_018_reload_read, i16 0, i16 %closest_pixel_V_367_020_reload_read, i16 0, i16 %closest_pixel_V_368_022_reload_read, i16 0, i16 %closest_pixel_V_369_024_reload_read, i16 0, i16 %closest_pixel_V_370_026_reload_read, i16 0, i16 %closest_pixel_V_371_028_reload_read, i16 0, i16 %closest_pixel_V_372_030_reload_read, i16 0, i16 %closest_pixel_V_373_032_reload_read, i16 0, i16 %closest_pixel_V_374_034_reload_read, i16 0, i16 %closest_pixel_V_375_036_reload_read, i16 0, i16 %closest_pixel_V_376_038_reload_read, i16 0, i16 %closest_pixel_V_377_040_reload_read, i16 0, i16 %closest_pixel_V_378_042_reload_read, i16 0, i16 %closest_pixel_V_379_044_reload_read, i16 0, i16 %closest_pixel_V_380_046_reload_read, i16 0, i16 %closest_pixel_V_381_048_reload_read, i16 0, i16 %closest_pixel_V_382_050_reload_read, i16 0, i16 %closest_pixel_V_383_052_reload_read, i16 0, i16 %closest_pixel_V_384_054_reload_read, i16 0, i16 %closest_pixel_V_385_056_reload_read, i16 0, i16 %closest_pixel_V_386_058_reload_read, i16 0, i16 %closest_pixel_V_387_060_reload_read, i16 0, i16 %closest_pixel_V_388_062_reload_read, i16 0, i16 %closest_pixel_V_389_064_reload_read, i16 0, i16 %closest_pixel_V_390_066_reload_read, i16 0, i16 %closest_pixel_V_391_068_reload_read, i16 0, i16 %closest_pixel_V_392_070_reload_read, i16 0, i16 %closest_pixel_V_393_072_reload_read, i16 0, i16 %closest_pixel_V_394_074_reload_read, i16 0, i16 %closest_pixel_V_395_076_reload_read, i16 0, i16 %closest_pixel_V_396_078_reload_read, i16 0, i16 %closest_pixel_V_397_080_reload_read, i16 0, i16 %closest_pixel_V_398_082_reload_read, i16 0, i16 %closest_pixel_V_399_084_reload_read, i16 0, i16 %closest_pixel_V_400_086_reload_read, i16 0, i16 %closest_pixel_V_401_088_reload_read, i16 0, i16 %closest_pixel_V_402_090_reload_read, i16 0, i16 %closest_pixel_V_403_092_reload_read, i16 0, i16 %closest_pixel_V_404_094_reload_read, i16 0, i16 %closest_pixel_V_405_096_reload_read, i16 0, i16 %closest_pixel_V_406_098_reload_read, i16 0, i16 %closest_pixel_V_407_0100_reload_read, i16 0, i16 %closest_pixel_V_408_0102_reload_read, i16 0, i16 %closest_pixel_V_409_0104_reload_read, i16 0, i16 %closest_pixel_V_410_0106_reload_read, i16 0, i16 %closest_pixel_V_411_0108_reload_read, i16 0, i16 %closest_pixel_V_412_0110_reload_read, i16 0, i16 %closest_pixel_V_413_0112_reload_read, i16 0, i16 %closest_pixel_V_414_0114_reload_read, i16 0, i16 %closest_pixel_V_415_0116_reload_read, i16 0, i16 %closest_pixel_V_416_0118_reload_read, i16 0, i16 %closest_pixel_V_417_0120_reload_read, i16 0, i16 %closest_pixel_V_418_0122_reload_read, i16 0, i16 %closest_pixel_V_419_0124_reload_read, i16 0, i16 %closest_pixel_V_420_0126_reload_read, i16 0, i16 %closest_pixel_V_421_0128_reload_read, i16 0, i16 %closest_pixel_V_422_0130_reload_read, i16 0, i16 %closest_pixel_V_423_0132_reload_read, i16 0, i16 %closest_pixel_V_424_0134_reload_read, i16 0, i16 %closest_pixel_V_425_0136_reload_read, i16 0, i16 %closest_pixel_V_426_0138_reload_read, i16 0, i16 %closest_pixel_V_427_0140_reload_read, i16 0, i16 %closest_pixel_V_428_0142_reload_read, i16 0, i16 %closest_pixel_V_429_0144_reload_read, i16 0, i16 %closest_pixel_V_430_0146_reload_read, i16 0, i16 %closest_pixel_V_431_0148_reload_read, i16 0, i16 %closest_pixel_V_432_0150_reload_read, i16 0, i16 %closest_pixel_V_433_0152_reload_read, i16 0, i16 %closest_pixel_V_434_0154_reload_read, i16 0, i16 %closest_pixel_V_435_0156_reload_read, i16 0, i16 %closest_pixel_V_436_0158_reload_read, i16 0, i16 %closest_pixel_V_437_0160_reload_read, i16 0, i16 %closest_pixel_V_438_0162_reload_read, i16 0, i16 %closest_pixel_V_439_0164_reload_read, i16 0, i16 %closest_pixel_V_440_0166_reload_read, i16 0, i16 %closest_pixel_V_441_0168_reload_read, i16 0, i16 %closest_pixel_V_442_0170_reload_read, i16 0, i16 %closest_pixel_V_443_0172_reload_read, i16 0, i16 %closest_pixel_V_444_0174_reload_read, i16 0, i16 %closest_pixel_V_445_0176_reload_read, i16 0, i16 %closest_pixel_V_446_0178_reload_read, i16 0, i16 %closest_pixel_V_447_0180_reload_read, i16 0, i16 %closest_pixel_V_448_0182_reload_read, i8 %i_1"   --->   Operation 193 'mux' 'tmp_s' <Predicate = (icmp_ln85)> <Delay = 1.50> <CoreInst = "Multiplexer">   --->   Core 76 'Multiplexer' <Latency = 0> <II = 1> <Delay = 1.50> <FuncUnit> <Opcode : 'mux'> <InPorts = 2> <OutPorts = 1>
ST_1 : Operation 194 [1/1] (1.50ns)   --->   "%tmp_27 = mux i16 @_ssdm_op_Mux.ap_auto.179i16.i8, i16 %closest_pixel_V_449_05_reload_read, i16 0, i16 %closest_pixel_V_450_07_reload_read, i16 0, i16 %closest_pixel_V_451_09_reload_read, i16 0, i16 %closest_pixel_V_452_011_reload_read, i16 0, i16 %closest_pixel_V_453_013_reload_read, i16 0, i16 %closest_pixel_V_454_015_reload_read, i16 0, i16 %closest_pixel_V_455_017_reload_read, i16 0, i16 %closest_pixel_V_456_019_reload_read, i16 0, i16 %closest_pixel_V_457_021_reload_read, i16 0, i16 %closest_pixel_V_458_023_reload_read, i16 0, i16 %closest_pixel_V_459_025_reload_read, i16 0, i16 %closest_pixel_V_460_027_reload_read, i16 0, i16 %closest_pixel_V_461_029_reload_read, i16 0, i16 %closest_pixel_V_462_031_reload_read, i16 0, i16 %closest_pixel_V_463_033_reload_read, i16 0, i16 %closest_pixel_V_464_035_reload_read, i16 0, i16 %closest_pixel_V_465_037_reload_read, i16 0, i16 %closest_pixel_V_466_039_reload_read, i16 0, i16 %closest_pixel_V_467_041_reload_read, i16 0, i16 %closest_pixel_V_468_043_reload_read, i16 0, i16 %closest_pixel_V_469_045_reload_read, i16 0, i16 %closest_pixel_V_470_047_reload_read, i16 0, i16 %closest_pixel_V_471_049_reload_read, i16 0, i16 %closest_pixel_V_472_051_reload_read, i16 0, i16 %closest_pixel_V_473_053_reload_read, i16 0, i16 %closest_pixel_V_474_055_reload_read, i16 0, i16 %closest_pixel_V_475_057_reload_read, i16 0, i16 %closest_pixel_V_476_059_reload_read, i16 0, i16 %closest_pixel_V_477_061_reload_read, i16 0, i16 %closest_pixel_V_478_063_reload_read, i16 0, i16 %closest_pixel_V_479_065_reload_read, i16 0, i16 %closest_pixel_V_480_067_reload_read, i16 0, i16 %closest_pixel_V_481_069_reload_read, i16 0, i16 %closest_pixel_V_482_071_reload_read, i16 0, i16 %closest_pixel_V_483_073_reload_read, i16 0, i16 %closest_pixel_V_484_075_reload_read, i16 0, i16 %closest_pixel_V_485_077_reload_read, i16 0, i16 %closest_pixel_V_486_079_reload_read, i16 0, i16 %closest_pixel_V_487_081_reload_read, i16 0, i16 %closest_pixel_V_488_083_reload_read, i16 0, i16 %closest_pixel_V_489_085_reload_read, i16 0, i16 %closest_pixel_V_490_087_reload_read, i16 0, i16 %closest_pixel_V_491_089_reload_read, i16 0, i16 %closest_pixel_V_492_091_reload_read, i16 0, i16 %closest_pixel_V_493_093_reload_read, i16 0, i16 %closest_pixel_V_494_095_reload_read, i16 0, i16 %closest_pixel_V_495_097_reload_read, i16 0, i16 %closest_pixel_V_496_099_reload_read, i16 0, i16 %closest_pixel_V_497_0101_reload_read, i16 0, i16 %closest_pixel_V_498_0103_reload_read, i16 0, i16 %closest_pixel_V_499_0105_reload_read, i16 0, i16 %closest_pixel_V_500_0107_reload_read, i16 0, i16 %closest_pixel_V_501_0109_reload_read, i16 0, i16 %closest_pixel_V_502_0111_reload_read, i16 0, i16 %closest_pixel_V_503_0113_reload_read, i16 0, i16 %closest_pixel_V_504_0115_reload_read, i16 0, i16 %closest_pixel_V_505_0117_reload_read, i16 0, i16 %closest_pixel_V_506_0119_reload_read, i16 0, i16 %closest_pixel_V_507_0121_reload_read, i16 0, i16 %closest_pixel_V_508_0123_reload_read, i16 0, i16 %closest_pixel_V_509_0125_reload_read, i16 0, i16 %closest_pixel_V_510_0127_reload_read, i16 0, i16 %closest_pixel_V_511_0129_reload_read, i16 0, i16 %closest_pixel_V_512_0131_reload_read, i16 0, i16 %closest_pixel_V_513_0133_reload_read, i16 0, i16 %closest_pixel_V_514_0135_reload_read, i16 0, i16 %closest_pixel_V_515_0137_reload_read, i16 0, i16 %closest_pixel_V_516_0139_reload_read, i16 0, i16 %closest_pixel_V_517_0141_reload_read, i16 0, i16 %closest_pixel_V_518_0143_reload_read, i16 0, i16 %closest_pixel_V_519_0145_reload_read, i16 0, i16 %closest_pixel_V_520_0147_reload_read, i16 0, i16 %closest_pixel_V_521_0149_reload_read, i16 0, i16 %closest_pixel_V_522_0151_reload_read, i16 0, i16 %closest_pixel_V_523_0153_reload_read, i16 0, i16 %closest_pixel_V_524_0155_reload_read, i16 0, i16 %closest_pixel_V_525_0157_reload_read, i16 0, i16 %closest_pixel_V_526_0159_reload_read, i16 0, i16 %closest_pixel_V_527_0161_reload_read, i16 0, i16 %closest_pixel_V_528_0163_reload_read, i16 0, i16 %closest_pixel_V_529_0165_reload_read, i16 0, i16 %closest_pixel_V_530_0167_reload_read, i16 0, i16 %closest_pixel_V_531_0169_reload_read, i16 0, i16 %closest_pixel_V_532_0171_reload_read, i16 0, i16 %closest_pixel_V_533_0173_reload_read, i16 0, i16 %closest_pixel_V_534_0175_reload_read, i16 0, i16 %closest_pixel_V_535_0177_reload_read, i16 0, i16 %closest_pixel_V_536_0179_reload_read, i16 0, i16 %closest_pixel_V_537_0181_reload_read, i16 0, i16 %closest_pixel_V_538_0183_reload_read, i8 %i_1"   --->   Operation 194 'mux' 'tmp_27' <Predicate = (icmp_ln85)> <Delay = 1.50> <CoreInst = "Multiplexer">   --->   Core 76 'Multiplexer' <Latency = 0> <II = 1> <Delay = 1.50> <FuncUnit> <Opcode : 'mux'> <InPorts = 2> <OutPorts = 1>
ST_1 : Operation 195 [1/1] (0.85ns)   --->   "%e_last_V = icmp_ugt  i8 %i_1, i8 177" [../Archivos_Fuente/Hyperspectral/DataFlow_2/hyperspectral_accel.cpp:95]   --->   Operation 195 'icmp' 'e_last_V' <Predicate = (icmp_ln85)> <Delay = 0.85> <CoreInst = "Cmp">   --->   Core 9 'Cmp' <Latency = 0> <II = 1> <Delay = 0.85> <FuncUnit> <Opcode : 'icmp'> <InPorts = 2> <OutPorts = 1>
ST_1 : Operation 196 [1/1] (0.90ns)   --->   "%add_ln85 = add i8 %i_1, i8 2" [../Archivos_Fuente/Hyperspectral/DataFlow_2/hyperspectral_accel.cpp:85]   --->   Operation 196 'add' 'add_ln85' <Predicate = (icmp_ln85)> <Delay = 0.90> <CoreInst = "Adder">   --->   Core 1 'Adder' <Latency = 0> <II = 1> <Delay = 0.90> <FuncUnit> <Opcode : 'add' 'sub'> <InPorts = 2> <OutPorts = 1>
ST_1 : Operation 197 [1/1] (0.48ns)   --->   "%store_ln85 = store i8 %add_ln85, i8 %i" [../Archivos_Fuente/Hyperspectral/DataFlow_2/hyperspectral_accel.cpp:85]   --->   Operation 197 'store' 'store_ln85' <Predicate = (icmp_ln85)> <Delay = 0.48>
ST_1 : Operation 203 [1/1] (0.00ns)   --->   "%ret_ln0 = ret"   --->   Operation 203 'ret' 'ret_ln0' <Predicate = (!icmp_ln85)> <Delay = 0.00>

State 2 <SV = 1> <Delay = 0.00>
ST_2 : Operation 198 [1/1] (0.00ns)   --->   "%specpipeline_ln86 = specpipeline void @_ssdm_op_SpecPipeline, i32 1, i32 0, i32 0, i32 0, void @empty_1" [../Archivos_Fuente/Hyperspectral/DataFlow_2/hyperspectral_accel.cpp:86]   --->   Operation 198 'specpipeline' 'specpipeline_ln86' <Predicate = true> <Delay = 0.00>
ST_2 : Operation 199 [1/1] (0.00ns)   --->   "%specloopname_ln85 = specloopname void @_ssdm_op_SpecLoopName, void @empty_5" [../Archivos_Fuente/Hyperspectral/DataFlow_2/hyperspectral_accel.cpp:85]   --->   Operation 199 'specloopname' 'specloopname_ln85' <Predicate = true> <Delay = 0.00>
ST_2 : Operation 200 [1/1] (0.00ns)   --->   "%p_Result_s = bitconcatenate i32 @_ssdm_op_BitConcatenate.i32.i16.i16, i16 %tmp_27, i16 %tmp_s"   --->   Operation 200 'bitconcatenate' 'p_Result_s' <Predicate = true> <Delay = 0.00>
ST_2 : Operation 201 [1/1] (0.00ns)   --->   "%write_ln304 = write void @_ssdm_op_Write.axis.volatile.i32P0A.i4P0A.i4P0A.i4P0A.i1P0A.i5P0A.i5P0A, i32 %out_stream_V_data_V, i4 %out_stream_V_keep_V, i4 %out_stream_V_strb_V, i4 %out_stream_V_user_V, i1 %out_stream_V_last_V, i5 %out_stream_V_id_V, i5 %out_stream_V_dest_V, i32 %p_Result_s, i4 15, i4 15, i4 0, i1 %e_last_V, i5 5, i5 6"   --->   Operation 201 'write' 'write_ln304' <Predicate = true> <Delay = 0.00> <CoreInst = "axis">   --->   Core 123 'axis' <Latency = 0> <II = 1> <Delay = 1.00> <Adapter> <Opcode : >
ST_2 : Operation 202 [1/1] (0.00ns)   --->   "%br_ln85 = br void %for.inc99" [../Archivos_Fuente/Hyperspectral/DataFlow_2/hyperspectral_accel.cpp:85]   --->   Operation 202 'br' 'br_ln85' <Predicate = true> <Delay = 0.00>


============================================================
+ Verbose Summary: Timing violations
============================================================
Target clock period: 10ns, clock uncertainty: 2.7ns.

 <State 1>: 1.5ns
The critical path consists of the following:
	'alloca' operation ('i') [188]  (0 ns)
	'load' operation ('i', ../Archivos_Fuente/Hyperspectral/DataFlow_2/hyperspectral_accel.cpp:85) on local variable 'i' [373]  (0 ns)
	'mux' operation ('tmp_s') [380]  (1.5 ns)

 <State 2>: 0ns
The critical path consists of the following:


============================================================
+ Verbose Summary: Binding
============================================================
N/A
* FSMD analyzer results:
  - Output states:
 - Input state : 
  - Chain level:
	State 1
	State 2


============================================================
+ Verbose Summary: Datapath Resource usage 
============================================================
N/A
