

================================================================
== Vitis HLS Report for 'hyperspectral_hw_wrapped_Pipeline_VITIS_LOOP_100_1_VITIS_LOOP_101_2_VITIS_LOOP_1'
================================================================
* Date:           Wed Jul 10 00:10:05 2024

* Version:        2022.1 (Build 3526262 on Mon Apr 18 15:47:01 MDT 2022)
* Project:        Hyperspectral_DataFlow
* Solution:       solution1 (Vivado IP Flow Target)
* Product family: zynquplus
* Target device:  xczu3eg-sbva484-1-e


================================================================
== Performance Estimates
================================================================
+ Timing: 
    * Summary: 
    +--------+----------+----------+------------+
    |  Clock |  Target  | Estimated| Uncertainty|
    +--------+----------+----------+------------+
    |ap_clk  |  10.00 ns|  6.321 ns|     2.70 ns|
    +--------+----------+----------+------------+

+ Latency: 
    * Summary: 
    +---------+---------+----------+----------+--------+--------+---------+
    |  Latency (cycles) |  Latency (absolute) |     Interval    | Pipeline|
    |   min   |   max   |    min   |    max   |   min  |   max  |   Type  |
    +---------+---------+----------+----------+--------+--------+---------+
    |   184324|   184324|  1.843 ms|  1.843 ms|  184324|  184324|       no|
    +---------+---------+----------+----------+--------+--------+---------+

    + Detail: 
        * Instance: 
        N/A

        * Loop: 
        +------------------------------------------------------+---------+---------+----------+-----------+-----------+--------+----------+
        |                                                      |  Latency (cycles) | Iteration|  Initiation Interval  |  Trip  |          |
        |                       Loop Name                      |   min   |   max   |  Latency |  achieved |   target  |  Count | Pipelined|
        +------------------------------------------------------+---------+---------+----------+-----------+-----------+--------+----------+
        |- VITIS_LOOP_100_1_VITIS_LOOP_101_2_VITIS_LOOP_102_3  |   184322|   184322|         4|          1|          1|  184320|       yes|
        +------------------------------------------------------+---------+---------+----------+-----------+-----------+--------+----------+

============================================================
+ Verbose Summary: Synthesis Manager
============================================================
InlineROM: 1
ExposeGlobal: 0
============================================================
+ Verbose Summary: CDFG Model
============================================================
IsTopModel: 0
ResetActiveHigh: 1
IsCombinational: 0
IsDatapathOnly: 0
HasWiredReturn: 1
HasMFsm: 2
HasVarLatency: 1
IsPipeline: 0
IsRtlPipelined: 0
IsInstanceOverlapped: 0
IsDontTouch: 0
HasImplIP: 0
IsGatedGlobalClock: 0

+ Individual pipeline summary: 
  * Pipeline-0: initiation interval (II) = 1, depth = 5


============================================================
+ Verbose Summary: Schedule
============================================================
* Number of FSM states : 5
* Pipeline : 1
  Pipeline-0 : II = 1, D = 5, States = { 1 2 3 4 5 }
* Dataflow Pipeline: 0

* FSM state transitions: 
1 --> 2 
2 --> 3 
3 --> 4 
4 --> 5 
5 --> 

* FSM state operations: 

State 1 <SV = 0> <Delay = 0.48>
ST_1 : Operation 7 [1/1] (0.00ns)   --->   "%k = alloca i32 1"   --->   Operation 7 'alloca' 'k' <Predicate = true> <Delay = 0.00>
ST_1 : Operation 8 [1/1] (0.00ns)   --->   "%j = alloca i32 1"   --->   Operation 8 'alloca' 'j' <Predicate = true> <Delay = 0.00>
ST_1 : Operation 9 [1/1] (0.00ns)   --->   "%indvar_flatten = alloca i32 1"   --->   Operation 9 'alloca' 'indvar_flatten' <Predicate = true> <Delay = 0.00>
ST_1 : Operation 10 [1/1] (0.00ns)   --->   "%i = alloca i32 1"   --->   Operation 10 'alloca' 'i' <Predicate = true> <Delay = 0.00>
ST_1 : Operation 11 [1/1] (0.00ns)   --->   "%indvar_flatten13 = alloca i32 1"   --->   Operation 11 'alloca' 'indvar_flatten13' <Predicate = true> <Delay = 0.00>
ST_1 : Operation 12 [1/1] (0.00ns)   --->   "%specinterface_ln0 = specinterface void @_ssdm_op_SpecInterface, i5 %in_stream_V_dest_V, void @empty_3, i32 0, i32 0, void @empty_12, i32 0, i32 0, void @empty_13, void @empty_13, void @empty_13, i32 0, i32 0, i32 0, i32 0, void @empty_13, void @empty_13, i32 4294967295, i32 0"   --->   Operation 12 'specinterface' 'specinterface_ln0' <Predicate = true> <Delay = 0.00>
ST_1 : Operation 13 [1/1] (0.00ns)   --->   "%specinterface_ln0 = specinterface void @_ssdm_op_SpecInterface, i5 %in_stream_V_id_V, void @empty_3, i32 0, i32 0, void @empty_12, i32 0, i32 0, void @empty_13, void @empty_13, void @empty_13, i32 0, i32 0, i32 0, i32 0, void @empty_13, void @empty_13, i32 4294967295, i32 0"   --->   Operation 13 'specinterface' 'specinterface_ln0' <Predicate = true> <Delay = 0.00>
ST_1 : Operation 14 [1/1] (0.00ns)   --->   "%specinterface_ln0 = specinterface void @_ssdm_op_SpecInterface, i1 %in_stream_V_last_V, void @empty_3, i32 0, i32 0, void @empty_12, i32 0, i32 0, void @empty_13, void @empty_13, void @empty_13, i32 0, i32 0, i32 0, i32 0, void @empty_13, void @empty_13, i32 4294967295, i32 0"   --->   Operation 14 'specinterface' 'specinterface_ln0' <Predicate = true> <Delay = 0.00>
ST_1 : Operation 15 [1/1] (0.00ns)   --->   "%specinterface_ln0 = specinterface void @_ssdm_op_SpecInterface, i4 %in_stream_V_user_V, void @empty_3, i32 0, i32 0, void @empty_12, i32 0, i32 0, void @empty_13, void @empty_13, void @empty_13, i32 0, i32 0, i32 0, i32 0, void @empty_13, void @empty_13, i32 4294967295, i32 0"   --->   Operation 15 'specinterface' 'specinterface_ln0' <Predicate = true> <Delay = 0.00>
ST_1 : Operation 16 [1/1] (0.00ns)   --->   "%specinterface_ln0 = specinterface void @_ssdm_op_SpecInterface, i4 %in_stream_V_strb_V, void @empty_3, i32 0, i32 0, void @empty_12, i32 0, i32 0, void @empty_13, void @empty_13, void @empty_13, i32 0, i32 0, i32 0, i32 0, void @empty_13, void @empty_13, i32 4294967295, i32 0"   --->   Operation 16 'specinterface' 'specinterface_ln0' <Predicate = true> <Delay = 0.00>
ST_1 : Operation 17 [1/1] (0.00ns)   --->   "%specinterface_ln0 = specinterface void @_ssdm_op_SpecInterface, i4 %in_stream_V_keep_V, void @empty_3, i32 0, i32 0, void @empty_12, i32 0, i32 0, void @empty_13, void @empty_13, void @empty_13, i32 0, i32 0, i32 0, i32 0, void @empty_13, void @empty_13, i32 4294967295, i32 0"   --->   Operation 17 'specinterface' 'specinterface_ln0' <Predicate = true> <Delay = 0.00>
ST_1 : Operation 18 [1/1] (0.00ns)   --->   "%specinterface_ln0 = specinterface void @_ssdm_op_SpecInterface, i32 %in_stream_V_data_V, void @empty_3, i32 0, i32 0, void @empty_12, i32 0, i32 0, void @empty_13, void @empty_13, void @empty_13, i32 0, i32 0, i32 0, i32 0, void @empty_13, void @empty_13, i32 4294967295, i32 0"   --->   Operation 18 'specinterface' 'specinterface_ln0' <Predicate = true> <Delay = 0.00>
ST_1 : Operation 19 [1/1] (0.48ns)   --->   "%store_ln0 = store i18 0, i18 %indvar_flatten13"   --->   Operation 19 'store' 'store_ln0' <Predicate = true> <Delay = 0.48>
ST_1 : Operation 20 [1/1] (0.48ns)   --->   "%store_ln0 = store i2 0, i2 %i"   --->   Operation 20 'store' 'store_ln0' <Predicate = true> <Delay = 0.48>
ST_1 : Operation 21 [1/1] (0.48ns)   --->   "%store_ln0 = store i18 0, i18 %indvar_flatten"   --->   Operation 21 'store' 'store_ln0' <Predicate = true> <Delay = 0.48>
ST_1 : Operation 22 [1/1] (0.48ns)   --->   "%store_ln0 = store i11 0, i11 %j"   --->   Operation 22 'store' 'store_ln0' <Predicate = true> <Delay = 0.48>
ST_1 : Operation 23 [1/1] (0.48ns)   --->   "%store_ln0 = store i8 0, i8 %k"   --->   Operation 23 'store' 'store_ln0' <Predicate = true> <Delay = 0.48>
ST_1 : Operation 24 [1/1] (0.00ns)   --->   "%br_ln0 = br void %for.inc"   --->   Operation 24 'br' 'br_ln0' <Predicate = true> <Delay = 0.00>

State 2 <SV = 1> <Delay = 6.32>
ST_2 : Operation 25 [1/1] (0.00ns)   --->   "%indvar_flatten13_load = load i18 %indvar_flatten13" [../Archivos_Fuente/Hyperspectral/DataFlow_2/hyperspectral_accel.cpp:100]   --->   Operation 25 'load' 'indvar_flatten13_load' <Predicate = true> <Delay = 0.00>
ST_2 : Operation 26 [1/1] (0.89ns)   --->   "%icmp_ln100 = icmp_eq  i18 %indvar_flatten13_load, i18 184320" [../Archivos_Fuente/Hyperspectral/DataFlow_2/hyperspectral_accel.cpp:100]   --->   Operation 26 'icmp' 'icmp_ln100' <Predicate = true> <Delay = 0.89> <CoreInst = "Cmp">   --->   Core 9 'Cmp' <Latency = 0> <II = 1> <Delay = 0.89> <FuncUnit> <Opcode : 'icmp'> <InPorts = 2> <OutPorts = 1>
ST_2 : Operation 27 [1/1] (1.03ns)   --->   "%add_ln100_1 = add i18 %indvar_flatten13_load, i18 1" [../Archivos_Fuente/Hyperspectral/DataFlow_2/hyperspectral_accel.cpp:100]   --->   Operation 27 'add' 'add_ln100_1' <Predicate = true> <Delay = 1.03> <CoreInst = "Adder">   --->   Core 1 'Adder' <Latency = 0> <II = 1> <Delay = 1.03> <FuncUnit> <Opcode : 'add' 'sub'> <InPorts = 2> <OutPorts = 1>
ST_2 : Operation 28 [1/1] (0.00ns)   --->   "%br_ln100 = br i1 %icmp_ln100, void %for.inc26, void %for.inc41.preheader.exitStub" [../Archivos_Fuente/Hyperspectral/DataFlow_2/hyperspectral_accel.cpp:100]   --->   Operation 28 'br' 'br_ln100' <Predicate = true> <Delay = 0.00>
ST_2 : Operation 29 [1/1] (0.00ns)   --->   "%k_load = load i8 %k" [../Archivos_Fuente/Hyperspectral/DataFlow_2/hyperspectral_accel.cpp:102]   --->   Operation 29 'load' 'k_load' <Predicate = (!icmp_ln100)> <Delay = 0.00>
ST_2 : Operation 30 [1/1] (0.00ns)   --->   "%j_load = load i11 %j" [../Archivos_Fuente/Hyperspectral/DataFlow_2/hyperspectral_accel.cpp:100]   --->   Operation 30 'load' 'j_load' <Predicate = (!icmp_ln100)> <Delay = 0.00>
ST_2 : Operation 31 [1/1] (0.00ns)   --->   "%indvar_flatten_load = load i18 %indvar_flatten" [../Archivos_Fuente/Hyperspectral/DataFlow_2/hyperspectral_accel.cpp:101]   --->   Operation 31 'load' 'indvar_flatten_load' <Predicate = (!icmp_ln100)> <Delay = 0.00>
ST_2 : Operation 32 [1/1] (0.00ns)   --->   "%i_load = load i2 %i" [../Archivos_Fuente/Hyperspectral/DataFlow_2/hyperspectral_accel.cpp:100]   --->   Operation 32 'load' 'i_load' <Predicate = (!icmp_ln100)> <Delay = 0.00>
ST_2 : Operation 33 [1/1] (0.62ns)   --->   "%add_ln100 = add i2 %i_load, i2 1" [../Archivos_Fuente/Hyperspectral/DataFlow_2/hyperspectral_accel.cpp:100]   --->   Operation 33 'add' 'add_ln100' <Predicate = (!icmp_ln100)> <Delay = 0.62> <CoreInst = "Adder">   --->   Core 1 'Adder' <Latency = 0> <II = 1> <Delay = 0.62> <FuncUnit> <Opcode : 'add' 'sub'> <InPorts = 2> <OutPorts = 1>
ST_2 : Operation 34 [1/1] (0.89ns)   --->   "%icmp_ln101 = icmp_eq  i18 %indvar_flatten_load, i18 92160" [../Archivos_Fuente/Hyperspectral/DataFlow_2/hyperspectral_accel.cpp:101]   --->   Operation 34 'icmp' 'icmp_ln101' <Predicate = (!icmp_ln100)> <Delay = 0.89> <CoreInst = "Cmp">   --->   Core 9 'Cmp' <Latency = 0> <II = 1> <Delay = 0.89> <FuncUnit> <Opcode : 'icmp'> <InPorts = 2> <OutPorts = 1>
ST_2 : Operation 35 [1/1] (0.45ns)   --->   "%select_ln100 = select i1 %icmp_ln101, i11 0, i11 %j_load" [../Archivos_Fuente/Hyperspectral/DataFlow_2/hyperspectral_accel.cpp:100]   --->   Operation 35 'select' 'select_ln100' <Predicate = (!icmp_ln100)> <Delay = 0.45> <CoreInst = "Sel">   --->   Core 73 'Sel' <Latency = 0> <II = 1> <Delay = 0.45> <FuncUnit> <Opcode : 'select'> <InPorts = 3> <OutPorts = 1>
ST_2 : Operation 36 [1/1] (0.00ns) (grouped into LUT with out node select_ln101)   --->   "%select_ln100_1 = select i1 %icmp_ln101, i8 0, i8 %k_load" [../Archivos_Fuente/Hyperspectral/DataFlow_2/hyperspectral_accel.cpp:100]   --->   Operation 36 'select' 'select_ln100_1' <Predicate = (!icmp_ln100)> <Delay = 0.00> <CoreInst = "Sel">   --->   Core 73 'Sel' <Latency = 0> <II = 1> <Delay = 0.44> <FuncUnit> <Opcode : 'select'> <InPorts = 3> <OutPorts = 1>
ST_2 : Operation 37 [1/1] (0.26ns)   --->   "%select_ln100_2 = select i1 %icmp_ln101, i2 %add_ln100, i2 %i_load" [../Archivos_Fuente/Hyperspectral/DataFlow_2/hyperspectral_accel.cpp:100]   --->   Operation 37 'select' 'select_ln100_2' <Predicate = (!icmp_ln100)> <Delay = 0.26> <CoreInst = "Sel">   --->   Core 73 'Sel' <Latency = 0> <II = 1> <Delay = 0.26> <FuncUnit> <Opcode : 'select'> <InPorts = 3> <OutPorts = 1>
ST_2 : Operation 38 [1/1] (0.00ns)   --->   "%tmp_2 = bitconcatenate i12 @_ssdm_op_BitConcatenate.i12.i2.i10, i2 %select_ln100_2, i10 0" [../Archivos_Fuente/Hyperspectral/DataFlow_2/hyperspectral_accel.cpp:106]   --->   Operation 38 'bitconcatenate' 'tmp_2' <Predicate = (!icmp_ln100)> <Delay = 0.00>
ST_2 : Operation 39 [1/1] (0.00ns)   --->   "%zext_ln101 = zext i12 %tmp_2" [../Archivos_Fuente/Hyperspectral/DataFlow_2/hyperspectral_accel.cpp:101]   --->   Operation 39 'zext' 'zext_ln101' <Predicate = (!icmp_ln100)> <Delay = 0.00>
ST_2 : Operation 40 [1/1] (0.85ns)   --->   "%icmp_ln102 = icmp_ult  i8 %k_load, i8 180" [../Archivos_Fuente/Hyperspectral/DataFlow_2/hyperspectral_accel.cpp:102]   --->   Operation 40 'icmp' 'icmp_ln102' <Predicate = (!icmp_ln100)> <Delay = 0.85> <CoreInst = "Cmp">   --->   Core 9 'Cmp' <Latency = 0> <II = 1> <Delay = 0.85> <FuncUnit> <Opcode : 'icmp'> <InPorts = 2> <OutPorts = 1>
ST_2 : Operation 41 [1/1] (0.33ns)   --->   "%or_ln100 = or i1 %icmp_ln101, i1 %icmp_ln102" [../Archivos_Fuente/Hyperspectral/DataFlow_2/hyperspectral_accel.cpp:100]   --->   Operation 41 'or' 'or_ln100' <Predicate = (!icmp_ln100)> <Delay = 0.33> <CoreInst = "LogicGate">   --->   Core 74 'LogicGate' <Latency = 0> <II = 1> <Delay = 0.33> <FuncUnit> <Opcode : 'and' 'or' 'xor'> <InPorts = 2> <OutPorts = 1>
ST_2 : Operation 42 [1/1] (0.94ns)   --->   "%add_ln101 = add i11 %select_ln100, i11 1" [../Archivos_Fuente/Hyperspectral/DataFlow_2/hyperspectral_accel.cpp:101]   --->   Operation 42 'add' 'add_ln101' <Predicate = (!icmp_ln100)> <Delay = 0.94> <CoreInst = "Adder">   --->   Core 1 'Adder' <Latency = 0> <II = 1> <Delay = 0.94> <FuncUnit> <Opcode : 'add' 'sub'> <InPorts = 2> <OutPorts = 1>
ST_2 : Operation 43 [1/1] (0.44ns) (out node of the LUT)   --->   "%select_ln101 = select i1 %or_ln100, i8 %select_ln100_1, i8 0" [../Archivos_Fuente/Hyperspectral/DataFlow_2/hyperspectral_accel.cpp:101]   --->   Operation 43 'select' 'select_ln101' <Predicate = (!icmp_ln100)> <Delay = 0.44> <CoreInst = "Sel">   --->   Core 73 'Sel' <Latency = 0> <II = 1> <Delay = 0.44> <FuncUnit> <Opcode : 'select'> <InPorts = 3> <OutPorts = 1>
ST_2 : Operation 44 [1/1] (0.45ns)   --->   "%select_ln101_1 = select i1 %or_ln100, i11 %select_ln100, i11 %add_ln101" [../Archivos_Fuente/Hyperspectral/DataFlow_2/hyperspectral_accel.cpp:101]   --->   Operation 44 'select' 'select_ln101_1' <Predicate = (!icmp_ln100)> <Delay = 0.45> <CoreInst = "Sel">   --->   Core 73 'Sel' <Latency = 0> <II = 1> <Delay = 0.45> <FuncUnit> <Opcode : 'select'> <InPorts = 3> <OutPorts = 1>
ST_2 : Operation 45 [1/1] (0.00ns)   --->   "%zext_ln106 = zext i11 %select_ln101_1" [../Archivos_Fuente/Hyperspectral/DataFlow_2/hyperspectral_accel.cpp:106]   --->   Operation 45 'zext' 'zext_ln106' <Predicate = (!icmp_ln100)> <Delay = 0.00>
ST_2 : Operation 46 [1/1] (2.48ns) (grouped into DSP with root node mul_ln101)   --->   "%add_ln106 = add i13 %zext_ln101, i13 %zext_ln106" [../Archivos_Fuente/Hyperspectral/DataFlow_2/hyperspectral_accel.cpp:106]   --->   Operation 46 'add' 'add_ln106' <Predicate = (!icmp_ln100)> <Delay = 2.48> <CoreInst = "DSP48">   --->   Core 127 'DSP48' <Latency = 3> <II = 1> <Delay = 0.69> <IPBlock> <Opcode : 'mul' 'add' 'sub' 'select'> <InPorts = 0> <OutPorts = 1> <Sync> <CReg>
ST_2 : Operation 47 [1/1] (0.00ns) (grouped into DSP with root node mul_ln101)   --->   "%zext_ln101_1 = zext i13 %add_ln106" [../Archivos_Fuente/Hyperspectral/DataFlow_2/hyperspectral_accel.cpp:101]   --->   Operation 47 'zext' 'zext_ln101_1' <Predicate = (!icmp_ln100)> <Delay = 0.00>
ST_2 : Operation 48 [4/4] (1.08ns) (root node of the DSP)   --->   "%mul_ln101 = mul i19 %zext_ln101_1, i19 180" [../Archivos_Fuente/Hyperspectral/DataFlow_2/hyperspectral_accel.cpp:101]   --->   Operation 48 'mul' 'mul_ln101' <Predicate = (!icmp_ln100)> <Delay = 1.08> <CoreInst = "DSP48">   --->   Core 127 'DSP48' <Latency = 3> <II = 1> <Delay = 0.69> <IPBlock> <Opcode : 'mul' 'add' 'sub' 'select'> <InPorts = 0> <OutPorts = 1> <Sync> <CReg>
ST_2 : Operation 49 [1/1] (0.00ns)   --->   "%empty_24 = read i55 @_ssdm_op_Read.axis.volatile.i32P0A.i4P0A.i4P0A.i4P0A.i1P0A.i5P0A.i5P0A, i32 %in_stream_V_data_V, i4 %in_stream_V_keep_V, i4 %in_stream_V_strb_V, i4 %in_stream_V_user_V, i1 %in_stream_V_last_V, i5 %in_stream_V_id_V, i5 %in_stream_V_dest_V"   --->   Operation 49 'read' 'empty_24' <Predicate = (!icmp_ln100)> <Delay = 0.00> <CoreInst = "axis">   --->   Core 123 'axis' <Latency = 0> <II = 1> <Delay = 1.00> <Adapter> <Opcode : >
ST_2 : Operation 50 [1/1] (0.00ns)   --->   "%tmp_data_V = extractvalue i55 %empty_24"   --->   Operation 50 'extractvalue' 'tmp_data_V' <Predicate = (!icmp_ln100)> <Delay = 0.00>
ST_2 : Operation 51 [1/1] (0.00ns)   --->   "%trunc_ln714 = trunc i32 %tmp_data_V"   --->   Operation 51 'trunc' 'trunc_ln714' <Predicate = (!icmp_ln100)> <Delay = 0.00>
ST_2 : Operation 52 [1/1] (0.00ns)   --->   "%tmp_s = partselect i16 @_ssdm_op_PartSelect.i16.i32.i32.i32, i32 %tmp_data_V, i32 16, i32 31"   --->   Operation 52 'partselect' 'tmp_s' <Predicate = (!icmp_ln100)> <Delay = 0.00>
ST_2 : Operation 53 [1/1] (0.90ns)   --->   "%add_ln102 = add i8 %select_ln101, i8 2" [../Archivos_Fuente/Hyperspectral/DataFlow_2/hyperspectral_accel.cpp:102]   --->   Operation 53 'add' 'add_ln102' <Predicate = (!icmp_ln100)> <Delay = 0.90> <CoreInst = "Adder">   --->   Core 1 'Adder' <Latency = 0> <II = 1> <Delay = 0.90> <FuncUnit> <Opcode : 'add' 'sub'> <InPorts = 2> <OutPorts = 1>
ST_2 : Operation 54 [1/1] (1.03ns)   --->   "%add_ln101_1 = add i18 %indvar_flatten_load, i18 1" [../Archivos_Fuente/Hyperspectral/DataFlow_2/hyperspectral_accel.cpp:101]   --->   Operation 54 'add' 'add_ln101_1' <Predicate = (!icmp_ln100)> <Delay = 1.03> <CoreInst = "Adder">   --->   Core 1 'Adder' <Latency = 0> <II = 1> <Delay = 1.03> <FuncUnit> <Opcode : 'add' 'sub'> <InPorts = 2> <OutPorts = 1>
ST_2 : Operation 55 [1/1] (0.42ns)   --->   "%select_ln101_2 = select i1 %icmp_ln101, i18 1, i18 %add_ln101_1" [../Archivos_Fuente/Hyperspectral/DataFlow_2/hyperspectral_accel.cpp:101]   --->   Operation 55 'select' 'select_ln101_2' <Predicate = (!icmp_ln100)> <Delay = 0.42> <CoreInst = "Sel">   --->   Core 73 'Sel' <Latency = 0> <II = 1> <Delay = 0.42> <FuncUnit> <Opcode : 'select'> <InPorts = 3> <OutPorts = 1>
ST_2 : Operation 56 [1/1] (0.48ns)   --->   "%store_ln102 = store i18 %add_ln100_1, i18 %indvar_flatten13" [../Archivos_Fuente/Hyperspectral/DataFlow_2/hyperspectral_accel.cpp:102]   --->   Operation 56 'store' 'store_ln102' <Predicate = (!icmp_ln100)> <Delay = 0.48>
ST_2 : Operation 57 [1/1] (0.48ns)   --->   "%store_ln102 = store i2 %select_ln100_2, i2 %i" [../Archivos_Fuente/Hyperspectral/DataFlow_2/hyperspectral_accel.cpp:102]   --->   Operation 57 'store' 'store_ln102' <Predicate = (!icmp_ln100)> <Delay = 0.48>
ST_2 : Operation 58 [1/1] (0.48ns)   --->   "%store_ln102 = store i18 %select_ln101_2, i18 %indvar_flatten" [../Archivos_Fuente/Hyperspectral/DataFlow_2/hyperspectral_accel.cpp:102]   --->   Operation 58 'store' 'store_ln102' <Predicate = (!icmp_ln100)> <Delay = 0.48>
ST_2 : Operation 59 [1/1] (0.48ns)   --->   "%store_ln102 = store i11 %select_ln101_1, i11 %j" [../Archivos_Fuente/Hyperspectral/DataFlow_2/hyperspectral_accel.cpp:102]   --->   Operation 59 'store' 'store_ln102' <Predicate = (!icmp_ln100)> <Delay = 0.48>
ST_2 : Operation 60 [1/1] (0.48ns)   --->   "%store_ln102 = store i8 %add_ln102, i8 %k" [../Archivos_Fuente/Hyperspectral/DataFlow_2/hyperspectral_accel.cpp:102]   --->   Operation 60 'store' 'store_ln102' <Predicate = (!icmp_ln100)> <Delay = 0.48>

State 3 <SV = 2> <Delay = 1.08>
ST_3 : Operation 61 [3/4] (1.08ns) (root node of the DSP)   --->   "%mul_ln101 = mul i19 %zext_ln101_1, i19 180" [../Archivos_Fuente/Hyperspectral/DataFlow_2/hyperspectral_accel.cpp:101]   --->   Operation 61 'mul' 'mul_ln101' <Predicate = true> <Delay = 1.08> <CoreInst = "DSP48">   --->   Core 127 'DSP48' <Latency = 3> <II = 1> <Delay = 0.69> <IPBlock> <Opcode : 'mul' 'add' 'sub' 'select'> <InPorts = 0> <OutPorts = 1> <Sync> <CReg>

State 4 <SV = 3> <Delay = 1.08>
ST_4 : Operation 62 [2/4] (1.08ns) (root node of the DSP)   --->   "%mul_ln101 = mul i19 %zext_ln101_1, i19 180" [../Archivos_Fuente/Hyperspectral/DataFlow_2/hyperspectral_accel.cpp:101]   --->   Operation 62 'mul' 'mul_ln101' <Predicate = true> <Delay = 1.08> <CoreInst = "DSP48">   --->   Core 127 'DSP48' <Latency = 3> <II = 1> <Delay = 0.69> <IPBlock> <Opcode : 'mul' 'add' 'sub' 'select'> <InPorts = 0> <OutPorts = 1> <Sync> <CReg>
ST_4 : Operation 81 [1/1] (0.00ns)   --->   "%ret_ln0 = ret"   --->   Operation 81 'ret' 'ret_ln0' <Predicate = (icmp_ln100)> <Delay = 0.00>

State 5 <SV = 4> <Delay = 2.40>
ST_5 : Operation 63 [1/1] (0.00ns)   --->   "%specloopname_ln0 = specloopname void @_ssdm_op_SpecLoopName, void @VITIS_LOOP_100_1_VITIS_LOOP_101_2_VITIS_LOOP_102_3_str"   --->   Operation 63 'specloopname' 'specloopname_ln0' <Predicate = true> <Delay = 0.00>
ST_5 : Operation 64 [1/1] (0.00ns)   --->   "%empty = speclooptripcount i32 @_ssdm_op_SpecLoopTripCount, i64 184320, i64 184320, i64 184320"   --->   Operation 64 'speclooptripcount' 'empty' <Predicate = true> <Delay = 0.00>
ST_5 : Operation 65 [1/1] (0.00ns)   --->   "%specloopname_ln0 = specloopname void @_ssdm_op_SpecLoopName, void @VITIS_LOOP_101_2_VITIS_LOOP_102_3_str"   --->   Operation 65 'specloopname' 'specloopname_ln0' <Predicate = true> <Delay = 0.00>
ST_5 : Operation 66 [1/4] (0.00ns) (root node of the DSP)   --->   "%mul_ln101 = mul i19 %zext_ln101_1, i19 180" [../Archivos_Fuente/Hyperspectral/DataFlow_2/hyperspectral_accel.cpp:101]   --->   Operation 66 'mul' 'mul_ln101' <Predicate = true> <Delay = 0.00> <CoreInst = "DSP48">   --->   Core 127 'DSP48' <Latency = 3> <II = 1> <Delay = 0.69> <IPBlock> <Opcode : 'mul' 'add' 'sub' 'select'> <InPorts = 0> <OutPorts = 1> <Sync> <CReg>
ST_5 : Operation 67 [1/1] (0.00ns)   --->   "%zext_ln106_1 = zext i8 %select_ln101" [../Archivos_Fuente/Hyperspectral/DataFlow_2/hyperspectral_accel.cpp:106]   --->   Operation 67 'zext' 'zext_ln106_1' <Predicate = true> <Delay = 0.00>
ST_5 : Operation 68 [1/1] (1.05ns)   --->   "%add_ln106_1 = add i19 %mul_ln101, i19 %zext_ln106_1" [../Archivos_Fuente/Hyperspectral/DataFlow_2/hyperspectral_accel.cpp:106]   --->   Operation 68 'add' 'add_ln106_1' <Predicate = true> <Delay = 1.05> <CoreInst = "Adder">   --->   Core 1 'Adder' <Latency = 0> <II = 1> <Delay = 1.05> <FuncUnit> <Opcode : 'add' 'sub'> <InPorts = 2> <OutPorts = 1>
ST_5 : Operation 69 [1/1] (0.00ns)   --->   "%zext_ln106_2 = zext i19 %add_ln106_1" [../Archivos_Fuente/Hyperspectral/DataFlow_2/hyperspectral_accel.cpp:106]   --->   Operation 69 'zext' 'zext_ln106_2' <Predicate = true> <Delay = 0.00>
ST_5 : Operation 70 [1/1] (0.00ns)   --->   "%image_addr = getelementptr i16 %image_r, i64 0, i64 %zext_ln106_2" [../Archivos_Fuente/Hyperspectral/DataFlow_2/hyperspectral_accel.cpp:106]   --->   Operation 70 'getelementptr' 'image_addr' <Predicate = true> <Delay = 0.00>
ST_5 : Operation 71 [1/1] (0.00ns)   --->   "%specpipeline_ln103 = specpipeline void @_ssdm_op_SpecPipeline, i32 1, i32 0, i32 0, i32 0, void @empty_13" [../Archivos_Fuente/Hyperspectral/DataFlow_2/hyperspectral_accel.cpp:103]   --->   Operation 71 'specpipeline' 'specpipeline_ln103' <Predicate = true> <Delay = 0.00>
ST_5 : Operation 72 [1/1] (0.00ns)   --->   "%specloopname_ln0 = specloopname void @_ssdm_op_SpecLoopName, void @empty"   --->   Operation 72 'specloopname' 'specloopname_ln0' <Predicate = true> <Delay = 0.00>
ST_5 : Operation 73 [1/1] (1.35ns)   --->   "%store_ln106 = store i16 %trunc_ln714, i19 %image_addr" [../Archivos_Fuente/Hyperspectral/DataFlow_2/hyperspectral_accel.cpp:106]   --->   Operation 73 'store' 'store_ln106' <Predicate = true> <Delay = 1.35> <CoreInst = "RAM">   --->   Core 83 'RAM' <Latency = 1> <II = 1> <Delay = 1.35> <Storage> <Opcode : 'load' 'store'> <Ports = 2> <Width = 16> <Depth = 368640> <RAM>
ST_5 : Operation 74 [1/1] (0.00ns) (grouped into LUT with out node add_ln106_2)   --->   "%or_ln106 = or i8 %select_ln101, i8 1" [../Archivos_Fuente/Hyperspectral/DataFlow_2/hyperspectral_accel.cpp:106]   --->   Operation 74 'or' 'or_ln106' <Predicate = true> <Delay = 0.00>
ST_5 : Operation 75 [1/1] (0.00ns) (grouped into LUT with out node add_ln106_2)   --->   "%zext_ln106_3 = zext i8 %or_ln106" [../Archivos_Fuente/Hyperspectral/DataFlow_2/hyperspectral_accel.cpp:106]   --->   Operation 75 'zext' 'zext_ln106_3' <Predicate = true> <Delay = 0.00>
ST_5 : Operation 76 [1/1] (1.05ns) (out node of the LUT)   --->   "%add_ln106_2 = add i19 %mul_ln101, i19 %zext_ln106_3" [../Archivos_Fuente/Hyperspectral/DataFlow_2/hyperspectral_accel.cpp:106]   --->   Operation 76 'add' 'add_ln106_2' <Predicate = true> <Delay = 1.05> <CoreInst = "Adder">   --->   Core 1 'Adder' <Latency = 0> <II = 1> <Delay = 1.05> <FuncUnit> <Opcode : 'add' 'sub'> <InPorts = 2> <OutPorts = 1>
ST_5 : Operation 77 [1/1] (0.00ns)   --->   "%zext_ln106_4 = zext i19 %add_ln106_2" [../Archivos_Fuente/Hyperspectral/DataFlow_2/hyperspectral_accel.cpp:106]   --->   Operation 77 'zext' 'zext_ln106_4' <Predicate = true> <Delay = 0.00>
ST_5 : Operation 78 [1/1] (0.00ns)   --->   "%image_addr_1 = getelementptr i16 %image_r, i64 0, i64 %zext_ln106_4" [../Archivos_Fuente/Hyperspectral/DataFlow_2/hyperspectral_accel.cpp:106]   --->   Operation 78 'getelementptr' 'image_addr_1' <Predicate = true> <Delay = 0.00>
ST_5 : Operation 79 [1/1] (1.35ns)   --->   "%store_ln106 = store i16 %tmp_s, i19 %image_addr_1" [../Archivos_Fuente/Hyperspectral/DataFlow_2/hyperspectral_accel.cpp:106]   --->   Operation 79 'store' 'store_ln106' <Predicate = true> <Delay = 1.35> <CoreInst = "RAM">   --->   Core 83 'RAM' <Latency = 1> <II = 1> <Delay = 1.35> <Storage> <Opcode : 'load' 'store'> <Ports = 2> <Width = 16> <Depth = 368640> <RAM>
ST_5 : Operation 80 [1/1] (0.00ns)   --->   "%br_ln102 = br void %for.inc" [../Archivos_Fuente/Hyperspectral/DataFlow_2/hyperspectral_accel.cpp:102]   --->   Operation 80 'br' 'br_ln102' <Predicate = true> <Delay = 0.00>


============================================================
+ Verbose Summary: Timing violations
============================================================
Target clock period: 10ns, clock uncertainty: 2.7ns.

 <State 1>: 0.489ns
The critical path consists of the following:
	'alloca' operation ('indvar_flatten13') [13]  (0 ns)
	'store' operation ('store_ln0') of constant 0 on local variable 'indvar_flatten13' [21]  (0.489 ns)

 <State 2>: 6.32ns
The critical path consists of the following:
	'load' operation ('indvar_flatten_load', ../Archivos_Fuente/Hyperspectral/DataFlow_2/hyperspectral_accel.cpp:101) on local variable 'indvar_flatten' [35]  (0 ns)
	'icmp' operation ('icmp_ln101', ../Archivos_Fuente/Hyperspectral/DataFlow_2/hyperspectral_accel.cpp:101) [40]  (0.897 ns)
	'select' operation ('select_ln100', ../Archivos_Fuente/Hyperspectral/DataFlow_2/hyperspectral_accel.cpp:100) [41]  (0.451 ns)
	'add' operation ('add_ln101', ../Archivos_Fuente/Hyperspectral/DataFlow_2/hyperspectral_accel.cpp:101) [48]  (0.948 ns)
	'select' operation ('select_ln101_1', ../Archivos_Fuente/Hyperspectral/DataFlow_2/hyperspectral_accel.cpp:101) [51]  (0.451 ns)
	'add' operation of DSP[55] ('add_ln106', ../Archivos_Fuente/Hyperspectral/DataFlow_2/hyperspectral_accel.cpp:106) [53]  (2.49 ns)
	'mul' operation of DSP[55] ('mul_ln101', ../Archivos_Fuente/Hyperspectral/DataFlow_2/hyperspectral_accel.cpp:101) [55]  (1.09 ns)

 <State 3>: 1.09ns
The critical path consists of the following:
	'mul' operation of DSP[55] ('mul_ln101', ../Archivos_Fuente/Hyperspectral/DataFlow_2/hyperspectral_accel.cpp:101) [55]  (1.09 ns)

 <State 4>: 1.09ns
The critical path consists of the following:
	'mul' operation of DSP[55] ('mul_ln101', ../Archivos_Fuente/Hyperspectral/DataFlow_2/hyperspectral_accel.cpp:101) [55]  (1.09 ns)

 <State 5>: 2.4ns
The critical path consists of the following:
	'mul' operation of DSP[55] ('mul_ln101', ../Archivos_Fuente/Hyperspectral/DataFlow_2/hyperspectral_accel.cpp:101) [55]  (0 ns)
	'add' operation ('add_ln106_1', ../Archivos_Fuente/Hyperspectral/DataFlow_2/hyperspectral_accel.cpp:106) [57]  (1.05 ns)
	'getelementptr' operation ('image_addr', ../Archivos_Fuente/Hyperspectral/DataFlow_2/hyperspectral_accel.cpp:106) [59]  (0 ns)
	'store' operation ('store_ln106', ../Archivos_Fuente/Hyperspectral/DataFlow_2/hyperspectral_accel.cpp:106) of variable 'trunc_ln714' on array 'image_r' [65]  (1.35 ns)


============================================================
+ Verbose Summary: Binding
============================================================
N/A
* FSMD analyzer results:
  - Output states:
 - Input state : 
  - Chain level:
	State 1
	State 2
	State 3
	State 4
	State 5


============================================================
+ Verbose Summary: Datapath Resource usage 
============================================================
N/A
