

================================================================
== Vitis HLS Report for 'hyperspectral_hw_wrapped'
================================================================
* Date:           Tue Jul  9 14:02:51 2024

* Version:        2022.1 (Build 3526262 on Mon Apr 18 15:47:01 MDT 2022)
* Project:        Hyperspectral_DataFlow
* Solution:       solution1 (Vivado IP Flow Target)
* Product family: zynquplus
* Target device:  xczu3eg-sbva484-1-e


================================================================
== Performance Estimates
================================================================
+ Timing: 
    * Summary: 
    +--------+----------+----------+------------+
    |  Clock |  Target  | Estimated| Uncertainty|
    +--------+----------+----------+------------+
    |ap_clk  |  10.00 ns|  7.200 ns|     2.70 ns|
    +--------+----------+----------+------------+

+ Latency: 
    * Summary: 
    +---------+---------+-----------+-----------+---------+---------+---------+
    |  Latency (cycles) |   Latency (absolute)  |      Interval     | Pipeline|
    |   min   |   max   |    min    |    max    |   min   |   max   |   Type  |
    +---------+---------+-----------+-----------+---------+---------+---------+
    |  2484261|  2484261|  24.843 ms|  24.843 ms|  2484262|  2484262|       no|
    +---------+---------+-----------+-----------+---------+---------+---------+

    + Detail: 
        * Instance: 
        N/A

        * Loop: 
        +----------+---------+---------+----------+-----------+-----------+------+----------+
        |          |  Latency (cycles) | Iteration|  Initiation Interval  | Trip |          |
        | Loop Name|   min   |   max   |  Latency |  achieved |   target  | Count| Pipelined|
        +----------+---------+---------+----------+-----------+-----------+------+----------+
        |- L1_L2   |  2299904|  2299904|      1123|          -|          -|  2048|        no|
        +----------+---------+---------+----------+-----------+-----------+------+----------+

============================================================
+ Verbose Summary: Synthesis Manager
============================================================
InlineROM: 1
ExposeGlobal: 0
============================================================
+ Verbose Summary: CDFG Model
============================================================
IsTopModel: 1
ResetActiveHigh: 1
IsCombinational: 0
IsDatapathOnly: 0
HasWiredReturn: 1
HasMFsm: 0
HasVarLatency: 1
IsPipeline: 0
IsRtlPipelined: 0
IsInstanceOverlapped: 0
IsDontTouch: 0
HasImplIP: 0
IsGatedGlobalClock: 0


============================================================
+ Verbose Summary: Schedule
============================================================
* Number of FSM states : 37
* Pipeline : 0
* Dataflow Pipeline: 0

* FSM state transitions: 
1 --> 2 
2 --> 3 
3 --> 4 
4 --> 5 
5 --> 6 
6 --> 7 
7 --> 8 
8 --> 9 
9 --> 10 
10 --> 11 
11 --> 12 31 
12 --> 13 
13 --> 14 
14 --> 15 
15 --> 16 
16 --> 17 
17 --> 18 
18 --> 19 
19 --> 20 
20 --> 21 
21 --> 22 
22 --> 23 
23 --> 24 
24 --> 25 
25 --> 26 
26 --> 27 
27 --> 28 
28 --> 29 
29 --> 30 
30 --> 11 
31 --> 32 
32 --> 33 
33 --> 34 
34 --> 35 
35 --> 36 
36 --> 37 
37 --> 

* FSM state operations: 

State 1 <SV = 0> <Delay = 0.48>
ST_1 : Operation 38 [1/1] (0.00ns)   --->   "%maxBrightness_1 = alloca i32 1"   --->   Operation 38 'alloca' 'maxBrightness_1' <Predicate = true> <Delay = 0.00>
ST_1 : Operation 39 [1/1] (0.00ns)   --->   "%minDistance = alloca i32 1"   --->   Operation 39 'alloca' 'minDistance' <Predicate = true> <Delay = 0.00>
ST_1 : Operation 40 [1/1] (0.00ns)   --->   "%i_04_i627 = alloca i32 1"   --->   Operation 40 'alloca' 'i_04_i627' <Predicate = true> <Delay = 0.00>
ST_1 : Operation 41 [1/1] (0.00ns)   --->   "%j_02_i629 = alloca i32 1"   --->   Operation 41 'alloca' 'j_02_i629' <Predicate = true> <Delay = 0.00>
ST_1 : Operation 42 [1/1] (0.00ns)   --->   "%i_04_i631 = alloca i32 1"   --->   Operation 42 'alloca' 'i_04_i631' <Predicate = true> <Delay = 0.00>
ST_1 : Operation 43 [1/1] (0.00ns)   --->   "%j_02_i633 = alloca i32 1"   --->   Operation 43 'alloca' 'j_02_i633' <Predicate = true> <Delay = 0.00>
ST_1 : Operation 44 [1/1] (0.00ns)   --->   "%j_1 = alloca i32 1"   --->   Operation 44 'alloca' 'j_1' <Predicate = true> <Delay = 0.00>
ST_1 : Operation 45 [1/1] (0.00ns)   --->   "%i_2 = alloca i32 1"   --->   Operation 45 'alloca' 'i_2' <Predicate = true> <Delay = 0.00>
ST_1 : Operation 46 [1/1] (0.00ns)   --->   "%indvar_flatten20 = alloca i32 1"   --->   Operation 46 'alloca' 'indvar_flatten20' <Predicate = true> <Delay = 0.00>
ST_1 : Operation 47 [1/1] (0.00ns)   --->   "%current_brightness_loc = alloca i64 1"   --->   Operation 47 'alloca' 'current_brightness_loc' <Predicate = true> <Delay = 0.00>
ST_1 : Operation 48 [1/1] (0.00ns)   --->   "%sum_loc = alloca i64 1"   --->   Operation 48 'alloca' 'sum_loc' <Predicate = true> <Delay = 0.00>
ST_1 : Operation 49 [1/1] (0.00ns)   --->   "%refPixel_0_033_loc = alloca i64 1"   --->   Operation 49 'alloca' 'refPixel_0_033_loc' <Predicate = true> <Delay = 0.00>
ST_1 : Operation 50 [1/1] (0.00ns)   --->   "%refPixel_1_034_loc = alloca i64 1"   --->   Operation 50 'alloca' 'refPixel_1_034_loc' <Predicate = true> <Delay = 0.00>
ST_1 : Operation 51 [1/1] (0.00ns)   --->   "%brightness_stream = alloca i64 1" [../Archivos_Fuente/Hyperspectral/DataFlow_2/hyperspectral_accel.cpp:44]   --->   Operation 51 'alloca' 'brightness_stream' <Predicate = true> <Delay = 0.00> <CoreInst = "FIFO_SRL">   --->   Core 81 'FIFO_SRL' <Latency = 0> <II = 1> <Delay = 2.16> <Storage> <Opcode : 'read' 'write' 'nbread' 'nbwrite'> <Ports = 0> <Width = 32> <Depth = 2> <FIFO>
ST_1 : Operation 52 [1/1] (0.00ns)   --->   "%sum_stream = alloca i64 1" [../Archivos_Fuente/Hyperspectral/DataFlow_2/hyperspectral_accel.cpp:14]   --->   Operation 52 'alloca' 'sum_stream' <Predicate = true> <Delay = 0.00> <CoreInst = "FIFO_SRL">   --->   Core 81 'FIFO_SRL' <Latency = 0> <II = 1> <Delay = 2.16> <Storage> <Opcode : 'read' 'write' 'nbread' 'nbwrite'> <Ports = 0> <Width = 32> <Depth = 2> <FIFO>
ST_1 : Operation 53 [1/1] (0.00ns)   --->   "%image = alloca i64 1" [../Archivos_Fuente/Hyperspectral/DataFlow_2/hyperspectral_accel.cpp:94]   --->   Operation 53 'alloca' 'image' <Predicate = true> <Delay = 0.00>
ST_1 : Operation 54 [1/1] (0.00ns)   --->   "%empty_26 = wait i32 @_ssdm_op_Wait"   --->   Operation 54 'wait' 'empty_26' <Predicate = true> <Delay = 0.00>
ST_1 : Operation 55 [1/1] (0.48ns)   --->   "%store_ln64 = store i12 0, i12 %indvar_flatten20" [../Archivos_Fuente/Hyperspectral/DataFlow_2/hyperspectral_accel.cpp:64]   --->   Operation 55 'store' 'store_ln64' <Predicate = true> <Delay = 0.48>
ST_1 : Operation 56 [1/1] (0.48ns)   --->   "%store_ln64 = store i2 0, i2 %i_2" [../Archivos_Fuente/Hyperspectral/DataFlow_2/hyperspectral_accel.cpp:64]   --->   Operation 56 'store' 'store_ln64' <Predicate = true> <Delay = 0.48>
ST_1 : Operation 57 [1/1] (0.48ns)   --->   "%store_ln64 = store i11 0, i11 %j_1" [../Archivos_Fuente/Hyperspectral/DataFlow_2/hyperspectral_accel.cpp:64]   --->   Operation 57 'store' 'store_ln64' <Predicate = true> <Delay = 0.48>
ST_1 : Operation 58 [1/1] (0.48ns)   --->   "%store_ln64 = store i32 3.40282e+38, i32 %minDistance" [../Archivos_Fuente/Hyperspectral/DataFlow_2/hyperspectral_accel.cpp:64]   --->   Operation 58 'store' 'store_ln64' <Predicate = true> <Delay = 0.48>
ST_1 : Operation 59 [1/1] (0.48ns)   --->   "%store_ln64 = store i32 0, i32 %maxBrightness_1" [../Archivos_Fuente/Hyperspectral/DataFlow_2/hyperspectral_accel.cpp:64]   --->   Operation 59 'store' 'store_ln64' <Predicate = true> <Delay = 0.48>

State 2 <SV = 1> <Delay = 0.00>
ST_2 : Operation 60 [2/2] (0.00ns)   --->   "%call_ln0 = call void @hyperspectral_hw_wrapped_Pipeline_VITIS_LOOP_102_1_VITIS_LOOP_103_2_VITIS_LOOP_1, i16 %image, i32 %in_stream_V_data_V, i4 %in_stream_V_keep_V, i4 %in_stream_V_strb_V, i4 %in_stream_V_user_V, i1 %in_stream_V_last_V, i5 %in_stream_V_id_V, i5 %in_stream_V_dest_V"   --->   Operation 60 'call' 'call_ln0' <Predicate = true> <Delay = 0.00> <CoreType = "Generic">   --->   Core 0 '' <Latency = 0> <II = 1> <Delay = 1.00> <Generic> <Opcode : >

State 3 <SV = 2> <Delay = 0.00>
ST_3 : Operation 61 [1/2] (0.00ns)   --->   "%call_ln0 = call void @hyperspectral_hw_wrapped_Pipeline_VITIS_LOOP_102_1_VITIS_LOOP_103_2_VITIS_LOOP_1, i16 %image, i32 %in_stream_V_data_V, i4 %in_stream_V_keep_V, i4 %in_stream_V_strb_V, i4 %in_stream_V_user_V, i1 %in_stream_V_last_V, i5 %in_stream_V_id_V, i5 %in_stream_V_dest_V"   --->   Operation 61 'call' 'call_ln0' <Predicate = true> <Delay = 0.00> <CoreType = "Generic">   --->   Core 0 '' <Latency = 0> <II = 1> <Delay = 1.00> <Generic> <Opcode : >

State 4 <SV = 3> <Delay = 0.00>
ST_4 : Operation 62 [1/1] (0.00ns)   --->   "%empty_27 = wait i32 @_ssdm_op_Wait"   --->   Operation 62 'wait' 'empty_27' <Predicate = true> <Delay = 0.00>

State 5 <SV = 4> <Delay = 5.07>
ST_5 : Operation 63 [1/1] (0.00ns)   --->   "%empty_28 = wait i32 @_ssdm_op_Wait"   --->   Operation 63 'wait' 'empty_28' <Predicate = true> <Delay = 0.00>
ST_5 : Operation 64 [2/2] (5.07ns)   --->   "%call_ln0 = call void @hyperspectral_hw_wrapped_Pipeline_VITIS_LOOP_117_5, i32 %in_stream_V_data_V, i4 %in_stream_V_keep_V, i4 %in_stream_V_strb_V, i4 %in_stream_V_user_V, i1 %in_stream_V_last_V, i5 %in_stream_V_id_V, i5 %in_stream_V_dest_V, i32 %refPixel_1_034_loc, i32 %refPixel_0_033_loc"   --->   Operation 64 'call' 'call_ln0' <Predicate = true> <Delay = 5.07> <CoreType = "Generic">   --->   Core 0 '' <Latency = 0> <II = 1> <Delay = 1.00> <Generic> <Opcode : >

State 6 <SV = 5> <Delay = 1.00>
ST_6 : Operation 65 [1/2] (1.00ns)   --->   "%call_ln0 = call void @hyperspectral_hw_wrapped_Pipeline_VITIS_LOOP_117_5, i32 %in_stream_V_data_V, i4 %in_stream_V_keep_V, i4 %in_stream_V_strb_V, i4 %in_stream_V_user_V, i1 %in_stream_V_last_V, i5 %in_stream_V_id_V, i5 %in_stream_V_dest_V, i32 %refPixel_1_034_loc, i32 %refPixel_0_033_loc"   --->   Operation 65 'call' 'call_ln0' <Predicate = true> <Delay = 1.00> <CoreType = "Generic">   --->   Core 0 '' <Latency = 0> <II = 1> <Delay = 1.00> <Generic> <Opcode : >

State 7 <SV = 6> <Delay = 1.74>
ST_7 : Operation 66 [1/1] (0.00ns)   --->   "%refPixel_1_034_loc_load = load i32 %refPixel_1_034_loc"   --->   Operation 66 'load' 'refPixel_1_034_loc_load' <Predicate = true> <Delay = 0.00>
ST_7 : Operation 67 [1/1] (0.00ns)   --->   "%refPixel_0_033_loc_load = load i32 %refPixel_0_033_loc"   --->   Operation 67 'load' 'refPixel_0_033_loc_load' <Predicate = true> <Delay = 0.00>
ST_7 : Operation 68 [1/1] (0.00ns)   --->   "%empty_29 = trunc i32 %refPixel_0_033_loc_load"   --->   Operation 68 'trunc' 'empty_29' <Predicate = true> <Delay = 0.00>
ST_7 : Operation 69 [1/1] (0.00ns)   --->   "%empty_30 = wait i32 @_ssdm_op_Wait"   --->   Operation 69 'wait' 'empty_30' <Predicate = true> <Delay = 0.00>
ST_7 : Operation 70 [1/1] (0.00ns)   --->   "%tmp_8 = bitconcatenate i19 @_ssdm_op_BitConcatenate.i19.i9.i10, i9 %empty_29, i10 0" [../Archivos_Fuente/Hyperspectral/DataFlow_2/hyperspectral_accel.cpp:17]   --->   Operation 70 'bitconcatenate' 'tmp_8' <Predicate = true> <Delay = 0.00>
ST_7 : Operation 71 [1/1] (0.00ns)   --->   "%trunc_ln17 = trunc i32 %refPixel_1_034_loc_load" [../Archivos_Fuente/Hyperspectral/DataFlow_2/hyperspectral_accel.cpp:17]   --->   Operation 71 'trunc' 'trunc_ln17' <Predicate = true> <Delay = 0.00>
ST_7 : Operation 72 [1/1] (1.05ns)   --->   "%add_ln17 = add i19 %tmp_8, i19 %trunc_ln17" [../Archivos_Fuente/Hyperspectral/DataFlow_2/hyperspectral_accel.cpp:17]   --->   Operation 72 'add' 'add_ln17' <Predicate = true> <Delay = 1.05> <CoreInst = "Adder">   --->   Core 1 'Adder' <Latency = 0> <II = 1> <Delay = 1.05> <FuncUnit> <Opcode : 'add' 'sub'> <InPorts = 2> <OutPorts = 1>
ST_7 : Operation 73 [4/4] (0.69ns) (root node of the DSP)   --->   "%mul_ln17 = mul i19 %add_ln17, i19 180" [../Archivos_Fuente/Hyperspectral/DataFlow_2/hyperspectral_accel.cpp:17]   --->   Operation 73 'mul' 'mul_ln17' <Predicate = true> <Delay = 0.69> <CoreInst = "DSP48">   --->   Core 127 'DSP48' <Latency = 3> <II = 1> <Delay = 0.69> <IPBlock> <Opcode : 'mul' 'add' 'sub' 'select'> <InPorts = 0> <OutPorts = 1> <Sync> <CReg>

State 8 <SV = 7> <Delay = 0.69>
ST_8 : Operation 74 [3/4] (0.69ns) (root node of the DSP)   --->   "%mul_ln17 = mul i19 %add_ln17, i19 180" [../Archivos_Fuente/Hyperspectral/DataFlow_2/hyperspectral_accel.cpp:17]   --->   Operation 74 'mul' 'mul_ln17' <Predicate = true> <Delay = 0.69> <CoreInst = "DSP48">   --->   Core 127 'DSP48' <Latency = 3> <II = 1> <Delay = 0.69> <IPBlock> <Opcode : 'mul' 'add' 'sub' 'select'> <InPorts = 0> <OutPorts = 1> <Sync> <CReg>

State 9 <SV = 8> <Delay = 0.69>
ST_9 : Operation 75 [2/4] (0.69ns) (root node of the DSP)   --->   "%mul_ln17 = mul i19 %add_ln17, i19 180" [../Archivos_Fuente/Hyperspectral/DataFlow_2/hyperspectral_accel.cpp:17]   --->   Operation 75 'mul' 'mul_ln17' <Predicate = true> <Delay = 0.69> <CoreInst = "DSP48">   --->   Core 127 'DSP48' <Latency = 3> <II = 1> <Delay = 0.69> <IPBlock> <Opcode : 'mul' 'add' 'sub' 'select'> <InPorts = 0> <OutPorts = 1> <Sync> <CReg>

State 10 <SV = 9> <Delay = 0.00>
ST_10 : Operation 76 [1/1] (0.00ns)   --->   "%spectopmodule_ln84 = spectopmodule void @_ssdm_op_SpecTopModule, void @empty_0" [../Archivos_Fuente/Hyperspectral/DataFlow_2/hyperspectral_accel.cpp:84]   --->   Operation 76 'spectopmodule' 'spectopmodule_ln84' <Predicate = true> <Delay = 0.00>
ST_10 : Operation 77 [1/1] (0.00ns)   --->   "%specinterface_ln0 = specinterface void @_ssdm_op_SpecInterface, i32 %in_stream_V_data_V, i4 %in_stream_V_keep_V, i4 %in_stream_V_strb_V, i4 %in_stream_V_user_V, i1 %in_stream_V_last_V, i5 %in_stream_V_id_V, i5 %in_stream_V_dest_V, void @empty_3, i32 1, i32 1, void @empty_12, i32 0, i32 0, void @empty_13, void @empty_13, void @empty_13, i32 0, i32 0, i32 0, i32 0, void @empty_13, void @empty_13, i32 4294967295, i32 0"   --->   Operation 77 'specinterface' 'specinterface_ln0' <Predicate = true> <Delay = 0.00>
ST_10 : Operation 78 [1/1] (0.00ns)   --->   "%specbitsmap_ln0 = specbitsmap void @_ssdm_op_SpecBitsMap, i32 %in_stream_V_data_V"   --->   Operation 78 'specbitsmap' 'specbitsmap_ln0' <Predicate = true> <Delay = 0.00>
ST_10 : Operation 79 [1/1] (0.00ns)   --->   "%specbitsmap_ln0 = specbitsmap void @_ssdm_op_SpecBitsMap, i4 %in_stream_V_keep_V"   --->   Operation 79 'specbitsmap' 'specbitsmap_ln0' <Predicate = true> <Delay = 0.00>
ST_10 : Operation 80 [1/1] (0.00ns)   --->   "%specbitsmap_ln0 = specbitsmap void @_ssdm_op_SpecBitsMap, i4 %in_stream_V_strb_V"   --->   Operation 80 'specbitsmap' 'specbitsmap_ln0' <Predicate = true> <Delay = 0.00>
ST_10 : Operation 81 [1/1] (0.00ns)   --->   "%specbitsmap_ln0 = specbitsmap void @_ssdm_op_SpecBitsMap, i4 %in_stream_V_user_V"   --->   Operation 81 'specbitsmap' 'specbitsmap_ln0' <Predicate = true> <Delay = 0.00>
ST_10 : Operation 82 [1/1] (0.00ns)   --->   "%specbitsmap_ln0 = specbitsmap void @_ssdm_op_SpecBitsMap, i1 %in_stream_V_last_V"   --->   Operation 82 'specbitsmap' 'specbitsmap_ln0' <Predicate = true> <Delay = 0.00>
ST_10 : Operation 83 [1/1] (0.00ns)   --->   "%specbitsmap_ln0 = specbitsmap void @_ssdm_op_SpecBitsMap, i5 %in_stream_V_id_V"   --->   Operation 83 'specbitsmap' 'specbitsmap_ln0' <Predicate = true> <Delay = 0.00>
ST_10 : Operation 84 [1/1] (0.00ns)   --->   "%specbitsmap_ln0 = specbitsmap void @_ssdm_op_SpecBitsMap, i5 %in_stream_V_dest_V"   --->   Operation 84 'specbitsmap' 'specbitsmap_ln0' <Predicate = true> <Delay = 0.00>
ST_10 : Operation 85 [1/1] (0.00ns)   --->   "%specinterface_ln0 = specinterface void @_ssdm_op_SpecInterface, i32 %out_stream_V_data_V, i4 %out_stream_V_keep_V, i4 %out_stream_V_strb_V, i4 %out_stream_V_user_V, i1 %out_stream_V_last_V, i5 %out_stream_V_id_V, i5 %out_stream_V_dest_V, void @empty_3, i32 1, i32 1, void @empty_12, i32 0, i32 0, void @empty_13, void @empty_13, void @empty_13, i32 0, i32 0, i32 0, i32 0, void @empty_13, void @empty_13, i32 4294967295, i32 0"   --->   Operation 85 'specinterface' 'specinterface_ln0' <Predicate = true> <Delay = 0.00>
ST_10 : Operation 86 [1/1] (0.00ns)   --->   "%specbitsmap_ln0 = specbitsmap void @_ssdm_op_SpecBitsMap, i32 %out_stream_V_data_V"   --->   Operation 86 'specbitsmap' 'specbitsmap_ln0' <Predicate = true> <Delay = 0.00>
ST_10 : Operation 87 [1/1] (0.00ns)   --->   "%specbitsmap_ln0 = specbitsmap void @_ssdm_op_SpecBitsMap, i4 %out_stream_V_keep_V"   --->   Operation 87 'specbitsmap' 'specbitsmap_ln0' <Predicate = true> <Delay = 0.00>
ST_10 : Operation 88 [1/1] (0.00ns)   --->   "%specbitsmap_ln0 = specbitsmap void @_ssdm_op_SpecBitsMap, i4 %out_stream_V_strb_V"   --->   Operation 88 'specbitsmap' 'specbitsmap_ln0' <Predicate = true> <Delay = 0.00>
ST_10 : Operation 89 [1/1] (0.00ns)   --->   "%specbitsmap_ln0 = specbitsmap void @_ssdm_op_SpecBitsMap, i4 %out_stream_V_user_V"   --->   Operation 89 'specbitsmap' 'specbitsmap_ln0' <Predicate = true> <Delay = 0.00>
ST_10 : Operation 90 [1/1] (0.00ns)   --->   "%specbitsmap_ln0 = specbitsmap void @_ssdm_op_SpecBitsMap, i1 %out_stream_V_last_V"   --->   Operation 90 'specbitsmap' 'specbitsmap_ln0' <Predicate = true> <Delay = 0.00>
ST_10 : Operation 91 [1/1] (0.00ns)   --->   "%specbitsmap_ln0 = specbitsmap void @_ssdm_op_SpecBitsMap, i5 %out_stream_V_id_V"   --->   Operation 91 'specbitsmap' 'specbitsmap_ln0' <Predicate = true> <Delay = 0.00>
ST_10 : Operation 92 [1/1] (0.00ns)   --->   "%specbitsmap_ln0 = specbitsmap void @_ssdm_op_SpecBitsMap, i5 %out_stream_V_dest_V"   --->   Operation 92 'specbitsmap' 'specbitsmap_ln0' <Predicate = true> <Delay = 0.00>
ST_10 : Operation 93 [1/1] (0.00ns)   --->   "%specinterface_ln0 = specinterface void @_ssdm_op_SpecInterface, i32 0, void @empty_11, i32 0, i32 0, void @empty_13, i32 0, i32 0, void @empty_9, void @empty_13, void @empty_13, i32 0, i32 0, i32 0, i32 0, void @empty_13, void @empty_13, i32 4294967295, i32 0"   --->   Operation 93 'specinterface' 'specinterface_ln0' <Predicate = true> <Delay = 0.00>
ST_10 : Operation 94 [1/1] (0.00ns)   --->   "%empty = specchannel i32 @_ssdm_op_SpecChannel, void @brightness_stream_str, i32 1, void @p_str, void @p_str, i32 2, i32 2, i32 %brightness_stream, i32 %brightness_stream"   --->   Operation 94 'specchannel' 'empty' <Predicate = true> <Delay = 0.00>
ST_10 : Operation 95 [1/1] (0.00ns)   --->   "%specinterface_ln0 = specinterface void @_ssdm_op_SpecInterface, i32 %brightness_stream, void @empty_8, i32 0, i32 0, void @empty_13, i32 0, i32 0, void @empty_13, void @empty_13, void @empty_13, i32 0, i32 0, i32 0, i32 0, void @empty_13, void @empty_13, i32 4294967295, i32 0"   --->   Operation 95 'specinterface' 'specinterface_ln0' <Predicate = true> <Delay = 0.00>
ST_10 : Operation 96 [1/1] (0.00ns)   --->   "%empty_25 = specchannel i32 @_ssdm_op_SpecChannel, void @sum_stream_str, i32 1, void @p_str, void @p_str, i32 2, i32 2, i32 %sum_stream, i32 %sum_stream"   --->   Operation 96 'specchannel' 'empty_25' <Predicate = true> <Delay = 0.00>
ST_10 : Operation 97 [1/1] (0.00ns)   --->   "%specinterface_ln0 = specinterface void @_ssdm_op_SpecInterface, i32 %sum_stream, void @empty_8, i32 0, i32 0, void @empty_13, i32 0, i32 0, void @empty_13, void @empty_13, void @empty_13, i32 0, i32 0, i32 0, i32 0, void @empty_13, void @empty_13, i32 4294967295, i32 0"   --->   Operation 97 'specinterface' 'specinterface_ln0' <Predicate = true> <Delay = 0.00>
ST_10 : Operation 98 [1/4] (0.00ns) (root node of the DSP)   --->   "%mul_ln17 = mul i19 %add_ln17, i19 180" [../Archivos_Fuente/Hyperspectral/DataFlow_2/hyperspectral_accel.cpp:17]   --->   Operation 98 'mul' 'mul_ln17' <Predicate = true> <Delay = 0.00> <CoreInst = "DSP48">   --->   Core 127 'DSP48' <Latency = 3> <II = 1> <Delay = 0.69> <IPBlock> <Opcode : 'mul' 'add' 'sub' 'select'> <InPorts = 0> <OutPorts = 1> <Sync> <CReg>
ST_10 : Operation 99 [1/1] (0.00ns)   --->   "%br_ln64 = br void %for.body4.i" [../Archivos_Fuente/Hyperspectral/DataFlow_2/hyperspectral_accel.cpp:64]   --->   Operation 99 'br' 'br_ln64' <Predicate = true> <Delay = 0.00>

State 11 <SV = 10> <Delay = 4.88>
ST_11 : Operation 100 [1/1] (0.00ns)   --->   "%i = load i2 %i_2" [../Archivos_Fuente/Hyperspectral/DataFlow_2/hyperspectral_accel.cpp:64]   --->   Operation 100 'load' 'i' <Predicate = true> <Delay = 0.00>
ST_11 : Operation 101 [1/1] (0.00ns)   --->   "%indvar_flatten20_load = load i12 %indvar_flatten20" [../Archivos_Fuente/Hyperspectral/DataFlow_2/hyperspectral_accel.cpp:64]   --->   Operation 101 'load' 'indvar_flatten20_load' <Predicate = true> <Delay = 0.00>
ST_11 : Operation 102 [1/1] (0.00ns)   --->   "%zext_ln41 = zext i2 %i" [../Archivos_Fuente/Hyperspectral/DataFlow_2/hyperspectral_accel.cpp:41]   --->   Operation 102 'zext' 'zext_ln41' <Predicate = true> <Delay = 0.00>
ST_11 : Operation 103 [1/1] (1.11ns)   --->   "%cmp1_i_i = icmp_ne  i32 %zext_ln41, i32 %refPixel_0_033_loc_load" [../Archivos_Fuente/Hyperspectral/DataFlow_2/hyperspectral_accel.cpp:41]   --->   Operation 103 'icmp' 'cmp1_i_i' <Predicate = true> <Delay = 1.11> <CoreInst = "Cmp">   --->   Core 9 'Cmp' <Latency = 0> <II = 1> <Delay = 1.11> <FuncUnit> <Opcode : 'icmp'> <InPorts = 2> <OutPorts = 1>
ST_11 : Operation 104 [1/1] (0.86ns)   --->   "%icmp_ln64 = icmp_eq  i12 %indvar_flatten20_load, i12 2048" [../Archivos_Fuente/Hyperspectral/DataFlow_2/hyperspectral_accel.cpp:64]   --->   Operation 104 'icmp' 'icmp_ln64' <Predicate = true> <Delay = 0.86> <CoreInst = "Cmp">   --->   Core 9 'Cmp' <Latency = 0> <II = 1> <Delay = 0.86> <FuncUnit> <Opcode : 'icmp'> <InPorts = 2> <OutPorts = 1>
ST_11 : Operation 105 [1/1] (0.96ns)   --->   "%add_ln64_1 = add i12 %indvar_flatten20_load, i12 1" [../Archivos_Fuente/Hyperspectral/DataFlow_2/hyperspectral_accel.cpp:64]   --->   Operation 105 'add' 'add_ln64_1' <Predicate = true> <Delay = 0.96> <CoreInst = "Adder">   --->   Core 1 'Adder' <Latency = 0> <II = 1> <Delay = 0.96> <FuncUnit> <Opcode : 'add' 'sub'> <InPorts = 2> <OutPorts = 1>
ST_11 : Operation 106 [1/1] (0.00ns)   --->   "%br_ln64 = br i1 %icmp_ln64, void %for.inc7.i, void %for.inc76.preheader" [../Archivos_Fuente/Hyperspectral/DataFlow_2/hyperspectral_accel.cpp:64]   --->   Operation 106 'br' 'br_ln64' <Predicate = true> <Delay = 0.00>
ST_11 : Operation 107 [1/1] (0.00ns)   --->   "%j_1_load = load i11 %j_1" [../Archivos_Fuente/Hyperspectral/DataFlow_2/hyperspectral_accel.cpp:65]   --->   Operation 107 'load' 'j_1_load' <Predicate = (!icmp_ln64)> <Delay = 0.00>
ST_11 : Operation 108 [1/1] (0.62ns)   --->   "%add_ln64 = add i2 %i, i2 1" [../Archivos_Fuente/Hyperspectral/DataFlow_2/hyperspectral_accel.cpp:64]   --->   Operation 108 'add' 'add_ln64' <Predicate = (!icmp_ln64)> <Delay = 0.62> <CoreInst = "Adder">   --->   Core 1 'Adder' <Latency = 0> <II = 1> <Delay = 0.62> <FuncUnit> <Opcode : 'add' 'sub'> <InPorts = 2> <OutPorts = 1>
ST_11 : Operation 109 [1/1] (0.85ns)   --->   "%icmp_ln65 = icmp_eq  i11 %j_1_load, i11 1024" [../Archivos_Fuente/Hyperspectral/DataFlow_2/hyperspectral_accel.cpp:65]   --->   Operation 109 'icmp' 'icmp_ln65' <Predicate = (!icmp_ln64)> <Delay = 0.85> <CoreInst = "Cmp">   --->   Core 9 'Cmp' <Latency = 0> <II = 1> <Delay = 0.85> <FuncUnit> <Opcode : 'icmp'> <InPorts = 2> <OutPorts = 1>
ST_11 : Operation 110 [1/1] (0.45ns)   --->   "%select_ln41 = select i1 %icmp_ln65, i11 0, i11 %j_1_load" [../Archivos_Fuente/Hyperspectral/DataFlow_2/hyperspectral_accel.cpp:41]   --->   Operation 110 'select' 'select_ln41' <Predicate = (!icmp_ln64)> <Delay = 0.45> <CoreInst = "Sel">   --->   Core 73 'Sel' <Latency = 0> <II = 1> <Delay = 0.45> <FuncUnit> <Opcode : 'select'> <InPorts = 3> <OutPorts = 1>
ST_11 : Operation 111 [1/1] (0.26ns)   --->   "%select_ln41_1 = select i1 %icmp_ln65, i2 %add_ln64, i2 %i" [../Archivos_Fuente/Hyperspectral/DataFlow_2/hyperspectral_accel.cpp:41]   --->   Operation 111 'select' 'select_ln41_1' <Predicate = (!icmp_ln64)> <Delay = 0.26> <CoreInst = "Sel">   --->   Core 73 'Sel' <Latency = 0> <II = 1> <Delay = 0.26> <FuncUnit> <Opcode : 'select'> <InPorts = 3> <OutPorts = 1>
ST_11 : Operation 112 [1/1] (0.00ns)   --->   "%tmp_s = bitconcatenate i12 @_ssdm_op_BitConcatenate.i12.i2.i10, i2 %select_ln41_1, i10 0" [../Archivos_Fuente/Hyperspectral/DataFlow_2/hyperspectral_accel.cpp:17]   --->   Operation 112 'bitconcatenate' 'tmp_s' <Predicate = (!icmp_ln64)> <Delay = 0.00>
ST_11 : Operation 113 [1/1] (0.00ns)   --->   "%zext_ln41_2 = zext i12 %tmp_s" [../Archivos_Fuente/Hyperspectral/DataFlow_2/hyperspectral_accel.cpp:41]   --->   Operation 113 'zext' 'zext_ln41_2' <Predicate = (!icmp_ln64)> <Delay = 0.00>
ST_11 : Operation 114 [1/1] (0.00ns)   --->   "%zext_ln41_1 = zext i2 %add_ln64" [../Archivos_Fuente/Hyperspectral/DataFlow_2/hyperspectral_accel.cpp:41]   --->   Operation 114 'zext' 'zext_ln41_1' <Predicate = (!icmp_ln64)> <Delay = 0.00>
ST_11 : Operation 115 [1/1] (1.11ns)   --->   "%cmp1_i_i_mid1 = icmp_ne  i32 %zext_ln41_1, i32 %refPixel_0_033_loc_load" [../Archivos_Fuente/Hyperspectral/DataFlow_2/hyperspectral_accel.cpp:41]   --->   Operation 115 'icmp' 'cmp1_i_i_mid1' <Predicate = (!icmp_ln64)> <Delay = 1.11> <CoreInst = "Cmp">   --->   Core 9 'Cmp' <Latency = 0> <II = 1> <Delay = 1.11> <FuncUnit> <Opcode : 'icmp'> <InPorts = 2> <OutPorts = 1>
ST_11 : Operation 116 [1/1] (0.00ns)   --->   "%trunc_ln41 = trunc i2 %select_ln41_1" [../Archivos_Fuente/Hyperspectral/DataFlow_2/hyperspectral_accel.cpp:41]   --->   Operation 116 'trunc' 'trunc_ln41' <Predicate = (!icmp_ln64)> <Delay = 0.00>
ST_11 : Operation 117 [1/1] (0.00ns)   --->   "%zext_ln17 = zext i11 %select_ln41" [../Archivos_Fuente/Hyperspectral/DataFlow_2/hyperspectral_accel.cpp:17]   --->   Operation 117 'zext' 'zext_ln17' <Predicate = (!icmp_ln64)> <Delay = 0.00>
ST_11 : Operation 118 [1/1] (2.48ns) (grouped into DSP with root node mul_ln41)   --->   "%add_ln17_1 = add i13 %zext_ln41_2, i13 %zext_ln17" [../Archivos_Fuente/Hyperspectral/DataFlow_2/hyperspectral_accel.cpp:17]   --->   Operation 118 'add' 'add_ln17_1' <Predicate = (!icmp_ln64)> <Delay = 2.48> <CoreInst = "DSP48">   --->   Core 127 'DSP48' <Latency = 3> <II = 1> <Delay = 0.69> <IPBlock> <Opcode : 'mul' 'add' 'sub' 'select'> <InPorts = 0> <OutPorts = 1> <Sync> <CReg>
ST_11 : Operation 119 [1/1] (0.00ns) (grouped into DSP with root node mul_ln41)   --->   "%zext_ln41_5 = zext i13 %add_ln17_1" [../Archivos_Fuente/Hyperspectral/DataFlow_2/hyperspectral_accel.cpp:41]   --->   Operation 119 'zext' 'zext_ln41_5' <Predicate = (!icmp_ln64)> <Delay = 0.00>
ST_11 : Operation 120 [4/4] (1.08ns) (root node of the DSP)   --->   "%mul_ln41 = mul i19 %zext_ln41_5, i19 180" [../Archivos_Fuente/Hyperspectral/DataFlow_2/hyperspectral_accel.cpp:41]   --->   Operation 120 'mul' 'mul_ln41' <Predicate = (!icmp_ln64)> <Delay = 1.08> <CoreInst = "DSP48">   --->   Core 127 'DSP48' <Latency = 3> <II = 1> <Delay = 0.69> <IPBlock> <Opcode : 'mul' 'add' 'sub' 'select'> <InPorts = 0> <OutPorts = 1> <Sync> <CReg>
ST_11 : Operation 121 [1/1] (0.00ns)   --->   "%zext_ln41_3 = zext i11 %select_ln41" [../Archivos_Fuente/Hyperspectral/DataFlow_2/hyperspectral_accel.cpp:41]   --->   Operation 121 'zext' 'zext_ln41_3' <Predicate = (!icmp_ln64)> <Delay = 0.00>
ST_11 : Operation 122 [1/1] (0.00ns)   --->   "%empty_35 = wait i32 @_ssdm_op_Wait"   --->   Operation 122 'wait' 'empty_35' <Predicate = (!icmp_ln64)> <Delay = 0.00>
ST_11 : Operation 123 [1/1] (1.11ns)   --->   "%icmp_ln34 = icmp_ne  i32 %zext_ln41_3, i32 %refPixel_1_034_loc_load" [../Archivos_Fuente/Hyperspectral/DataFlow_2/hyperspectral_accel.cpp:34]   --->   Operation 123 'icmp' 'icmp_ln34' <Predicate = (!icmp_ln64)> <Delay = 1.11> <CoreInst = "Cmp">   --->   Core 9 'Cmp' <Latency = 0> <II = 1> <Delay = 1.11> <FuncUnit> <Opcode : 'icmp'> <InPorts = 2> <OutPorts = 1>
ST_11 : Operation 124 [1/1] (0.00ns)   --->   "%trunc_ln34_2 = trunc i11 %select_ln41" [../Archivos_Fuente/Hyperspectral/DataFlow_2/hyperspectral_accel.cpp:34]   --->   Operation 124 'trunc' 'trunc_ln34_2' <Predicate = (!icmp_ln64)> <Delay = 0.00>
ST_11 : Operation 125 [1/1] (0.94ns)   --->   "%add_ln65 = add i11 %select_ln41, i11 1" [../Archivos_Fuente/Hyperspectral/DataFlow_2/hyperspectral_accel.cpp:65]   --->   Operation 125 'add' 'add_ln65' <Predicate = (!icmp_ln64)> <Delay = 0.94> <CoreInst = "Adder">   --->   Core 1 'Adder' <Latency = 0> <II = 1> <Delay = 0.94> <FuncUnit> <Opcode : 'add' 'sub'> <InPorts = 2> <OutPorts = 1>
ST_11 : Operation 126 [1/1] (0.48ns)   --->   "%store_ln65 = store i12 %add_ln64_1, i12 %indvar_flatten20" [../Archivos_Fuente/Hyperspectral/DataFlow_2/hyperspectral_accel.cpp:65]   --->   Operation 126 'store' 'store_ln65' <Predicate = (!icmp_ln64)> <Delay = 0.48>
ST_11 : Operation 127 [1/1] (0.48ns)   --->   "%store_ln65 = store i2 %select_ln41_1, i2 %i_2" [../Archivos_Fuente/Hyperspectral/DataFlow_2/hyperspectral_accel.cpp:65]   --->   Operation 127 'store' 'store_ln65' <Predicate = (!icmp_ln64)> <Delay = 0.48>
ST_11 : Operation 128 [1/1] (0.48ns)   --->   "%store_ln65 = store i11 %add_ln65, i11 %j_1" [../Archivos_Fuente/Hyperspectral/DataFlow_2/hyperspectral_accel.cpp:65]   --->   Operation 128 'store' 'store_ln65' <Predicate = (!icmp_ln64)> <Delay = 0.48>

State 12 <SV = 11> <Delay = 1.08>
ST_12 : Operation 129 [3/4] (1.08ns) (root node of the DSP)   --->   "%mul_ln41 = mul i19 %zext_ln41_5, i19 180" [../Archivos_Fuente/Hyperspectral/DataFlow_2/hyperspectral_accel.cpp:41]   --->   Operation 129 'mul' 'mul_ln41' <Predicate = true> <Delay = 1.08> <CoreInst = "DSP48">   --->   Core 127 'DSP48' <Latency = 3> <II = 1> <Delay = 0.69> <IPBlock> <Opcode : 'mul' 'add' 'sub' 'select'> <InPorts = 0> <OutPorts = 1> <Sync> <CReg>

State 13 <SV = 12> <Delay = 1.08>
ST_13 : Operation 130 [2/4] (1.08ns) (root node of the DSP)   --->   "%mul_ln41 = mul i19 %zext_ln41_5, i19 180" [../Archivos_Fuente/Hyperspectral/DataFlow_2/hyperspectral_accel.cpp:41]   --->   Operation 130 'mul' 'mul_ln41' <Predicate = true> <Delay = 1.08> <CoreInst = "DSP48">   --->   Core 127 'DSP48' <Latency = 3> <II = 1> <Delay = 0.69> <IPBlock> <Opcode : 'mul' 'add' 'sub' 'select'> <InPorts = 0> <OutPorts = 1> <Sync> <CReg>

State 14 <SV = 13> <Delay = 2.40>
ST_14 : Operation 131 [1/4] (0.00ns) (root node of the DSP)   --->   "%mul_ln41 = mul i19 %zext_ln41_5, i19 180" [../Archivos_Fuente/Hyperspectral/DataFlow_2/hyperspectral_accel.cpp:41]   --->   Operation 131 'mul' 'mul_ln41' <Predicate = true> <Delay = 0.00> <CoreInst = "DSP48">   --->   Core 127 'DSP48' <Latency = 3> <II = 1> <Delay = 0.69> <IPBlock> <Opcode : 'mul' 'add' 'sub' 'select'> <InPorts = 0> <OutPorts = 1> <Sync> <CReg>
ST_14 : Operation 132 [2/2] (2.40ns)   --->   "%call_ln41 = call void @hyperspectral_hw_wrapped_Pipeline_L3, i19 %mul_ln41, i16 %image, i19 %mul_ln17, i32 %sum_stream" [../Archivos_Fuente/Hyperspectral/DataFlow_2/hyperspectral_accel.cpp:41]   --->   Operation 132 'call' 'call_ln41' <Predicate = true> <Delay = 2.40> <CoreType = "Generic">   --->   Core 0 '' <Latency = 0> <II = 1> <Delay = 1.00> <Generic> <Opcode : >

State 15 <SV = 14> <Delay = 0.00>
ST_15 : Operation 133 [1/2] (0.00ns)   --->   "%call_ln41 = call void @hyperspectral_hw_wrapped_Pipeline_L3, i19 %mul_ln41, i16 %image, i19 %mul_ln17, i32 %sum_stream" [../Archivos_Fuente/Hyperspectral/DataFlow_2/hyperspectral_accel.cpp:41]   --->   Operation 133 'call' 'call_ln41' <Predicate = true> <Delay = 0.00> <CoreType = "Generic">   --->   Core 0 '' <Latency = 0> <II = 1> <Delay = 1.00> <Generic> <Opcode : >

State 16 <SV = 15> <Delay = 0.00>
ST_16 : Operation 134 [1/1] (0.00ns)   --->   "%empty_36 = wait i32 @_ssdm_op_Wait"   --->   Operation 134 'wait' 'empty_36' <Predicate = true> <Delay = 0.00>

State 17 <SV = 16> <Delay = 0.00>
ST_17 : Operation 135 [1/1] (0.00ns)   --->   "%empty_37 = wait i32 @_ssdm_op_Wait"   --->   Operation 135 'wait' 'empty_37' <Predicate = true> <Delay = 0.00>
ST_17 : Operation 136 [2/2] (0.00ns)   --->   "%call_ln0 = call void @hyperspectral_hw_wrapped_Pipeline_L4, i32 %sum_stream, i32 %sum_loc"   --->   Operation 136 'call' 'call_ln0' <Predicate = true> <Delay = 0.00> <CoreType = "Generic">   --->   Core 0 '' <Latency = 0> <II = 1> <Delay = 1.00> <Generic> <Opcode : >

State 18 <SV = 17> <Delay = 0.00>
ST_18 : Operation 137 [1/2] (0.00ns)   --->   "%call_ln0 = call void @hyperspectral_hw_wrapped_Pipeline_L4, i32 %sum_stream, i32 %sum_loc"   --->   Operation 137 'call' 'call_ln0' <Predicate = true> <Delay = 0.00> <CoreType = "Generic">   --->   Core 0 '' <Latency = 0> <II = 1> <Delay = 1.00> <Generic> <Opcode : >

State 19 <SV = 18> <Delay = 6.47>
ST_19 : Operation 138 [1/1] (0.00ns)   --->   "%sum_loc_load = load i32 %sum_loc"   --->   Operation 138 'load' 'sum_loc_load' <Predicate = true> <Delay = 0.00>
ST_19 : Operation 139 [1/1] (0.00ns)   --->   "%empty_38 = wait i32 @_ssdm_op_Wait"   --->   Operation 139 'wait' 'empty_38' <Predicate = true> <Delay = 0.00>
ST_19 : Operation 140 [10/10] (6.47ns)   --->   "%minDistance_3 = fsqrt i32 @llvm.sqrt.f32, i32 %sum_loc_load" [/wrk/ci/prod/2022.1/rdi_builds/continuous/2022_04_18_3526262/src/shared/hls/clib/hlsmath/src/c++/sqrtfloat.cpp:8]   --->   Operation 140 'fsqrt' 'minDistance_3' <Predicate = true> <Delay = 6.47> <CoreInst = "FSqrt">   --->   Core 35 'FSqrt' <Latency = 9> <II = 1> <Delay = 6.47> <FuncUnit> <Opcode : 'fsqrt'> <InPorts = 1> <OutPorts = 1>

State 20 <SV = 19> <Delay = 6.47>
ST_20 : Operation 141 [1/1] (0.00ns)   --->   "%empty_39 = wait i32 @_ssdm_op_Wait"   --->   Operation 141 'wait' 'empty_39' <Predicate = true> <Delay = 0.00>
ST_20 : Operation 142 [2/2] (2.40ns)   --->   "%call_ln41 = call void @hyperspectral_hw_wrapped_Pipeline_L5, i19 %mul_ln41, i16 %image, i32 %brightness_stream" [../Archivos_Fuente/Hyperspectral/DataFlow_2/hyperspectral_accel.cpp:41]   --->   Operation 142 'call' 'call_ln41' <Predicate = true> <Delay = 2.40> <CoreType = "Generic">   --->   Core 0 '' <Latency = 0> <II = 1> <Delay = 1.00> <Generic> <Opcode : >
ST_20 : Operation 143 [9/10] (6.47ns)   --->   "%minDistance_3 = fsqrt i32 @llvm.sqrt.f32, i32 %sum_loc_load" [/wrk/ci/prod/2022.1/rdi_builds/continuous/2022_04_18_3526262/src/shared/hls/clib/hlsmath/src/c++/sqrtfloat.cpp:8]   --->   Operation 143 'fsqrt' 'minDistance_3' <Predicate = true> <Delay = 6.47> <CoreInst = "FSqrt">   --->   Core 35 'FSqrt' <Latency = 9> <II = 1> <Delay = 6.47> <FuncUnit> <Opcode : 'fsqrt'> <InPorts = 1> <OutPorts = 1>

State 21 <SV = 20> <Delay = 6.47>
ST_21 : Operation 144 [1/2] (0.00ns)   --->   "%call_ln41 = call void @hyperspectral_hw_wrapped_Pipeline_L5, i19 %mul_ln41, i16 %image, i32 %brightness_stream" [../Archivos_Fuente/Hyperspectral/DataFlow_2/hyperspectral_accel.cpp:41]   --->   Operation 144 'call' 'call_ln41' <Predicate = true> <Delay = 0.00> <CoreType = "Generic">   --->   Core 0 '' <Latency = 0> <II = 1> <Delay = 1.00> <Generic> <Opcode : >
ST_21 : Operation 145 [8/10] (6.47ns)   --->   "%minDistance_3 = fsqrt i32 @llvm.sqrt.f32, i32 %sum_loc_load" [/wrk/ci/prod/2022.1/rdi_builds/continuous/2022_04_18_3526262/src/shared/hls/clib/hlsmath/src/c++/sqrtfloat.cpp:8]   --->   Operation 145 'fsqrt' 'minDistance_3' <Predicate = true> <Delay = 6.47> <CoreInst = "FSqrt">   --->   Core 35 'FSqrt' <Latency = 9> <II = 1> <Delay = 6.47> <FuncUnit> <Opcode : 'fsqrt'> <InPorts = 1> <OutPorts = 1>

State 22 <SV = 21> <Delay = 6.47>
ST_22 : Operation 146 [1/1] (0.00ns)   --->   "%empty_40 = wait i32 @_ssdm_op_Wait"   --->   Operation 146 'wait' 'empty_40' <Predicate = true> <Delay = 0.00>
ST_22 : Operation 147 [7/10] (6.47ns)   --->   "%minDistance_3 = fsqrt i32 @llvm.sqrt.f32, i32 %sum_loc_load" [/wrk/ci/prod/2022.1/rdi_builds/continuous/2022_04_18_3526262/src/shared/hls/clib/hlsmath/src/c++/sqrtfloat.cpp:8]   --->   Operation 147 'fsqrt' 'minDistance_3' <Predicate = true> <Delay = 6.47> <CoreInst = "FSqrt">   --->   Core 35 'FSqrt' <Latency = 9> <II = 1> <Delay = 6.47> <FuncUnit> <Opcode : 'fsqrt'> <InPorts = 1> <OutPorts = 1>

State 23 <SV = 22> <Delay = 6.47>
ST_23 : Operation 148 [1/1] (0.00ns)   --->   "%empty_41 = wait i32 @_ssdm_op_Wait"   --->   Operation 148 'wait' 'empty_41' <Predicate = true> <Delay = 0.00>
ST_23 : Operation 149 [2/2] (0.00ns)   --->   "%call_ln0 = call void @hyperspectral_hw_wrapped_Pipeline_L6, i32 %brightness_stream, i32 %current_brightness_loc"   --->   Operation 149 'call' 'call_ln0' <Predicate = true> <Delay = 0.00> <CoreType = "Generic">   --->   Core 0 '' <Latency = 0> <II = 1> <Delay = 1.00> <Generic> <Opcode : >
ST_23 : Operation 150 [6/10] (6.47ns)   --->   "%minDistance_3 = fsqrt i32 @llvm.sqrt.f32, i32 %sum_loc_load" [/wrk/ci/prod/2022.1/rdi_builds/continuous/2022_04_18_3526262/src/shared/hls/clib/hlsmath/src/c++/sqrtfloat.cpp:8]   --->   Operation 150 'fsqrt' 'minDistance_3' <Predicate = true> <Delay = 6.47> <CoreInst = "FSqrt">   --->   Core 35 'FSqrt' <Latency = 9> <II = 1> <Delay = 6.47> <FuncUnit> <Opcode : 'fsqrt'> <InPorts = 1> <OutPorts = 1>

State 24 <SV = 23> <Delay = 6.47>
ST_24 : Operation 151 [1/2] (1.34ns)   --->   "%call_ln0 = call void @hyperspectral_hw_wrapped_Pipeline_L6, i32 %brightness_stream, i32 %current_brightness_loc"   --->   Operation 151 'call' 'call_ln0' <Predicate = true> <Delay = 1.34> <CoreType = "Generic">   --->   Core 0 '' <Latency = 0> <II = 1> <Delay = 1.00> <Generic> <Opcode : >
ST_24 : Operation 152 [5/10] (6.47ns)   --->   "%minDistance_3 = fsqrt i32 @llvm.sqrt.f32, i32 %sum_loc_load" [/wrk/ci/prod/2022.1/rdi_builds/continuous/2022_04_18_3526262/src/shared/hls/clib/hlsmath/src/c++/sqrtfloat.cpp:8]   --->   Operation 152 'fsqrt' 'minDistance_3' <Predicate = true> <Delay = 6.47> <CoreInst = "FSqrt">   --->   Core 35 'FSqrt' <Latency = 9> <II = 1> <Delay = 6.47> <FuncUnit> <Opcode : 'fsqrt'> <InPorts = 1> <OutPorts = 1>

State 25 <SV = 24> <Delay = 6.47>
ST_25 : Operation 153 [4/10] (6.47ns)   --->   "%minDistance_3 = fsqrt i32 @llvm.sqrt.f32, i32 %sum_loc_load" [/wrk/ci/prod/2022.1/rdi_builds/continuous/2022_04_18_3526262/src/shared/hls/clib/hlsmath/src/c++/sqrtfloat.cpp:8]   --->   Operation 153 'fsqrt' 'minDistance_3' <Predicate = true> <Delay = 6.47> <CoreInst = "FSqrt">   --->   Core 35 'FSqrt' <Latency = 9> <II = 1> <Delay = 6.47> <FuncUnit> <Opcode : 'fsqrt'> <InPorts = 1> <OutPorts = 1>

State 26 <SV = 25> <Delay = 6.47>
ST_26 : Operation 154 [3/10] (6.47ns)   --->   "%minDistance_3 = fsqrt i32 @llvm.sqrt.f32, i32 %sum_loc_load" [/wrk/ci/prod/2022.1/rdi_builds/continuous/2022_04_18_3526262/src/shared/hls/clib/hlsmath/src/c++/sqrtfloat.cpp:8]   --->   Operation 154 'fsqrt' 'minDistance_3' <Predicate = true> <Delay = 6.47> <CoreInst = "FSqrt">   --->   Core 35 'FSqrt' <Latency = 9> <II = 1> <Delay = 6.47> <FuncUnit> <Opcode : 'fsqrt'> <InPorts = 1> <OutPorts = 1>

State 27 <SV = 26> <Delay = 6.47>
ST_27 : Operation 155 [2/10] (6.47ns)   --->   "%minDistance_3 = fsqrt i32 @llvm.sqrt.f32, i32 %sum_loc_load" [/wrk/ci/prod/2022.1/rdi_builds/continuous/2022_04_18_3526262/src/shared/hls/clib/hlsmath/src/c++/sqrtfloat.cpp:8]   --->   Operation 155 'fsqrt' 'minDistance_3' <Predicate = true> <Delay = 6.47> <CoreInst = "FSqrt">   --->   Core 35 'FSqrt' <Latency = 9> <II = 1> <Delay = 6.47> <FuncUnit> <Opcode : 'fsqrt'> <InPorts = 1> <OutPorts = 1>

State 28 <SV = 27> <Delay = 6.47>
ST_28 : Operation 156 [1/10] (6.47ns)   --->   "%minDistance_3 = fsqrt i32 @llvm.sqrt.f32, i32 %sum_loc_load" [/wrk/ci/prod/2022.1/rdi_builds/continuous/2022_04_18_3526262/src/shared/hls/clib/hlsmath/src/c++/sqrtfloat.cpp:8]   --->   Operation 156 'fsqrt' 'minDistance_3' <Predicate = true> <Delay = 6.47> <CoreInst = "FSqrt">   --->   Core 35 'FSqrt' <Latency = 9> <II = 1> <Delay = 6.47> <FuncUnit> <Opcode : 'fsqrt'> <InPorts = 1> <OutPorts = 1>

State 29 <SV = 28> <Delay = 3.34>
ST_29 : Operation 157 [1/1] (0.00ns)   --->   "%minDistance_load_1 = load i32 %minDistance" [../Archivos_Fuente/Hyperspectral/DataFlow_2/hyperspectral_accel.cpp:34]   --->   Operation 157 'load' 'minDistance_load_1' <Predicate = true> <Delay = 0.00>
ST_29 : Operation 158 [2/2] (3.34ns)   --->   "%tmp_7 = fcmp_olt  i32 %minDistance_3, i32 %minDistance_load_1" [../Archivos_Fuente/Hyperspectral/DataFlow_2/hyperspectral_accel.cpp:34]   --->   Operation 158 'fcmp' 'tmp_7' <Predicate = true> <Delay = 3.34> <CoreInst = "FCompare">   --->   Core 19 'FCompare' <Latency = 1> <II = 1> <Delay = 3.34> <FuncUnit> <Opcode : 'fcmp'> <InPorts = 2> <OutPorts = 1>

State 30 <SV = 29> <Delay = 5.02>
ST_30 : Operation 159 [1/1] (0.00ns)   --->   "%maxBrightness_1_load = load i32 %maxBrightness_1" [../Archivos_Fuente/Hyperspectral/DataFlow_2/hyperspectral_accel.cpp:75]   --->   Operation 159 'load' 'maxBrightness_1_load' <Predicate = true> <Delay = 0.00>
ST_30 : Operation 160 [1/1] (0.00ns)   --->   "%i_04_i627_load_1 = load i32 %i_04_i627" [../Archivos_Fuente/Hyperspectral/DataFlow_2/hyperspectral_accel.cpp:34]   --->   Operation 160 'load' 'i_04_i627_load_1' <Predicate = true> <Delay = 0.00>
ST_30 : Operation 161 [1/1] (0.00ns)   --->   "%j_02_i629_load_1 = load i32 %j_02_i629" [../Archivos_Fuente/Hyperspectral/DataFlow_2/hyperspectral_accel.cpp:34]   --->   Operation 161 'load' 'j_02_i629_load_1' <Predicate = true> <Delay = 0.00>
ST_30 : Operation 162 [1/1] (0.00ns)   --->   "%i_04_i631_load_1 = load i32 %i_04_i631" [../Archivos_Fuente/Hyperspectral/DataFlow_2/hyperspectral_accel.cpp:75]   --->   Operation 162 'load' 'i_04_i631_load_1' <Predicate = true> <Delay = 0.00>
ST_30 : Operation 163 [1/1] (0.00ns)   --->   "%j_02_i633_load_1 = load i32 %j_02_i633" [../Archivos_Fuente/Hyperspectral/DataFlow_2/hyperspectral_accel.cpp:75]   --->   Operation 163 'load' 'j_02_i633_load_1' <Predicate = true> <Delay = 0.00>
ST_30 : Operation 164 [1/1] (0.00ns)   --->   "%specloopname_ln0 = specloopname void @_ssdm_op_SpecLoopName, void @L1_L2_str"   --->   Operation 164 'specloopname' 'specloopname_ln0' <Predicate = true> <Delay = 0.00>
ST_30 : Operation 165 [1/1] (0.00ns)   --->   "%empty_34 = speclooptripcount i32 @_ssdm_op_SpecLoopTripCount, i64 2048, i64 2048, i64 2048"   --->   Operation 165 'speclooptripcount' 'empty_34' <Predicate = true> <Delay = 0.00>
ST_30 : Operation 166 [1/1] (0.00ns) (grouped into LUT with out node and_ln34)   --->   "%select_ln41_2 = select i1 %icmp_ln65, i1 %cmp1_i_i_mid1, i1 %cmp1_i_i" [../Archivos_Fuente/Hyperspectral/DataFlow_2/hyperspectral_accel.cpp:41]   --->   Operation 166 'select' 'select_ln41_2' <Predicate = true> <Delay = 0.00> <CoreInst = "Sel">   --->   Core 73 'Sel' <Latency = 0> <II = 1> <Delay = 0.26> <FuncUnit> <Opcode : 'select'> <InPorts = 3> <OutPorts = 1>
ST_30 : Operation 167 [1/1] (0.00ns)   --->   "%zext_ln41_4 = zext i1 %trunc_ln41" [../Archivos_Fuente/Hyperspectral/DataFlow_2/hyperspectral_accel.cpp:41]   --->   Operation 167 'zext' 'zext_ln41_4' <Predicate = true> <Delay = 0.00>
ST_30 : Operation 168 [1/1] (0.00ns)   --->   "%specloopname_ln97 = specloopname void @_ssdm_op_SpecLoopName, void @empty_10" [../Archivos_Fuente/Hyperspectral/DataFlow_2/hyperspectral_accel.cpp:97]   --->   Operation 168 'specloopname' 'specloopname_ln97' <Predicate = true> <Delay = 0.00>
ST_30 : Operation 169 [1/1] (0.00ns)   --->   "%current_brightness_loc_load = load i32 %current_brightness_loc"   --->   Operation 169 'load' 'current_brightness_loc_load' <Predicate = true> <Delay = 0.00>
ST_30 : Operation 170 [1/1] (0.00ns)   --->   "%bitcast_ln34 = bitcast i32 %minDistance_3" [../Archivos_Fuente/Hyperspectral/DataFlow_2/hyperspectral_accel.cpp:34]   --->   Operation 170 'bitcast' 'bitcast_ln34' <Predicate = true> <Delay = 0.00>
ST_30 : Operation 171 [1/1] (0.00ns)   --->   "%tmp_5 = partselect i8 @_ssdm_op_PartSelect.i8.i32.i32.i32, i32 %bitcast_ln34, i32 23, i32 30" [../Archivos_Fuente/Hyperspectral/DataFlow_2/hyperspectral_accel.cpp:34]   --->   Operation 171 'partselect' 'tmp_5' <Predicate = true> <Delay = 0.00>
ST_30 : Operation 172 [1/1] (0.00ns)   --->   "%trunc_ln34 = trunc i32 %bitcast_ln34" [../Archivos_Fuente/Hyperspectral/DataFlow_2/hyperspectral_accel.cpp:34]   --->   Operation 172 'trunc' 'trunc_ln34' <Predicate = true> <Delay = 0.00>
ST_30 : Operation 173 [1/1] (0.00ns)   --->   "%bitcast_ln34_1 = bitcast i32 %minDistance_load_1" [../Archivos_Fuente/Hyperspectral/DataFlow_2/hyperspectral_accel.cpp:34]   --->   Operation 173 'bitcast' 'bitcast_ln34_1' <Predicate = true> <Delay = 0.00>
ST_30 : Operation 174 [1/1] (0.00ns)   --->   "%tmp_6 = partselect i8 @_ssdm_op_PartSelect.i8.i32.i32.i32, i32 %bitcast_ln34_1, i32 23, i32 30" [../Archivos_Fuente/Hyperspectral/DataFlow_2/hyperspectral_accel.cpp:34]   --->   Operation 174 'partselect' 'tmp_6' <Predicate = true> <Delay = 0.00>
ST_30 : Operation 175 [1/1] (0.00ns)   --->   "%trunc_ln34_1 = trunc i32 %bitcast_ln34_1" [../Archivos_Fuente/Hyperspectral/DataFlow_2/hyperspectral_accel.cpp:34]   --->   Operation 175 'trunc' 'trunc_ln34_1' <Predicate = true> <Delay = 0.00>
ST_30 : Operation 176 [1/1] (0.85ns)   --->   "%icmp_ln34_1 = icmp_ne  i8 %tmp_5, i8 255" [../Archivos_Fuente/Hyperspectral/DataFlow_2/hyperspectral_accel.cpp:34]   --->   Operation 176 'icmp' 'icmp_ln34_1' <Predicate = true> <Delay = 0.85> <CoreInst = "Cmp">   --->   Core 9 'Cmp' <Latency = 0> <II = 1> <Delay = 0.85> <FuncUnit> <Opcode : 'icmp'> <InPorts = 2> <OutPorts = 1>
ST_30 : Operation 177 [1/1] (0.97ns)   --->   "%icmp_ln34_2 = icmp_eq  i23 %trunc_ln34, i23 0" [../Archivos_Fuente/Hyperspectral/DataFlow_2/hyperspectral_accel.cpp:34]   --->   Operation 177 'icmp' 'icmp_ln34_2' <Predicate = true> <Delay = 0.97> <CoreInst = "Cmp">   --->   Core 9 'Cmp' <Latency = 0> <II = 1> <Delay = 0.97> <FuncUnit> <Opcode : 'icmp'> <InPorts = 2> <OutPorts = 1>
ST_30 : Operation 178 [1/1] (0.00ns) (grouped into LUT with out node and_ln34_2)   --->   "%or_ln34_1 = or i1 %icmp_ln34_2, i1 %icmp_ln34_1" [../Archivos_Fuente/Hyperspectral/DataFlow_2/hyperspectral_accel.cpp:34]   --->   Operation 178 'or' 'or_ln34_1' <Predicate = true> <Delay = 0.00> <CoreInst = "LogicGate">   --->   Core 74 'LogicGate' <Latency = 0> <II = 1> <Delay = 0.33> <FuncUnit> <Opcode : 'and' 'or' 'xor'> <InPorts = 2> <OutPorts = 1>
ST_30 : Operation 179 [1/1] (0.85ns)   --->   "%icmp_ln34_3 = icmp_ne  i8 %tmp_6, i8 255" [../Archivos_Fuente/Hyperspectral/DataFlow_2/hyperspectral_accel.cpp:34]   --->   Operation 179 'icmp' 'icmp_ln34_3' <Predicate = true> <Delay = 0.85> <CoreInst = "Cmp">   --->   Core 9 'Cmp' <Latency = 0> <II = 1> <Delay = 0.85> <FuncUnit> <Opcode : 'icmp'> <InPorts = 2> <OutPorts = 1>
ST_30 : Operation 180 [1/1] (0.97ns)   --->   "%icmp_ln34_4 = icmp_eq  i23 %trunc_ln34_1, i23 0" [../Archivos_Fuente/Hyperspectral/DataFlow_2/hyperspectral_accel.cpp:34]   --->   Operation 180 'icmp' 'icmp_ln34_4' <Predicate = true> <Delay = 0.97> <CoreInst = "Cmp">   --->   Core 9 'Cmp' <Latency = 0> <II = 1> <Delay = 0.97> <FuncUnit> <Opcode : 'icmp'> <InPorts = 2> <OutPorts = 1>
ST_30 : Operation 181 [1/1] (0.00ns) (grouped into LUT with out node and_ln34_2)   --->   "%or_ln34_2 = or i1 %icmp_ln34_4, i1 %icmp_ln34_3" [../Archivos_Fuente/Hyperspectral/DataFlow_2/hyperspectral_accel.cpp:34]   --->   Operation 181 'or' 'or_ln34_2' <Predicate = true> <Delay = 0.00> <CoreInst = "LogicGate">   --->   Core 74 'LogicGate' <Latency = 0> <II = 1> <Delay = 0.33> <FuncUnit> <Opcode : 'and' 'or' 'xor'> <InPorts = 2> <OutPorts = 1>
ST_30 : Operation 182 [1/1] (0.00ns) (grouped into LUT with out node and_ln34_2)   --->   "%and_ln34_1 = and i1 %or_ln34_1, i1 %or_ln34_2" [../Archivos_Fuente/Hyperspectral/DataFlow_2/hyperspectral_accel.cpp:34]   --->   Operation 182 'and' 'and_ln34_1' <Predicate = true> <Delay = 0.00> <CoreInst = "LogicGate">   --->   Core 74 'LogicGate' <Latency = 0> <II = 1> <Delay = 0.33> <FuncUnit> <Opcode : 'and' 'or' 'xor'> <InPorts = 2> <OutPorts = 1>
ST_30 : Operation 183 [1/2] (3.34ns)   --->   "%tmp_7 = fcmp_olt  i32 %minDistance_3, i32 %minDistance_load_1" [../Archivos_Fuente/Hyperspectral/DataFlow_2/hyperspectral_accel.cpp:34]   --->   Operation 183 'fcmp' 'tmp_7' <Predicate = true> <Delay = 3.34> <CoreInst = "FCompare">   --->   Core 19 'FCompare' <Latency = 1> <II = 1> <Delay = 3.34> <FuncUnit> <Opcode : 'fcmp'> <InPorts = 2> <OutPorts = 1>
ST_30 : Operation 184 [1/1] (0.33ns) (out node of the LUT)   --->   "%and_ln34_2 = and i1 %and_ln34_1, i1 %tmp_7" [../Archivos_Fuente/Hyperspectral/DataFlow_2/hyperspectral_accel.cpp:34]   --->   Operation 184 'and' 'and_ln34_2' <Predicate = true> <Delay = 0.33> <CoreInst = "LogicGate">   --->   Core 74 'LogicGate' <Latency = 0> <II = 1> <Delay = 0.33> <FuncUnit> <Opcode : 'and' 'or' 'xor'> <InPorts = 2> <OutPorts = 1>
ST_30 : Operation 185 [1/1] (0.00ns) (grouped into LUT with out node and_ln34)   --->   "%or_ln34 = or i1 %select_ln41_2, i1 %icmp_ln34" [../Archivos_Fuente/Hyperspectral/DataFlow_2/hyperspectral_accel.cpp:34]   --->   Operation 185 'or' 'or_ln34' <Predicate = true> <Delay = 0.00> <CoreInst = "LogicGate">   --->   Core 74 'LogicGate' <Latency = 0> <II = 1> <Delay = 0.33> <FuncUnit> <Opcode : 'and' 'or' 'xor'> <InPorts = 2> <OutPorts = 1>
ST_30 : Operation 186 [1/1] (0.33ns) (out node of the LUT)   --->   "%and_ln34 = and i1 %and_ln34_2, i1 %or_ln34" [../Archivos_Fuente/Hyperspectral/DataFlow_2/hyperspectral_accel.cpp:34]   --->   Operation 186 'and' 'and_ln34' <Predicate = true> <Delay = 0.33> <CoreInst = "LogicGate">   --->   Core 74 'LogicGate' <Latency = 0> <II = 1> <Delay = 0.33> <FuncUnit> <Opcode : 'and' 'or' 'xor'> <InPorts = 2> <OutPorts = 1>
ST_30 : Operation 187 [1/1] (0.00ns)   --->   "%zext_ln34 = zext i10 %trunc_ln34_2" [../Archivos_Fuente/Hyperspectral/DataFlow_2/hyperspectral_accel.cpp:34]   --->   Operation 187 'zext' 'zext_ln34' <Predicate = true> <Delay = 0.00>
ST_30 : Operation 188 [1/1] (0.52ns)   --->   "%select_ln34 = select i1 %and_ln34, i32 %zext_ln41_4, i32 %i_04_i627_load_1" [../Archivos_Fuente/Hyperspectral/DataFlow_2/hyperspectral_accel.cpp:34]   --->   Operation 188 'select' 'select_ln34' <Predicate = true> <Delay = 0.52> <CoreInst = "Sel">   --->   Core 73 'Sel' <Latency = 0> <II = 1> <Delay = 0.52> <FuncUnit> <Opcode : 'select'> <InPorts = 3> <OutPorts = 1>
ST_30 : Operation 189 [1/1] (0.52ns)   --->   "%select_ln34_1 = select i1 %and_ln34, i32 %zext_ln34, i32 %j_02_i629_load_1" [../Archivos_Fuente/Hyperspectral/DataFlow_2/hyperspectral_accel.cpp:34]   --->   Operation 189 'select' 'select_ln34_1' <Predicate = true> <Delay = 0.52> <CoreInst = "Sel">   --->   Core 73 'Sel' <Latency = 0> <II = 1> <Delay = 0.52> <FuncUnit> <Opcode : 'select'> <InPorts = 3> <OutPorts = 1>
ST_30 : Operation 190 [1/1] (0.52ns)   --->   "%c = select i1 %and_ln34, i32 %minDistance_3, i32 %minDistance_load_1" [../Archivos_Fuente/Hyperspectral/DataFlow_2/hyperspectral_accel.cpp:34]   --->   Operation 190 'select' 'c' <Predicate = true> <Delay = 0.52> <CoreInst = "Sel">   --->   Core 73 'Sel' <Latency = 0> <II = 1> <Delay = 0.52> <FuncUnit> <Opcode : 'select'> <InPorts = 3> <OutPorts = 1>
ST_30 : Operation 191 [1/1] (1.11ns)   --->   "%icmp_ln75 = icmp_ugt  i32 %current_brightness_loc_load, i32 %maxBrightness_1_load" [../Archivos_Fuente/Hyperspectral/DataFlow_2/hyperspectral_accel.cpp:75]   --->   Operation 191 'icmp' 'icmp_ln75' <Predicate = true> <Delay = 1.11> <CoreInst = "Cmp">   --->   Core 9 'Cmp' <Latency = 0> <II = 1> <Delay = 1.11> <FuncUnit> <Opcode : 'icmp'> <InPorts = 2> <OutPorts = 1>
ST_30 : Operation 192 [1/1] (0.52ns)   --->   "%select_ln75 = select i1 %icmp_ln75, i32 %zext_ln34, i32 %j_02_i633_load_1" [../Archivos_Fuente/Hyperspectral/DataFlow_2/hyperspectral_accel.cpp:75]   --->   Operation 192 'select' 'select_ln75' <Predicate = true> <Delay = 0.52> <CoreInst = "Sel">   --->   Core 73 'Sel' <Latency = 0> <II = 1> <Delay = 0.52> <FuncUnit> <Opcode : 'select'> <InPorts = 3> <OutPorts = 1>
ST_30 : Operation 193 [1/1] (0.52ns)   --->   "%select_ln75_1 = select i1 %icmp_ln75, i32 %zext_ln41_4, i32 %i_04_i631_load_1" [../Archivos_Fuente/Hyperspectral/DataFlow_2/hyperspectral_accel.cpp:75]   --->   Operation 193 'select' 'select_ln75_1' <Predicate = true> <Delay = 0.52> <CoreInst = "Sel">   --->   Core 73 'Sel' <Latency = 0> <II = 1> <Delay = 0.52> <FuncUnit> <Opcode : 'select'> <InPorts = 3> <OutPorts = 1>
ST_30 : Operation 194 [1/1] (0.52ns)   --->   "%maxBrightness = select i1 %icmp_ln75, i32 %current_brightness_loc_load, i32 %maxBrightness_1_load" [../Archivos_Fuente/Hyperspectral/DataFlow_2/hyperspectral_accel.cpp:75]   --->   Operation 194 'select' 'maxBrightness' <Predicate = true> <Delay = 0.52> <CoreInst = "Sel">   --->   Core 73 'Sel' <Latency = 0> <II = 1> <Delay = 0.52> <FuncUnit> <Opcode : 'select'> <InPorts = 3> <OutPorts = 1>
ST_30 : Operation 195 [1/1] (0.00ns)   --->   "%store_ln65 = store i32 %select_ln75, i32 %j_02_i633" [../Archivos_Fuente/Hyperspectral/DataFlow_2/hyperspectral_accel.cpp:65]   --->   Operation 195 'store' 'store_ln65' <Predicate = true> <Delay = 0.00>
ST_30 : Operation 196 [1/1] (0.00ns)   --->   "%store_ln65 = store i32 %select_ln75_1, i32 %i_04_i631" [../Archivos_Fuente/Hyperspectral/DataFlow_2/hyperspectral_accel.cpp:65]   --->   Operation 196 'store' 'store_ln65' <Predicate = true> <Delay = 0.00>
ST_30 : Operation 197 [1/1] (0.00ns)   --->   "%store_ln65 = store i32 %select_ln34_1, i32 %j_02_i629" [../Archivos_Fuente/Hyperspectral/DataFlow_2/hyperspectral_accel.cpp:65]   --->   Operation 197 'store' 'store_ln65' <Predicate = true> <Delay = 0.00>
ST_30 : Operation 198 [1/1] (0.00ns)   --->   "%store_ln65 = store i32 %select_ln34, i32 %i_04_i627" [../Archivos_Fuente/Hyperspectral/DataFlow_2/hyperspectral_accel.cpp:65]   --->   Operation 198 'store' 'store_ln65' <Predicate = true> <Delay = 0.00>
ST_30 : Operation 199 [1/1] (0.48ns)   --->   "%store_ln65 = store i32 %c, i32 %minDistance" [../Archivos_Fuente/Hyperspectral/DataFlow_2/hyperspectral_accel.cpp:65]   --->   Operation 199 'store' 'store_ln65' <Predicate = true> <Delay = 0.48>
ST_30 : Operation 200 [1/1] (0.48ns)   --->   "%store_ln65 = store i32 %maxBrightness, i32 %maxBrightness_1" [../Archivos_Fuente/Hyperspectral/DataFlow_2/hyperspectral_accel.cpp:65]   --->   Operation 200 'store' 'store_ln65' <Predicate = true> <Delay = 0.48>
ST_30 : Operation 201 [1/1] (0.00ns)   --->   "%br_ln65 = br void %for.body4.i" [../Archivos_Fuente/Hyperspectral/DataFlow_2/hyperspectral_accel.cpp:65]   --->   Operation 201 'br' 'br_ln65' <Predicate = true> <Delay = 0.00>

State 31 <SV = 11> <Delay = 7.20>
ST_31 : Operation 202 [1/1] (0.00ns)   --->   "%i_04_i631_load = load i32 %i_04_i631"   --->   Operation 202 'load' 'i_04_i631_load' <Predicate = true> <Delay = 0.00>
ST_31 : Operation 203 [1/1] (0.00ns)   --->   "%j_02_i633_load = load i32 %j_02_i633"   --->   Operation 203 'load' 'j_02_i633_load' <Predicate = true> <Delay = 0.00>
ST_31 : Operation 204 [1/1] (0.00ns)   --->   "%empty_31 = wait i32 @_ssdm_op_Wait"   --->   Operation 204 'wait' 'empty_31' <Predicate = true> <Delay = 0.00>
ST_31 : Operation 205 [2/2] (7.20ns)   --->   "%call_ln0 = call void @hyperspectral_hw_wrapped_Pipeline_VITIS_LOOP_132_6, i32 %j_02_i633_load, i32 %i_04_i631_load, i32 %out_stream_V_data_V, i4 %out_stream_V_keep_V, i4 %out_stream_V_strb_V, i4 %out_stream_V_user_V, i1 %out_stream_V_last_V, i5 %out_stream_V_id_V, i5 %out_stream_V_dest_V"   --->   Operation 205 'call' 'call_ln0' <Predicate = true> <Delay = 7.20> <CoreType = "Generic">   --->   Core 0 '' <Latency = 0> <II = 1> <Delay = 1.00> <Generic> <Opcode : >

State 32 <SV = 12> <Delay = 6.67>
ST_32 : Operation 206 [1/2] (6.67ns)   --->   "%call_ln0 = call void @hyperspectral_hw_wrapped_Pipeline_VITIS_LOOP_132_6, i32 %j_02_i633_load, i32 %i_04_i631_load, i32 %out_stream_V_data_V, i4 %out_stream_V_keep_V, i4 %out_stream_V_strb_V, i4 %out_stream_V_user_V, i1 %out_stream_V_last_V, i5 %out_stream_V_id_V, i5 %out_stream_V_dest_V"   --->   Operation 206 'call' 'call_ln0' <Predicate = true> <Delay = 6.67> <CoreType = "Generic">   --->   Core 0 '' <Latency = 0> <II = 1> <Delay = 1.00> <Generic> <Opcode : >

State 33 <SV = 13> <Delay = 0.00>
ST_33 : Operation 207 [1/1] (0.00ns)   --->   "%minDistance_load = load i32 %minDistance" [../Archivos_Fuente/Hyperspectral/DataFlow_2/hyperspectral_accel.cpp:154]   --->   Operation 207 'load' 'minDistance_load' <Predicate = true> <Delay = 0.00>
ST_33 : Operation 208 [1/1] (0.00ns)   --->   "%empty_32 = wait i32 @_ssdm_op_Wait"   --->   Operation 208 'wait' 'empty_32' <Predicate = true> <Delay = 0.00>
ST_33 : Operation 209 [1/1] (0.00ns)   --->   "%w_V = bitcast i32 %minDistance_load" [../Archivos_Fuente/Hyperspectral/DataFlow_2/hyperspectral_accel.cpp:154]   --->   Operation 209 'bitcast' 'w_V' <Predicate = true> <Delay = 0.00>
ST_33 : Operation 210 [2/2] (0.00ns)   --->   "%write_ln304 = write void @_ssdm_op_Write.axis.volatile.i32P0A.i4P0A.i4P0A.i4P0A.i1P0A.i5P0A.i5P0A, i32 %out_stream_V_data_V, i4 %out_stream_V_keep_V, i4 %out_stream_V_strb_V, i4 %out_stream_V_user_V, i1 %out_stream_V_last_V, i5 %out_stream_V_id_V, i5 %out_stream_V_dest_V, i32 %w_V, i4 15, i4 15, i4 4, i1 0, i5 7, i5 8"   --->   Operation 210 'write' 'write_ln304' <Predicate = true> <Delay = 0.00> <CoreInst = "axis">   --->   Core 123 'axis' <Latency = 0> <II = 1> <Delay = 1.00> <Adapter> <Opcode : >

State 34 <SV = 14> <Delay = 0.00>
ST_34 : Operation 211 [1/2] (0.00ns)   --->   "%write_ln304 = write void @_ssdm_op_Write.axis.volatile.i32P0A.i4P0A.i4P0A.i4P0A.i1P0A.i5P0A.i5P0A, i32 %out_stream_V_data_V, i4 %out_stream_V_keep_V, i4 %out_stream_V_strb_V, i4 %out_stream_V_user_V, i1 %out_stream_V_last_V, i5 %out_stream_V_id_V, i5 %out_stream_V_dest_V, i32 %w_V, i4 15, i4 15, i4 4, i1 0, i5 7, i5 8"   --->   Operation 211 'write' 'write_ln304' <Predicate = true> <Delay = 0.00> <CoreInst = "axis">   --->   Core 123 'axis' <Latency = 0> <II = 1> <Delay = 1.00> <Adapter> <Opcode : >

State 35 <SV = 15> <Delay = 7.20>
ST_35 : Operation 212 [1/1] (0.00ns)   --->   "%i_04_i627_load = load i32 %i_04_i627"   --->   Operation 212 'load' 'i_04_i627_load' <Predicate = true> <Delay = 0.00>
ST_35 : Operation 213 [1/1] (0.00ns)   --->   "%j_02_i629_load = load i32 %j_02_i629"   --->   Operation 213 'load' 'j_02_i629_load' <Predicate = true> <Delay = 0.00>
ST_35 : Operation 214 [1/1] (0.00ns)   --->   "%empty_33 = wait i32 @_ssdm_op_Wait"   --->   Operation 214 'wait' 'empty_33' <Predicate = true> <Delay = 0.00>
ST_35 : Operation 215 [2/2] (7.20ns)   --->   "%call_ln0 = call void @hyperspectral_hw_wrapped_Pipeline_VITIS_LOOP_167_7, i32 %j_02_i629_load, i32 %i_04_i627_load, i32 %out_stream_V_data_V, i4 %out_stream_V_keep_V, i4 %out_stream_V_strb_V, i4 %out_stream_V_user_V, i1 %out_stream_V_last_V, i5 %out_stream_V_id_V, i5 %out_stream_V_dest_V"   --->   Operation 215 'call' 'call_ln0' <Predicate = true> <Delay = 7.20> <CoreType = "Generic">   --->   Core 0 '' <Latency = 0> <II = 1> <Delay = 1.00> <Generic> <Opcode : >

State 36 <SV = 16> <Delay = 6.67>
ST_36 : Operation 216 [1/2] (6.67ns)   --->   "%call_ln0 = call void @hyperspectral_hw_wrapped_Pipeline_VITIS_LOOP_167_7, i32 %j_02_i629_load, i32 %i_04_i627_load, i32 %out_stream_V_data_V, i4 %out_stream_V_keep_V, i4 %out_stream_V_strb_V, i4 %out_stream_V_user_V, i1 %out_stream_V_last_V, i5 %out_stream_V_id_V, i5 %out_stream_V_dest_V"   --->   Operation 216 'call' 'call_ln0' <Predicate = true> <Delay = 6.67> <CoreType = "Generic">   --->   Core 0 '' <Latency = 0> <II = 1> <Delay = 1.00> <Generic> <Opcode : >

State 37 <SV = 17> <Delay = 0.00>
ST_37 : Operation 217 [1/1] (0.00ns)   --->   "%ret_ln178 = ret" [../Archivos_Fuente/Hyperspectral/DataFlow_2/hyperspectral_accel.cpp:178]   --->   Operation 217 'ret' 'ret_ln178' <Predicate = true> <Delay = 0.00>


============================================================
+ Verbose Summary: Timing violations
============================================================
Target clock period: 10ns, clock uncertainty: 2.7ns.

 <State 1>: 0.489ns
The critical path consists of the following:
	'alloca' operation ('indvar_flatten20') [23]  (0 ns)
	'store' operation ('store_ln64', ../Archivos_Fuente/Hyperspectral/DataFlow_2/hyperspectral_accel.cpp:64) of constant 0 on local variable 'indvar_flatten20' [66]  (0.489 ns)

 <State 2>: 0ns
The critical path consists of the following:

 <State 3>: 0ns
The critical path consists of the following:

 <State 4>: 0ns
The critical path consists of the following:

 <State 5>: 5.07ns
The critical path consists of the following:
	'call' operation ('call_ln0') to 'hyperspectral_hw_wrapped_Pipeline_VITIS_LOOP_117_5' [57]  (5.07 ns)

 <State 6>: 1ns
The critical path consists of the following:
	'call' operation ('call_ln0') to 'hyperspectral_hw_wrapped_Pipeline_VITIS_LOOP_117_5' [57]  (1 ns)

 <State 7>: 1.75ns
The critical path consists of the following:
	'load' operation ('refPixel_1_034_loc_load') on local variable 'refPixel_1_034_loc' [58]  (0 ns)
	'add' operation ('add_ln17', ../Archivos_Fuente/Hyperspectral/DataFlow_2/hyperspectral_accel.cpp:17) [64]  (1.05 ns)
	'mul' operation of DSP[65] ('mul_ln17', ../Archivos_Fuente/Hyperspectral/DataFlow_2/hyperspectral_accel.cpp:17) [65]  (0.698 ns)

 <State 8>: 0.698ns
The critical path consists of the following:
	'mul' operation of DSP[65] ('mul_ln17', ../Archivos_Fuente/Hyperspectral/DataFlow_2/hyperspectral_accel.cpp:17) [65]  (0.698 ns)

 <State 9>: 0.698ns
The critical path consists of the following:
	'mul' operation of DSP[65] ('mul_ln17', ../Archivos_Fuente/Hyperspectral/DataFlow_2/hyperspectral_accel.cpp:17) [65]  (0.698 ns)

 <State 10>: 0ns
The critical path consists of the following:

 <State 11>: 4.89ns
The critical path consists of the following:
	'load' operation ('j_1_load', ../Archivos_Fuente/Hyperspectral/DataFlow_2/hyperspectral_accel.cpp:65) on local variable 'j' [87]  (0 ns)
	'icmp' operation ('icmp_ln65', ../Archivos_Fuente/Hyperspectral/DataFlow_2/hyperspectral_accel.cpp:65) [91]  (0.86 ns)
	'select' operation ('select_ln41', ../Archivos_Fuente/Hyperspectral/DataFlow_2/hyperspectral_accel.cpp:41) [92]  (0.451 ns)
	'add' operation of DSP[104] ('add_ln17_1', ../Archivos_Fuente/Hyperspectral/DataFlow_2/hyperspectral_accel.cpp:17) [102]  (2.49 ns)
	'mul' operation of DSP[104] ('mul_ln41', ../Archivos_Fuente/Hyperspectral/DataFlow_2/hyperspectral_accel.cpp:41) [104]  (1.09 ns)

 <State 12>: 1.09ns
The critical path consists of the following:
	'mul' operation of DSP[104] ('mul_ln41', ../Archivos_Fuente/Hyperspectral/DataFlow_2/hyperspectral_accel.cpp:41) [104]  (1.09 ns)

 <State 13>: 1.09ns
The critical path consists of the following:
	'mul' operation of DSP[104] ('mul_ln41', ../Archivos_Fuente/Hyperspectral/DataFlow_2/hyperspectral_accel.cpp:41) [104]  (1.09 ns)

 <State 14>: 2.4ns
The critical path consists of the following:
	'mul' operation of DSP[104] ('mul_ln41', ../Archivos_Fuente/Hyperspectral/DataFlow_2/hyperspectral_accel.cpp:41) [104]  (0 ns)
	'call' operation ('call_ln41', ../Archivos_Fuente/Hyperspectral/DataFlow_2/hyperspectral_accel.cpp:41) to 'hyperspectral_hw_wrapped_Pipeline_L3' [108]  (2.4 ns)

 <State 15>: 0ns
The critical path consists of the following:

 <State 16>: 0ns
The critical path consists of the following:

 <State 17>: 0ns
The critical path consists of the following:

 <State 18>: 0ns
The critical path consists of the following:

 <State 19>: 6.48ns
The critical path consists of the following:
	'load' operation ('sum_loc_load') on local variable 'sum_loc' [112]  (0 ns)
	'fsqrt' operation ('minDistance', /wrk/ci/prod/2022.1/rdi_builds/continuous/2022_04_18_3526262/src/shared/hls/clib/hlsmath/src/c++/sqrtfloat.cpp:8) [120]  (6.48 ns)

 <State 20>: 6.48ns
The critical path consists of the following:
	'fsqrt' operation ('minDistance', /wrk/ci/prod/2022.1/rdi_builds/continuous/2022_04_18_3526262/src/shared/hls/clib/hlsmath/src/c++/sqrtfloat.cpp:8) [120]  (6.48 ns)

 <State 21>: 6.48ns
The critical path consists of the following:
	'fsqrt' operation ('minDistance', /wrk/ci/prod/2022.1/rdi_builds/continuous/2022_04_18_3526262/src/shared/hls/clib/hlsmath/src/c++/sqrtfloat.cpp:8) [120]  (6.48 ns)

 <State 22>: 6.48ns
The critical path consists of the following:
	'fsqrt' operation ('minDistance', /wrk/ci/prod/2022.1/rdi_builds/continuous/2022_04_18_3526262/src/shared/hls/clib/hlsmath/src/c++/sqrtfloat.cpp:8) [120]  (6.48 ns)

 <State 23>: 6.48ns
The critical path consists of the following:
	'fsqrt' operation ('minDistance', /wrk/ci/prod/2022.1/rdi_builds/continuous/2022_04_18_3526262/src/shared/hls/clib/hlsmath/src/c++/sqrtfloat.cpp:8) [120]  (6.48 ns)

 <State 24>: 6.48ns
The critical path consists of the following:
	'fsqrt' operation ('minDistance', /wrk/ci/prod/2022.1/rdi_builds/continuous/2022_04_18_3526262/src/shared/hls/clib/hlsmath/src/c++/sqrtfloat.cpp:8) [120]  (6.48 ns)

 <State 25>: 6.48ns
The critical path consists of the following:
	'fsqrt' operation ('minDistance', /wrk/ci/prod/2022.1/rdi_builds/continuous/2022_04_18_3526262/src/shared/hls/clib/hlsmath/src/c++/sqrtfloat.cpp:8) [120]  (6.48 ns)

 <State 26>: 6.48ns
The critical path consists of the following:
	'fsqrt' operation ('minDistance', /wrk/ci/prod/2022.1/rdi_builds/continuous/2022_04_18_3526262/src/shared/hls/clib/hlsmath/src/c++/sqrtfloat.cpp:8) [120]  (6.48 ns)

 <State 27>: 6.48ns
The critical path consists of the following:
	'fsqrt' operation ('minDistance', /wrk/ci/prod/2022.1/rdi_builds/continuous/2022_04_18_3526262/src/shared/hls/clib/hlsmath/src/c++/sqrtfloat.cpp:8) [120]  (6.48 ns)

 <State 28>: 6.48ns
The critical path consists of the following:
	'fsqrt' operation ('minDistance', /wrk/ci/prod/2022.1/rdi_builds/continuous/2022_04_18_3526262/src/shared/hls/clib/hlsmath/src/c++/sqrtfloat.cpp:8) [120]  (6.48 ns)

 <State 29>: 3.35ns
The critical path consists of the following:
	'load' operation ('minDistance_load_1', ../Archivos_Fuente/Hyperspectral/DataFlow_2/hyperspectral_accel.cpp:34) on local variable 'minDistance' [82]  (0 ns)
	'fcmp' operation ('tmp_7', ../Archivos_Fuente/Hyperspectral/DataFlow_2/hyperspectral_accel.cpp:34) [135]  (3.35 ns)

 <State 30>: 5.02ns
The critical path consists of the following:
	'fcmp' operation ('tmp_7', ../Archivos_Fuente/Hyperspectral/DataFlow_2/hyperspectral_accel.cpp:34) [135]  (3.35 ns)
	'and' operation ('and_ln34_2', ../Archivos_Fuente/Hyperspectral/DataFlow_2/hyperspectral_accel.cpp:34) [136]  (0.331 ns)
	'and' operation ('and_ln34', ../Archivos_Fuente/Hyperspectral/DataFlow_2/hyperspectral_accel.cpp:34) [138]  (0.331 ns)
	'select' operation ('minDistance', ../Archivos_Fuente/Hyperspectral/DataFlow_2/hyperspectral_accel.cpp:34) [143]  (0.525 ns)
	'store' operation ('store_ln65', ../Archivos_Fuente/Hyperspectral/DataFlow_2/hyperspectral_accel.cpp:65) of variable 'minDistance', ../Archivos_Fuente/Hyperspectral/DataFlow_2/hyperspectral_accel.cpp:34 on local variable 'minDistance' [156]  (0.489 ns)

 <State 31>: 7.2ns
The critical path consists of the following:
	'load' operation ('i_04_i631_load') on local variable 'i_04_i631' [163]  (0 ns)
	'call' operation ('call_ln0') to 'hyperspectral_hw_wrapped_Pipeline_VITIS_LOOP_132_6' [166]  (7.2 ns)

 <State 32>: 6.67ns
The critical path consists of the following:
	'call' operation ('call_ln0') to 'hyperspectral_hw_wrapped_Pipeline_VITIS_LOOP_132_6' [166]  (6.67 ns)

 <State 33>: 0ns
The critical path consists of the following:

 <State 34>: 0ns
The critical path consists of the following:

 <State 35>: 7.2ns
The critical path consists of the following:
	'load' operation ('i_04_i627_load') on local variable 'i_04_i627' [161]  (0 ns)
	'call' operation ('call_ln0') to 'hyperspectral_hw_wrapped_Pipeline_VITIS_LOOP_167_7' [171]  (7.2 ns)

 <State 36>: 6.67ns
The critical path consists of the following:
	'call' operation ('call_ln0') to 'hyperspectral_hw_wrapped_Pipeline_VITIS_LOOP_167_7' [171]  (6.67 ns)

 <State 37>: 0ns
The critical path consists of the following:


============================================================
+ Verbose Summary: Binding
============================================================
N/A
* FSMD analyzer results:
  - Output states:
 - Input state : 
  - Chain level:
	State 1
	State 2
	State 3
	State 4
	State 5
	State 6
	State 7
	State 8
	State 9
	State 10
	State 11
	State 12
	State 13
	State 14
	State 15
	State 16
	State 17
	State 18
	State 19
	State 20
	State 21
	State 22
	State 23
	State 24
	State 25
	State 26
	State 27
	State 28
	State 29
	State 30
	State 31
	State 32
	State 33
	State 34
	State 35
	State 36
	State 37


============================================================
+ Verbose Summary: Datapath Resource usage 
============================================================
N/A
