

================================================================
== Vitis HLS Report for 'hyperspectral_hw_wrapped_Pipeline_L6'
================================================================
* Date:           Wed Jul 10 00:10:06 2024

* Version:        2022.1 (Build 3526262 on Mon Apr 18 15:47:01 MDT 2022)
* Project:        Hyperspectral_DataFlow
* Solution:       solution1 (Vivado IP Flow Target)
* Product family: zynquplus
* Target device:  xczu3eg-sbva484-1-e


================================================================
== Performance Estimates
================================================================
+ Timing: 
    * Summary: 
    +--------+----------+----------+------------+
    |  Clock |  Target  | Estimated| Uncertainty|
    +--------+----------+----------+------------+
    |ap_clk  |  10.00 ns|  3.859 ns|     2.70 ns|
    +--------+----------+----------+------------+

+ Latency: 
    * Summary: 
    +---------+---------+----------+----------+-----+-----+---------+
    |  Latency (cycles) |  Latency (absolute) |  Interval | Pipeline|
    |   min   |   max   |    min   |    max   | min | max |   Type  |
    +---------+---------+----------+----------+-----+-----+---------+
    |      182|      182|  1.820 us|  1.820 us|  182|  182|       no|
    +---------+---------+----------+----------+-----+-----+---------+

    + Detail: 
        * Instance: 
        N/A

        * Loop: 
        +----------+---------+---------+----------+-----------+-----------+------+----------+
        |          |  Latency (cycles) | Iteration|  Initiation Interval  | Trip |          |
        | Loop Name|   min   |   max   |  Latency |  achieved |   target  | Count| Pipelined|
        +----------+---------+---------+----------+-----------+-----------+------+----------+
        |- L6      |      180|      180|         2|          1|          1|   180|       yes|
        +----------+---------+---------+----------+-----------+-----------+------+----------+

============================================================
+ Verbose Summary: Synthesis Manager
============================================================
InlineROM: 1
ExposeGlobal: 0
============================================================
+ Verbose Summary: CDFG Model
============================================================
IsTopModel: 0
ResetActiveHigh: 1
IsCombinational: 0
IsDatapathOnly: 0
HasWiredReturn: 1
HasMFsm: 2
HasVarLatency: 1
IsPipeline: 0
IsRtlPipelined: 0
IsInstanceOverlapped: 0
IsDontTouch: 0
HasImplIP: 0
IsGatedGlobalClock: 0

+ Individual pipeline summary: 
  * Pipeline-0: initiation interval (II) = 1, depth = 2


============================================================
+ Verbose Summary: Schedule
============================================================
* Number of FSM states : 2
* Pipeline : 1
  Pipeline-0 : II = 1, D = 2, States = { 1 2 }
* Dataflow Pipeline: 0

* FSM state transitions: 
1 --> 2 
2 --> 

* FSM state operations: 

State 1 <SV = 0> <Delay = 1.39>
ST_1 : Operation 5 [1/1] (0.00ns)   --->   "%current_brightness = alloca i32 1"   --->   Operation 5 'alloca' 'current_brightness' <Predicate = true> <Delay = 0.00>
ST_1 : Operation 6 [1/1] (0.00ns)   --->   "%k = alloca i32 1"   --->   Operation 6 'alloca' 'k' <Predicate = true> <Delay = 0.00>
ST_1 : Operation 7 [1/1] (0.00ns)   --->   "%specinterface_ln0 = specinterface void @_ssdm_op_SpecInterface, i32 %brightness_stream, void @empty_8, i32 0, i32 0, void @empty_13, i32 0, i32 0, void @empty_13, void @empty_13, void @empty_13, i32 0, i32 0, i32 0, i32 0, void @empty_13, void @empty_13, i32 4294967295, i32 0"   --->   Operation 7 'specinterface' 'specinterface_ln0' <Predicate = true> <Delay = 0.00>
ST_1 : Operation 8 [1/1] (0.48ns)   --->   "%store_ln0 = store i8 0, i8 %k"   --->   Operation 8 'store' 'store_ln0' <Predicate = true> <Delay = 0.48>
ST_1 : Operation 9 [1/1] (0.48ns)   --->   "%store_ln0 = store i32 0, i32 %current_brightness"   --->   Operation 9 'store' 'store_ln0' <Predicate = true> <Delay = 0.48>
ST_1 : Operation 10 [1/1] (0.00ns)   --->   "%br_ln0 = br void %for.inc10.i.i"   --->   Operation 10 'br' 'br_ln0' <Predicate = true> <Delay = 0.00>
ST_1 : Operation 11 [1/1] (0.00ns)   --->   "%k_1 = load i8 %k" [../Archivos_Fuente/Hyperspectral/DataFlow_2/hyperspectral_accel.cpp:50]   --->   Operation 11 'load' 'k_1' <Predicate = true> <Delay = 0.00>
ST_1 : Operation 12 [1/1] (0.00ns)   --->   "%specpipeline_ln0 = specpipeline void @_ssdm_op_SpecPipeline, i32 4294967295, i32 0, i32 1, i32 0, void @p_str"   --->   Operation 12 'specpipeline' 'specpipeline_ln0' <Predicate = true> <Delay = 0.00>
ST_1 : Operation 13 [1/1] (0.85ns)   --->   "%icmp_ln50 = icmp_eq  i8 %k_1, i8 180" [../Archivos_Fuente/Hyperspectral/DataFlow_2/hyperspectral_accel.cpp:50]   --->   Operation 13 'icmp' 'icmp_ln50' <Predicate = true> <Delay = 0.85> <CoreInst = "Cmp">   --->   Core 9 'Cmp' <Latency = 0> <II = 1> <Delay = 0.85> <FuncUnit> <Opcode : 'icmp'> <InPorts = 2> <OutPorts = 1>
ST_1 : Operation 14 [1/1] (0.00ns)   --->   "%empty = speclooptripcount i32 @_ssdm_op_SpecLoopTripCount, i64 180, i64 180, i64 180"   --->   Operation 14 'speclooptripcount' 'empty' <Predicate = true> <Delay = 0.00>
ST_1 : Operation 15 [1/1] (0.90ns)   --->   "%k_2 = add i8 %k_1, i8 1" [../Archivos_Fuente/Hyperspectral/DataFlow_2/hyperspectral_accel.cpp:50]   --->   Operation 15 'add' 'k_2' <Predicate = true> <Delay = 0.90> <CoreInst = "Adder">   --->   Core 1 'Adder' <Latency = 0> <II = 1> <Delay = 0.90> <FuncUnit> <Opcode : 'add' 'sub'> <InPorts = 2> <OutPorts = 1>
ST_1 : Operation 16 [1/1] (0.00ns)   --->   "%br_ln50 = br i1 %icmp_ln50, void %for.inc10.i.i.split, void %_Z27calculate_brightness_streamPA1024_A180_tRjii.exit.i.exitStub" [../Archivos_Fuente/Hyperspectral/DataFlow_2/hyperspectral_accel.cpp:50]   --->   Operation 16 'br' 'br_ln50' <Predicate = true> <Delay = 0.00>
ST_1 : Operation 17 [1/1] (0.48ns)   --->   "%store_ln50 = store i8 %k_2, i8 %k" [../Archivos_Fuente/Hyperspectral/DataFlow_2/hyperspectral_accel.cpp:50]   --->   Operation 17 'store' 'store_ln50' <Predicate = (!icmp_ln50)> <Delay = 0.48>
ST_1 : Operation 24 [1/1] (0.00ns)   --->   "%current_brightness_load_1 = load i32 %current_brightness"   --->   Operation 24 'load' 'current_brightness_load_1' <Predicate = (icmp_ln50)> <Delay = 0.00>
ST_1 : Operation 25 [1/1] (0.00ns)   --->   "%write_ln0 = write void @_ssdm_op_Write.ap_auto.i32P0A, i32 %current_brightness_out, i32 %current_brightness_load_1"   --->   Operation 25 'write' 'write_ln0' <Predicate = (icmp_ln50)> <Delay = 0.00>
ST_1 : Operation 26 [1/1] (0.00ns)   --->   "%ret_ln0 = ret"   --->   Operation 26 'ret' 'ret_ln0' <Predicate = (icmp_ln50)> <Delay = 0.00>

State 2 <SV = 1> <Delay = 3.85>
ST_2 : Operation 18 [1/1] (0.00ns)   --->   "%current_brightness_load = load i32 %current_brightness" [../Archivos_Fuente/Hyperspectral/DataFlow_2/hyperspectral_accel.cpp:51]   --->   Operation 18 'load' 'current_brightness_load' <Predicate = true> <Delay = 0.00>
ST_2 : Operation 19 [1/1] (0.00ns)   --->   "%specloopname_ln0 = specloopname void @_ssdm_op_SpecLoopName, void @empty_7" [/tools/Xilinx/Vitis_HLS/2022.1/common/technology/autopilot/hls_stream_39.h:0]   --->   Operation 19 'specloopname' 'specloopname_ln0' <Predicate = true> <Delay = 0.00>
ST_2 : Operation 20 [1/1] (2.16ns)   --->   "%tmp = read i32 @_ssdm_op_Read.ap_fifo.volatile.i32P0A, i32 %brightness_stream" [/tools/Xilinx/Vitis_HLS/2022.1/common/technology/autopilot/hls_stream_39.h:145]   --->   Operation 20 'read' 'tmp' <Predicate = true> <Delay = 2.16> <CoreInst = "FIFO_SRL">   --->   Core 81 'FIFO_SRL' <Latency = 0> <II = 1> <Delay = 2.16> <Storage> <Opcode : 'read' 'write' 'nbread' 'nbwrite'> <Ports = 0> <Width = 32> <Depth = 2> <FIFO>
ST_2 : Operation 21 [1/1] (1.20ns)   --->   "%current_brightness_1 = add i32 %tmp, i32 %current_brightness_load" [../Archivos_Fuente/Hyperspectral/DataFlow_2/hyperspectral_accel.cpp:51]   --->   Operation 21 'add' 'current_brightness_1' <Predicate = true> <Delay = 1.20> <CoreInst = "Adder">   --->   Core 1 'Adder' <Latency = 0> <II = 1> <Delay = 1.20> <FuncUnit> <Opcode : 'add' 'sub'> <InPorts = 2> <OutPorts = 1>
ST_2 : Operation 22 [1/1] (0.48ns)   --->   "%store_ln50 = store i32 %current_brightness_1, i32 %current_brightness" [../Archivos_Fuente/Hyperspectral/DataFlow_2/hyperspectral_accel.cpp:50]   --->   Operation 22 'store' 'store_ln50' <Predicate = true> <Delay = 0.48>
ST_2 : Operation 23 [1/1] (0.00ns)   --->   "%br_ln50 = br void %for.inc10.i.i" [../Archivos_Fuente/Hyperspectral/DataFlow_2/hyperspectral_accel.cpp:50]   --->   Operation 23 'br' 'br_ln50' <Predicate = true> <Delay = 0.00>


============================================================
+ Verbose Summary: Timing violations
============================================================
Target clock period: 10ns, clock uncertainty: 2.7ns.

 <State 1>: 1.4ns
The critical path consists of the following:
	'alloca' operation ('k') [4]  (0 ns)
	'load' operation ('k', ../Archivos_Fuente/Hyperspectral/DataFlow_2/hyperspectral_accel.cpp:50) on local variable 'k' [10]  (0 ns)
	'add' operation ('k', ../Archivos_Fuente/Hyperspectral/DataFlow_2/hyperspectral_accel.cpp:50) [14]  (0.907 ns)
	'store' operation ('store_ln50', ../Archivos_Fuente/Hyperspectral/DataFlow_2/hyperspectral_accel.cpp:50) of variable 'k', ../Archivos_Fuente/Hyperspectral/DataFlow_2/hyperspectral_accel.cpp:50 on local variable 'k' [21]  (0.489 ns)

 <State 2>: 3.86ns
The critical path consists of the following:
	fifo read operation ('tmp', /tools/Xilinx/Vitis_HLS/2022.1/common/technology/autopilot/hls_stream_39.h:145) on port 'brightness_stream' (/tools/Xilinx/Vitis_HLS/2022.1/common/technology/autopilot/hls_stream_39.h:145) [19]  (2.17 ns)
	'add' operation ('current_brightness', ../Archivos_Fuente/Hyperspectral/DataFlow_2/hyperspectral_accel.cpp:51) [20]  (1.2 ns)
	'store' operation ('store_ln50', ../Archivos_Fuente/Hyperspectral/DataFlow_2/hyperspectral_accel.cpp:50) of variable 'current_brightness', ../Archivos_Fuente/Hyperspectral/DataFlow_2/hyperspectral_accel.cpp:51 on local variable 'current_brightness' [22]  (0.489 ns)


============================================================
+ Verbose Summary: Binding
============================================================
N/A
* FSMD analyzer results:
  - Output states:
 - Input state : 
  - Chain level:
	State 1
	State 2


============================================================
+ Verbose Summary: Datapath Resource usage 
============================================================
N/A
