

================================================================
== Vitis HLS Report for 'hyperspectral_hw_wrapped'
================================================================
* Date:           Mon Jul  8 10:50:19 2024

* Version:        2022.1 (Build 3526262 on Mon Apr 18 15:47:01 MDT 2022)
* Project:        Hyperspectral
* Solution:       solution1 (Vivado IP Flow Target)
* Product family: zynquplus
* Target device:  xczu3eg-sbva484-1-e


================================================================
== Performance Estimates
================================================================
+ Timing: 
    * Summary: 
    +--------+----------+----------+------------+
    |  Clock |  Target  | Estimated| Uncertainty|
    +--------+----------+----------+------------+
    |ap_clk  |  10.00 ns|  7.200 ns|     2.70 ns|
    +--------+----------+----------+------------+

+ Latency: 
    * Summary: 
    +---------+---------+-----------+-----------+---------+---------+---------+
    |  Latency (cycles) |   Latency (absolute)  |      Interval     | Pipeline|
    |   min   |   max   |    min    |    max    |   min   |   max   |   Type  |
    +---------+---------+-----------+-----------+---------+---------+---------+
    |  2099244|  2099244|  20.992 ms|  20.992 ms|  2099245|  2099245|       no|
    +---------+---------+-----------+-----------+---------+---------+---------+

    + Detail: 
        * Instance: 
        N/A

        * Loop: 
        +----------+---------+---------+----------+-----------+-----------+------+----------+
        |          |  Latency (cycles) | Iteration|  Initiation Interval  | Trip |          |
        | Loop Name|   min   |   max   |  Latency |  achieved |   target  | Count| Pipelined|
        +----------+---------+---------+----------+-----------+-----------+------+----------+
        |- L1_L2   |  1546240|  1546240|       755|          -|          -|  2048|        no|
        +----------+---------+---------+----------+-----------+-----------+------+----------+

============================================================
+ Verbose Summary: Synthesis Manager
============================================================
InlineROM: 1
ExposeGlobal: 0
============================================================
+ Verbose Summary: CDFG Model
============================================================
IsTopModel: 1
ResetActiveHigh: 1
IsCombinational: 0
IsDatapathOnly: 0
HasWiredReturn: 1
HasMFsm: 0
HasVarLatency: 1
IsPipeline: 0
IsRtlPipelined: 0
IsInstanceOverlapped: 0
IsDontTouch: 0
HasImplIP: 0
IsGatedGlobalClock: 0


============================================================
+ Verbose Summary: Schedule
============================================================
* Number of FSM states : 35
* Pipeline : 0
* Dataflow Pipeline: 0

* FSM state transitions: 
1 --> 2 
2 --> 3 
3 --> 4 
4 --> 5 
5 --> 6 
6 --> 7 
7 --> 8 
8 --> 9 
9 --> 10 
10 --> 11 
11 --> 12 28 
12 --> 13 
13 --> 14 
14 --> 15 
15 --> 16 
16 --> 17 
17 --> 18 
18 --> 19 
19 --> 20 
20 --> 21 
21 --> 22 
22 --> 23 
23 --> 24 
24 --> 25 
25 --> 26 
26 --> 27 
27 --> 11 
28 --> 29 
29 --> 30 
30 --> 31 
31 --> 32 
32 --> 33 
33 --> 34 
34 --> 35 
35 --> 

* FSM state operations: 

State 1 <SV = 0> <Delay = 0.48>
ST_1 : Operation 36 [1/1] (0.00ns)   --->   "%c = alloca i32 1"   --->   Operation 36 'alloca' 'c' <Predicate = true> <Delay = 0.00>
ST_1 : Operation 37 [1/1] (0.00ns)   --->   "%empty = alloca i32 1"   --->   Operation 37 'alloca' 'empty' <Predicate = true> <Delay = 0.00>
ST_1 : Operation 38 [1/1] (0.00ns)   --->   "%i_08_i_i639 = alloca i32 1"   --->   Operation 38 'alloca' 'i_08_i_i639' <Predicate = true> <Delay = 0.00>
ST_1 : Operation 39 [1/1] (0.00ns)   --->   "%j_07_i_i641 = alloca i32 1"   --->   Operation 39 'alloca' 'j_07_i_i641' <Predicate = true> <Delay = 0.00>
ST_1 : Operation 40 [1/1] (0.00ns)   --->   "%j_1 = alloca i32 1"   --->   Operation 40 'alloca' 'j_1' <Predicate = true> <Delay = 0.00>
ST_1 : Operation 41 [1/1] (0.00ns)   --->   "%i_2 = alloca i32 1"   --->   Operation 41 'alloca' 'i_2' <Predicate = true> <Delay = 0.00>
ST_1 : Operation 42 [1/1] (0.00ns)   --->   "%indvar_flatten23 = alloca i32 1"   --->   Operation 42 'alloca' 'indvar_flatten23' <Predicate = true> <Delay = 0.00>
ST_1 : Operation 43 [1/1] (0.00ns)   --->   "%select_ln44_3_loc = alloca i64 1"   --->   Operation 43 'alloca' 'select_ln44_3_loc' <Predicate = true> <Delay = 0.00>
ST_1 : Operation 44 [1/1] (0.00ns)   --->   "%select_ln44_2_loc = alloca i64 1"   --->   Operation 44 'alloca' 'select_ln44_2_loc' <Predicate = true> <Delay = 0.00>
ST_1 : Operation 45 [1/1] (0.00ns)   --->   "%sum_loc = alloca i64 1"   --->   Operation 45 'alloca' 'sum_loc' <Predicate = true> <Delay = 0.00>
ST_1 : Operation 46 [1/1] (0.00ns)   --->   "%refPixel_0_048_loc = alloca i64 1"   --->   Operation 46 'alloca' 'refPixel_0_048_loc' <Predicate = true> <Delay = 0.00>
ST_1 : Operation 47 [1/1] (0.00ns)   --->   "%refPixel_1_049_loc = alloca i64 1"   --->   Operation 47 'alloca' 'refPixel_1_049_loc' <Predicate = true> <Delay = 0.00>
ST_1 : Operation 48 [1/1] (0.00ns)   --->   "%image = alloca i64 1" [../Archivos_Fuente/Hyperspectral/hyperspectral_accel.cpp:75]   --->   Operation 48 'alloca' 'image' <Predicate = true> <Delay = 0.00>
ST_1 : Operation 49 [1/1] (0.00ns)   --->   "%empty_23 = wait i32 @_ssdm_op_Wait"   --->   Operation 49 'wait' 'empty_23' <Predicate = true> <Delay = 0.00>
ST_1 : Operation 50 [1/1] (0.48ns)   --->   "%store_ln15 = store i12 0, i12 %indvar_flatten23" [../Archivos_Fuente/Hyperspectral/hyperspectral_accel.cpp:15]   --->   Operation 50 'store' 'store_ln15' <Predicate = true> <Delay = 0.48>
ST_1 : Operation 51 [1/1] (0.48ns)   --->   "%store_ln15 = store i2 0, i2 %i_2" [../Archivos_Fuente/Hyperspectral/hyperspectral_accel.cpp:15]   --->   Operation 51 'store' 'store_ln15' <Predicate = true> <Delay = 0.48>
ST_1 : Operation 52 [1/1] (0.48ns)   --->   "%store_ln15 = store i11 0, i11 %j_1" [../Archivos_Fuente/Hyperspectral/hyperspectral_accel.cpp:15]   --->   Operation 52 'store' 'store_ln15' <Predicate = true> <Delay = 0.48>
ST_1 : Operation 53 [1/1] (0.48ns)   --->   "%store_ln15 = store i32 3.40282e+38, i32 %c" [../Archivos_Fuente/Hyperspectral/hyperspectral_accel.cpp:15]   --->   Operation 53 'store' 'store_ln15' <Predicate = true> <Delay = 0.48>

State 2 <SV = 1> <Delay = 0.00>
ST_2 : Operation 54 [2/2] (0.00ns)   --->   "%call_ln0 = call void @hyperspectral_hw_wrapped_Pipeline_VITIS_LOOP_83_1_VITIS_LOOP_84_2_VITIS_LOOP_85_, i16 %image, i32 %in_stream_V_data_V, i4 %in_stream_V_keep_V, i4 %in_stream_V_strb_V, i4 %in_stream_V_user_V, i1 %in_stream_V_last_V, i5 %in_stream_V_id_V, i5 %in_stream_V_dest_V"   --->   Operation 54 'call' 'call_ln0' <Predicate = true> <Delay = 0.00> <CoreType = "Generic">   --->   Core 0 '' <Latency = 0> <II = 1> <Delay = 1.00> <Generic> <Opcode : >

State 3 <SV = 2> <Delay = 0.00>
ST_3 : Operation 55 [1/2] (0.00ns)   --->   "%call_ln0 = call void @hyperspectral_hw_wrapped_Pipeline_VITIS_LOOP_83_1_VITIS_LOOP_84_2_VITIS_LOOP_85_, i16 %image, i32 %in_stream_V_data_V, i4 %in_stream_V_keep_V, i4 %in_stream_V_strb_V, i4 %in_stream_V_user_V, i1 %in_stream_V_last_V, i5 %in_stream_V_id_V, i5 %in_stream_V_dest_V"   --->   Operation 55 'call' 'call_ln0' <Predicate = true> <Delay = 0.00> <CoreType = "Generic">   --->   Core 0 '' <Latency = 0> <II = 1> <Delay = 1.00> <Generic> <Opcode : >

State 4 <SV = 3> <Delay = 0.00>
ST_4 : Operation 56 [1/1] (0.00ns)   --->   "%empty_24 = wait i32 @_ssdm_op_Wait"   --->   Operation 56 'wait' 'empty_24' <Predicate = true> <Delay = 0.00>

State 5 <SV = 4> <Delay = 5.07>
ST_5 : Operation 57 [1/1] (0.00ns)   --->   "%empty_25 = wait i32 @_ssdm_op_Wait"   --->   Operation 57 'wait' 'empty_25' <Predicate = true> <Delay = 0.00>
ST_5 : Operation 58 [2/2] (5.07ns)   --->   "%call_ln0 = call void @hyperspectral_hw_wrapped_Pipeline_VITIS_LOOP_98_5, i32 %in_stream_V_data_V, i4 %in_stream_V_keep_V, i4 %in_stream_V_strb_V, i4 %in_stream_V_user_V, i1 %in_stream_V_last_V, i5 %in_stream_V_id_V, i5 %in_stream_V_dest_V, i32 %refPixel_1_049_loc, i32 %refPixel_0_048_loc"   --->   Operation 58 'call' 'call_ln0' <Predicate = true> <Delay = 5.07> <CoreType = "Generic">   --->   Core 0 '' <Latency = 0> <II = 1> <Delay = 1.00> <Generic> <Opcode : >

State 6 <SV = 5> <Delay = 1.00>
ST_6 : Operation 59 [1/2] (1.00ns)   --->   "%call_ln0 = call void @hyperspectral_hw_wrapped_Pipeline_VITIS_LOOP_98_5, i32 %in_stream_V_data_V, i4 %in_stream_V_keep_V, i4 %in_stream_V_strb_V, i4 %in_stream_V_user_V, i1 %in_stream_V_last_V, i5 %in_stream_V_id_V, i5 %in_stream_V_dest_V, i32 %refPixel_1_049_loc, i32 %refPixel_0_048_loc"   --->   Operation 59 'call' 'call_ln0' <Predicate = true> <Delay = 1.00> <CoreType = "Generic">   --->   Core 0 '' <Latency = 0> <II = 1> <Delay = 1.00> <Generic> <Opcode : >

State 7 <SV = 6> <Delay = 1.74>
ST_7 : Operation 60 [1/1] (0.00ns)   --->   "%refPixel_1_049_loc_load = load i32 %refPixel_1_049_loc"   --->   Operation 60 'load' 'refPixel_1_049_loc_load' <Predicate = true> <Delay = 0.00>
ST_7 : Operation 61 [1/1] (0.00ns)   --->   "%refPixel_0_048_loc_load = load i32 %refPixel_0_048_loc"   --->   Operation 61 'load' 'refPixel_0_048_loc_load' <Predicate = true> <Delay = 0.00>
ST_7 : Operation 62 [1/1] (0.00ns)   --->   "%empty_26 = trunc i32 %refPixel_0_048_loc_load"   --->   Operation 62 'trunc' 'empty_26' <Predicate = true> <Delay = 0.00>
ST_7 : Operation 63 [1/1] (0.00ns)   --->   "%empty_27 = wait i32 @_ssdm_op_Wait"   --->   Operation 63 'wait' 'empty_27' <Predicate = true> <Delay = 0.00>
ST_7 : Operation 64 [1/1] (0.00ns)   --->   "%tmp_6 = bitconcatenate i19 @_ssdm_op_BitConcatenate.i19.i9.i10, i9 %empty_26, i10 0" [../Archivos_Fuente/Hyperspectral/hyperspectral_accel.cpp:19]   --->   Operation 64 'bitconcatenate' 'tmp_6' <Predicate = true> <Delay = 0.00>
ST_7 : Operation 65 [1/1] (0.00ns)   --->   "%trunc_ln19 = trunc i32 %refPixel_1_049_loc_load" [../Archivos_Fuente/Hyperspectral/hyperspectral_accel.cpp:19]   --->   Operation 65 'trunc' 'trunc_ln19' <Predicate = true> <Delay = 0.00>
ST_7 : Operation 66 [1/1] (1.05ns)   --->   "%add_ln19 = add i19 %tmp_6, i19 %trunc_ln19" [../Archivos_Fuente/Hyperspectral/hyperspectral_accel.cpp:19]   --->   Operation 66 'add' 'add_ln19' <Predicate = true> <Delay = 1.05> <CoreInst = "Adder">   --->   Core 1 'Adder' <Latency = 0> <II = 1> <Delay = 1.05> <FuncUnit> <Opcode : 'add' 'sub'> <InPorts = 2> <OutPorts = 1>
ST_7 : Operation 67 [4/4] (0.69ns) (root node of the DSP)   --->   "%mul_ln19 = mul i19 %add_ln19, i19 180" [../Archivos_Fuente/Hyperspectral/hyperspectral_accel.cpp:19]   --->   Operation 67 'mul' 'mul_ln19' <Predicate = true> <Delay = 0.69> <CoreInst = "DSP48">   --->   Core 127 'DSP48' <Latency = 3> <II = 1> <Delay = 0.69> <IPBlock> <Opcode : 'mul' 'add' 'sub' 'select'> <InPorts = 0> <OutPorts = 1> <Sync> <CReg>
ST_7 : Operation 68 [1/1] (0.48ns)   --->   "%store_ln15 = store i32 %refPixel_0_048_loc_load, i32 %empty" [../Archivos_Fuente/Hyperspectral/hyperspectral_accel.cpp:15]   --->   Operation 68 'store' 'store_ln15' <Predicate = true> <Delay = 0.48>

State 8 <SV = 7> <Delay = 0.69>
ST_8 : Operation 69 [3/4] (0.69ns) (root node of the DSP)   --->   "%mul_ln19 = mul i19 %add_ln19, i19 180" [../Archivos_Fuente/Hyperspectral/hyperspectral_accel.cpp:19]   --->   Operation 69 'mul' 'mul_ln19' <Predicate = true> <Delay = 0.69> <CoreInst = "DSP48">   --->   Core 127 'DSP48' <Latency = 3> <II = 1> <Delay = 0.69> <IPBlock> <Opcode : 'mul' 'add' 'sub' 'select'> <InPorts = 0> <OutPorts = 1> <Sync> <CReg>

State 9 <SV = 8> <Delay = 0.69>
ST_9 : Operation 70 [2/4] (0.69ns) (root node of the DSP)   --->   "%mul_ln19 = mul i19 %add_ln19, i19 180" [../Archivos_Fuente/Hyperspectral/hyperspectral_accel.cpp:19]   --->   Operation 70 'mul' 'mul_ln19' <Predicate = true> <Delay = 0.69> <CoreInst = "DSP48">   --->   Core 127 'DSP48' <Latency = 3> <II = 1> <Delay = 0.69> <IPBlock> <Opcode : 'mul' 'add' 'sub' 'select'> <InPorts = 0> <OutPorts = 1> <Sync> <CReg>

State 10 <SV = 9> <Delay = 0.00>
ST_10 : Operation 71 [1/1] (0.00ns)   --->   "%spectopmodule_ln65 = spectopmodule void @_ssdm_op_SpecTopModule, void @empty_8" [../Archivos_Fuente/Hyperspectral/hyperspectral_accel.cpp:65]   --->   Operation 71 'spectopmodule' 'spectopmodule_ln65' <Predicate = true> <Delay = 0.00>
ST_10 : Operation 72 [1/1] (0.00ns)   --->   "%specinterface_ln0 = specinterface void @_ssdm_op_SpecInterface, i32 %in_stream_V_data_V, i4 %in_stream_V_keep_V, i4 %in_stream_V_strb_V, i4 %in_stream_V_user_V, i1 %in_stream_V_last_V, i5 %in_stream_V_id_V, i5 %in_stream_V_dest_V, void @empty_5, i32 1, i32 1, void @empty_7, i32 0, i32 0, void @empty, void @empty, void @empty, i32 0, i32 0, i32 0, i32 0, void @empty, void @empty, i32 4294967295, i32 0"   --->   Operation 72 'specinterface' 'specinterface_ln0' <Predicate = true> <Delay = 0.00>
ST_10 : Operation 73 [1/1] (0.00ns)   --->   "%specbitsmap_ln0 = specbitsmap void @_ssdm_op_SpecBitsMap, i32 %in_stream_V_data_V"   --->   Operation 73 'specbitsmap' 'specbitsmap_ln0' <Predicate = true> <Delay = 0.00>
ST_10 : Operation 74 [1/1] (0.00ns)   --->   "%specbitsmap_ln0 = specbitsmap void @_ssdm_op_SpecBitsMap, i4 %in_stream_V_keep_V"   --->   Operation 74 'specbitsmap' 'specbitsmap_ln0' <Predicate = true> <Delay = 0.00>
ST_10 : Operation 75 [1/1] (0.00ns)   --->   "%specbitsmap_ln0 = specbitsmap void @_ssdm_op_SpecBitsMap, i4 %in_stream_V_strb_V"   --->   Operation 75 'specbitsmap' 'specbitsmap_ln0' <Predicate = true> <Delay = 0.00>
ST_10 : Operation 76 [1/1] (0.00ns)   --->   "%specbitsmap_ln0 = specbitsmap void @_ssdm_op_SpecBitsMap, i4 %in_stream_V_user_V"   --->   Operation 76 'specbitsmap' 'specbitsmap_ln0' <Predicate = true> <Delay = 0.00>
ST_10 : Operation 77 [1/1] (0.00ns)   --->   "%specbitsmap_ln0 = specbitsmap void @_ssdm_op_SpecBitsMap, i1 %in_stream_V_last_V"   --->   Operation 77 'specbitsmap' 'specbitsmap_ln0' <Predicate = true> <Delay = 0.00>
ST_10 : Operation 78 [1/1] (0.00ns)   --->   "%specbitsmap_ln0 = specbitsmap void @_ssdm_op_SpecBitsMap, i5 %in_stream_V_id_V"   --->   Operation 78 'specbitsmap' 'specbitsmap_ln0' <Predicate = true> <Delay = 0.00>
ST_10 : Operation 79 [1/1] (0.00ns)   --->   "%specbitsmap_ln0 = specbitsmap void @_ssdm_op_SpecBitsMap, i5 %in_stream_V_dest_V"   --->   Operation 79 'specbitsmap' 'specbitsmap_ln0' <Predicate = true> <Delay = 0.00>
ST_10 : Operation 80 [1/1] (0.00ns)   --->   "%specinterface_ln0 = specinterface void @_ssdm_op_SpecInterface, i32 %out_stream_V_data_V, i4 %out_stream_V_keep_V, i4 %out_stream_V_strb_V, i4 %out_stream_V_user_V, i1 %out_stream_V_last_V, i5 %out_stream_V_id_V, i5 %out_stream_V_dest_V, void @empty_5, i32 1, i32 1, void @empty_7, i32 0, i32 0, void @empty, void @empty, void @empty, i32 0, i32 0, i32 0, i32 0, void @empty, void @empty, i32 4294967295, i32 0"   --->   Operation 80 'specinterface' 'specinterface_ln0' <Predicate = true> <Delay = 0.00>
ST_10 : Operation 81 [1/1] (0.00ns)   --->   "%specbitsmap_ln0 = specbitsmap void @_ssdm_op_SpecBitsMap, i32 %out_stream_V_data_V"   --->   Operation 81 'specbitsmap' 'specbitsmap_ln0' <Predicate = true> <Delay = 0.00>
ST_10 : Operation 82 [1/1] (0.00ns)   --->   "%specbitsmap_ln0 = specbitsmap void @_ssdm_op_SpecBitsMap, i4 %out_stream_V_keep_V"   --->   Operation 82 'specbitsmap' 'specbitsmap_ln0' <Predicate = true> <Delay = 0.00>
ST_10 : Operation 83 [1/1] (0.00ns)   --->   "%specbitsmap_ln0 = specbitsmap void @_ssdm_op_SpecBitsMap, i4 %out_stream_V_strb_V"   --->   Operation 83 'specbitsmap' 'specbitsmap_ln0' <Predicate = true> <Delay = 0.00>
ST_10 : Operation 84 [1/1] (0.00ns)   --->   "%specbitsmap_ln0 = specbitsmap void @_ssdm_op_SpecBitsMap, i4 %out_stream_V_user_V"   --->   Operation 84 'specbitsmap' 'specbitsmap_ln0' <Predicate = true> <Delay = 0.00>
ST_10 : Operation 85 [1/1] (0.00ns)   --->   "%specbitsmap_ln0 = specbitsmap void @_ssdm_op_SpecBitsMap, i1 %out_stream_V_last_V"   --->   Operation 85 'specbitsmap' 'specbitsmap_ln0' <Predicate = true> <Delay = 0.00>
ST_10 : Operation 86 [1/1] (0.00ns)   --->   "%specbitsmap_ln0 = specbitsmap void @_ssdm_op_SpecBitsMap, i5 %out_stream_V_id_V"   --->   Operation 86 'specbitsmap' 'specbitsmap_ln0' <Predicate = true> <Delay = 0.00>
ST_10 : Operation 87 [1/1] (0.00ns)   --->   "%specbitsmap_ln0 = specbitsmap void @_ssdm_op_SpecBitsMap, i5 %out_stream_V_dest_V"   --->   Operation 87 'specbitsmap' 'specbitsmap_ln0' <Predicate = true> <Delay = 0.00>
ST_10 : Operation 88 [1/1] (0.00ns)   --->   "%specinterface_ln0 = specinterface void @_ssdm_op_SpecInterface, i32 0, void @empty_0, i32 0, i32 0, void @empty, i32 0, i32 0, void @empty_1, void @empty, void @empty, i32 0, i32 0, i32 0, i32 0, void @empty, void @empty, i32 4294967295, i32 0"   --->   Operation 88 'specinterface' 'specinterface_ln0' <Predicate = true> <Delay = 0.00>
ST_10 : Operation 89 [1/4] (0.00ns) (root node of the DSP)   --->   "%mul_ln19 = mul i19 %add_ln19, i19 180" [../Archivos_Fuente/Hyperspectral/hyperspectral_accel.cpp:19]   --->   Operation 89 'mul' 'mul_ln19' <Predicate = true> <Delay = 0.00> <CoreInst = "DSP48">   --->   Core 127 'DSP48' <Latency = 3> <II = 1> <Delay = 0.69> <IPBlock> <Opcode : 'mul' 'add' 'sub' 'select'> <InPorts = 0> <OutPorts = 1> <Sync> <CReg>
ST_10 : Operation 90 [1/1] (0.00ns)   --->   "%br_ln15 = br void %L3.i.i" [../Archivos_Fuente/Hyperspectral/hyperspectral_accel.cpp:15]   --->   Operation 90 'br' 'br_ln15' <Predicate = true> <Delay = 0.00>

State 11 <SV = 10> <Delay = 4.88>
ST_11 : Operation 91 [1/1] (0.00ns)   --->   "%indvar_flatten23_load = load i12 %indvar_flatten23" [../Archivos_Fuente/Hyperspectral/hyperspectral_accel.cpp:15]   --->   Operation 91 'load' 'indvar_flatten23_load' <Predicate = true> <Delay = 0.00>
ST_11 : Operation 92 [1/1] (0.86ns)   --->   "%icmp_ln15 = icmp_eq  i12 %indvar_flatten23_load, i12 2048" [../Archivos_Fuente/Hyperspectral/hyperspectral_accel.cpp:15]   --->   Operation 92 'icmp' 'icmp_ln15' <Predicate = true> <Delay = 0.86> <CoreInst = "Cmp">   --->   Core 9 'Cmp' <Latency = 0> <II = 1> <Delay = 0.86> <FuncUnit> <Opcode : 'icmp'> <InPorts = 2> <OutPorts = 1>
ST_11 : Operation 93 [1/1] (0.96ns)   --->   "%add_ln15_1 = add i12 %indvar_flatten23_load, i12 1" [../Archivos_Fuente/Hyperspectral/hyperspectral_accel.cpp:15]   --->   Operation 93 'add' 'add_ln15_1' <Predicate = true> <Delay = 0.96> <CoreInst = "Adder">   --->   Core 1 'Adder' <Latency = 0> <II = 1> <Delay = 0.96> <FuncUnit> <Opcode : 'add' 'sub'> <InPorts = 2> <OutPorts = 1>
ST_11 : Operation 94 [1/1] (0.00ns)   --->   "%br_ln15 = br i1 %icmp_ln15, void %for.inc33.i.i, void %for.inc.i11.i.preheader" [../Archivos_Fuente/Hyperspectral/hyperspectral_accel.cpp:15]   --->   Operation 94 'br' 'br_ln15' <Predicate = true> <Delay = 0.00>
ST_11 : Operation 95 [1/1] (0.00ns)   --->   "%j_1_load = load i11 %j_1" [../Archivos_Fuente/Hyperspectral/hyperspectral_accel.cpp:16]   --->   Operation 95 'load' 'j_1_load' <Predicate = (!icmp_ln15)> <Delay = 0.00>
ST_11 : Operation 96 [1/1] (0.00ns)   --->   "%i_2_load = load i2 %i_2" [../Archivos_Fuente/Hyperspectral/hyperspectral_accel.cpp:15]   --->   Operation 96 'load' 'i_2_load' <Predicate = (!icmp_ln15)> <Delay = 0.00>
ST_11 : Operation 97 [1/1] (0.62ns)   --->   "%add_ln15 = add i2 %i_2_load, i2 1" [../Archivos_Fuente/Hyperspectral/hyperspectral_accel.cpp:15]   --->   Operation 97 'add' 'add_ln15' <Predicate = (!icmp_ln15)> <Delay = 0.62> <CoreInst = "Adder">   --->   Core 1 'Adder' <Latency = 0> <II = 1> <Delay = 0.62> <FuncUnit> <Opcode : 'add' 'sub'> <InPorts = 2> <OutPorts = 1>
ST_11 : Operation 98 [1/1] (0.85ns)   --->   "%icmp_ln16 = icmp_eq  i11 %j_1_load, i11 1024" [../Archivos_Fuente/Hyperspectral/hyperspectral_accel.cpp:16]   --->   Operation 98 'icmp' 'icmp_ln16' <Predicate = (!icmp_ln15)> <Delay = 0.85> <CoreInst = "Cmp">   --->   Core 9 'Cmp' <Latency = 0> <II = 1> <Delay = 0.85> <FuncUnit> <Opcode : 'icmp'> <InPorts = 2> <OutPorts = 1>
ST_11 : Operation 99 [1/1] (0.45ns)   --->   "%select_ln28 = select i1 %icmp_ln16, i11 0, i11 %j_1_load" [../Archivos_Fuente/Hyperspectral/hyperspectral_accel.cpp:28]   --->   Operation 99 'select' 'select_ln28' <Predicate = (!icmp_ln15)> <Delay = 0.45> <CoreInst = "Sel">   --->   Core 73 'Sel' <Latency = 0> <II = 1> <Delay = 0.45> <FuncUnit> <Opcode : 'select'> <InPorts = 3> <OutPorts = 1>
ST_11 : Operation 100 [1/1] (0.26ns)   --->   "%select_ln28_1 = select i1 %icmp_ln16, i2 %add_ln15, i2 %i_2_load" [../Archivos_Fuente/Hyperspectral/hyperspectral_accel.cpp:28]   --->   Operation 100 'select' 'select_ln28_1' <Predicate = (!icmp_ln15)> <Delay = 0.26> <CoreInst = "Sel">   --->   Core 73 'Sel' <Latency = 0> <II = 1> <Delay = 0.26> <FuncUnit> <Opcode : 'select'> <InPorts = 3> <OutPorts = 1>
ST_11 : Operation 101 [1/1] (0.00ns)   --->   "%tmp_s = bitconcatenate i12 @_ssdm_op_BitConcatenate.i12.i2.i10, i2 %select_ln28_1, i10 0" [../Archivos_Fuente/Hyperspectral/hyperspectral_accel.cpp:19]   --->   Operation 101 'bitconcatenate' 'tmp_s' <Predicate = (!icmp_ln15)> <Delay = 0.00>
ST_11 : Operation 102 [1/1] (0.00ns)   --->   "%zext_ln28_2 = zext i12 %tmp_s" [../Archivos_Fuente/Hyperspectral/hyperspectral_accel.cpp:28]   --->   Operation 102 'zext' 'zext_ln28_2' <Predicate = (!icmp_ln15)> <Delay = 0.00>
ST_11 : Operation 103 [1/1] (0.00ns)   --->   "%trunc_ln28 = trunc i2 %select_ln28_1" [../Archivos_Fuente/Hyperspectral/hyperspectral_accel.cpp:28]   --->   Operation 103 'trunc' 'trunc_ln28' <Predicate = (!icmp_ln15)> <Delay = 0.00>
ST_11 : Operation 104 [1/1] (0.00ns)   --->   "%zext_ln19 = zext i11 %select_ln28" [../Archivos_Fuente/Hyperspectral/hyperspectral_accel.cpp:19]   --->   Operation 104 'zext' 'zext_ln19' <Predicate = (!icmp_ln15)> <Delay = 0.00>
ST_11 : Operation 105 [1/1] (2.48ns) (grouped into DSP with root node mul_ln16)   --->   "%add_ln19_1 = add i13 %zext_ln28_2, i13 %zext_ln19" [../Archivos_Fuente/Hyperspectral/hyperspectral_accel.cpp:19]   --->   Operation 105 'add' 'add_ln19_1' <Predicate = (!icmp_ln15)> <Delay = 2.48> <CoreInst = "DSP48">   --->   Core 127 'DSP48' <Latency = 3> <II = 1> <Delay = 0.69> <IPBlock> <Opcode : 'mul' 'add' 'sub' 'select'> <InPorts = 0> <OutPorts = 1> <Sync> <CReg>
ST_11 : Operation 106 [1/1] (0.00ns) (grouped into DSP with root node mul_ln16)   --->   "%zext_ln16 = zext i13 %add_ln19_1" [../Archivos_Fuente/Hyperspectral/hyperspectral_accel.cpp:16]   --->   Operation 106 'zext' 'zext_ln16' <Predicate = (!icmp_ln15)> <Delay = 0.00>
ST_11 : Operation 107 [4/4] (1.08ns) (root node of the DSP)   --->   "%mul_ln16 = mul i19 %zext_ln16, i19 180" [../Archivos_Fuente/Hyperspectral/hyperspectral_accel.cpp:16]   --->   Operation 107 'mul' 'mul_ln16' <Predicate = (!icmp_ln15)> <Delay = 1.08> <CoreInst = "DSP48">   --->   Core 127 'DSP48' <Latency = 3> <II = 1> <Delay = 0.69> <IPBlock> <Opcode : 'mul' 'add' 'sub' 'select'> <InPorts = 0> <OutPorts = 1> <Sync> <CReg>
ST_11 : Operation 108 [1/1] (0.00ns)   --->   "%zext_ln16_1 = zext i11 %select_ln28" [../Archivos_Fuente/Hyperspectral/hyperspectral_accel.cpp:16]   --->   Operation 108 'zext' 'zext_ln16_1' <Predicate = (!icmp_ln15)> <Delay = 0.00>
ST_11 : Operation 109 [1/1] (1.11ns)   --->   "%icmp_ln25_1 = icmp_ne  i32 %zext_ln16_1, i32 %refPixel_1_049_loc_load" [../Archivos_Fuente/Hyperspectral/hyperspectral_accel.cpp:25]   --->   Operation 109 'icmp' 'icmp_ln25_1' <Predicate = (!icmp_ln15)> <Delay = 1.11> <CoreInst = "Cmp">   --->   Core 9 'Cmp' <Latency = 0> <II = 1> <Delay = 1.11> <FuncUnit> <Opcode : 'icmp'> <InPorts = 2> <OutPorts = 1>
ST_11 : Operation 110 [1/1] (0.94ns)   --->   "%add_ln16 = add i11 %select_ln28, i11 1" [../Archivos_Fuente/Hyperspectral/hyperspectral_accel.cpp:16]   --->   Operation 110 'add' 'add_ln16' <Predicate = (!icmp_ln15)> <Delay = 0.94> <CoreInst = "Adder">   --->   Core 1 'Adder' <Latency = 0> <II = 1> <Delay = 0.94> <FuncUnit> <Opcode : 'add' 'sub'> <InPorts = 2> <OutPorts = 1>
ST_11 : Operation 111 [1/1] (0.48ns)   --->   "%store_ln16 = store i12 %add_ln15_1, i12 %indvar_flatten23" [../Archivos_Fuente/Hyperspectral/hyperspectral_accel.cpp:16]   --->   Operation 111 'store' 'store_ln16' <Predicate = (!icmp_ln15)> <Delay = 0.48>
ST_11 : Operation 112 [1/1] (0.48ns)   --->   "%store_ln16 = store i2 %select_ln28_1, i2 %i_2" [../Archivos_Fuente/Hyperspectral/hyperspectral_accel.cpp:16]   --->   Operation 112 'store' 'store_ln16' <Predicate = (!icmp_ln15)> <Delay = 0.48>
ST_11 : Operation 113 [1/1] (0.48ns)   --->   "%store_ln16 = store i11 %add_ln16, i11 %j_1" [../Archivos_Fuente/Hyperspectral/hyperspectral_accel.cpp:16]   --->   Operation 113 'store' 'store_ln16' <Predicate = (!icmp_ln15)> <Delay = 0.48>
ST_11 : Operation 114 [2/2] (0.00ns)   --->   "%call_ln0 = call void @hyperspectral_hw_wrapped_Pipeline_L1_L2_L3, i16 %image, i32 %select_ln44_2_loc, i32 %select_ln44_3_loc"   --->   Operation 114 'call' 'call_ln0' <Predicate = (icmp_ln15)> <Delay = 0.00> <CoreType = "Generic">   --->   Core 0 '' <Latency = 0> <II = 1> <Delay = 1.00> <Generic> <Opcode : >

State 12 <SV = 11> <Delay = 1.08>
ST_12 : Operation 115 [3/4] (1.08ns) (root node of the DSP)   --->   "%mul_ln16 = mul i19 %zext_ln16, i19 180" [../Archivos_Fuente/Hyperspectral/hyperspectral_accel.cpp:16]   --->   Operation 115 'mul' 'mul_ln16' <Predicate = true> <Delay = 1.08> <CoreInst = "DSP48">   --->   Core 127 'DSP48' <Latency = 3> <II = 1> <Delay = 0.69> <IPBlock> <Opcode : 'mul' 'add' 'sub' 'select'> <InPorts = 0> <OutPorts = 1> <Sync> <CReg>

State 13 <SV = 12> <Delay = 1.08>
ST_13 : Operation 116 [2/4] (1.08ns) (root node of the DSP)   --->   "%mul_ln16 = mul i19 %zext_ln16, i19 180" [../Archivos_Fuente/Hyperspectral/hyperspectral_accel.cpp:16]   --->   Operation 116 'mul' 'mul_ln16' <Predicate = true> <Delay = 1.08> <CoreInst = "DSP48">   --->   Core 127 'DSP48' <Latency = 3> <II = 1> <Delay = 0.69> <IPBlock> <Opcode : 'mul' 'add' 'sub' 'select'> <InPorts = 0> <OutPorts = 1> <Sync> <CReg>

State 14 <SV = 13> <Delay = 2.40>
ST_14 : Operation 117 [1/4] (0.00ns) (root node of the DSP)   --->   "%mul_ln16 = mul i19 %zext_ln16, i19 180" [../Archivos_Fuente/Hyperspectral/hyperspectral_accel.cpp:16]   --->   Operation 117 'mul' 'mul_ln16' <Predicate = true> <Delay = 0.00> <CoreInst = "DSP48">   --->   Core 127 'DSP48' <Latency = 3> <II = 1> <Delay = 0.69> <IPBlock> <Opcode : 'mul' 'add' 'sub' 'select'> <InPorts = 0> <OutPorts = 1> <Sync> <CReg>
ST_14 : Operation 118 [2/2] (2.40ns)   --->   "%call_ln16 = call void @hyperspectral_hw_wrapped_Pipeline_L3, i19 %mul_ln16, i16 %image, i19 %mul_ln19, i32 %sum_loc" [../Archivos_Fuente/Hyperspectral/hyperspectral_accel.cpp:16]   --->   Operation 118 'call' 'call_ln16' <Predicate = true> <Delay = 2.40> <CoreType = "Generic">   --->   Core 0 '' <Latency = 0> <II = 1> <Delay = 1.00> <Generic> <Opcode : >

State 15 <SV = 14> <Delay = 0.00>
ST_15 : Operation 119 [1/2] (0.00ns)   --->   "%call_ln16 = call void @hyperspectral_hw_wrapped_Pipeline_L3, i19 %mul_ln16, i16 %image, i19 %mul_ln19, i32 %sum_loc" [../Archivos_Fuente/Hyperspectral/hyperspectral_accel.cpp:16]   --->   Operation 119 'call' 'call_ln16' <Predicate = true> <Delay = 0.00> <CoreType = "Generic">   --->   Core 0 '' <Latency = 0> <II = 1> <Delay = 1.00> <Generic> <Opcode : >

State 16 <SV = 15> <Delay = 6.47>
ST_16 : Operation 120 [1/1] (0.00ns)   --->   "%sum_loc_load = load i32 %sum_loc"   --->   Operation 120 'load' 'sum_loc_load' <Predicate = true> <Delay = 0.00>
ST_16 : Operation 121 [10/10] (6.47ns)   --->   "%distance = fsqrt i32 @llvm.sqrt.f32, i32 %sum_loc_load" [/wrk/ci/prod/2022.1/rdi_builds/continuous/2022_04_18_3526262/src/shared/hls/clib/hlsmath/src/c++/sqrtfloat.cpp:8]   --->   Operation 121 'fsqrt' 'distance' <Predicate = true> <Delay = 6.47> <CoreInst = "FSqrt">   --->   Core 35 'FSqrt' <Latency = 9> <II = 1> <Delay = 6.47> <FuncUnit> <Opcode : 'fsqrt'> <InPorts = 1> <OutPorts = 1>

State 17 <SV = 16> <Delay = 6.47>
ST_17 : Operation 122 [9/10] (6.47ns)   --->   "%distance = fsqrt i32 @llvm.sqrt.f32, i32 %sum_loc_load" [/wrk/ci/prod/2022.1/rdi_builds/continuous/2022_04_18_3526262/src/shared/hls/clib/hlsmath/src/c++/sqrtfloat.cpp:8]   --->   Operation 122 'fsqrt' 'distance' <Predicate = true> <Delay = 6.47> <CoreInst = "FSqrt">   --->   Core 35 'FSqrt' <Latency = 9> <II = 1> <Delay = 6.47> <FuncUnit> <Opcode : 'fsqrt'> <InPorts = 1> <OutPorts = 1>

State 18 <SV = 17> <Delay = 6.47>
ST_18 : Operation 123 [8/10] (6.47ns)   --->   "%distance = fsqrt i32 @llvm.sqrt.f32, i32 %sum_loc_load" [/wrk/ci/prod/2022.1/rdi_builds/continuous/2022_04_18_3526262/src/shared/hls/clib/hlsmath/src/c++/sqrtfloat.cpp:8]   --->   Operation 123 'fsqrt' 'distance' <Predicate = true> <Delay = 6.47> <CoreInst = "FSqrt">   --->   Core 35 'FSqrt' <Latency = 9> <II = 1> <Delay = 6.47> <FuncUnit> <Opcode : 'fsqrt'> <InPorts = 1> <OutPorts = 1>

State 19 <SV = 18> <Delay = 6.47>
ST_19 : Operation 124 [7/10] (6.47ns)   --->   "%distance = fsqrt i32 @llvm.sqrt.f32, i32 %sum_loc_load" [/wrk/ci/prod/2022.1/rdi_builds/continuous/2022_04_18_3526262/src/shared/hls/clib/hlsmath/src/c++/sqrtfloat.cpp:8]   --->   Operation 124 'fsqrt' 'distance' <Predicate = true> <Delay = 6.47> <CoreInst = "FSqrt">   --->   Core 35 'FSqrt' <Latency = 9> <II = 1> <Delay = 6.47> <FuncUnit> <Opcode : 'fsqrt'> <InPorts = 1> <OutPorts = 1>

State 20 <SV = 19> <Delay = 6.47>
ST_20 : Operation 125 [6/10] (6.47ns)   --->   "%distance = fsqrt i32 @llvm.sqrt.f32, i32 %sum_loc_load" [/wrk/ci/prod/2022.1/rdi_builds/continuous/2022_04_18_3526262/src/shared/hls/clib/hlsmath/src/c++/sqrtfloat.cpp:8]   --->   Operation 125 'fsqrt' 'distance' <Predicate = true> <Delay = 6.47> <CoreInst = "FSqrt">   --->   Core 35 'FSqrt' <Latency = 9> <II = 1> <Delay = 6.47> <FuncUnit> <Opcode : 'fsqrt'> <InPorts = 1> <OutPorts = 1>

State 21 <SV = 20> <Delay = 6.47>
ST_21 : Operation 126 [5/10] (6.47ns)   --->   "%distance = fsqrt i32 @llvm.sqrt.f32, i32 %sum_loc_load" [/wrk/ci/prod/2022.1/rdi_builds/continuous/2022_04_18_3526262/src/shared/hls/clib/hlsmath/src/c++/sqrtfloat.cpp:8]   --->   Operation 126 'fsqrt' 'distance' <Predicate = true> <Delay = 6.47> <CoreInst = "FSqrt">   --->   Core 35 'FSqrt' <Latency = 9> <II = 1> <Delay = 6.47> <FuncUnit> <Opcode : 'fsqrt'> <InPorts = 1> <OutPorts = 1>

State 22 <SV = 21> <Delay = 6.47>
ST_22 : Operation 127 [4/10] (6.47ns)   --->   "%distance = fsqrt i32 @llvm.sqrt.f32, i32 %sum_loc_load" [/wrk/ci/prod/2022.1/rdi_builds/continuous/2022_04_18_3526262/src/shared/hls/clib/hlsmath/src/c++/sqrtfloat.cpp:8]   --->   Operation 127 'fsqrt' 'distance' <Predicate = true> <Delay = 6.47> <CoreInst = "FSqrt">   --->   Core 35 'FSqrt' <Latency = 9> <II = 1> <Delay = 6.47> <FuncUnit> <Opcode : 'fsqrt'> <InPorts = 1> <OutPorts = 1>

State 23 <SV = 22> <Delay = 6.47>
ST_23 : Operation 128 [3/10] (6.47ns)   --->   "%distance = fsqrt i32 @llvm.sqrt.f32, i32 %sum_loc_load" [/wrk/ci/prod/2022.1/rdi_builds/continuous/2022_04_18_3526262/src/shared/hls/clib/hlsmath/src/c++/sqrtfloat.cpp:8]   --->   Operation 128 'fsqrt' 'distance' <Predicate = true> <Delay = 6.47> <CoreInst = "FSqrt">   --->   Core 35 'FSqrt' <Latency = 9> <II = 1> <Delay = 6.47> <FuncUnit> <Opcode : 'fsqrt'> <InPorts = 1> <OutPorts = 1>

State 24 <SV = 23> <Delay = 6.47>
ST_24 : Operation 129 [2/10] (6.47ns)   --->   "%distance = fsqrt i32 @llvm.sqrt.f32, i32 %sum_loc_load" [/wrk/ci/prod/2022.1/rdi_builds/continuous/2022_04_18_3526262/src/shared/hls/clib/hlsmath/src/c++/sqrtfloat.cpp:8]   --->   Operation 129 'fsqrt' 'distance' <Predicate = true> <Delay = 6.47> <CoreInst = "FSqrt">   --->   Core 35 'FSqrt' <Latency = 9> <II = 1> <Delay = 6.47> <FuncUnit> <Opcode : 'fsqrt'> <InPorts = 1> <OutPorts = 1>

State 25 <SV = 24> <Delay = 6.47>
ST_25 : Operation 130 [1/10] (6.47ns)   --->   "%distance = fsqrt i32 @llvm.sqrt.f32, i32 %sum_loc_load" [/wrk/ci/prod/2022.1/rdi_builds/continuous/2022_04_18_3526262/src/shared/hls/clib/hlsmath/src/c++/sqrtfloat.cpp:8]   --->   Operation 130 'fsqrt' 'distance' <Predicate = true> <Delay = 6.47> <CoreInst = "FSqrt">   --->   Core 35 'FSqrt' <Latency = 9> <II = 1> <Delay = 6.47> <FuncUnit> <Opcode : 'fsqrt'> <InPorts = 1> <OutPorts = 1>

State 26 <SV = 25> <Delay = 3.34>
ST_26 : Operation 131 [1/1] (0.00ns)   --->   "%c_load_1 = load i32 %c" [../Archivos_Fuente/Hyperspectral/hyperspectral_accel.cpp:25]   --->   Operation 131 'load' 'c_load_1' <Predicate = true> <Delay = 0.00>
ST_26 : Operation 132 [2/2] (3.34ns)   --->   "%tmp_5 = fcmp_olt  i32 %distance, i32 %c_load_1" [../Archivos_Fuente/Hyperspectral/hyperspectral_accel.cpp:25]   --->   Operation 132 'fcmp' 'tmp_5' <Predicate = true> <Delay = 3.34> <CoreInst = "FCompare">   --->   Core 19 'FCompare' <Latency = 1> <II = 1> <Delay = 3.34> <FuncUnit> <Opcode : 'fcmp'> <InPorts = 2> <OutPorts = 1>

State 27 <SV = 26> <Delay = 4.69>
ST_27 : Operation 133 [1/1] (0.00ns)   --->   "%p_load = load i32 %empty" [../Archivos_Fuente/Hyperspectral/hyperspectral_accel.cpp:25]   --->   Operation 133 'load' 'p_load' <Predicate = true> <Delay = 0.00>
ST_27 : Operation 134 [1/1] (0.00ns)   --->   "%i_08_i_i639_load_1 = load i32 %i_08_i_i639" [../Archivos_Fuente/Hyperspectral/hyperspectral_accel.cpp:25]   --->   Operation 134 'load' 'i_08_i_i639_load_1' <Predicate = true> <Delay = 0.00>
ST_27 : Operation 135 [1/1] (0.00ns)   --->   "%j_07_i_i641_load_1 = load i32 %j_07_i_i641" [../Archivos_Fuente/Hyperspectral/hyperspectral_accel.cpp:25]   --->   Operation 135 'load' 'j_07_i_i641_load_1' <Predicate = true> <Delay = 0.00>
ST_27 : Operation 136 [1/1] (0.00ns)   --->   "%specloopname_ln0 = specloopname void @_ssdm_op_SpecLoopName, void @L1_L2_str"   --->   Operation 136 'specloopname' 'specloopname_ln0' <Predicate = true> <Delay = 0.00>
ST_27 : Operation 137 [1/1] (0.00ns)   --->   "%empty_31 = speclooptripcount i32 @_ssdm_op_SpecLoopTripCount, i64 2048, i64 2048, i64 2048"   --->   Operation 137 'speclooptripcount' 'empty_31' <Predicate = true> <Delay = 0.00>
ST_27 : Operation 138 [1/1] (0.00ns)   --->   "%zext_ln28 = zext i2 %select_ln28_1" [../Archivos_Fuente/Hyperspectral/hyperspectral_accel.cpp:28]   --->   Operation 138 'zext' 'zext_ln28' <Predicate = true> <Delay = 0.00>
ST_27 : Operation 139 [1/1] (0.00ns)   --->   "%zext_ln28_1 = zext i1 %trunc_ln28" [../Archivos_Fuente/Hyperspectral/hyperspectral_accel.cpp:28]   --->   Operation 139 'zext' 'zext_ln28_1' <Predicate = true> <Delay = 0.00>
ST_27 : Operation 140 [1/1] (0.00ns)   --->   "%specloopname_ln17 = specloopname void @_ssdm_op_SpecLoopName, void @empty_2" [../Archivos_Fuente/Hyperspectral/hyperspectral_accel.cpp:17]   --->   Operation 140 'specloopname' 'specloopname_ln17' <Predicate = true> <Delay = 0.00>
ST_27 : Operation 141 [1/1] (0.00ns)   --->   "%bitcast_ln25 = bitcast i32 %distance" [../Archivos_Fuente/Hyperspectral/hyperspectral_accel.cpp:25]   --->   Operation 141 'bitcast' 'bitcast_ln25' <Predicate = true> <Delay = 0.00>
ST_27 : Operation 142 [1/1] (0.00ns)   --->   "%tmp_3 = partselect i8 @_ssdm_op_PartSelect.i8.i32.i32.i32, i32 %bitcast_ln25, i32 23, i32 30" [../Archivos_Fuente/Hyperspectral/hyperspectral_accel.cpp:25]   --->   Operation 142 'partselect' 'tmp_3' <Predicate = true> <Delay = 0.00>
ST_27 : Operation 143 [1/1] (0.00ns)   --->   "%trunc_ln25 = trunc i32 %bitcast_ln25" [../Archivos_Fuente/Hyperspectral/hyperspectral_accel.cpp:25]   --->   Operation 143 'trunc' 'trunc_ln25' <Predicate = true> <Delay = 0.00>
ST_27 : Operation 144 [1/1] (0.00ns)   --->   "%bitcast_ln25_1 = bitcast i32 %c_load_1" [../Archivos_Fuente/Hyperspectral/hyperspectral_accel.cpp:25]   --->   Operation 144 'bitcast' 'bitcast_ln25_1' <Predicate = true> <Delay = 0.00>
ST_27 : Operation 145 [1/1] (0.00ns)   --->   "%tmp_4 = partselect i8 @_ssdm_op_PartSelect.i8.i32.i32.i32, i32 %bitcast_ln25_1, i32 23, i32 30" [../Archivos_Fuente/Hyperspectral/hyperspectral_accel.cpp:25]   --->   Operation 145 'partselect' 'tmp_4' <Predicate = true> <Delay = 0.00>
ST_27 : Operation 146 [1/1] (0.00ns)   --->   "%trunc_ln25_1 = trunc i32 %bitcast_ln25_1" [../Archivos_Fuente/Hyperspectral/hyperspectral_accel.cpp:25]   --->   Operation 146 'trunc' 'trunc_ln25_1' <Predicate = true> <Delay = 0.00>
ST_27 : Operation 147 [1/1] (0.85ns)   --->   "%icmp_ln25_2 = icmp_ne  i8 %tmp_3, i8 255" [../Archivos_Fuente/Hyperspectral/hyperspectral_accel.cpp:25]   --->   Operation 147 'icmp' 'icmp_ln25_2' <Predicate = true> <Delay = 0.85> <CoreInst = "Cmp">   --->   Core 9 'Cmp' <Latency = 0> <II = 1> <Delay = 0.85> <FuncUnit> <Opcode : 'icmp'> <InPorts = 2> <OutPorts = 1>
ST_27 : Operation 148 [1/1] (0.97ns)   --->   "%icmp_ln25_3 = icmp_eq  i23 %trunc_ln25, i23 0" [../Archivos_Fuente/Hyperspectral/hyperspectral_accel.cpp:25]   --->   Operation 148 'icmp' 'icmp_ln25_3' <Predicate = true> <Delay = 0.97> <CoreInst = "Cmp">   --->   Core 9 'Cmp' <Latency = 0> <II = 1> <Delay = 0.97> <FuncUnit> <Opcode : 'icmp'> <InPorts = 2> <OutPorts = 1>
ST_27 : Operation 149 [1/1] (0.00ns) (grouped into LUT with out node and_ln25_1)   --->   "%or_ln25_1 = or i1 %icmp_ln25_3, i1 %icmp_ln25_2" [../Archivos_Fuente/Hyperspectral/hyperspectral_accel.cpp:25]   --->   Operation 149 'or' 'or_ln25_1' <Predicate = true> <Delay = 0.00> <CoreInst = "LogicGate">   --->   Core 74 'LogicGate' <Latency = 0> <II = 1> <Delay = 0.33> <FuncUnit> <Opcode : 'and' 'or' 'xor'> <InPorts = 2> <OutPorts = 1>
ST_27 : Operation 150 [1/1] (0.85ns)   --->   "%icmp_ln25_4 = icmp_ne  i8 %tmp_4, i8 255" [../Archivos_Fuente/Hyperspectral/hyperspectral_accel.cpp:25]   --->   Operation 150 'icmp' 'icmp_ln25_4' <Predicate = true> <Delay = 0.85> <CoreInst = "Cmp">   --->   Core 9 'Cmp' <Latency = 0> <II = 1> <Delay = 0.85> <FuncUnit> <Opcode : 'icmp'> <InPorts = 2> <OutPorts = 1>
ST_27 : Operation 151 [1/1] (0.97ns)   --->   "%icmp_ln25_5 = icmp_eq  i23 %trunc_ln25_1, i23 0" [../Archivos_Fuente/Hyperspectral/hyperspectral_accel.cpp:25]   --->   Operation 151 'icmp' 'icmp_ln25_5' <Predicate = true> <Delay = 0.97> <CoreInst = "Cmp">   --->   Core 9 'Cmp' <Latency = 0> <II = 1> <Delay = 0.97> <FuncUnit> <Opcode : 'icmp'> <InPorts = 2> <OutPorts = 1>
ST_27 : Operation 152 [1/1] (0.00ns) (grouped into LUT with out node and_ln25_1)   --->   "%or_ln25_2 = or i1 %icmp_ln25_5, i1 %icmp_ln25_4" [../Archivos_Fuente/Hyperspectral/hyperspectral_accel.cpp:25]   --->   Operation 152 'or' 'or_ln25_2' <Predicate = true> <Delay = 0.00> <CoreInst = "LogicGate">   --->   Core 74 'LogicGate' <Latency = 0> <II = 1> <Delay = 0.33> <FuncUnit> <Opcode : 'and' 'or' 'xor'> <InPorts = 2> <OutPorts = 1>
ST_27 : Operation 153 [1/1] (0.00ns) (grouped into LUT with out node and_ln25_1)   --->   "%and_ln25 = and i1 %or_ln25_1, i1 %or_ln25_2" [../Archivos_Fuente/Hyperspectral/hyperspectral_accel.cpp:25]   --->   Operation 153 'and' 'and_ln25' <Predicate = true> <Delay = 0.00> <CoreInst = "LogicGate">   --->   Core 74 'LogicGate' <Latency = 0> <II = 1> <Delay = 0.33> <FuncUnit> <Opcode : 'and' 'or' 'xor'> <InPorts = 2> <OutPorts = 1>
ST_27 : Operation 154 [1/2] (3.34ns)   --->   "%tmp_5 = fcmp_olt  i32 %distance, i32 %c_load_1" [../Archivos_Fuente/Hyperspectral/hyperspectral_accel.cpp:25]   --->   Operation 154 'fcmp' 'tmp_5' <Predicate = true> <Delay = 3.34> <CoreInst = "FCompare">   --->   Core 19 'FCompare' <Latency = 1> <II = 1> <Delay = 3.34> <FuncUnit> <Opcode : 'fcmp'> <InPorts = 2> <OutPorts = 1>
ST_27 : Operation 155 [1/1] (0.33ns) (out node of the LUT)   --->   "%and_ln25_1 = and i1 %and_ln25, i1 %tmp_5" [../Archivos_Fuente/Hyperspectral/hyperspectral_accel.cpp:25]   --->   Operation 155 'and' 'and_ln25_1' <Predicate = true> <Delay = 0.33> <CoreInst = "LogicGate">   --->   Core 74 'LogicGate' <Latency = 0> <II = 1> <Delay = 0.33> <FuncUnit> <Opcode : 'and' 'or' 'xor'> <InPorts = 2> <OutPorts = 1>
ST_27 : Operation 156 [1/1] (1.11ns)   --->   "%icmp_ln25 = icmp_ne  i32 %zext_ln28, i32 %p_load" [../Archivos_Fuente/Hyperspectral/hyperspectral_accel.cpp:25]   --->   Operation 156 'icmp' 'icmp_ln25' <Predicate = true> <Delay = 1.11> <CoreInst = "Cmp">   --->   Core 9 'Cmp' <Latency = 0> <II = 1> <Delay = 1.11> <FuncUnit> <Opcode : 'icmp'> <InPorts = 2> <OutPorts = 1>
ST_27 : Operation 157 [1/1] (0.33ns)   --->   "%or_ln25 = or i1 %icmp_ln25, i1 %icmp_ln25_1" [../Archivos_Fuente/Hyperspectral/hyperspectral_accel.cpp:25]   --->   Operation 157 'or' 'or_ln25' <Predicate = true> <Delay = 0.33> <CoreInst = "LogicGate">   --->   Core 74 'LogicGate' <Latency = 0> <II = 1> <Delay = 0.33> <FuncUnit> <Opcode : 'and' 'or' 'xor'> <InPorts = 2> <OutPorts = 1>
ST_27 : Operation 158 [1/1] (0.00ns) (grouped into LUT with out node select_ln25_4)   --->   "%trunc_ln25_2 = trunc i11 %select_ln28" [../Archivos_Fuente/Hyperspectral/hyperspectral_accel.cpp:25]   --->   Operation 158 'trunc' 'trunc_ln25_2' <Predicate = true> <Delay = 0.00>
ST_27 : Operation 159 [1/1] (0.00ns) (grouped into LUT with out node select_ln25_4)   --->   "%zext_ln25 = zext i10 %trunc_ln25_2" [../Archivos_Fuente/Hyperspectral/hyperspectral_accel.cpp:25]   --->   Operation 159 'zext' 'zext_ln25' <Predicate = true> <Delay = 0.00>
ST_27 : Operation 160 [1/1] (0.00ns) (grouped into LUT with out node select_ln25_4)   --->   "%select_ln25 = select i1 %or_ln25, i32 %zext_ln25, i32 %j_07_i_i641_load_1" [../Archivos_Fuente/Hyperspectral/hyperspectral_accel.cpp:25]   --->   Operation 160 'select' 'select_ln25' <Predicate = true> <Delay = 0.00> <CoreInst = "Sel">   --->   Core 73 'Sel' <Latency = 0> <II = 1> <Delay = 0.52> <FuncUnit> <Opcode : 'select'> <InPorts = 3> <OutPorts = 1>
ST_27 : Operation 161 [1/1] (0.00ns) (grouped into LUT with out node select_ln25_5)   --->   "%select_ln25_1 = select i1 %or_ln25, i32 %zext_ln28_1, i32 %i_08_i_i639_load_1" [../Archivos_Fuente/Hyperspectral/hyperspectral_accel.cpp:25]   --->   Operation 161 'select' 'select_ln25_1' <Predicate = true> <Delay = 0.00> <CoreInst = "Sel">   --->   Core 73 'Sel' <Latency = 0> <II = 1> <Delay = 0.52> <FuncUnit> <Opcode : 'select'> <InPorts = 3> <OutPorts = 1>
ST_27 : Operation 162 [1/1] (0.00ns) (grouped into LUT with out node select_ln25_6)   --->   "%select_ln25_2 = select i1 %or_ln25, i32 %p_load, i32 %zext_ln28_1" [../Archivos_Fuente/Hyperspectral/hyperspectral_accel.cpp:25]   --->   Operation 162 'select' 'select_ln25_2' <Predicate = true> <Delay = 0.00> <CoreInst = "Sel">   --->   Core 73 'Sel' <Latency = 0> <II = 1> <Delay = 0.52> <FuncUnit> <Opcode : 'select'> <InPorts = 3> <OutPorts = 1>
ST_27 : Operation 163 [1/1] (0.00ns) (grouped into LUT with out node c_2)   --->   "%select_ln25_3 = select i1 %or_ln25, i32 %distance, i32 %c_load_1" [../Archivos_Fuente/Hyperspectral/hyperspectral_accel.cpp:25]   --->   Operation 163 'select' 'select_ln25_3' <Predicate = true> <Delay = 0.00> <CoreInst = "Sel">   --->   Core 73 'Sel' <Latency = 0> <II = 1> <Delay = 0.52> <FuncUnit> <Opcode : 'select'> <InPorts = 3> <OutPorts = 1>
ST_27 : Operation 164 [1/1] (0.52ns) (out node of the LUT)   --->   "%select_ln25_4 = select i1 %and_ln25_1, i32 %select_ln25, i32 %j_07_i_i641_load_1" [../Archivos_Fuente/Hyperspectral/hyperspectral_accel.cpp:25]   --->   Operation 164 'select' 'select_ln25_4' <Predicate = true> <Delay = 0.52> <CoreInst = "Sel">   --->   Core 73 'Sel' <Latency = 0> <II = 1> <Delay = 0.52> <FuncUnit> <Opcode : 'select'> <InPorts = 3> <OutPorts = 1>
ST_27 : Operation 165 [1/1] (0.52ns) (out node of the LUT)   --->   "%select_ln25_5 = select i1 %and_ln25_1, i32 %select_ln25_1, i32 %i_08_i_i639_load_1" [../Archivos_Fuente/Hyperspectral/hyperspectral_accel.cpp:25]   --->   Operation 165 'select' 'select_ln25_5' <Predicate = true> <Delay = 0.52> <CoreInst = "Sel">   --->   Core 73 'Sel' <Latency = 0> <II = 1> <Delay = 0.52> <FuncUnit> <Opcode : 'select'> <InPorts = 3> <OutPorts = 1>
ST_27 : Operation 166 [1/1] (0.52ns) (out node of the LUT)   --->   "%select_ln25_6 = select i1 %and_ln25_1, i32 %select_ln25_2, i32 %p_load" [../Archivos_Fuente/Hyperspectral/hyperspectral_accel.cpp:25]   --->   Operation 166 'select' 'select_ln25_6' <Predicate = true> <Delay = 0.52> <CoreInst = "Sel">   --->   Core 73 'Sel' <Latency = 0> <II = 1> <Delay = 0.52> <FuncUnit> <Opcode : 'select'> <InPorts = 3> <OutPorts = 1>
ST_27 : Operation 167 [1/1] (0.52ns) (out node of the LUT)   --->   "%c_2 = select i1 %and_ln25_1, i32 %select_ln25_3, i32 %c_load_1" [../Archivos_Fuente/Hyperspectral/hyperspectral_accel.cpp:25]   --->   Operation 167 'select' 'c_2' <Predicate = true> <Delay = 0.52> <CoreInst = "Sel">   --->   Core 73 'Sel' <Latency = 0> <II = 1> <Delay = 0.52> <FuncUnit> <Opcode : 'select'> <InPorts = 3> <OutPorts = 1>
ST_27 : Operation 168 [1/1] (0.00ns)   --->   "%store_ln16 = store i32 %select_ln25_4, i32 %j_07_i_i641" [../Archivos_Fuente/Hyperspectral/hyperspectral_accel.cpp:16]   --->   Operation 168 'store' 'store_ln16' <Predicate = true> <Delay = 0.00>
ST_27 : Operation 169 [1/1] (0.00ns)   --->   "%store_ln16 = store i32 %select_ln25_5, i32 %i_08_i_i639" [../Archivos_Fuente/Hyperspectral/hyperspectral_accel.cpp:16]   --->   Operation 169 'store' 'store_ln16' <Predicate = true> <Delay = 0.00>
ST_27 : Operation 170 [1/1] (0.48ns)   --->   "%store_ln16 = store i32 %select_ln25_6, i32 %empty" [../Archivos_Fuente/Hyperspectral/hyperspectral_accel.cpp:16]   --->   Operation 170 'store' 'store_ln16' <Predicate = true> <Delay = 0.48>
ST_27 : Operation 171 [1/1] (0.48ns)   --->   "%store_ln16 = store i32 %c_2, i32 %c" [../Archivos_Fuente/Hyperspectral/hyperspectral_accel.cpp:16]   --->   Operation 171 'store' 'store_ln16' <Predicate = true> <Delay = 0.48>
ST_27 : Operation 172 [1/1] (0.00ns)   --->   "%br_ln16 = br void %L3.i.i" [../Archivos_Fuente/Hyperspectral/hyperspectral_accel.cpp:16]   --->   Operation 172 'br' 'br_ln16' <Predicate = true> <Delay = 0.00>

State 28 <SV = 11> <Delay = 1.63>
ST_28 : Operation 173 [1/2] (1.63ns)   --->   "%call_ln0 = call void @hyperspectral_hw_wrapped_Pipeline_L1_L2_L3, i16 %image, i32 %select_ln44_2_loc, i32 %select_ln44_3_loc"   --->   Operation 173 'call' 'call_ln0' <Predicate = true> <Delay = 1.63> <CoreType = "Generic">   --->   Core 0 '' <Latency = 0> <II = 1> <Delay = 1.00> <Generic> <Opcode : >

State 29 <SV = 12> <Delay = 7.20>
ST_29 : Operation 174 [1/1] (0.00ns)   --->   "%select_ln44_2_loc_load = load i32 %select_ln44_2_loc"   --->   Operation 174 'load' 'select_ln44_2_loc_load' <Predicate = true> <Delay = 0.00>
ST_29 : Operation 175 [1/1] (0.00ns)   --->   "%select_ln44_3_loc_load = load i32 %select_ln44_3_loc"   --->   Operation 175 'load' 'select_ln44_3_loc_load' <Predicate = true> <Delay = 0.00>
ST_29 : Operation 176 [1/1] (0.00ns)   --->   "%empty_28 = wait i32 @_ssdm_op_Wait"   --->   Operation 176 'wait' 'empty_28' <Predicate = true> <Delay = 0.00>
ST_29 : Operation 177 [2/2] (7.20ns)   --->   "%call_ln0 = call void @hyperspectral_hw_wrapped_Pipeline_VITIS_LOOP_113_6, i32 %select_ln44_2_loc_load, i32 %select_ln44_3_loc_load, i32 %out_stream_V_data_V, i4 %out_stream_V_keep_V, i4 %out_stream_V_strb_V, i4 %out_stream_V_user_V, i1 %out_stream_V_last_V, i5 %out_stream_V_id_V, i5 %out_stream_V_dest_V"   --->   Operation 177 'call' 'call_ln0' <Predicate = true> <Delay = 7.20> <CoreType = "Generic">   --->   Core 0 '' <Latency = 0> <II = 1> <Delay = 1.00> <Generic> <Opcode : >

State 30 <SV = 13> <Delay = 6.67>
ST_30 : Operation 178 [1/2] (6.67ns)   --->   "%call_ln0 = call void @hyperspectral_hw_wrapped_Pipeline_VITIS_LOOP_113_6, i32 %select_ln44_2_loc_load, i32 %select_ln44_3_loc_load, i32 %out_stream_V_data_V, i4 %out_stream_V_keep_V, i4 %out_stream_V_strb_V, i4 %out_stream_V_user_V, i1 %out_stream_V_last_V, i5 %out_stream_V_id_V, i5 %out_stream_V_dest_V"   --->   Operation 178 'call' 'call_ln0' <Predicate = true> <Delay = 6.67> <CoreType = "Generic">   --->   Core 0 '' <Latency = 0> <II = 1> <Delay = 1.00> <Generic> <Opcode : >

State 31 <SV = 14> <Delay = 0.00>
ST_31 : Operation 179 [1/1] (0.00ns)   --->   "%c_load = load i32 %c" [../Archivos_Fuente/Hyperspectral/hyperspectral_accel.cpp:135]   --->   Operation 179 'load' 'c_load' <Predicate = true> <Delay = 0.00>
ST_31 : Operation 180 [1/1] (0.00ns)   --->   "%empty_29 = wait i32 @_ssdm_op_Wait"   --->   Operation 180 'wait' 'empty_29' <Predicate = true> <Delay = 0.00>
ST_31 : Operation 181 [1/1] (0.00ns)   --->   "%w_V = bitcast i32 %c_load" [../Archivos_Fuente/Hyperspectral/hyperspectral_accel.cpp:135]   --->   Operation 181 'bitcast' 'w_V' <Predicate = true> <Delay = 0.00>
ST_31 : Operation 182 [2/2] (0.00ns)   --->   "%write_ln304 = write void @_ssdm_op_Write.axis.volatile.i32P0A.i4P0A.i4P0A.i4P0A.i1P0A.i5P0A.i5P0A, i32 %out_stream_V_data_V, i4 %out_stream_V_keep_V, i4 %out_stream_V_strb_V, i4 %out_stream_V_user_V, i1 %out_stream_V_last_V, i5 %out_stream_V_id_V, i5 %out_stream_V_dest_V, i32 %w_V, i4 15, i4 15, i4 4, i1 0, i5 7, i5 8"   --->   Operation 182 'write' 'write_ln304' <Predicate = true> <Delay = 0.00> <CoreInst = "axis">   --->   Core 123 'axis' <Latency = 0> <II = 1> <Delay = 1.00> <Adapter> <Opcode : >

State 32 <SV = 15> <Delay = 0.00>
ST_32 : Operation 183 [1/2] (0.00ns)   --->   "%write_ln304 = write void @_ssdm_op_Write.axis.volatile.i32P0A.i4P0A.i4P0A.i4P0A.i1P0A.i5P0A.i5P0A, i32 %out_stream_V_data_V, i4 %out_stream_V_keep_V, i4 %out_stream_V_strb_V, i4 %out_stream_V_user_V, i1 %out_stream_V_last_V, i5 %out_stream_V_id_V, i5 %out_stream_V_dest_V, i32 %w_V, i4 15, i4 15, i4 4, i1 0, i5 7, i5 8"   --->   Operation 183 'write' 'write_ln304' <Predicate = true> <Delay = 0.00> <CoreInst = "axis">   --->   Core 123 'axis' <Latency = 0> <II = 1> <Delay = 1.00> <Adapter> <Opcode : >

State 33 <SV = 16> <Delay = 7.20>
ST_33 : Operation 184 [1/1] (0.00ns)   --->   "%i_08_i_i639_load = load i32 %i_08_i_i639"   --->   Operation 184 'load' 'i_08_i_i639_load' <Predicate = true> <Delay = 0.00>
ST_33 : Operation 185 [1/1] (0.00ns)   --->   "%j_07_i_i641_load = load i32 %j_07_i_i641"   --->   Operation 185 'load' 'j_07_i_i641_load' <Predicate = true> <Delay = 0.00>
ST_33 : Operation 186 [1/1] (0.00ns)   --->   "%empty_30 = wait i32 @_ssdm_op_Wait"   --->   Operation 186 'wait' 'empty_30' <Predicate = true> <Delay = 0.00>
ST_33 : Operation 187 [2/2] (7.20ns)   --->   "%call_ln0 = call void @hyperspectral_hw_wrapped_Pipeline_VITIS_LOOP_148_7, i32 %j_07_i_i641_load, i32 %i_08_i_i639_load, i32 %out_stream_V_data_V, i4 %out_stream_V_keep_V, i4 %out_stream_V_strb_V, i4 %out_stream_V_user_V, i1 %out_stream_V_last_V, i5 %out_stream_V_id_V, i5 %out_stream_V_dest_V"   --->   Operation 187 'call' 'call_ln0' <Predicate = true> <Delay = 7.20> <CoreType = "Generic">   --->   Core 0 '' <Latency = 0> <II = 1> <Delay = 1.00> <Generic> <Opcode : >

State 34 <SV = 17> <Delay = 6.67>
ST_34 : Operation 188 [1/2] (6.67ns)   --->   "%call_ln0 = call void @hyperspectral_hw_wrapped_Pipeline_VITIS_LOOP_148_7, i32 %j_07_i_i641_load, i32 %i_08_i_i639_load, i32 %out_stream_V_data_V, i4 %out_stream_V_keep_V, i4 %out_stream_V_strb_V, i4 %out_stream_V_user_V, i1 %out_stream_V_last_V, i5 %out_stream_V_id_V, i5 %out_stream_V_dest_V"   --->   Operation 188 'call' 'call_ln0' <Predicate = true> <Delay = 6.67> <CoreType = "Generic">   --->   Core 0 '' <Latency = 0> <II = 1> <Delay = 1.00> <Generic> <Opcode : >

State 35 <SV = 18> <Delay = 0.00>
ST_35 : Operation 189 [1/1] (0.00ns)   --->   "%ret_ln159 = ret" [../Archivos_Fuente/Hyperspectral/hyperspectral_accel.cpp:159]   --->   Operation 189 'ret' 'ret_ln159' <Predicate = true> <Delay = 0.00>


============================================================
+ Verbose Summary: Timing violations
============================================================
Target clock period: 10ns, clock uncertainty: 2.7ns.

 <State 1>: 0.489ns
The critical path consists of the following:
	'alloca' operation ('indvar_flatten23') [21]  (0 ns)
	'store' operation ('store_ln15', ../Archivos_Fuente/Hyperspectral/hyperspectral_accel.cpp:15) of constant 0 on local variable 'indvar_flatten23' [59]  (0.489 ns)

 <State 2>: 0ns
The critical path consists of the following:

 <State 3>: 0ns
The critical path consists of the following:

 <State 4>: 0ns
The critical path consists of the following:

 <State 5>: 5.07ns
The critical path consists of the following:
	'call' operation ('call_ln0') to 'hyperspectral_hw_wrapped_Pipeline_VITIS_LOOP_98_5' [50]  (5.07 ns)

 <State 6>: 1ns
The critical path consists of the following:
	'call' operation ('call_ln0') to 'hyperspectral_hw_wrapped_Pipeline_VITIS_LOOP_98_5' [50]  (1 ns)

 <State 7>: 1.75ns
The critical path consists of the following:
	'load' operation ('refPixel_1_049_loc_load') on local variable 'refPixel_1_049_loc' [51]  (0 ns)
	'add' operation ('add_ln19', ../Archivos_Fuente/Hyperspectral/hyperspectral_accel.cpp:19) [57]  (1.05 ns)
	'mul' operation of DSP[58] ('mul_ln19', ../Archivos_Fuente/Hyperspectral/hyperspectral_accel.cpp:19) [58]  (0.698 ns)

 <State 8>: 0.698ns
The critical path consists of the following:
	'mul' operation of DSP[58] ('mul_ln19', ../Archivos_Fuente/Hyperspectral/hyperspectral_accel.cpp:19) [58]  (0.698 ns)

 <State 9>: 0.698ns
The critical path consists of the following:
	'mul' operation of DSP[58] ('mul_ln19', ../Archivos_Fuente/Hyperspectral/hyperspectral_accel.cpp:19) [58]  (0.698 ns)

 <State 10>: 0ns
The critical path consists of the following:

 <State 11>: 4.89ns
The critical path consists of the following:
	'load' operation ('j_1_load', ../Archivos_Fuente/Hyperspectral/hyperspectral_accel.cpp:16) on local variable 'j' [75]  (0 ns)
	'icmp' operation ('icmp_ln16', ../Archivos_Fuente/Hyperspectral/hyperspectral_accel.cpp:16) [80]  (0.86 ns)
	'select' operation ('select_ln28', ../Archivos_Fuente/Hyperspectral/hyperspectral_accel.cpp:28) [81]  (0.451 ns)
	'add' operation of DSP[91] ('add_ln19_1', ../Archivos_Fuente/Hyperspectral/hyperspectral_accel.cpp:19) [89]  (2.49 ns)
	'mul' operation of DSP[91] ('mul_ln16', ../Archivos_Fuente/Hyperspectral/hyperspectral_accel.cpp:16) [91]  (1.09 ns)

 <State 12>: 1.09ns
The critical path consists of the following:
	'mul' operation of DSP[91] ('mul_ln16', ../Archivos_Fuente/Hyperspectral/hyperspectral_accel.cpp:16) [91]  (1.09 ns)

 <State 13>: 1.09ns
The critical path consists of the following:
	'mul' operation of DSP[91] ('mul_ln16', ../Archivos_Fuente/Hyperspectral/hyperspectral_accel.cpp:16) [91]  (1.09 ns)

 <State 14>: 2.4ns
The critical path consists of the following:
	'mul' operation of DSP[91] ('mul_ln16', ../Archivos_Fuente/Hyperspectral/hyperspectral_accel.cpp:16) [91]  (0 ns)
	'call' operation ('call_ln16', ../Archivos_Fuente/Hyperspectral/hyperspectral_accel.cpp:16) to 'hyperspectral_hw_wrapped_Pipeline_L3' [94]  (2.4 ns)

 <State 15>: 0ns
The critical path consists of the following:

 <State 16>: 6.48ns
The critical path consists of the following:
	'load' operation ('sum_loc_load') on local variable 'sum_loc' [95]  (0 ns)
	'fsqrt' operation ('distance', /wrk/ci/prod/2022.1/rdi_builds/continuous/2022_04_18_3526262/src/shared/hls/clib/hlsmath/src/c++/sqrtfloat.cpp:8) [96]  (6.48 ns)

 <State 17>: 6.48ns
The critical path consists of the following:
	'fsqrt' operation ('distance', /wrk/ci/prod/2022.1/rdi_builds/continuous/2022_04_18_3526262/src/shared/hls/clib/hlsmath/src/c++/sqrtfloat.cpp:8) [96]  (6.48 ns)

 <State 18>: 6.48ns
The critical path consists of the following:
	'fsqrt' operation ('distance', /wrk/ci/prod/2022.1/rdi_builds/continuous/2022_04_18_3526262/src/shared/hls/clib/hlsmath/src/c++/sqrtfloat.cpp:8) [96]  (6.48 ns)

 <State 19>: 6.48ns
The critical path consists of the following:
	'fsqrt' operation ('distance', /wrk/ci/prod/2022.1/rdi_builds/continuous/2022_04_18_3526262/src/shared/hls/clib/hlsmath/src/c++/sqrtfloat.cpp:8) [96]  (6.48 ns)

 <State 20>: 6.48ns
The critical path consists of the following:
	'fsqrt' operation ('distance', /wrk/ci/prod/2022.1/rdi_builds/continuous/2022_04_18_3526262/src/shared/hls/clib/hlsmath/src/c++/sqrtfloat.cpp:8) [96]  (6.48 ns)

 <State 21>: 6.48ns
The critical path consists of the following:
	'fsqrt' operation ('distance', /wrk/ci/prod/2022.1/rdi_builds/continuous/2022_04_18_3526262/src/shared/hls/clib/hlsmath/src/c++/sqrtfloat.cpp:8) [96]  (6.48 ns)

 <State 22>: 6.48ns
The critical path consists of the following:
	'fsqrt' operation ('distance', /wrk/ci/prod/2022.1/rdi_builds/continuous/2022_04_18_3526262/src/shared/hls/clib/hlsmath/src/c++/sqrtfloat.cpp:8) [96]  (6.48 ns)

 <State 23>: 6.48ns
The critical path consists of the following:
	'fsqrt' operation ('distance', /wrk/ci/prod/2022.1/rdi_builds/continuous/2022_04_18_3526262/src/shared/hls/clib/hlsmath/src/c++/sqrtfloat.cpp:8) [96]  (6.48 ns)

 <State 24>: 6.48ns
The critical path consists of the following:
	'fsqrt' operation ('distance', /wrk/ci/prod/2022.1/rdi_builds/continuous/2022_04_18_3526262/src/shared/hls/clib/hlsmath/src/c++/sqrtfloat.cpp:8) [96]  (6.48 ns)

 <State 25>: 6.48ns
The critical path consists of the following:
	'fsqrt' operation ('distance', /wrk/ci/prod/2022.1/rdi_builds/continuous/2022_04_18_3526262/src/shared/hls/clib/hlsmath/src/c++/sqrtfloat.cpp:8) [96]  (6.48 ns)

 <State 26>: 3.35ns
The critical path consists of the following:
	'load' operation ('c_load_1', ../Archivos_Fuente/Hyperspectral/hyperspectral_accel.cpp:25) on local variable 'c' [71]  (0 ns)
	'fcmp' operation ('tmp_5', ../Archivos_Fuente/Hyperspectral/hyperspectral_accel.cpp:25) [110]  (3.35 ns)

 <State 27>: 4.69ns
The critical path consists of the following:
	'fcmp' operation ('tmp_5', ../Archivos_Fuente/Hyperspectral/hyperspectral_accel.cpp:25) [110]  (3.35 ns)
	'and' operation ('and_ln25_1', ../Archivos_Fuente/Hyperspectral/hyperspectral_accel.cpp:25) [111]  (0.331 ns)
	'select' operation ('select_ln25_6', ../Archivos_Fuente/Hyperspectral/hyperspectral_accel.cpp:25) [123]  (0.525 ns)
	'store' operation ('store_ln16', ../Archivos_Fuente/Hyperspectral/hyperspectral_accel.cpp:16) of variable 'select_ln25_6', ../Archivos_Fuente/Hyperspectral/hyperspectral_accel.cpp:25 on local variable 'empty' [131]  (0.489 ns)

 <State 28>: 1.64ns
The critical path consists of the following:
	'call' operation ('call_ln0') to 'hyperspectral_hw_wrapped_Pipeline_L1_L2_L3' [138]  (1.64 ns)

 <State 29>: 7.2ns
The critical path consists of the following:
	'load' operation ('select_ln44_2_loc_load') on local variable 'select_ln44_2_loc' [139]  (0 ns)
	'call' operation ('call_ln0') to 'hyperspectral_hw_wrapped_Pipeline_VITIS_LOOP_113_6' [142]  (7.2 ns)

 <State 30>: 6.67ns
The critical path consists of the following:
	'call' operation ('call_ln0') to 'hyperspectral_hw_wrapped_Pipeline_VITIS_LOOP_113_6' [142]  (6.67 ns)

 <State 31>: 0ns
The critical path consists of the following:

 <State 32>: 0ns
The critical path consists of the following:

 <State 33>: 7.2ns
The critical path consists of the following:
	'load' operation ('i_08_i_i639_load') on local variable 'i_08_i_i639' [136]  (0 ns)
	'call' operation ('call_ln0') to 'hyperspectral_hw_wrapped_Pipeline_VITIS_LOOP_148_7' [147]  (7.2 ns)

 <State 34>: 6.67ns
The critical path consists of the following:
	'call' operation ('call_ln0') to 'hyperspectral_hw_wrapped_Pipeline_VITIS_LOOP_148_7' [147]  (6.67 ns)

 <State 35>: 0ns
The critical path consists of the following:


============================================================
+ Verbose Summary: Binding
============================================================
N/A
* FSMD analyzer results:
  - Output states:
 - Input state : 
  - Chain level:
	State 1
	State 2
	State 3
	State 4
	State 5
	State 6
	State 7
	State 8
	State 9
	State 10
	State 11
	State 12
	State 13
	State 14
	State 15
	State 16
	State 17
	State 18
	State 19
	State 20
	State 21
	State 22
	State 23
	State 24
	State 25
	State 26
	State 27
	State 28
	State 29
	State 30
	State 31
	State 32
	State 33
	State 34
	State 35


============================================================
+ Verbose Summary: Datapath Resource usage 
============================================================
N/A
