

================================================================
== Vitis HLS Report for 'hyperspectral_hw_wrapped_Pipeline_L3'
================================================================
* Date:           Mon Jul  8 10:50:19 2024

* Version:        2022.1 (Build 3526262 on Mon Apr 18 15:47:01 MDT 2022)
* Project:        Hyperspectral
* Solution:       solution1 (Vivado IP Flow Target)
* Product family: zynquplus
* Target device:  xczu3eg-sbva484-1-e


================================================================
== Performance Estimates
================================================================
+ Timing: 
    * Summary: 
    +--------+----------+----------+------------+
    |  Clock |  Target  | Estimated| Uncertainty|
    +--------+----------+----------+------------+
    |ap_clk  |  10.00 ns|  6.675 ns|     2.70 ns|
    +--------+----------+----------+------------+

+ Latency: 
    * Summary: 
    +---------+---------+----------+----------+-----+-----+---------+
    |  Latency (cycles) |  Latency (absolute) |  Interval | Pipeline|
    |   min   |   max   |    min   |    max   | min | max |   Type  |
    +---------+---------+----------+----------+-----+-----+---------+
    |      738|      738|  7.380 us|  7.380 us|  738|  738|       no|
    +---------+---------+----------+----------+-----+-----+---------+

    + Detail: 
        * Instance: 
        N/A

        * Loop: 
        +----------+---------+---------+----------+-----------+-----------+------+----------+
        |          |  Latency (cycles) | Iteration|  Initiation Interval  | Trip |          |
        | Loop Name|   min   |   max   |  Latency |  achieved |   target  | Count| Pipelined|
        +----------+---------+---------+----------+-----------+-----------+------+----------+
        |- L3      |      736|      736|        21|          4|          1|   180|       yes|
        +----------+---------+---------+----------+-----------+-----------+------+----------+

============================================================
+ Verbose Summary: Synthesis Manager
============================================================
InlineROM: 1
ExposeGlobal: 0
============================================================
+ Verbose Summary: CDFG Model
============================================================
IsTopModel: 0
ResetActiveHigh: 1
IsCombinational: 0
IsDatapathOnly: 0
HasWiredReturn: 1
HasMFsm: 2
HasVarLatency: 1
IsPipeline: 0
IsRtlPipelined: 0
IsInstanceOverlapped: 0
IsDontTouch: 0
HasImplIP: 0
IsGatedGlobalClock: 0

+ Individual pipeline summary: 
  * Pipeline-0: initiation interval (II) = 4, depth = 21


============================================================
+ Verbose Summary: Schedule
============================================================
* Number of FSM states : 21
* Pipeline : 1
  Pipeline-0 : II = 4, D = 21, States = { 1 2 3 4 5 6 7 8 9 10 11 12 13 14 15 16 17 18 19 20 21 }
* Dataflow Pipeline: 0

* FSM state transitions: 
1 --> 2 
2 --> 3 
3 --> 4 
4 --> 5 
5 --> 6 
6 --> 7 
7 --> 8 
8 --> 9 
9 --> 10 
10 --> 11 
11 --> 12 
12 --> 13 
13 --> 14 
14 --> 15 
15 --> 16 
16 --> 17 
17 --> 18 
18 --> 19 
19 --> 20 
20 --> 21 
21 --> 

* FSM state operations: 

State 1 <SV = 0> <Delay = 2.40>
ST_1 : Operation 24 [1/1] (0.00ns)   --->   "%sum = alloca i32 1"   --->   Operation 24 'alloca' 'sum' <Predicate = true> <Delay = 0.00>
ST_1 : Operation 25 [1/1] (0.00ns)   --->   "%k = alloca i32 1"   --->   Operation 25 'alloca' 'k' <Predicate = true> <Delay = 0.00>
ST_1 : Operation 26 [1/1] (0.00ns)   --->   "%mul_ln19_read = read i19 @_ssdm_op_Read.ap_auto.i19, i19 %mul_ln19"   --->   Operation 26 'read' 'mul_ln19_read' <Predicate = true> <Delay = 0.00>
ST_1 : Operation 27 [1/1] (0.00ns)   --->   "%mul_ln19_1_read = read i19 @_ssdm_op_Read.ap_auto.i19, i19 %mul_ln19_1"   --->   Operation 27 'read' 'mul_ln19_1_read' <Predicate = true> <Delay = 0.00>
ST_1 : Operation 28 [1/1] (0.48ns)   --->   "%store_ln0 = store i8 0, i8 %k"   --->   Operation 28 'store' 'store_ln0' <Predicate = true> <Delay = 0.48>
ST_1 : Operation 29 [1/1] (0.48ns)   --->   "%store_ln0 = store i32 0, i32 %sum"   --->   Operation 29 'store' 'store_ln0' <Predicate = true> <Delay = 0.48>
ST_1 : Operation 30 [1/1] (0.00ns)   --->   "%br_ln0 = br void %for.inc.i.i"   --->   Operation 30 'br' 'br_ln0' <Predicate = true> <Delay = 0.00>
ST_1 : Operation 31 [1/1] (0.00ns)   --->   "%k_1 = load i8 %k" [../Archivos_Fuente/Hyperspectral/hyperspectral_accel.cpp:18]   --->   Operation 31 'load' 'k_1' <Predicate = true> <Delay = 0.00>
ST_1 : Operation 32 [1/1] (0.00ns)   --->   "%specpipeline_ln0 = specpipeline void @_ssdm_op_SpecPipeline, i32 4294967295, i32 0, i32 1, i32 0, void @p_str"   --->   Operation 32 'specpipeline' 'specpipeline_ln0' <Predicate = true> <Delay = 0.00>
ST_1 : Operation 33 [1/1] (0.85ns)   --->   "%icmp_ln18 = icmp_eq  i8 %k_1, i8 180" [../Archivos_Fuente/Hyperspectral/hyperspectral_accel.cpp:18]   --->   Operation 33 'icmp' 'icmp_ln18' <Predicate = true> <Delay = 0.85> <CoreInst = "Cmp">   --->   Core 9 'Cmp' <Latency = 0> <II = 1> <Delay = 0.85> <FuncUnit> <Opcode : 'icmp'> <InPorts = 2> <OutPorts = 1>
ST_1 : Operation 34 [1/1] (0.00ns)   --->   "%empty = speclooptripcount i32 @_ssdm_op_SpecLoopTripCount, i64 180, i64 180, i64 180"   --->   Operation 34 'speclooptripcount' 'empty' <Predicate = true> <Delay = 0.00>
ST_1 : Operation 35 [1/1] (0.90ns)   --->   "%add_ln18 = add i8 %k_1, i8 1" [../Archivos_Fuente/Hyperspectral/hyperspectral_accel.cpp:18]   --->   Operation 35 'add' 'add_ln18' <Predicate = true> <Delay = 0.90> <CoreInst = "Adder">   --->   Core 1 'Adder' <Latency = 0> <II = 1> <Delay = 0.90> <FuncUnit> <Opcode : 'add' 'sub'> <InPorts = 2> <OutPorts = 1>
ST_1 : Operation 36 [1/1] (0.00ns)   --->   "%br_ln18 = br i1 %icmp_ln18, void %for.inc.i.i.split, void %for.end.i.i_ifconv.exitStub" [../Archivos_Fuente/Hyperspectral/hyperspectral_accel.cpp:18]   --->   Operation 36 'br' 'br_ln18' <Predicate = true> <Delay = 0.00>
ST_1 : Operation 37 [1/1] (0.00ns)   --->   "%zext_ln19 = zext i8 %k_1" [../Archivos_Fuente/Hyperspectral/hyperspectral_accel.cpp:19]   --->   Operation 37 'zext' 'zext_ln19' <Predicate = (!icmp_ln18)> <Delay = 0.00>
ST_1 : Operation 38 [1/1] (1.05ns)   --->   "%add_ln19 = add i19 %mul_ln19_1_read, i19 %zext_ln19" [../Archivos_Fuente/Hyperspectral/hyperspectral_accel.cpp:19]   --->   Operation 38 'add' 'add_ln19' <Predicate = (!icmp_ln18)> <Delay = 1.05> <CoreInst = "Adder">   --->   Core 1 'Adder' <Latency = 0> <II = 1> <Delay = 1.05> <FuncUnit> <Opcode : 'add' 'sub'> <InPorts = 2> <OutPorts = 1>
ST_1 : Operation 39 [1/1] (0.00ns)   --->   "%zext_ln19_1 = zext i19 %add_ln19" [../Archivos_Fuente/Hyperspectral/hyperspectral_accel.cpp:19]   --->   Operation 39 'zext' 'zext_ln19_1' <Predicate = (!icmp_ln18)> <Delay = 0.00>
ST_1 : Operation 40 [1/1] (0.00ns)   --->   "%image_addr = getelementptr i16 %image_r, i64 0, i64 %zext_ln19_1" [../Archivos_Fuente/Hyperspectral/hyperspectral_accel.cpp:19]   --->   Operation 40 'getelementptr' 'image_addr' <Predicate = (!icmp_ln18)> <Delay = 0.00>
ST_1 : Operation 41 [1/1] (1.05ns)   --->   "%add_ln19_1 = add i19 %mul_ln19_read, i19 %zext_ln19" [../Archivos_Fuente/Hyperspectral/hyperspectral_accel.cpp:19]   --->   Operation 41 'add' 'add_ln19_1' <Predicate = (!icmp_ln18)> <Delay = 1.05> <CoreInst = "Adder">   --->   Core 1 'Adder' <Latency = 0> <II = 1> <Delay = 1.05> <FuncUnit> <Opcode : 'add' 'sub'> <InPorts = 2> <OutPorts = 1>
ST_1 : Operation 42 [1/1] (0.00ns)   --->   "%zext_ln19_2 = zext i19 %add_ln19_1" [../Archivos_Fuente/Hyperspectral/hyperspectral_accel.cpp:19]   --->   Operation 42 'zext' 'zext_ln19_2' <Predicate = (!icmp_ln18)> <Delay = 0.00>
ST_1 : Operation 43 [1/1] (0.00ns)   --->   "%image_addr_2 = getelementptr i16 %image_r, i64 0, i64 %zext_ln19_2" [../Archivos_Fuente/Hyperspectral/hyperspectral_accel.cpp:19]   --->   Operation 43 'getelementptr' 'image_addr_2' <Predicate = (!icmp_ln18)> <Delay = 0.00>
ST_1 : Operation 44 [2/2] (1.35ns)   --->   "%image_load = load i19 %image_addr" [../Archivos_Fuente/Hyperspectral/hyperspectral_accel.cpp:19]   --->   Operation 44 'load' 'image_load' <Predicate = (!icmp_ln18)> <Delay = 1.35> <CoreInst = "RAM">   --->   Core 83 'RAM' <Latency = 1> <II = 1> <Delay = 1.35> <Storage> <Opcode : 'load' 'store'> <Ports = 2> <Width = 16> <Depth = 368640> <RAM>
ST_1 : Operation 45 [2/2] (1.35ns)   --->   "%image_load_1 = load i19 %image_addr_2" [../Archivos_Fuente/Hyperspectral/hyperspectral_accel.cpp:19]   --->   Operation 45 'load' 'image_load_1' <Predicate = (!icmp_ln18)> <Delay = 1.35> <CoreInst = "RAM">   --->   Core 83 'RAM' <Latency = 1> <II = 1> <Delay = 1.35> <Storage> <Opcode : 'load' 'store'> <Ports = 2> <Width = 16> <Depth = 368640> <RAM>
ST_1 : Operation 46 [1/1] (0.48ns)   --->   "%store_ln18 = store i8 %add_ln18, i8 %k" [../Archivos_Fuente/Hyperspectral/hyperspectral_accel.cpp:18]   --->   Operation 46 'store' 'store_ln18' <Predicate = (!icmp_ln18)> <Delay = 0.48>

State 2 <SV = 1> <Delay = 1.35>
ST_2 : Operation 47 [1/2] (1.35ns)   --->   "%image_load = load i19 %image_addr" [../Archivos_Fuente/Hyperspectral/hyperspectral_accel.cpp:19]   --->   Operation 47 'load' 'image_load' <Predicate = (!icmp_ln18)> <Delay = 1.35> <CoreInst = "RAM">   --->   Core 83 'RAM' <Latency = 1> <II = 1> <Delay = 1.35> <Storage> <Opcode : 'load' 'store'> <Ports = 2> <Width = 16> <Depth = 368640> <RAM>
ST_2 : Operation 48 [1/2] (1.35ns)   --->   "%image_load_1 = load i19 %image_addr_2" [../Archivos_Fuente/Hyperspectral/hyperspectral_accel.cpp:19]   --->   Operation 48 'load' 'image_load_1' <Predicate = (!icmp_ln18)> <Delay = 1.35> <CoreInst = "RAM">   --->   Core 83 'RAM' <Latency = 1> <II = 1> <Delay = 1.35> <Storage> <Opcode : 'load' 'store'> <Ports = 2> <Width = 16> <Depth = 368640> <RAM>

State 3 <SV = 2> <Delay = 6.67>
ST_3 : Operation 49 [1/1] (0.00ns)   --->   "%zext_ln19_3 = zext i16 %image_load" [../Archivos_Fuente/Hyperspectral/hyperspectral_accel.cpp:19]   --->   Operation 49 'zext' 'zext_ln19_3' <Predicate = (!icmp_ln18)> <Delay = 0.00>
ST_3 : Operation 50 [4/4] (6.67ns)   --->   "%conv_i_i = uitofp i32 %zext_ln19_3" [../Archivos_Fuente/Hyperspectral/hyperspectral_accel.cpp:19]   --->   Operation 50 'uitofp' 'conv_i_i' <Predicate = (!icmp_ln18)> <Delay = 6.67> <CoreInst = "Int2Float">   --->   Core 62 'Int2Float' <Latency = 3> <II = 1> <Delay = 6.67> <FuncUnit> <Opcode : 'sitofp' 'uitofp'> <InPorts = 1> <OutPorts = 1>

State 4 <SV = 3> <Delay = 6.67>
ST_4 : Operation 51 [3/4] (6.67ns)   --->   "%conv_i_i = uitofp i32 %zext_ln19_3" [../Archivos_Fuente/Hyperspectral/hyperspectral_accel.cpp:19]   --->   Operation 51 'uitofp' 'conv_i_i' <Predicate = (!icmp_ln18)> <Delay = 6.67> <CoreInst = "Int2Float">   --->   Core 62 'Int2Float' <Latency = 3> <II = 1> <Delay = 6.67> <FuncUnit> <Opcode : 'sitofp' 'uitofp'> <InPorts = 1> <OutPorts = 1>
ST_4 : Operation 52 [1/1] (0.00ns)   --->   "%zext_ln19_4 = zext i16 %image_load_1" [../Archivos_Fuente/Hyperspectral/hyperspectral_accel.cpp:19]   --->   Operation 52 'zext' 'zext_ln19_4' <Predicate = (!icmp_ln18)> <Delay = 0.00>
ST_4 : Operation 53 [4/4] (6.67ns)   --->   "%conv21_i_i = uitofp i32 %zext_ln19_4" [../Archivos_Fuente/Hyperspectral/hyperspectral_accel.cpp:19]   --->   Operation 53 'uitofp' 'conv21_i_i' <Predicate = (!icmp_ln18)> <Delay = 6.67> <CoreInst = "Int2Float">   --->   Core 62 'Int2Float' <Latency = 3> <II = 1> <Delay = 6.67> <FuncUnit> <Opcode : 'sitofp' 'uitofp'> <InPorts = 1> <OutPorts = 1>

State 5 <SV = 4> <Delay = 6.67>
ST_5 : Operation 54 [2/4] (6.67ns)   --->   "%conv_i_i = uitofp i32 %zext_ln19_3" [../Archivos_Fuente/Hyperspectral/hyperspectral_accel.cpp:19]   --->   Operation 54 'uitofp' 'conv_i_i' <Predicate = true> <Delay = 6.67> <CoreInst = "Int2Float">   --->   Core 62 'Int2Float' <Latency = 3> <II = 1> <Delay = 6.67> <FuncUnit> <Opcode : 'sitofp' 'uitofp'> <InPorts = 1> <OutPorts = 1>
ST_5 : Operation 55 [3/4] (6.67ns)   --->   "%conv21_i_i = uitofp i32 %zext_ln19_4" [../Archivos_Fuente/Hyperspectral/hyperspectral_accel.cpp:19]   --->   Operation 55 'uitofp' 'conv21_i_i' <Predicate = true> <Delay = 6.67> <CoreInst = "Int2Float">   --->   Core 62 'Int2Float' <Latency = 3> <II = 1> <Delay = 6.67> <FuncUnit> <Opcode : 'sitofp' 'uitofp'> <InPorts = 1> <OutPorts = 1>

State 6 <SV = 5> <Delay = 6.67>
ST_6 : Operation 56 [1/4] (6.67ns)   --->   "%conv_i_i = uitofp i32 %zext_ln19_3" [../Archivos_Fuente/Hyperspectral/hyperspectral_accel.cpp:19]   --->   Operation 56 'uitofp' 'conv_i_i' <Predicate = true> <Delay = 6.67> <CoreInst = "Int2Float">   --->   Core 62 'Int2Float' <Latency = 3> <II = 1> <Delay = 6.67> <FuncUnit> <Opcode : 'sitofp' 'uitofp'> <InPorts = 1> <OutPorts = 1>
ST_6 : Operation 57 [2/4] (6.67ns)   --->   "%conv21_i_i = uitofp i32 %zext_ln19_4" [../Archivos_Fuente/Hyperspectral/hyperspectral_accel.cpp:19]   --->   Operation 57 'uitofp' 'conv21_i_i' <Predicate = true> <Delay = 6.67> <CoreInst = "Int2Float">   --->   Core 62 'Int2Float' <Latency = 3> <II = 1> <Delay = 6.67> <FuncUnit> <Opcode : 'sitofp' 'uitofp'> <InPorts = 1> <OutPorts = 1>

State 7 <SV = 6> <Delay = 6.67>
ST_7 : Operation 58 [1/4] (6.67ns)   --->   "%conv21_i_i = uitofp i32 %zext_ln19_4" [../Archivos_Fuente/Hyperspectral/hyperspectral_accel.cpp:19]   --->   Operation 58 'uitofp' 'conv21_i_i' <Predicate = true> <Delay = 6.67> <CoreInst = "Int2Float">   --->   Core 62 'Int2Float' <Latency = 3> <II = 1> <Delay = 6.67> <FuncUnit> <Opcode : 'sitofp' 'uitofp'> <InPorts = 1> <OutPorts = 1>

State 8 <SV = 7> <Delay = 6.01>
ST_8 : Operation 59 [5/5] (6.01ns)   --->   "%diff = fsub i32 %conv_i_i, i32 %conv21_i_i" [../Archivos_Fuente/Hyperspectral/hyperspectral_accel.cpp:19]   --->   Operation 59 'fsub' 'diff' <Predicate = true> <Delay = 6.01> <CoreInst = "FAddSub_fulldsp">   --->   Core 18 'FAddSub_fulldsp' <Latency = 4> <II = 1> <Delay = 6.01> <FuncUnit> <Opcode : 'fadd' 'fsub'> <InPorts = 2> <OutPorts = 1>

State 9 <SV = 8> <Delay = 6.01>
ST_9 : Operation 60 [4/5] (6.01ns)   --->   "%diff = fsub i32 %conv_i_i, i32 %conv21_i_i" [../Archivos_Fuente/Hyperspectral/hyperspectral_accel.cpp:19]   --->   Operation 60 'fsub' 'diff' <Predicate = true> <Delay = 6.01> <CoreInst = "FAddSub_fulldsp">   --->   Core 18 'FAddSub_fulldsp' <Latency = 4> <II = 1> <Delay = 6.01> <FuncUnit> <Opcode : 'fadd' 'fsub'> <InPorts = 2> <OutPorts = 1>

State 10 <SV = 9> <Delay = 6.01>
ST_10 : Operation 61 [3/5] (6.01ns)   --->   "%diff = fsub i32 %conv_i_i, i32 %conv21_i_i" [../Archivos_Fuente/Hyperspectral/hyperspectral_accel.cpp:19]   --->   Operation 61 'fsub' 'diff' <Predicate = true> <Delay = 6.01> <CoreInst = "FAddSub_fulldsp">   --->   Core 18 'FAddSub_fulldsp' <Latency = 4> <II = 1> <Delay = 6.01> <FuncUnit> <Opcode : 'fadd' 'fsub'> <InPorts = 2> <OutPorts = 1>

State 11 <SV = 10> <Delay = 6.01>
ST_11 : Operation 62 [2/5] (6.01ns)   --->   "%diff = fsub i32 %conv_i_i, i32 %conv21_i_i" [../Archivos_Fuente/Hyperspectral/hyperspectral_accel.cpp:19]   --->   Operation 62 'fsub' 'diff' <Predicate = true> <Delay = 6.01> <CoreInst = "FAddSub_fulldsp">   --->   Core 18 'FAddSub_fulldsp' <Latency = 4> <II = 1> <Delay = 6.01> <FuncUnit> <Opcode : 'fadd' 'fsub'> <InPorts = 2> <OutPorts = 1>

State 12 <SV = 11> <Delay = 6.01>
ST_12 : Operation 63 [1/5] (6.01ns)   --->   "%diff = fsub i32 %conv_i_i, i32 %conv21_i_i" [../Archivos_Fuente/Hyperspectral/hyperspectral_accel.cpp:19]   --->   Operation 63 'fsub' 'diff' <Predicate = true> <Delay = 6.01> <CoreInst = "FAddSub_fulldsp">   --->   Core 18 'FAddSub_fulldsp' <Latency = 4> <II = 1> <Delay = 6.01> <FuncUnit> <Opcode : 'fadd' 'fsub'> <InPorts = 2> <OutPorts = 1>

State 13 <SV = 12> <Delay = 4.67>
ST_13 : Operation 64 [4/4] (4.67ns)   --->   "%mul_i_i = fmul i32 %diff, i32 %diff" [../Archivos_Fuente/Hyperspectral/hyperspectral_accel.cpp:20]   --->   Operation 64 'fmul' 'mul_i_i' <Predicate = true> <Delay = 4.67> <CoreInst = "FMul_maxdsp">   --->   Core 30 'FMul_maxdsp' <Latency = 3> <II = 1> <Delay = 4.67> <FuncUnit> <Opcode : 'fmul'> <InPorts = 2> <OutPorts = 1>

State 14 <SV = 13> <Delay = 4.67>
ST_14 : Operation 65 [3/4] (4.67ns)   --->   "%mul_i_i = fmul i32 %diff, i32 %diff" [../Archivos_Fuente/Hyperspectral/hyperspectral_accel.cpp:20]   --->   Operation 65 'fmul' 'mul_i_i' <Predicate = true> <Delay = 4.67> <CoreInst = "FMul_maxdsp">   --->   Core 30 'FMul_maxdsp' <Latency = 3> <II = 1> <Delay = 4.67> <FuncUnit> <Opcode : 'fmul'> <InPorts = 2> <OutPorts = 1>

State 15 <SV = 14> <Delay = 4.67>
ST_15 : Operation 66 [2/4] (4.67ns)   --->   "%mul_i_i = fmul i32 %diff, i32 %diff" [../Archivos_Fuente/Hyperspectral/hyperspectral_accel.cpp:20]   --->   Operation 66 'fmul' 'mul_i_i' <Predicate = true> <Delay = 4.67> <CoreInst = "FMul_maxdsp">   --->   Core 30 'FMul_maxdsp' <Latency = 3> <II = 1> <Delay = 4.67> <FuncUnit> <Opcode : 'fmul'> <InPorts = 2> <OutPorts = 1>

State 16 <SV = 15> <Delay = 4.67>
ST_16 : Operation 67 [1/4] (4.67ns)   --->   "%mul_i_i = fmul i32 %diff, i32 %diff" [../Archivos_Fuente/Hyperspectral/hyperspectral_accel.cpp:20]   --->   Operation 67 'fmul' 'mul_i_i' <Predicate = true> <Delay = 4.67> <CoreInst = "FMul_maxdsp">   --->   Core 30 'FMul_maxdsp' <Latency = 3> <II = 1> <Delay = 4.67> <FuncUnit> <Opcode : 'fmul'> <InPorts = 2> <OutPorts = 1>

State 17 <SV = 16> <Delay = 6.01>
ST_17 : Operation 68 [1/1] (0.00ns)   --->   "%sum_load = load i32 %sum" [../Archivos_Fuente/Hyperspectral/hyperspectral_accel.cpp:20]   --->   Operation 68 'load' 'sum_load' <Predicate = true> <Delay = 0.00>
ST_17 : Operation 69 [5/5] (6.01ns)   --->   "%sum_1 = fadd i32 %sum_load, i32 %mul_i_i" [../Archivos_Fuente/Hyperspectral/hyperspectral_accel.cpp:20]   --->   Operation 69 'fadd' 'sum_1' <Predicate = true> <Delay = 6.01> <CoreInst = "FAddSub_fulldsp">   --->   Core 18 'FAddSub_fulldsp' <Latency = 4> <II = 1> <Delay = 6.01> <FuncUnit> <Opcode : 'fadd' 'fsub'> <InPorts = 2> <OutPorts = 1>
ST_17 : Operation 77 [1/1] (0.00ns)   --->   "%sum_load_1 = load i32 %sum"   --->   Operation 77 'load' 'sum_load_1' <Predicate = (icmp_ln18)> <Delay = 0.00>
ST_17 : Operation 78 [1/1] (0.00ns)   --->   "%write_ln0 = write void @_ssdm_op_Write.ap_auto.floatP0A, i32 %sum_out, i32 %sum_load_1"   --->   Operation 78 'write' 'write_ln0' <Predicate = (icmp_ln18)> <Delay = 0.00>
ST_17 : Operation 79 [1/1] (0.00ns)   --->   "%ret_ln0 = ret"   --->   Operation 79 'ret' 'ret_ln0' <Predicate = (icmp_ln18)> <Delay = 0.00>

State 18 <SV = 17> <Delay = 6.01>
ST_18 : Operation 70 [4/5] (6.01ns)   --->   "%sum_1 = fadd i32 %sum_load, i32 %mul_i_i" [../Archivos_Fuente/Hyperspectral/hyperspectral_accel.cpp:20]   --->   Operation 70 'fadd' 'sum_1' <Predicate = true> <Delay = 6.01> <CoreInst = "FAddSub_fulldsp">   --->   Core 18 'FAddSub_fulldsp' <Latency = 4> <II = 1> <Delay = 6.01> <FuncUnit> <Opcode : 'fadd' 'fsub'> <InPorts = 2> <OutPorts = 1>

State 19 <SV = 18> <Delay = 6.01>
ST_19 : Operation 71 [3/5] (6.01ns)   --->   "%sum_1 = fadd i32 %sum_load, i32 %mul_i_i" [../Archivos_Fuente/Hyperspectral/hyperspectral_accel.cpp:20]   --->   Operation 71 'fadd' 'sum_1' <Predicate = true> <Delay = 6.01> <CoreInst = "FAddSub_fulldsp">   --->   Core 18 'FAddSub_fulldsp' <Latency = 4> <II = 1> <Delay = 6.01> <FuncUnit> <Opcode : 'fadd' 'fsub'> <InPorts = 2> <OutPorts = 1>

State 20 <SV = 19> <Delay = 6.01>
ST_20 : Operation 72 [2/5] (6.01ns)   --->   "%sum_1 = fadd i32 %sum_load, i32 %mul_i_i" [../Archivos_Fuente/Hyperspectral/hyperspectral_accel.cpp:20]   --->   Operation 72 'fadd' 'sum_1' <Predicate = true> <Delay = 6.01> <CoreInst = "FAddSub_fulldsp">   --->   Core 18 'FAddSub_fulldsp' <Latency = 4> <II = 1> <Delay = 6.01> <FuncUnit> <Opcode : 'fadd' 'fsub'> <InPorts = 2> <OutPorts = 1>

State 21 <SV = 20> <Delay = 6.50>
ST_21 : Operation 73 [1/1] (0.00ns)   --->   "%specloopname_ln17 = specloopname void @_ssdm_op_SpecLoopName, void @empty_10" [../Archivos_Fuente/Hyperspectral/hyperspectral_accel.cpp:17]   --->   Operation 73 'specloopname' 'specloopname_ln17' <Predicate = true> <Delay = 0.00>
ST_21 : Operation 74 [1/5] (6.01ns)   --->   "%sum_1 = fadd i32 %sum_load, i32 %mul_i_i" [../Archivos_Fuente/Hyperspectral/hyperspectral_accel.cpp:20]   --->   Operation 74 'fadd' 'sum_1' <Predicate = true> <Delay = 6.01> <CoreInst = "FAddSub_fulldsp">   --->   Core 18 'FAddSub_fulldsp' <Latency = 4> <II = 1> <Delay = 6.01> <FuncUnit> <Opcode : 'fadd' 'fsub'> <InPorts = 2> <OutPorts = 1>
ST_21 : Operation 75 [1/1] (0.48ns)   --->   "%store_ln18 = store i32 %sum_1, i32 %sum" [../Archivos_Fuente/Hyperspectral/hyperspectral_accel.cpp:18]   --->   Operation 75 'store' 'store_ln18' <Predicate = true> <Delay = 0.48>
ST_21 : Operation 76 [1/1] (0.00ns)   --->   "%br_ln18 = br void %for.inc.i.i" [../Archivos_Fuente/Hyperspectral/hyperspectral_accel.cpp:18]   --->   Operation 76 'br' 'br_ln18' <Predicate = true> <Delay = 0.00>


============================================================
+ Verbose Summary: Timing violations
============================================================
Target clock period: 10ns, clock uncertainty: 2.7ns.

 <State 1>: 2.4ns
The critical path consists of the following:
	'alloca' operation ('k') [6]  (0 ns)
	'load' operation ('k', ../Archivos_Fuente/Hyperspectral/hyperspectral_accel.cpp:18) on local variable 'k' [13]  (0 ns)
	'add' operation ('add_ln19', ../Archivos_Fuente/Hyperspectral/hyperspectral_accel.cpp:19) [22]  (1.05 ns)
	'getelementptr' operation ('image_addr', ../Archivos_Fuente/Hyperspectral/hyperspectral_accel.cpp:19) [24]  (0 ns)
	'load' operation ('image_load', ../Archivos_Fuente/Hyperspectral/hyperspectral_accel.cpp:19) on array 'image_r' [29]  (1.35 ns)

 <State 2>: 1.35ns
The critical path consists of the following:
	'load' operation ('image_load', ../Archivos_Fuente/Hyperspectral/hyperspectral_accel.cpp:19) on array 'image_r' [29]  (1.35 ns)

 <State 3>: 6.67ns
The critical path consists of the following:
	'uitofp' operation ('conv_i_i', ../Archivos_Fuente/Hyperspectral/hyperspectral_accel.cpp:19) [31]  (6.67 ns)

 <State 4>: 6.67ns
The critical path consists of the following:
	'uitofp' operation ('conv_i_i', ../Archivos_Fuente/Hyperspectral/hyperspectral_accel.cpp:19) [31]  (6.67 ns)

 <State 5>: 6.67ns
The critical path consists of the following:
	'uitofp' operation ('conv_i_i', ../Archivos_Fuente/Hyperspectral/hyperspectral_accel.cpp:19) [31]  (6.67 ns)

 <State 6>: 6.67ns
The critical path consists of the following:
	'uitofp' operation ('conv_i_i', ../Archivos_Fuente/Hyperspectral/hyperspectral_accel.cpp:19) [31]  (6.67 ns)

 <State 7>: 6.67ns
The critical path consists of the following:
	'uitofp' operation ('conv21_i_i', ../Archivos_Fuente/Hyperspectral/hyperspectral_accel.cpp:19) [34]  (6.67 ns)

 <State 8>: 6.02ns
The critical path consists of the following:
	'fsub' operation ('diff', ../Archivos_Fuente/Hyperspectral/hyperspectral_accel.cpp:19) [35]  (6.02 ns)

 <State 9>: 6.02ns
The critical path consists of the following:
	'fsub' operation ('diff', ../Archivos_Fuente/Hyperspectral/hyperspectral_accel.cpp:19) [35]  (6.02 ns)

 <State 10>: 6.02ns
The critical path consists of the following:
	'fsub' operation ('diff', ../Archivos_Fuente/Hyperspectral/hyperspectral_accel.cpp:19) [35]  (6.02 ns)

 <State 11>: 6.02ns
The critical path consists of the following:
	'fsub' operation ('diff', ../Archivos_Fuente/Hyperspectral/hyperspectral_accel.cpp:19) [35]  (6.02 ns)

 <State 12>: 6.02ns
The critical path consists of the following:
	'fsub' operation ('diff', ../Archivos_Fuente/Hyperspectral/hyperspectral_accel.cpp:19) [35]  (6.02 ns)

 <State 13>: 4.67ns
The critical path consists of the following:
	'fmul' operation ('mul_i_i', ../Archivos_Fuente/Hyperspectral/hyperspectral_accel.cpp:20) [36]  (4.67 ns)

 <State 14>: 4.67ns
The critical path consists of the following:
	'fmul' operation ('mul_i_i', ../Archivos_Fuente/Hyperspectral/hyperspectral_accel.cpp:20) [36]  (4.67 ns)

 <State 15>: 4.67ns
The critical path consists of the following:
	'fmul' operation ('mul_i_i', ../Archivos_Fuente/Hyperspectral/hyperspectral_accel.cpp:20) [36]  (4.67 ns)

 <State 16>: 4.67ns
The critical path consists of the following:
	'fmul' operation ('mul_i_i', ../Archivos_Fuente/Hyperspectral/hyperspectral_accel.cpp:20) [36]  (4.67 ns)

 <State 17>: 6.02ns
The critical path consists of the following:
	'load' operation ('sum_load', ../Archivos_Fuente/Hyperspectral/hyperspectral_accel.cpp:20) on local variable 'sum' [20]  (0 ns)
	'fadd' operation ('sum', ../Archivos_Fuente/Hyperspectral/hyperspectral_accel.cpp:20) [37]  (6.02 ns)

 <State 18>: 6.02ns
The critical path consists of the following:
	'fadd' operation ('sum', ../Archivos_Fuente/Hyperspectral/hyperspectral_accel.cpp:20) [37]  (6.02 ns)

 <State 19>: 6.02ns
The critical path consists of the following:
	'fadd' operation ('sum', ../Archivos_Fuente/Hyperspectral/hyperspectral_accel.cpp:20) [37]  (6.02 ns)

 <State 20>: 6.02ns
The critical path consists of the following:
	'fadd' operation ('sum', ../Archivos_Fuente/Hyperspectral/hyperspectral_accel.cpp:20) [37]  (6.02 ns)

 <State 21>: 6.51ns
The critical path consists of the following:
	'fadd' operation ('sum', ../Archivos_Fuente/Hyperspectral/hyperspectral_accel.cpp:20) [37]  (6.02 ns)
	'store' operation ('store_ln18', ../Archivos_Fuente/Hyperspectral/hyperspectral_accel.cpp:18) of variable 'sum', ../Archivos_Fuente/Hyperspectral/hyperspectral_accel.cpp:20 on local variable 'sum' [39]  (0.489 ns)


============================================================
+ Verbose Summary: Binding
============================================================
N/A
* FSMD analyzer results:
  - Output states:
 - Input state : 
  - Chain level:
	State 1
	State 2
	State 3
	State 4
	State 5
	State 6
	State 7
	State 8
	State 9
	State 10
	State 11
	State 12
	State 13
	State 14
	State 15
	State 16
	State 17
	State 18
	State 19
	State 20
	State 21


============================================================
+ Verbose Summary: Datapath Resource usage 
============================================================
N/A
