

================================================================
== Vitis HLS Report for 'hyperspectral_hw_wrapped_Pipeline_VITIS_LOOP_148_7'
================================================================
* Date:           Mon Jul  8 10:50:19 2024

* Version:        2022.1 (Build 3526262 on Mon Apr 18 15:47:01 MDT 2022)
* Project:        Hyperspectral
* Solution:       solution1 (Vivado IP Flow Target)
* Product family: zynquplus
* Target device:  xczu3eg-sbva484-1-e


================================================================
== Performance Estimates
================================================================
+ Timing: 
    * Summary: 
    +--------+----------+----------+------------+
    |  Clock |  Target  | Estimated| Uncertainty|
    +--------+----------+----------+------------+
    |ap_clk  |  10.00 ns|  7.200 ns|     2.70 ns|
    +--------+----------+----------+------------+

+ Latency: 
    * Summary: 
    +---------+---------+-----------+-----------+-----+-----+---------+
    |  Latency (cycles) |   Latency (absolute)  |  Interval | Pipeline|
    |   min   |   max   |    min    |    max    | min | max |   Type  |
    +---------+---------+-----------+-----------+-----+-----+---------+
    |        6|        6|  60.000 ns|  60.000 ns|    6|    6|       no|
    +---------+---------+-----------+-----------+-----+-----+---------+

    + Detail: 
        * Instance: 
        N/A

        * Loop: 
        +--------------------+---------+---------+----------+-----------+-----------+------+----------+
        |                    |  Latency (cycles) | Iteration|  Initiation Interval  | Trip |          |
        |      Loop Name     |   min   |   max   |  Latency |  achieved |   target  | Count| Pipelined|
        +--------------------+---------+---------+----------+-----------+-----------+------+----------+
        |- VITIS_LOOP_148_7  |        4|        4|         4|          1|          1|     2|       yes|
        +--------------------+---------+---------+----------+-----------+-----------+------+----------+

============================================================
+ Verbose Summary: Synthesis Manager
============================================================
InlineROM: 1
ExposeGlobal: 0
============================================================
+ Verbose Summary: CDFG Model
============================================================
IsTopModel: 0
ResetActiveHigh: 1
IsCombinational: 0
IsDatapathOnly: 0
HasWiredReturn: 1
HasMFsm: 2
HasVarLatency: 1
IsPipeline: 0
IsRtlPipelined: 0
IsInstanceOverlapped: 0
IsDontTouch: 0
HasImplIP: 0
IsGatedGlobalClock: 0

+ Individual pipeline summary: 
  * Pipeline-0: initiation interval (II) = 1, depth = 4


============================================================
+ Verbose Summary: Schedule
============================================================
* Number of FSM states : 4
* Pipeline : 1
  Pipeline-0 : II = 1, D = 4, States = { 1 2 3 4 }
* Dataflow Pipeline: 0

* FSM state transitions: 
1 --> 2 
2 --> 3 
3 --> 4 
4 --> 

* FSM state operations: 

State 1 <SV = 0> <Delay = 7.20>
ST_1 : Operation 7 [1/1] (0.00ns)   --->   "%i = alloca i32 1"   --->   Operation 7 'alloca' 'i' <Predicate = true> <Delay = 0.00>
ST_1 : Operation 8 [1/1] (0.00ns)   --->   "%specinterface_ln0 = specinterface void @_ssdm_op_SpecInterface, i5 %out_stream_V_dest_V, void @empty_5, i32 0, i32 0, void @empty_7, i32 0, i32 0, void @empty, void @empty, void @empty, i32 0, i32 0, i32 0, i32 0, void @empty, void @empty, i32 4294967295, i32 0"   --->   Operation 8 'specinterface' 'specinterface_ln0' <Predicate = true> <Delay = 0.00>
ST_1 : Operation 9 [1/1] (0.00ns)   --->   "%specinterface_ln0 = specinterface void @_ssdm_op_SpecInterface, i5 %out_stream_V_id_V, void @empty_5, i32 0, i32 0, void @empty_7, i32 0, i32 0, void @empty, void @empty, void @empty, i32 0, i32 0, i32 0, i32 0, void @empty, void @empty, i32 4294967295, i32 0"   --->   Operation 9 'specinterface' 'specinterface_ln0' <Predicate = true> <Delay = 0.00>
ST_1 : Operation 10 [1/1] (0.00ns)   --->   "%specinterface_ln0 = specinterface void @_ssdm_op_SpecInterface, i1 %out_stream_V_last_V, void @empty_5, i32 0, i32 0, void @empty_7, i32 0, i32 0, void @empty, void @empty, void @empty, i32 0, i32 0, i32 0, i32 0, void @empty, void @empty, i32 4294967295, i32 0"   --->   Operation 10 'specinterface' 'specinterface_ln0' <Predicate = true> <Delay = 0.00>
ST_1 : Operation 11 [1/1] (0.00ns)   --->   "%specinterface_ln0 = specinterface void @_ssdm_op_SpecInterface, i4 %out_stream_V_user_V, void @empty_5, i32 0, i32 0, void @empty_7, i32 0, i32 0, void @empty, void @empty, void @empty, i32 0, i32 0, i32 0, i32 0, void @empty, void @empty, i32 4294967295, i32 0"   --->   Operation 11 'specinterface' 'specinterface_ln0' <Predicate = true> <Delay = 0.00>
ST_1 : Operation 12 [1/1] (0.00ns)   --->   "%specinterface_ln0 = specinterface void @_ssdm_op_SpecInterface, i4 %out_stream_V_strb_V, void @empty_5, i32 0, i32 0, void @empty_7, i32 0, i32 0, void @empty, void @empty, void @empty, i32 0, i32 0, i32 0, i32 0, void @empty, void @empty, i32 4294967295, i32 0"   --->   Operation 12 'specinterface' 'specinterface_ln0' <Predicate = true> <Delay = 0.00>
ST_1 : Operation 13 [1/1] (0.00ns)   --->   "%specinterface_ln0 = specinterface void @_ssdm_op_SpecInterface, i4 %out_stream_V_keep_V, void @empty_5, i32 0, i32 0, void @empty_7, i32 0, i32 0, void @empty, void @empty, void @empty, i32 0, i32 0, i32 0, i32 0, void @empty, void @empty, i32 4294967295, i32 0"   --->   Operation 13 'specinterface' 'specinterface_ln0' <Predicate = true> <Delay = 0.00>
ST_1 : Operation 14 [1/1] (0.00ns)   --->   "%specinterface_ln0 = specinterface void @_ssdm_op_SpecInterface, i32 %out_stream_V_data_V, void @empty_5, i32 0, i32 0, void @empty_7, i32 0, i32 0, void @empty, void @empty, void @empty, i32 0, i32 0, i32 0, i32 0, void @empty, void @empty, i32 4294967295, i32 0"   --->   Operation 14 'specinterface' 'specinterface_ln0' <Predicate = true> <Delay = 0.00>
ST_1 : Operation 15 [1/1] (0.00ns)   --->   "%i_08_i_i639_read = read i32 @_ssdm_op_Read.ap_auto.i32, i32 %i_08_i_i639"   --->   Operation 15 'read' 'i_08_i_i639_read' <Predicate = true> <Delay = 0.00>
ST_1 : Operation 16 [1/1] (0.00ns)   --->   "%j_07_i_i641_read = read i32 @_ssdm_op_Read.ap_auto.i32, i32 %j_07_i_i641"   --->   Operation 16 'read' 'j_07_i_i641_read' <Predicate = true> <Delay = 0.00>
ST_1 : Operation 17 [1/1] (0.48ns)   --->   "%store_ln0 = store i2 0, i2 %i"   --->   Operation 17 'store' 'store_ln0' <Predicate = true> <Delay = 0.48>
ST_1 : Operation 18 [1/1] (0.00ns)   --->   "%br_ln0 = br void %for.inc129"   --->   Operation 18 'br' 'br_ln0' <Predicate = true> <Delay = 0.00>
ST_1 : Operation 19 [1/1] (0.00ns)   --->   "%i_2 = load i2 %i" [../Archivos_Fuente/Hyperspectral/hyperspectral_accel.cpp:150]   --->   Operation 19 'load' 'i_2' <Predicate = true> <Delay = 0.00>
ST_1 : Operation 20 [1/1] (0.00ns)   --->   "%specpipeline_ln0 = specpipeline void @_ssdm_op_SpecPipeline, i32 4294967295, i32 0, i32 1, i32 0, void @p_str"   --->   Operation 20 'specpipeline' 'specpipeline_ln0' <Predicate = true> <Delay = 0.00>
ST_1 : Operation 21 [1/1] (0.51ns)   --->   "%icmp_ln148 = icmp_eq  i2 %i_2, i2 2" [../Archivos_Fuente/Hyperspectral/hyperspectral_accel.cpp:148]   --->   Operation 21 'icmp' 'icmp_ln148' <Predicate = true> <Delay = 0.51> <CoreInst = "Cmp">   --->   Core 9 'Cmp' <Latency = 0> <II = 1> <Delay = 0.51> <FuncUnit> <Opcode : 'icmp'> <InPorts = 2> <OutPorts = 1>
ST_1 : Operation 22 [1/1] (0.00ns)   --->   "%empty = speclooptripcount i32 @_ssdm_op_SpecLoopTripCount, i64 2, i64 2, i64 2"   --->   Operation 22 'speclooptripcount' 'empty' <Predicate = true> <Delay = 0.00>
ST_1 : Operation 23 [1/1] (0.62ns)   --->   "%add_ln148 = add i2 %i_2, i2 1" [../Archivos_Fuente/Hyperspectral/hyperspectral_accel.cpp:148]   --->   Operation 23 'add' 'add_ln148' <Predicate = true> <Delay = 0.62> <CoreInst = "Adder">   --->   Core 1 'Adder' <Latency = 0> <II = 1> <Delay = 0.62> <FuncUnit> <Opcode : 'add' 'sub'> <InPorts = 2> <OutPorts = 1>
ST_1 : Operation 24 [1/1] (0.00ns)   --->   "%br_ln148 = br i1 %icmp_ln148, void %for.inc129.split, void %for.end133.exitStub" [../Archivos_Fuente/Hyperspectral/hyperspectral_accel.cpp:148]   --->   Operation 24 'br' 'br_ln148' <Predicate = true> <Delay = 0.00>
ST_1 : Operation 25 [1/1] (0.00ns)   --->   "%trunc_ln150 = trunc i2 %i_2" [../Archivos_Fuente/Hyperspectral/hyperspectral_accel.cpp:150]   --->   Operation 25 'trunc' 'trunc_ln150' <Predicate = (!icmp_ln148)> <Delay = 0.00>
ST_1 : Operation 26 [1/1] (0.52ns)   --->   "%select_ln165 = select i1 %trunc_ln150, i32 %j_07_i_i641_read, i32 %i_08_i_i639_read" [../Archivos_Fuente/Hyperspectral/hyperspectral_accel.cpp:165]   --->   Operation 26 'select' 'select_ln165' <Predicate = (!icmp_ln148)> <Delay = 0.52> <CoreInst = "Sel">   --->   Core 73 'Sel' <Latency = 0> <II = 1> <Delay = 0.52> <FuncUnit> <Opcode : 'select'> <InPorts = 3> <OutPorts = 1>
ST_1 : Operation 27 [4/4] (6.67ns)   --->   "%c = sitofp i32 %select_ln165" [../Archivos_Fuente/Hyperspectral/hyperspectral_accel.cpp:165]   --->   Operation 27 'sitofp' 'c' <Predicate = (!icmp_ln148)> <Delay = 6.67> <CoreInst = "Int2Float">   --->   Core 62 'Int2Float' <Latency = 3> <II = 1> <Delay = 6.67> <FuncUnit> <Opcode : 'sitofp' 'uitofp'> <InPorts = 1> <OutPorts = 1>
ST_1 : Operation 28 [1/1] (0.51ns)   --->   "%e_last_V = icmp_eq  i2 %i_2, i2 1" [../Archivos_Fuente/Hyperspectral/hyperspectral_accel.cpp:154]   --->   Operation 28 'icmp' 'e_last_V' <Predicate = (!icmp_ln148)> <Delay = 0.51> <CoreInst = "Cmp">   --->   Core 9 'Cmp' <Latency = 0> <II = 1> <Delay = 0.51> <FuncUnit> <Opcode : 'icmp'> <InPorts = 2> <OutPorts = 1>
ST_1 : Operation 29 [1/1] (0.48ns)   --->   "%store_ln148 = store i2 %add_ln148, i2 %i" [../Archivos_Fuente/Hyperspectral/hyperspectral_accel.cpp:148]   --->   Operation 29 'store' 'store_ln148' <Predicate = (!icmp_ln148)> <Delay = 0.48>

State 2 <SV = 1> <Delay = 6.67>
ST_2 : Operation 30 [3/4] (6.67ns)   --->   "%c = sitofp i32 %select_ln165" [../Archivos_Fuente/Hyperspectral/hyperspectral_accel.cpp:165]   --->   Operation 30 'sitofp' 'c' <Predicate = true> <Delay = 6.67> <CoreInst = "Int2Float">   --->   Core 62 'Int2Float' <Latency = 3> <II = 1> <Delay = 6.67> <FuncUnit> <Opcode : 'sitofp' 'uitofp'> <InPorts = 1> <OutPorts = 1>

State 3 <SV = 2> <Delay = 6.67>
ST_3 : Operation 31 [2/4] (6.67ns)   --->   "%c = sitofp i32 %select_ln165" [../Archivos_Fuente/Hyperspectral/hyperspectral_accel.cpp:165]   --->   Operation 31 'sitofp' 'c' <Predicate = true> <Delay = 6.67> <CoreInst = "Int2Float">   --->   Core 62 'Int2Float' <Latency = 3> <II = 1> <Delay = 6.67> <FuncUnit> <Opcode : 'sitofp' 'uitofp'> <InPorts = 1> <OutPorts = 1>
ST_3 : Operation 37 [1/1] (0.00ns)   --->   "%ret_ln0 = ret"   --->   Operation 37 'ret' 'ret_ln0' <Predicate = (icmp_ln148)> <Delay = 0.00>

State 4 <SV = 3> <Delay = 6.67>
ST_4 : Operation 32 [1/1] (0.00ns)   --->   "%specloopname_ln148 = specloopname void @_ssdm_op_SpecLoopName, void @empty_9" [../Archivos_Fuente/Hyperspectral/hyperspectral_accel.cpp:148]   --->   Operation 32 'specloopname' 'specloopname_ln148' <Predicate = true> <Delay = 0.00>
ST_4 : Operation 33 [1/4] (6.67ns)   --->   "%c = sitofp i32 %select_ln165" [../Archivos_Fuente/Hyperspectral/hyperspectral_accel.cpp:165]   --->   Operation 33 'sitofp' 'c' <Predicate = true> <Delay = 6.67> <CoreInst = "Int2Float">   --->   Core 62 'Int2Float' <Latency = 3> <II = 1> <Delay = 6.67> <FuncUnit> <Opcode : 'sitofp' 'uitofp'> <InPorts = 1> <OutPorts = 1>
ST_4 : Operation 34 [1/1] (0.00ns)   --->   "%p_w_V = bitcast i32 %c" [../Archivos_Fuente/Hyperspectral/hyperspectral_accel.cpp:166]   --->   Operation 34 'bitcast' 'p_w_V' <Predicate = true> <Delay = 0.00>
ST_4 : Operation 35 [1/1] (0.00ns)   --->   "%write_ln304 = write void @_ssdm_op_Write.axis.volatile.i32P0A.i4P0A.i4P0A.i4P0A.i1P0A.i5P0A.i5P0A, i32 %out_stream_V_data_V, i4 %out_stream_V_keep_V, i4 %out_stream_V_strb_V, i4 %out_stream_V_user_V, i1 %out_stream_V_last_V, i5 %out_stream_V_id_V, i5 %out_stream_V_dest_V, i32 %p_w_V, i4 15, i4 15, i4 4, i1 %e_last_V, i5 9, i5 10"   --->   Operation 35 'write' 'write_ln304' <Predicate = true> <Delay = 0.00> <CoreInst = "axis">   --->   Core 123 'axis' <Latency = 0> <II = 1> <Delay = 1.00> <Adapter> <Opcode : >
ST_4 : Operation 36 [1/1] (0.00ns)   --->   "%br_ln148 = br void %for.inc129" [../Archivos_Fuente/Hyperspectral/hyperspectral_accel.cpp:148]   --->   Operation 36 'br' 'br_ln148' <Predicate = true> <Delay = 0.00>


============================================================
+ Verbose Summary: Timing violations
============================================================
Target clock period: 10ns, clock uncertainty: 2.7ns.

 <State 1>: 7.2ns
The critical path consists of the following:
	'alloca' operation ('i') [10]  (0 ns)
	'load' operation ('i', ../Archivos_Fuente/Hyperspectral/hyperspectral_accel.cpp:150) on local variable 'i' [23]  (0 ns)
	'select' operation ('select_ln165', ../Archivos_Fuente/Hyperspectral/hyperspectral_accel.cpp:165) [32]  (0.525 ns)
	'sitofp' operation ('c', ../Archivos_Fuente/Hyperspectral/hyperspectral_accel.cpp:165) [33]  (6.67 ns)

 <State 2>: 6.67ns
The critical path consists of the following:
	'sitofp' operation ('c', ../Archivos_Fuente/Hyperspectral/hyperspectral_accel.cpp:165) [33]  (6.67 ns)

 <State 3>: 6.67ns
The critical path consists of the following:
	'sitofp' operation ('c', ../Archivos_Fuente/Hyperspectral/hyperspectral_accel.cpp:165) [33]  (6.67 ns)

 <State 4>: 6.67ns
The critical path consists of the following:
	'sitofp' operation ('c', ../Archivos_Fuente/Hyperspectral/hyperspectral_accel.cpp:165) [33]  (6.67 ns)


============================================================
+ Verbose Summary: Binding
============================================================
N/A
* FSMD analyzer results:
  - Output states:
 - Input state : 
  - Chain level:
	State 1
	State 2
	State 3
	State 4


============================================================
+ Verbose Summary: Datapath Resource usage 
============================================================
N/A
