

================================================================
== Vitis HLS Report for 'hyperspectral_hw_wrapped_Pipeline_L1_L2_L3'
================================================================
* Date:           Mon Jul  8 10:50:19 2024

* Version:        2022.1 (Build 3526262 on Mon Apr 18 15:47:01 MDT 2022)
* Project:        Hyperspectral
* Solution:       solution1 (Vivado IP Flow Target)
* Product family: zynquplus
* Target device:  xczu3eg-sbva484-1-e


================================================================
== Performance Estimates
================================================================
+ Timing: 
    * Summary: 
    +--------+----------+----------+------------+
    |  Clock |  Target  | Estimated| Uncertainty|
    +--------+----------+----------+------------+
    |ap_clk  |  10.00 ns|  5.637 ns|     2.70 ns|
    +--------+----------+----------+------------+

+ Latency: 
    * Summary: 
    +---------+---------+----------+----------+--------+--------+---------+
    |  Latency (cycles) |  Latency (absolute) |     Interval    | Pipeline|
    |   min   |   max   |    min   |    max   |   min  |   max  |   Type  |
    +---------+---------+----------+----------+--------+--------+---------+
    |   368646|   368646|  3.686 ms|  3.686 ms|  368646|  368646|       no|
    +---------+---------+----------+----------+--------+--------+---------+

    + Detail: 
        * Instance: 
        N/A

        * Loop: 
        +------------+---------+---------+----------+-----------+-----------+--------+----------+
        |            |  Latency (cycles) | Iteration|  Initiation Interval  |  Trip  |          |
        |  Loop Name |   min   |   max   |  Latency |  achieved |   target  |  Count | Pipelined|
        +------------+---------+---------+----------+-----------+-----------+--------+----------+
        |- L1_L2_L3  |   368644|   368644|         5|          1|          1|  368640|       yes|
        +------------+---------+---------+----------+-----------+-----------+--------+----------+

============================================================
+ Verbose Summary: Synthesis Manager
============================================================
InlineROM: 1
ExposeGlobal: 0
============================================================
+ Verbose Summary: CDFG Model
============================================================
IsTopModel: 0
ResetActiveHigh: 1
IsCombinational: 0
IsDatapathOnly: 0
HasWiredReturn: 1
HasMFsm: 2
HasVarLatency: 1
IsPipeline: 0
IsRtlPipelined: 0
IsInstanceOverlapped: 0
IsDontTouch: 0
HasImplIP: 0
IsGatedGlobalClock: 0

+ Individual pipeline summary: 
  * Pipeline-0: initiation interval (II) = 1, depth = 6


============================================================
+ Verbose Summary: Schedule
============================================================
* Number of FSM states : 6
* Pipeline : 1
  Pipeline-0 : II = 1, D = 6, States = { 1 2 3 4 5 6 }
* Dataflow Pipeline: 0

* FSM state transitions: 
1 --> 2 
2 --> 3 
3 --> 4 
4 --> 5 
5 --> 6 
6 --> 

* FSM state operations: 

State 1 <SV = 0> <Delay = 0.48>
ST_1 : Operation 8 [1/1] (0.00ns)   --->   "%currentBrightness = alloca i32 1"   --->   Operation 8 'alloca' 'currentBrightness' <Predicate = true> <Delay = 0.00>
ST_1 : Operation 9 [1/1] (0.00ns)   --->   "%k = alloca i32 1"   --->   Operation 9 'alloca' 'k' <Predicate = true> <Delay = 0.00>
ST_1 : Operation 10 [1/1] (0.00ns)   --->   "%empty = alloca i32 1"   --->   Operation 10 'alloca' 'empty' <Predicate = true> <Delay = 0.00>
ST_1 : Operation 11 [1/1] (0.00ns)   --->   "%i_06_i_i631 = alloca i32 1"   --->   Operation 11 'alloca' 'i_06_i_i631' <Predicate = true> <Delay = 0.00>
ST_1 : Operation 12 [1/1] (0.00ns)   --->   "%j_05_i_i633 = alloca i32 1"   --->   Operation 12 'alloca' 'j_05_i_i633' <Predicate = true> <Delay = 0.00>
ST_1 : Operation 13 [1/1] (0.00ns)   --->   "%j = alloca i32 1"   --->   Operation 13 'alloca' 'j' <Predicate = true> <Delay = 0.00>
ST_1 : Operation 14 [1/1] (0.00ns)   --->   "%indvar_flatten31 = alloca i32 1"   --->   Operation 14 'alloca' 'indvar_flatten31' <Predicate = true> <Delay = 0.00>
ST_1 : Operation 15 [1/1] (0.00ns)   --->   "%i_3 = alloca i32 1"   --->   Operation 15 'alloca' 'i_3' <Predicate = true> <Delay = 0.00>
ST_1 : Operation 16 [1/1] (0.00ns)   --->   "%indvar_flatten52 = alloca i32 1"   --->   Operation 16 'alloca' 'indvar_flatten52' <Predicate = true> <Delay = 0.00>
ST_1 : Operation 17 [1/1] (0.48ns)   --->   "%store_ln0 = store i19 0, i19 %indvar_flatten52"   --->   Operation 17 'store' 'store_ln0' <Predicate = true> <Delay = 0.48>
ST_1 : Operation 18 [1/1] (0.48ns)   --->   "%store_ln0 = store i2 0, i2 %i_3"   --->   Operation 18 'store' 'store_ln0' <Predicate = true> <Delay = 0.48>
ST_1 : Operation 19 [1/1] (0.48ns)   --->   "%store_ln0 = store i19 0, i19 %indvar_flatten31"   --->   Operation 19 'store' 'store_ln0' <Predicate = true> <Delay = 0.48>
ST_1 : Operation 20 [1/1] (0.48ns)   --->   "%store_ln0 = store i11 0, i11 %j"   --->   Operation 20 'store' 'store_ln0' <Predicate = true> <Delay = 0.48>
ST_1 : Operation 21 [1/1] (0.48ns)   --->   "%store_ln0 = store i32 0, i32 %empty"   --->   Operation 21 'store' 'store_ln0' <Predicate = true> <Delay = 0.48>
ST_1 : Operation 22 [1/1] (0.48ns)   --->   "%store_ln0 = store i8 0, i8 %k"   --->   Operation 22 'store' 'store_ln0' <Predicate = true> <Delay = 0.48>
ST_1 : Operation 23 [1/1] (0.48ns)   --->   "%store_ln0 = store i24 0, i24 %currentBrightness"   --->   Operation 23 'store' 'store_ln0' <Predicate = true> <Delay = 0.48>
ST_1 : Operation 24 [1/1] (0.00ns)   --->   "%br_ln0 = br void %for.inc.i11.i"   --->   Operation 24 'br' 'br_ln0' <Predicate = true> <Delay = 0.00>

State 2 <SV = 1> <Delay = 5.63>
ST_2 : Operation 25 [1/1] (0.00ns)   --->   "%j_1 = load i11 %j" [../Archivos_Fuente/Hyperspectral/hyperspectral_accel.cpp:44]   --->   Operation 25 'load' 'j_1' <Predicate = true> <Delay = 0.00>
ST_2 : Operation 26 [1/1] (0.00ns)   --->   "%i = load i2 %i_3"   --->   Operation 26 'load' 'i' <Predicate = true> <Delay = 0.00>
ST_2 : Operation 27 [1/1] (0.00ns)   --->   "%indvar_flatten52_load = load i19 %indvar_flatten52" [../Archivos_Fuente/Hyperspectral/hyperspectral_accel.cpp:37]   --->   Operation 27 'load' 'indvar_flatten52_load' <Predicate = true> <Delay = 0.00>
ST_2 : Operation 28 [1/1] (0.00ns)   --->   "%empty_20 = trunc i2 %i"   --->   Operation 28 'trunc' 'empty_20' <Predicate = true> <Delay = 0.00>
ST_2 : Operation 29 [1/1] (0.00ns)   --->   "%trunc_ln44 = trunc i11 %j_1" [../Archivos_Fuente/Hyperspectral/hyperspectral_accel.cpp:44]   --->   Operation 29 'trunc' 'trunc_ln44' <Predicate = true> <Delay = 0.00>
ST_2 : Operation 30 [1/1] (0.91ns)   --->   "%icmp_ln37 = icmp_eq  i19 %indvar_flatten52_load, i19 368640" [../Archivos_Fuente/Hyperspectral/hyperspectral_accel.cpp:37]   --->   Operation 30 'icmp' 'icmp_ln37' <Predicate = true> <Delay = 0.91> <CoreInst = "Cmp">   --->   Core 9 'Cmp' <Latency = 0> <II = 1> <Delay = 0.91> <FuncUnit> <Opcode : 'icmp'> <InPorts = 2> <OutPorts = 1>
ST_2 : Operation 31 [1/1] (1.05ns)   --->   "%add_ln37_1 = add i19 %indvar_flatten52_load, i19 1" [../Archivos_Fuente/Hyperspectral/hyperspectral_accel.cpp:37]   --->   Operation 31 'add' 'add_ln37_1' <Predicate = true> <Delay = 1.05> <CoreInst = "Adder">   --->   Core 1 'Adder' <Latency = 0> <II = 1> <Delay = 1.05> <FuncUnit> <Opcode : 'add' 'sub'> <InPorts = 2> <OutPorts = 1>
ST_2 : Operation 32 [1/1] (0.00ns)   --->   "%br_ln37 = br i1 %icmp_ln37, void %for.inc19.i.i, void %for.inc78.preheader.exitStub" [../Archivos_Fuente/Hyperspectral/hyperspectral_accel.cpp:37]   --->   Operation 32 'br' 'br_ln37' <Predicate = true> <Delay = 0.00>
ST_2 : Operation 33 [1/1] (0.00ns)   --->   "%k_load = load i8 %k" [../Archivos_Fuente/Hyperspectral/hyperspectral_accel.cpp:40]   --->   Operation 33 'load' 'k_load' <Predicate = (!icmp_ln37)> <Delay = 0.00>
ST_2 : Operation 34 [1/1] (0.00ns)   --->   "%indvar_flatten31_load = load i19 %indvar_flatten31" [../Archivos_Fuente/Hyperspectral/hyperspectral_accel.cpp:38]   --->   Operation 34 'load' 'indvar_flatten31_load' <Predicate = (!icmp_ln37)> <Delay = 0.00>
ST_2 : Operation 35 [1/1] (0.62ns)   --->   "%add_ln37 = add i2 %i, i2 1" [../Archivos_Fuente/Hyperspectral/hyperspectral_accel.cpp:37]   --->   Operation 35 'add' 'add_ln37' <Predicate = (!icmp_ln37)> <Delay = 0.62> <CoreInst = "Adder">   --->   Core 1 'Adder' <Latency = 0> <II = 1> <Delay = 0.62> <FuncUnit> <Opcode : 'add' 'sub'> <InPorts = 2> <OutPorts = 1>
ST_2 : Operation 36 [1/1] (0.91ns)   --->   "%icmp_ln38 = icmp_eq  i19 %indvar_flatten31_load, i19 184320" [../Archivos_Fuente/Hyperspectral/hyperspectral_accel.cpp:38]   --->   Operation 36 'icmp' 'icmp_ln38' <Predicate = (!icmp_ln37)> <Delay = 0.91> <CoreInst = "Cmp">   --->   Core 9 'Cmp' <Latency = 0> <II = 1> <Delay = 0.91> <FuncUnit> <Opcode : 'icmp'> <InPorts = 2> <OutPorts = 1>
ST_2 : Operation 37 [1/1] (0.45ns)   --->   "%select_ln47 = select i1 %icmp_ln38, i11 0, i11 %j_1" [../Archivos_Fuente/Hyperspectral/hyperspectral_accel.cpp:47]   --->   Operation 37 'select' 'select_ln47' <Predicate = (!icmp_ln37)> <Delay = 0.45> <CoreInst = "Sel">   --->   Core 73 'Sel' <Latency = 0> <II = 1> <Delay = 0.45> <FuncUnit> <Opcode : 'select'> <InPorts = 3> <OutPorts = 1>
ST_2 : Operation 38 [1/1] (0.26ns)   --->   "%select_ln47_4 = select i1 %icmp_ln38, i2 %add_ln37, i2 %i" [../Archivos_Fuente/Hyperspectral/hyperspectral_accel.cpp:47]   --->   Operation 38 'select' 'select_ln47_4' <Predicate = (!icmp_ln37)> <Delay = 0.26> <CoreInst = "Sel">   --->   Core 73 'Sel' <Latency = 0> <II = 1> <Delay = 0.26> <FuncUnit> <Opcode : 'select'> <InPorts = 3> <OutPorts = 1>
ST_2 : Operation 39 [1/1] (0.00ns)   --->   "%tmp_s = bitconcatenate i12 @_ssdm_op_BitConcatenate.i12.i2.i10, i2 %select_ln47_4, i10 0" [../Archivos_Fuente/Hyperspectral/hyperspectral_accel.cpp:41]   --->   Operation 39 'bitconcatenate' 'tmp_s' <Predicate = (!icmp_ln37)> <Delay = 0.00>
ST_2 : Operation 40 [1/1] (0.00ns)   --->   "%tmp_11_cast = zext i12 %tmp_s" [../Archivos_Fuente/Hyperspectral/hyperspectral_accel.cpp:41]   --->   Operation 40 'zext' 'tmp_11_cast' <Predicate = (!icmp_ln37)> <Delay = 0.00>
ST_2 : Operation 41 [1/1] (0.00ns) (grouped into LUT with out node and_ln47)   --->   "%xor_ln47 = xor i1 %icmp_ln38, i1 1" [../Archivos_Fuente/Hyperspectral/hyperspectral_accel.cpp:47]   --->   Operation 41 'xor' 'xor_ln47' <Predicate = (!icmp_ln37)> <Delay = 0.00> <CoreInst = "LogicGate">   --->   Core 74 'LogicGate' <Latency = 0> <II = 1> <Delay = 0.33> <FuncUnit> <Opcode : 'and' 'or' 'xor'> <InPorts = 2> <OutPorts = 1>
ST_2 : Operation 42 [1/1] (0.85ns)   --->   "%icmp_ln40 = icmp_eq  i8 %k_load, i8 180" [../Archivos_Fuente/Hyperspectral/hyperspectral_accel.cpp:40]   --->   Operation 42 'icmp' 'icmp_ln40' <Predicate = (!icmp_ln37)> <Delay = 0.85> <CoreInst = "Cmp">   --->   Core 9 'Cmp' <Latency = 0> <II = 1> <Delay = 0.85> <FuncUnit> <Opcode : 'icmp'> <InPorts = 2> <OutPorts = 1>
ST_2 : Operation 43 [1/1] (0.33ns) (out node of the LUT)   --->   "%and_ln47 = and i1 %icmp_ln40, i1 %xor_ln47" [../Archivos_Fuente/Hyperspectral/hyperspectral_accel.cpp:47]   --->   Operation 43 'and' 'and_ln47' <Predicate = (!icmp_ln37)> <Delay = 0.33> <CoreInst = "LogicGate">   --->   Core 74 'LogicGate' <Latency = 0> <II = 1> <Delay = 0.33> <FuncUnit> <Opcode : 'and' 'or' 'xor'> <InPorts = 2> <OutPorts = 1>
ST_2 : Operation 44 [1/1] (0.94ns)   --->   "%add_ln38 = add i11 %select_ln47, i11 1" [../Archivos_Fuente/Hyperspectral/hyperspectral_accel.cpp:38]   --->   Operation 44 'add' 'add_ln38' <Predicate = (!icmp_ln37)> <Delay = 0.94> <CoreInst = "Adder">   --->   Core 1 'Adder' <Latency = 0> <II = 1> <Delay = 0.94> <FuncUnit> <Opcode : 'add' 'sub'> <InPorts = 2> <OutPorts = 1>
ST_2 : Operation 45 [1/1] (0.33ns)   --->   "%or_ln38 = or i1 %and_ln47, i1 %icmp_ln38" [../Archivos_Fuente/Hyperspectral/hyperspectral_accel.cpp:38]   --->   Operation 45 'or' 'or_ln38' <Predicate = (!icmp_ln37)> <Delay = 0.33> <CoreInst = "LogicGate">   --->   Core 74 'LogicGate' <Latency = 0> <II = 1> <Delay = 0.33> <FuncUnit> <Opcode : 'and' 'or' 'xor'> <InPorts = 2> <OutPorts = 1>
ST_2 : Operation 46 [1/1] (0.44ns)   --->   "%select_ln38 = select i1 %or_ln38, i8 0, i8 %k_load" [../Archivos_Fuente/Hyperspectral/hyperspectral_accel.cpp:38]   --->   Operation 46 'select' 'select_ln38' <Predicate = (!icmp_ln37)> <Delay = 0.44> <CoreInst = "Sel">   --->   Core 73 'Sel' <Latency = 0> <II = 1> <Delay = 0.44> <FuncUnit> <Opcode : 'select'> <InPorts = 3> <OutPorts = 1>
ST_2 : Operation 47 [1/1] (0.45ns)   --->   "%select_ln38_2 = select i1 %and_ln47, i11 %add_ln38, i11 %select_ln47" [../Archivos_Fuente/Hyperspectral/hyperspectral_accel.cpp:38]   --->   Operation 47 'select' 'select_ln38_2' <Predicate = (!icmp_ln37)> <Delay = 0.45> <CoreInst = "Sel">   --->   Core 73 'Sel' <Latency = 0> <II = 1> <Delay = 0.45> <FuncUnit> <Opcode : 'select'> <InPorts = 3> <OutPorts = 1>
ST_2 : Operation 48 [1/1] (0.00ns)   --->   "%zext_ln41_1 = zext i11 %select_ln38_2" [../Archivos_Fuente/Hyperspectral/hyperspectral_accel.cpp:41]   --->   Operation 48 'zext' 'zext_ln41_1' <Predicate = (!icmp_ln37)> <Delay = 0.00>
ST_2 : Operation 49 [1/1] (1.78ns) (grouped into DSP with root node add_ln41_1)   --->   "%add_ln41 = add i13 %tmp_11_cast, i13 %zext_ln41_1" [../Archivos_Fuente/Hyperspectral/hyperspectral_accel.cpp:41]   --->   Operation 49 'add' 'add_ln41' <Predicate = (!icmp_ln37)> <Delay = 1.78> <CoreInst = "DSP48">   --->   Core 127 'DSP48' <Latency = 3> <II = 1> <Delay = 0.69> <IPBlock> <Opcode : 'mul' 'add' 'sub' 'select'> <InPorts = 0> <OutPorts = 1> <Sync> <CReg>
ST_2 : Operation 50 [1/1] (0.00ns) (grouped into DSP with root node add_ln41_1)   --->   "%add_ln41_cast = zext i13 %add_ln41" [../Archivos_Fuente/Hyperspectral/hyperspectral_accel.cpp:41]   --->   Operation 50 'zext' 'add_ln41_cast' <Predicate = (!icmp_ln37)> <Delay = 0.00>
ST_2 : Operation 51 [3/3] (1.08ns) (grouped into DSP with root node add_ln41_1)   --->   "%mul_ln41 = mul i19 %add_ln41_cast, i19 180" [../Archivos_Fuente/Hyperspectral/hyperspectral_accel.cpp:41]   --->   Operation 51 'mul' 'mul_ln41' <Predicate = (!icmp_ln37)> <Delay = 1.08> <CoreInst = "DSP48">   --->   Core 127 'DSP48' <Latency = 3> <II = 1> <Delay = 0.69> <IPBlock> <Opcode : 'mul' 'add' 'sub' 'select'> <InPorts = 0> <OutPorts = 1> <Sync> <CReg>
ST_2 : Operation 52 [1/1] (0.90ns)   --->   "%add_ln40 = add i8 %select_ln38, i8 1" [../Archivos_Fuente/Hyperspectral/hyperspectral_accel.cpp:40]   --->   Operation 52 'add' 'add_ln40' <Predicate = (!icmp_ln37)> <Delay = 0.90> <CoreInst = "Adder">   --->   Core 1 'Adder' <Latency = 0> <II = 1> <Delay = 0.90> <FuncUnit> <Opcode : 'add' 'sub'> <InPorts = 2> <OutPorts = 1>
ST_2 : Operation 53 [1/1] (1.05ns)   --->   "%add_ln38_1 = add i19 %indvar_flatten31_load, i19 1" [../Archivos_Fuente/Hyperspectral/hyperspectral_accel.cpp:38]   --->   Operation 53 'add' 'add_ln38_1' <Predicate = (!icmp_ln37)> <Delay = 1.05> <CoreInst = "Adder">   --->   Core 1 'Adder' <Latency = 0> <II = 1> <Delay = 1.05> <FuncUnit> <Opcode : 'add' 'sub'> <InPorts = 2> <OutPorts = 1>
ST_2 : Operation 54 [1/1] (0.43ns)   --->   "%select_ln38_6 = select i1 %icmp_ln38, i19 1, i19 %add_ln38_1" [../Archivos_Fuente/Hyperspectral/hyperspectral_accel.cpp:38]   --->   Operation 54 'select' 'select_ln38_6' <Predicate = (!icmp_ln37)> <Delay = 0.43> <CoreInst = "Sel">   --->   Core 73 'Sel' <Latency = 0> <II = 1> <Delay = 0.43> <FuncUnit> <Opcode : 'select'> <InPorts = 3> <OutPorts = 1>
ST_2 : Operation 55 [1/1] (0.48ns)   --->   "%store_ln40 = store i19 %add_ln37_1, i19 %indvar_flatten52" [../Archivos_Fuente/Hyperspectral/hyperspectral_accel.cpp:40]   --->   Operation 55 'store' 'store_ln40' <Predicate = (!icmp_ln37)> <Delay = 0.48>
ST_2 : Operation 56 [1/1] (0.48ns)   --->   "%store_ln40 = store i2 %select_ln47_4, i2 %i_3" [../Archivos_Fuente/Hyperspectral/hyperspectral_accel.cpp:40]   --->   Operation 56 'store' 'store_ln40' <Predicate = (!icmp_ln37)> <Delay = 0.48>
ST_2 : Operation 57 [1/1] (0.48ns)   --->   "%store_ln40 = store i19 %select_ln38_6, i19 %indvar_flatten31" [../Archivos_Fuente/Hyperspectral/hyperspectral_accel.cpp:40]   --->   Operation 57 'store' 'store_ln40' <Predicate = (!icmp_ln37)> <Delay = 0.48>
ST_2 : Operation 58 [1/1] (0.48ns)   --->   "%store_ln40 = store i11 %select_ln38_2, i11 %j" [../Archivos_Fuente/Hyperspectral/hyperspectral_accel.cpp:40]   --->   Operation 58 'store' 'store_ln40' <Predicate = (!icmp_ln37)> <Delay = 0.48>
ST_2 : Operation 59 [1/1] (0.48ns)   --->   "%store_ln40 = store i8 %add_ln40, i8 %k" [../Archivos_Fuente/Hyperspectral/hyperspectral_accel.cpp:40]   --->   Operation 59 'store' 'store_ln40' <Predicate = (!icmp_ln37)> <Delay = 0.48>

State 3 <SV = 2> <Delay = 1.08>
ST_3 : Operation 60 [2/3] (1.08ns) (grouped into DSP with root node add_ln41_1)   --->   "%mul_ln41 = mul i19 %add_ln41_cast, i19 180" [../Archivos_Fuente/Hyperspectral/hyperspectral_accel.cpp:41]   --->   Operation 60 'mul' 'mul_ln41' <Predicate = (!icmp_ln37)> <Delay = 1.08> <CoreInst = "DSP48">   --->   Core 127 'DSP48' <Latency = 3> <II = 1> <Delay = 0.69> <IPBlock> <Opcode : 'mul' 'add' 'sub' 'select'> <InPorts = 0> <OutPorts = 1> <Sync> <CReg>

State 4 <SV = 3> <Delay = 0.83>
ST_4 : Operation 61 [1/3] (0.00ns) (grouped into DSP with root node add_ln41_1)   --->   "%mul_ln41 = mul i19 %add_ln41_cast, i19 180" [../Archivos_Fuente/Hyperspectral/hyperspectral_accel.cpp:41]   --->   Operation 61 'mul' 'mul_ln41' <Predicate = (!icmp_ln37)> <Delay = 0.00> <CoreInst = "DSP48">   --->   Core 127 'DSP48' <Latency = 3> <II = 1> <Delay = 0.69> <IPBlock> <Opcode : 'mul' 'add' 'sub' 'select'> <InPorts = 0> <OutPorts = 1> <Sync> <CReg>
ST_4 : Operation 62 [1/1] (0.00ns)   --->   "%zext_ln41_2 = zext i8 %select_ln38" [../Archivos_Fuente/Hyperspectral/hyperspectral_accel.cpp:41]   --->   Operation 62 'zext' 'zext_ln41_2' <Predicate = (!icmp_ln37)> <Delay = 0.00>
ST_4 : Operation 63 [2/2] (0.83ns) (root node of the DSP)   --->   "%add_ln41_1 = add i19 %mul_ln41, i19 %zext_ln41_2" [../Archivos_Fuente/Hyperspectral/hyperspectral_accel.cpp:41]   --->   Operation 63 'add' 'add_ln41_1' <Predicate = (!icmp_ln37)> <Delay = 0.83> <CoreInst = "DSP48">   --->   Core 127 'DSP48' <Latency = 3> <II = 1> <Delay = 0.69> <IPBlock> <Opcode : 'mul' 'add' 'sub' 'select'> <InPorts = 0> <OutPorts = 1> <Sync> <CReg>

State 5 <SV = 4> <Delay = 2.18>
ST_5 : Operation 64 [1/2] (0.83ns) (root node of the DSP)   --->   "%add_ln41_1 = add i19 %mul_ln41, i19 %zext_ln41_2" [../Archivos_Fuente/Hyperspectral/hyperspectral_accel.cpp:41]   --->   Operation 64 'add' 'add_ln41_1' <Predicate = (!icmp_ln37)> <Delay = 0.83> <CoreInst = "DSP48">   --->   Core 127 'DSP48' <Latency = 3> <II = 1> <Delay = 0.69> <IPBlock> <Opcode : 'mul' 'add' 'sub' 'select'> <InPorts = 0> <OutPorts = 1> <Sync> <CReg>
ST_5 : Operation 65 [1/1] (0.00ns)   --->   "%zext_ln41_3 = zext i19 %add_ln41_1" [../Archivos_Fuente/Hyperspectral/hyperspectral_accel.cpp:41]   --->   Operation 65 'zext' 'zext_ln41_3' <Predicate = (!icmp_ln37)> <Delay = 0.00>
ST_5 : Operation 66 [1/1] (0.00ns)   --->   "%image_addr_2 = getelementptr i16 %image_r, i64 0, i64 %zext_ln41_3" [../Archivos_Fuente/Hyperspectral/hyperspectral_accel.cpp:41]   --->   Operation 66 'getelementptr' 'image_addr_2' <Predicate = (!icmp_ln37)> <Delay = 0.00>
ST_5 : Operation 67 [2/2] (1.35ns)   --->   "%image_load = load i19 %image_addr_2" [../Archivos_Fuente/Hyperspectral/hyperspectral_accel.cpp:41]   --->   Operation 67 'load' 'image_load' <Predicate = (!icmp_ln37)> <Delay = 1.35> <CoreInst = "RAM">   --->   Core 83 'RAM' <Latency = 1> <II = 1> <Delay = 1.35> <Storage> <Opcode : 'load' 'store'> <Ports = 2> <Width = 16> <Depth = 368640> <RAM>

State 6 <SV = 5> <Delay = 3.79>
ST_6 : Operation 68 [1/1] (0.00ns)   --->   "%currentBrightness_2 = load i24 %currentBrightness"   --->   Operation 68 'load' 'currentBrightness_2' <Predicate = true> <Delay = 0.00>
ST_6 : Operation 69 [1/1] (0.00ns)   --->   "%p_load = load i32 %empty" [../Archivos_Fuente/Hyperspectral/hyperspectral_accel.cpp:44]   --->   Operation 69 'load' 'p_load' <Predicate = true> <Delay = 0.00>
ST_6 : Operation 70 [1/1] (0.00ns)   --->   "%i_06_i_i631_load = load i32 %i_06_i_i631" [../Archivos_Fuente/Hyperspectral/hyperspectral_accel.cpp:47]   --->   Operation 70 'load' 'i_06_i_i631_load' <Predicate = true> <Delay = 0.00>
ST_6 : Operation 71 [1/1] (0.00ns)   --->   "%j_05_i_i633_load = load i32 %j_05_i_i633" [../Archivos_Fuente/Hyperspectral/hyperspectral_accel.cpp:47]   --->   Operation 71 'load' 'j_05_i_i633_load' <Predicate = true> <Delay = 0.00>
ST_6 : Operation 72 [1/1] (0.00ns)   --->   "%i_3_cast_cast = zext i1 %empty_20"   --->   Operation 72 'zext' 'i_3_cast_cast' <Predicate = true> <Delay = 0.00>
ST_6 : Operation 73 [1/1] (0.00ns)   --->   "%currentBrightness_cast = zext i24 %currentBrightness_2"   --->   Operation 73 'zext' 'currentBrightness_cast' <Predicate = true> <Delay = 0.00>
ST_6 : Operation 74 [1/1] (0.00ns)   --->   "%specpipeline_ln0 = specpipeline void @_ssdm_op_SpecPipeline, i32 4294967295, i32 0, i32 1, i32 0, void @p_str"   --->   Operation 74 'specpipeline' 'specpipeline_ln0' <Predicate = true> <Delay = 0.00>
ST_6 : Operation 75 [1/1] (1.11ns)   --->   "%icmp_ln44_1 = icmp_ugt  i32 %currentBrightness_cast, i32 %p_load" [../Archivos_Fuente/Hyperspectral/hyperspectral_accel.cpp:44]   --->   Operation 75 'icmp' 'icmp_ln44_1' <Predicate = true> <Delay = 1.11> <CoreInst = "Cmp">   --->   Core 9 'Cmp' <Latency = 0> <II = 1> <Delay = 1.11> <FuncUnit> <Opcode : 'icmp'> <InPorts = 2> <OutPorts = 1>
ST_6 : Operation 76 [1/1] (0.00ns)   --->   "%zext_ln44_1 = zext i10 %trunc_ln44" [../Archivos_Fuente/Hyperspectral/hyperspectral_accel.cpp:44]   --->   Operation 76 'zext' 'zext_ln44_1' <Predicate = true> <Delay = 0.00>
ST_6 : Operation 77 [1/1] (0.52ns)   --->   "%select_ln44_2 = select i1 %icmp_ln44_1, i32 %zext_ln44_1, i32 %j_05_i_i633_load" [../Archivos_Fuente/Hyperspectral/hyperspectral_accel.cpp:44]   --->   Operation 77 'select' 'select_ln44_2' <Predicate = true> <Delay = 0.52> <CoreInst = "Sel">   --->   Core 73 'Sel' <Latency = 0> <II = 1> <Delay = 0.52> <FuncUnit> <Opcode : 'select'> <InPorts = 3> <OutPorts = 1>
ST_6 : Operation 78 [1/1] (0.52ns)   --->   "%select_ln44_3 = select i1 %icmp_ln44_1, i32 %i_3_cast_cast, i32 %i_06_i_i631_load" [../Archivos_Fuente/Hyperspectral/hyperspectral_accel.cpp:44]   --->   Operation 78 'select' 'select_ln44_3' <Predicate = true> <Delay = 0.52> <CoreInst = "Sel">   --->   Core 73 'Sel' <Latency = 0> <II = 1> <Delay = 0.52> <FuncUnit> <Opcode : 'select'> <InPorts = 3> <OutPorts = 1>
ST_6 : Operation 79 [1/1] (0.00ns)   --->   "%specloopname_ln0 = specloopname void @_ssdm_op_SpecLoopName, void @L1_L2_L3_str"   --->   Operation 79 'specloopname' 'specloopname_ln0' <Predicate = (!icmp_ln37)> <Delay = 0.00>
ST_6 : Operation 80 [1/1] (0.00ns)   --->   "%empty_21 = speclooptripcount i32 @_ssdm_op_SpecLoopTripCount, i64 368640, i64 368640, i64 368640"   --->   Operation 80 'speclooptripcount' 'empty_21' <Predicate = (!icmp_ln37)> <Delay = 0.00>
ST_6 : Operation 81 [1/1] (0.52ns)   --->   "%select_ln47_1 = select i1 %icmp_ln38, i32 %select_ln44_2, i32 %j_05_i_i633_load" [../Archivos_Fuente/Hyperspectral/hyperspectral_accel.cpp:47]   --->   Operation 81 'select' 'select_ln47_1' <Predicate = (!icmp_ln37)> <Delay = 0.52> <CoreInst = "Sel">   --->   Core 73 'Sel' <Latency = 0> <II = 1> <Delay = 0.52> <FuncUnit> <Opcode : 'select'> <InPorts = 3> <OutPorts = 1>
ST_6 : Operation 82 [1/1] (0.52ns)   --->   "%select_ln47_2 = select i1 %icmp_ln38, i32 %select_ln44_3, i32 %i_06_i_i631_load" [../Archivos_Fuente/Hyperspectral/hyperspectral_accel.cpp:47]   --->   Operation 82 'select' 'select_ln47_2' <Predicate = (!icmp_ln37)> <Delay = 0.52> <CoreInst = "Sel">   --->   Core 73 'Sel' <Latency = 0> <II = 1> <Delay = 0.52> <FuncUnit> <Opcode : 'select'> <InPorts = 3> <OutPorts = 1>
ST_6 : Operation 83 [1/1] (0.00ns) (grouped into LUT with out node select_ln47_3)   --->   "%select_ln44_4 = select i1 %icmp_ln44_1, i32 %currentBrightness_cast, i32 %p_load" [../Archivos_Fuente/Hyperspectral/hyperspectral_accel.cpp:44]   --->   Operation 83 'select' 'select_ln44_4' <Predicate = (!icmp_ln37 & icmp_ln38)> <Delay = 0.00> <CoreInst = "Sel">   --->   Core 73 'Sel' <Latency = 0> <II = 1> <Delay = 0.52> <FuncUnit> <Opcode : 'select'> <InPorts = 3> <OutPorts = 1>
ST_6 : Operation 84 [1/1] (0.52ns) (out node of the LUT)   --->   "%select_ln47_3 = select i1 %icmp_ln38, i32 %select_ln44_4, i32 %p_load" [../Archivos_Fuente/Hyperspectral/hyperspectral_accel.cpp:47]   --->   Operation 84 'select' 'select_ln47_3' <Predicate = (!icmp_ln37)> <Delay = 0.52> <CoreInst = "Sel">   --->   Core 73 'Sel' <Latency = 0> <II = 1> <Delay = 0.52> <FuncUnit> <Opcode : 'select'> <InPorts = 3> <OutPorts = 1>
ST_6 : Operation 85 [1/1] (0.00ns) (grouped into LUT with out node select_ln44_1)   --->   "%empty_22 = trunc i2 %add_ln37" [../Archivos_Fuente/Hyperspectral/hyperspectral_accel.cpp:37]   --->   Operation 85 'trunc' 'empty_22' <Predicate = (!icmp_ln37 & icmp_ln38 & and_ln47)> <Delay = 0.00>
ST_6 : Operation 86 [1/1] (0.00ns) (grouped into LUT with out node select_ln44_1)   --->   "%select_ln47_5 = select i1 %icmp_ln38, i1 %empty_22, i1 %empty_20" [../Archivos_Fuente/Hyperspectral/hyperspectral_accel.cpp:47]   --->   Operation 86 'select' 'select_ln47_5' <Predicate = (!icmp_ln37 & and_ln47)> <Delay = 0.00> <CoreInst = "Sel">   --->   Core 73 'Sel' <Latency = 0> <II = 1> <Delay = 0.26> <FuncUnit> <Opcode : 'select'> <InPorts = 3> <OutPorts = 1>
ST_6 : Operation 87 [1/1] (0.00ns) (grouped into LUT with out node select_ln44_1)   --->   "%zext_ln47 = zext i1 %select_ln47_5" [../Archivos_Fuente/Hyperspectral/hyperspectral_accel.cpp:47]   --->   Operation 87 'zext' 'zext_ln47' <Predicate = (!icmp_ln37 & and_ln47)> <Delay = 0.00>
ST_6 : Operation 88 [1/1] (0.43ns)   --->   "%select_ln47_6 = select i1 %icmp_ln38, i24 0, i24 %currentBrightness_2" [../Archivos_Fuente/Hyperspectral/hyperspectral_accel.cpp:47]   --->   Operation 88 'select' 'select_ln47_6' <Predicate = (!icmp_ln37)> <Delay = 0.43> <CoreInst = "Sel">   --->   Core 73 'Sel' <Latency = 0> <II = 1> <Delay = 0.43> <FuncUnit> <Opcode : 'select'> <InPorts = 3> <OutPorts = 1>
ST_6 : Operation 89 [1/1] (0.00ns)   --->   "%select_ln47_7_cast = zext i24 %select_ln47_6" [../Archivos_Fuente/Hyperspectral/hyperspectral_accel.cpp:47]   --->   Operation 89 'zext' 'select_ln47_7_cast' <Predicate = (!icmp_ln37)> <Delay = 0.00>
ST_6 : Operation 90 [1/1] (0.00ns)   --->   "%specpipeline_ln0 = specpipeline void @_ssdm_op_SpecPipeline, i32 4294967295, i32 0, i32 1, i32 0, void @p_str"   --->   Operation 90 'specpipeline' 'specpipeline_ln0' <Predicate = (!icmp_ln37)> <Delay = 0.00>
ST_6 : Operation 91 [1/1] (1.11ns)   --->   "%icmp_ln44 = icmp_ugt  i32 %select_ln47_7_cast, i32 %select_ln47_3" [../Archivos_Fuente/Hyperspectral/hyperspectral_accel.cpp:44]   --->   Operation 91 'icmp' 'icmp_ln44' <Predicate = (!icmp_ln37)> <Delay = 1.11> <CoreInst = "Cmp">   --->   Core 9 'Cmp' <Latency = 0> <II = 1> <Delay = 1.11> <FuncUnit> <Opcode : 'icmp'> <InPorts = 2> <OutPorts = 1>
ST_6 : Operation 92 [1/1] (0.00ns) (grouped into LUT with out node select_ln38_3)   --->   "%trunc_ln44_1 = trunc i11 %select_ln47" [../Archivos_Fuente/Hyperspectral/hyperspectral_accel.cpp:44]   --->   Operation 92 'trunc' 'trunc_ln44_1' <Predicate = (!icmp_ln37 & and_ln47)> <Delay = 0.00>
ST_6 : Operation 93 [1/1] (0.00ns) (grouped into LUT with out node select_ln38_3)   --->   "%zext_ln44 = zext i10 %trunc_ln44_1" [../Archivos_Fuente/Hyperspectral/hyperspectral_accel.cpp:44]   --->   Operation 93 'zext' 'zext_ln44' <Predicate = (!icmp_ln37 & and_ln47)> <Delay = 0.00>
ST_6 : Operation 94 [1/1] (0.00ns) (grouped into LUT with out node select_ln38_3)   --->   "%select_ln44 = select i1 %icmp_ln44, i32 %zext_ln44, i32 %select_ln47_1" [../Archivos_Fuente/Hyperspectral/hyperspectral_accel.cpp:44]   --->   Operation 94 'select' 'select_ln44' <Predicate = (!icmp_ln37 & and_ln47)> <Delay = 0.00> <CoreInst = "Sel">   --->   Core 73 'Sel' <Latency = 0> <II = 1> <Delay = 0.52> <FuncUnit> <Opcode : 'select'> <InPorts = 3> <OutPorts = 1>
ST_6 : Operation 95 [1/1] (0.52ns) (out node of the LUT)   --->   "%select_ln44_1 = select i1 %icmp_ln44, i32 %zext_ln47, i32 %select_ln47_2" [../Archivos_Fuente/Hyperspectral/hyperspectral_accel.cpp:44]   --->   Operation 95 'select' 'select_ln44_1' <Predicate = (!icmp_ln37 & and_ln47)> <Delay = 0.52> <CoreInst = "Sel">   --->   Core 73 'Sel' <Latency = 0> <II = 1> <Delay = 0.52> <FuncUnit> <Opcode : 'select'> <InPorts = 3> <OutPorts = 1>
ST_6 : Operation 96 [1/1] (0.00ns) (grouped into LUT with out node select_ln38_5)   --->   "%maxBrightness = select i1 %icmp_ln44, i32 %select_ln47_7_cast, i32 %select_ln47_3" [../Archivos_Fuente/Hyperspectral/hyperspectral_accel.cpp:44]   --->   Operation 96 'select' 'maxBrightness' <Predicate = (!icmp_ln37 & and_ln47)> <Delay = 0.00> <CoreInst = "Sel">   --->   Core 73 'Sel' <Latency = 0> <II = 1> <Delay = 0.52> <FuncUnit> <Opcode : 'select'> <InPorts = 3> <OutPorts = 1>
ST_6 : Operation 97 [1/1] (0.00ns)   --->   "%specloopname_ln0 = specloopname void @_ssdm_op_SpecLoopName, void @L2_L3_str"   --->   Operation 97 'specloopname' 'specloopname_ln0' <Predicate = (!icmp_ln37)> <Delay = 0.00>
ST_6 : Operation 98 [1/1] (0.00ns) (grouped into LUT with out node currentBrightness_3)   --->   "%select_ln38_1 = select i1 %or_ln38, i24 0, i24 %currentBrightness_2" [../Archivos_Fuente/Hyperspectral/hyperspectral_accel.cpp:38]   --->   Operation 98 'select' 'select_ln38_1' <Predicate = (!icmp_ln37)> <Delay = 0.00> <CoreInst = "Sel">   --->   Core 73 'Sel' <Latency = 0> <II = 1> <Delay = 0.43> <FuncUnit> <Opcode : 'select'> <InPorts = 3> <OutPorts = 1>
ST_6 : Operation 99 [1/1] (0.00ns)   --->   "%specpipeline_ln0 = specpipeline void @_ssdm_op_SpecPipeline, i32 4294967295, i32 0, i32 1, i32 0, void @p_str"   --->   Operation 99 'specpipeline' 'specpipeline_ln0' <Predicate = (!icmp_ln37)> <Delay = 0.00>
ST_6 : Operation 100 [1/1] (0.52ns) (out node of the LUT)   --->   "%select_ln38_3 = select i1 %and_ln47, i32 %select_ln44, i32 %select_ln47_1" [../Archivos_Fuente/Hyperspectral/hyperspectral_accel.cpp:38]   --->   Operation 100 'select' 'select_ln38_3' <Predicate = (!icmp_ln37)> <Delay = 0.52> <CoreInst = "Sel">   --->   Core 73 'Sel' <Latency = 0> <II = 1> <Delay = 0.52> <FuncUnit> <Opcode : 'select'> <InPorts = 3> <OutPorts = 1>
ST_6 : Operation 101 [1/1] (0.52ns) (out node of the LUT)   --->   "%select_ln38_4 = select i1 %and_ln47, i32 %select_ln44_1, i32 %select_ln47_2" [../Archivos_Fuente/Hyperspectral/hyperspectral_accel.cpp:38]   --->   Operation 101 'select' 'select_ln38_4' <Predicate = (!icmp_ln37)> <Delay = 0.52> <CoreInst = "Sel">   --->   Core 73 'Sel' <Latency = 0> <II = 1> <Delay = 0.52> <FuncUnit> <Opcode : 'select'> <InPorts = 3> <OutPorts = 1>
ST_6 : Operation 102 [1/1] (0.52ns) (out node of the LUT)   --->   "%select_ln38_5 = select i1 %and_ln47, i32 %maxBrightness, i32 %select_ln47_3" [../Archivos_Fuente/Hyperspectral/hyperspectral_accel.cpp:38]   --->   Operation 102 'select' 'select_ln38_5' <Predicate = (!icmp_ln37)> <Delay = 0.52> <CoreInst = "Sel">   --->   Core 73 'Sel' <Latency = 0> <II = 1> <Delay = 0.52> <FuncUnit> <Opcode : 'select'> <InPorts = 3> <OutPorts = 1>
ST_6 : Operation 103 [1/1] (0.00ns)   --->   "%specloopname_ln39 = specloopname void @_ssdm_op_SpecLoopName, void @empty_10" [../Archivos_Fuente/Hyperspectral/hyperspectral_accel.cpp:39]   --->   Operation 103 'specloopname' 'specloopname_ln39' <Predicate = (!icmp_ln37)> <Delay = 0.00>
ST_6 : Operation 104 [1/2] (1.35ns)   --->   "%image_load = load i19 %image_addr_2" [../Archivos_Fuente/Hyperspectral/hyperspectral_accel.cpp:41]   --->   Operation 104 'load' 'image_load' <Predicate = (!icmp_ln37)> <Delay = 1.35> <CoreInst = "RAM">   --->   Core 83 'RAM' <Latency = 1> <II = 1> <Delay = 1.35> <Storage> <Opcode : 'load' 'store'> <Ports = 2> <Width = 16> <Depth = 368640> <RAM>
ST_6 : Operation 105 [1/1] (0.00ns) (grouped into LUT with out node currentBrightness_3)   --->   "%zext_ln41 = zext i16 %image_load" [../Archivos_Fuente/Hyperspectral/hyperspectral_accel.cpp:41]   --->   Operation 105 'zext' 'zext_ln41' <Predicate = (!icmp_ln37)> <Delay = 0.00>
ST_6 : Operation 106 [1/1] (1.10ns) (out node of the LUT)   --->   "%currentBrightness_3 = add i24 %zext_ln41, i24 %select_ln38_1" [../Archivos_Fuente/Hyperspectral/hyperspectral_accel.cpp:41]   --->   Operation 106 'add' 'currentBrightness_3' <Predicate = (!icmp_ln37)> <Delay = 1.10> <CoreInst = "Adder">   --->   Core 1 'Adder' <Latency = 0> <II = 1> <Delay = 1.10> <FuncUnit> <Opcode : 'add' 'sub'> <InPorts = 2> <OutPorts = 1>
ST_6 : Operation 107 [1/1] (0.00ns)   --->   "%store_ln40 = store i32 %select_ln38_3, i32 %j_05_i_i633" [../Archivos_Fuente/Hyperspectral/hyperspectral_accel.cpp:40]   --->   Operation 107 'store' 'store_ln40' <Predicate = (!icmp_ln37)> <Delay = 0.00>
ST_6 : Operation 108 [1/1] (0.00ns)   --->   "%store_ln40 = store i32 %select_ln38_4, i32 %i_06_i_i631" [../Archivos_Fuente/Hyperspectral/hyperspectral_accel.cpp:40]   --->   Operation 108 'store' 'store_ln40' <Predicate = (!icmp_ln37)> <Delay = 0.00>
ST_6 : Operation 109 [1/1] (0.48ns)   --->   "%store_ln40 = store i32 %select_ln38_5, i32 %empty" [../Archivos_Fuente/Hyperspectral/hyperspectral_accel.cpp:40]   --->   Operation 109 'store' 'store_ln40' <Predicate = (!icmp_ln37)> <Delay = 0.48>
ST_6 : Operation 110 [1/1] (0.48ns)   --->   "%store_ln40 = store i24 %currentBrightness_3, i24 %currentBrightness" [../Archivos_Fuente/Hyperspectral/hyperspectral_accel.cpp:40]   --->   Operation 110 'store' 'store_ln40' <Predicate = (!icmp_ln37)> <Delay = 0.48>
ST_6 : Operation 111 [1/1] (0.00ns)   --->   "%br_ln40 = br void %for.inc.i11.i" [../Archivos_Fuente/Hyperspectral/hyperspectral_accel.cpp:40]   --->   Operation 111 'br' 'br_ln40' <Predicate = (!icmp_ln37)> <Delay = 0.00>
ST_6 : Operation 112 [1/1] (0.00ns)   --->   "%write_ln44 = write void @_ssdm_op_Write.ap_auto.i32P0A, i32 %select_ln44_2_out, i32 %select_ln44_2" [../Archivos_Fuente/Hyperspectral/hyperspectral_accel.cpp:44]   --->   Operation 112 'write' 'write_ln44' <Predicate = (icmp_ln37)> <Delay = 0.00>
ST_6 : Operation 113 [1/1] (0.00ns)   --->   "%write_ln44 = write void @_ssdm_op_Write.ap_auto.i32P0A, i32 %select_ln44_3_out, i32 %select_ln44_3" [../Archivos_Fuente/Hyperspectral/hyperspectral_accel.cpp:44]   --->   Operation 113 'write' 'write_ln44' <Predicate = (icmp_ln37)> <Delay = 0.00>
ST_6 : Operation 114 [1/1] (0.00ns)   --->   "%ret_ln0 = ret"   --->   Operation 114 'ret' 'ret_ln0' <Predicate = (icmp_ln37)> <Delay = 0.00>


============================================================
+ Verbose Summary: Timing violations
============================================================
Target clock period: 10ns, clock uncertainty: 2.7ns.

 <State 1>: 0.489ns
The critical path consists of the following:
	'alloca' operation ('indvar_flatten52') [12]  (0 ns)
	'store' operation ('store_ln0') of constant 0 on local variable 'indvar_flatten52' [13]  (0.489 ns)

 <State 2>: 5.64ns
The critical path consists of the following:
	'load' operation ('indvar_flatten31_load', ../Archivos_Fuente/Hyperspectral/hyperspectral_accel.cpp:38) on local variable 'indvar_flatten31' [43]  (0 ns)
	'icmp' operation ('icmp_ln38', ../Archivos_Fuente/Hyperspectral/hyperspectral_accel.cpp:38) [47]  (0.912 ns)
	'select' operation ('select_ln47', ../Archivos_Fuente/Hyperspectral/hyperspectral_accel.cpp:47) [48]  (0.451 ns)
	'add' operation ('add_ln38', ../Archivos_Fuente/Hyperspectral/hyperspectral_accel.cpp:38) [71]  (0.948 ns)
	'select' operation ('select_ln38_2', ../Archivos_Fuente/Hyperspectral/hyperspectral_accel.cpp:38) [76]  (0.451 ns)
	'add' operation of DSP[86] ('add_ln41', ../Archivos_Fuente/Hyperspectral/hyperspectral_accel.cpp:41) [78]  (1.79 ns)
	'mul' operation of DSP[86] ('mul_ln41', ../Archivos_Fuente/Hyperspectral/hyperspectral_accel.cpp:41) [80]  (1.09 ns)

 <State 3>: 1.09ns
The critical path consists of the following:
	'mul' operation of DSP[86] ('mul_ln41', ../Archivos_Fuente/Hyperspectral/hyperspectral_accel.cpp:41) [80]  (1.09 ns)

 <State 4>: 0.831ns
The critical path consists of the following:
	'mul' operation of DSP[86] ('mul_ln41', ../Archivos_Fuente/Hyperspectral/hyperspectral_accel.cpp:41) [80]  (0 ns)
	'add' operation of DSP[86] ('add_ln41_1', ../Archivos_Fuente/Hyperspectral/hyperspectral_accel.cpp:41) [86]  (0.831 ns)

 <State 5>: 2.18ns
The critical path consists of the following:
	'add' operation of DSP[86] ('add_ln41_1', ../Archivos_Fuente/Hyperspectral/hyperspectral_accel.cpp:41) [86]  (0.831 ns)
	'getelementptr' operation ('image_addr_2', ../Archivos_Fuente/Hyperspectral/hyperspectral_accel.cpp:41) [88]  (0 ns)
	'load' operation ('image_load', ../Archivos_Fuente/Hyperspectral/hyperspectral_accel.cpp:41) on array 'image_r' [90]  (1.35 ns)

 <State 6>: 3.8ns
The critical path consists of the following:
	'load' operation ('currentBrightness') on local variable 'currentBrightness' [22]  (0 ns)
	'icmp' operation ('icmp_ln44_1', ../Archivos_Fuente/Hyperspectral/hyperspectral_accel.cpp:44) [33]  (1.11 ns)
	'select' operation ('select_ln44_4', ../Archivos_Fuente/Hyperspectral/hyperspectral_accel.cpp:44) [51]  (0 ns)
	'select' operation ('select_ln47_3', ../Archivos_Fuente/Hyperspectral/hyperspectral_accel.cpp:47) [52]  (0.525 ns)
	'icmp' operation ('icmp_ln44', ../Archivos_Fuente/Hyperspectral/hyperspectral_accel.cpp:44) [65]  (1.11 ns)
	'select' operation ('select_ln44_1', ../Archivos_Fuente/Hyperspectral/hyperspectral_accel.cpp:44) [69]  (0.525 ns)
	'select' operation ('select_ln38_4', ../Archivos_Fuente/Hyperspectral/hyperspectral_accel.cpp:38) [83]  (0.525 ns)


============================================================
+ Verbose Summary: Binding
============================================================
N/A
* FSMD analyzer results:
  - Output states:
 - Input state : 
  - Chain level:
	State 1
	State 2
	State 3
	State 4
	State 5
	State 6


============================================================
+ Verbose Summary: Datapath Resource usage 
============================================================
N/A
