

================================================================
== Vitis HLS Report for 'hyperspectral_hw_wrapped_Pipeline_VITIS_LOOP_83_1_VITIS_LOOP_84_2_VITIS_LOOP_85_s'
================================================================
* Date:           Mon Jul  8 10:50:18 2024

* Version:        2022.1 (Build 3526262 on Mon Apr 18 15:47:01 MDT 2022)
* Project:        Hyperspectral
* Solution:       solution1 (Vivado IP Flow Target)
* Product family: zynquplus
* Target device:  xczu3eg-sbva484-1-e


================================================================
== Performance Estimates
================================================================
+ Timing: 
    * Summary: 
    +--------+----------+----------+------------+
    |  Clock |  Target  | Estimated| Uncertainty|
    +--------+----------+----------+------------+
    |ap_clk  |  10.00 ns|  6.321 ns|     2.70 ns|
    +--------+----------+----------+------------+

+ Latency: 
    * Summary: 
    +---------+---------+----------+----------+--------+--------+---------+
    |  Latency (cycles) |  Latency (absolute) |     Interval    | Pipeline|
    |   min   |   max   |    min   |    max   |   min  |   max  |   Type  |
    +---------+---------+----------+----------+--------+--------+---------+
    |   184324|   184324|  1.843 ms|  1.843 ms|  184324|  184324|       no|
    +---------+---------+----------+----------+--------+--------+---------+

    + Detail: 
        * Instance: 
        N/A

        * Loop: 
        +---------------------------------------------------+---------+---------+----------+-----------+-----------+--------+----------+
        |                                                   |  Latency (cycles) | Iteration|  Initiation Interval  |  Trip  |          |
        |                     Loop Name                     |   min   |   max   |  Latency |  achieved |   target  |  Count | Pipelined|
        +---------------------------------------------------+---------+---------+----------+-----------+-----------+--------+----------+
        |- VITIS_LOOP_83_1_VITIS_LOOP_84_2_VITIS_LOOP_85_3  |   184322|   184322|         4|          1|          1|  184320|       yes|
        +---------------------------------------------------+---------+---------+----------+-----------+-----------+--------+----------+

============================================================
+ Verbose Summary: Synthesis Manager
============================================================
InlineROM: 1
ExposeGlobal: 0
============================================================
+ Verbose Summary: CDFG Model
============================================================
IsTopModel: 0
ResetActiveHigh: 1
IsCombinational: 0
IsDatapathOnly: 0
HasWiredReturn: 1
HasMFsm: 2
HasVarLatency: 1
IsPipeline: 0
IsRtlPipelined: 0
IsInstanceOverlapped: 0
IsDontTouch: 0
HasImplIP: 0
IsGatedGlobalClock: 0

+ Individual pipeline summary: 
  * Pipeline-0: initiation interval (II) = 1, depth = 5


============================================================
+ Verbose Summary: Schedule
============================================================
* Number of FSM states : 5
* Pipeline : 1
  Pipeline-0 : II = 1, D = 5, States = { 1 2 3 4 5 }
* Dataflow Pipeline: 0

* FSM state transitions: 
1 --> 2 
2 --> 3 
3 --> 4 
4 --> 5 
5 --> 

* FSM state operations: 

State 1 <SV = 0> <Delay = 0.48>
ST_1 : Operation 7 [1/1] (0.00ns)   --->   "%k = alloca i32 1"   --->   Operation 7 'alloca' 'k' <Predicate = true> <Delay = 0.00>
ST_1 : Operation 8 [1/1] (0.00ns)   --->   "%j = alloca i32 1"   --->   Operation 8 'alloca' 'j' <Predicate = true> <Delay = 0.00>
ST_1 : Operation 9 [1/1] (0.00ns)   --->   "%indvar_flatten = alloca i32 1"   --->   Operation 9 'alloca' 'indvar_flatten' <Predicate = true> <Delay = 0.00>
ST_1 : Operation 10 [1/1] (0.00ns)   --->   "%i = alloca i32 1"   --->   Operation 10 'alloca' 'i' <Predicate = true> <Delay = 0.00>
ST_1 : Operation 11 [1/1] (0.00ns)   --->   "%indvar_flatten13 = alloca i32 1"   --->   Operation 11 'alloca' 'indvar_flatten13' <Predicate = true> <Delay = 0.00>
ST_1 : Operation 12 [1/1] (0.00ns)   --->   "%specinterface_ln0 = specinterface void @_ssdm_op_SpecInterface, i5 %in_stream_V_dest_V, void @empty_5, i32 0, i32 0, void @empty_7, i32 0, i32 0, void @empty, void @empty, void @empty, i32 0, i32 0, i32 0, i32 0, void @empty, void @empty, i32 4294967295, i32 0"   --->   Operation 12 'specinterface' 'specinterface_ln0' <Predicate = true> <Delay = 0.00>
ST_1 : Operation 13 [1/1] (0.00ns)   --->   "%specinterface_ln0 = specinterface void @_ssdm_op_SpecInterface, i5 %in_stream_V_id_V, void @empty_5, i32 0, i32 0, void @empty_7, i32 0, i32 0, void @empty, void @empty, void @empty, i32 0, i32 0, i32 0, i32 0, void @empty, void @empty, i32 4294967295, i32 0"   --->   Operation 13 'specinterface' 'specinterface_ln0' <Predicate = true> <Delay = 0.00>
ST_1 : Operation 14 [1/1] (0.00ns)   --->   "%specinterface_ln0 = specinterface void @_ssdm_op_SpecInterface, i1 %in_stream_V_last_V, void @empty_5, i32 0, i32 0, void @empty_7, i32 0, i32 0, void @empty, void @empty, void @empty, i32 0, i32 0, i32 0, i32 0, void @empty, void @empty, i32 4294967295, i32 0"   --->   Operation 14 'specinterface' 'specinterface_ln0' <Predicate = true> <Delay = 0.00>
ST_1 : Operation 15 [1/1] (0.00ns)   --->   "%specinterface_ln0 = specinterface void @_ssdm_op_SpecInterface, i4 %in_stream_V_user_V, void @empty_5, i32 0, i32 0, void @empty_7, i32 0, i32 0, void @empty, void @empty, void @empty, i32 0, i32 0, i32 0, i32 0, void @empty, void @empty, i32 4294967295, i32 0"   --->   Operation 15 'specinterface' 'specinterface_ln0' <Predicate = true> <Delay = 0.00>
ST_1 : Operation 16 [1/1] (0.00ns)   --->   "%specinterface_ln0 = specinterface void @_ssdm_op_SpecInterface, i4 %in_stream_V_strb_V, void @empty_5, i32 0, i32 0, void @empty_7, i32 0, i32 0, void @empty, void @empty, void @empty, i32 0, i32 0, i32 0, i32 0, void @empty, void @empty, i32 4294967295, i32 0"   --->   Operation 16 'specinterface' 'specinterface_ln0' <Predicate = true> <Delay = 0.00>
ST_1 : Operation 17 [1/1] (0.00ns)   --->   "%specinterface_ln0 = specinterface void @_ssdm_op_SpecInterface, i4 %in_stream_V_keep_V, void @empty_5, i32 0, i32 0, void @empty_7, i32 0, i32 0, void @empty, void @empty, void @empty, i32 0, i32 0, i32 0, i32 0, void @empty, void @empty, i32 4294967295, i32 0"   --->   Operation 17 'specinterface' 'specinterface_ln0' <Predicate = true> <Delay = 0.00>
ST_1 : Operation 18 [1/1] (0.00ns)   --->   "%specinterface_ln0 = specinterface void @_ssdm_op_SpecInterface, i32 %in_stream_V_data_V, void @empty_5, i32 0, i32 0, void @empty_7, i32 0, i32 0, void @empty, void @empty, void @empty, i32 0, i32 0, i32 0, i32 0, void @empty, void @empty, i32 4294967295, i32 0"   --->   Operation 18 'specinterface' 'specinterface_ln0' <Predicate = true> <Delay = 0.00>
ST_1 : Operation 19 [1/1] (0.48ns)   --->   "%store_ln0 = store i18 0, i18 %indvar_flatten13"   --->   Operation 19 'store' 'store_ln0' <Predicate = true> <Delay = 0.48>
ST_1 : Operation 20 [1/1] (0.48ns)   --->   "%store_ln0 = store i2 0, i2 %i"   --->   Operation 20 'store' 'store_ln0' <Predicate = true> <Delay = 0.48>
ST_1 : Operation 21 [1/1] (0.48ns)   --->   "%store_ln0 = store i18 0, i18 %indvar_flatten"   --->   Operation 21 'store' 'store_ln0' <Predicate = true> <Delay = 0.48>
ST_1 : Operation 22 [1/1] (0.48ns)   --->   "%store_ln0 = store i11 0, i11 %j"   --->   Operation 22 'store' 'store_ln0' <Predicate = true> <Delay = 0.48>
ST_1 : Operation 23 [1/1] (0.48ns)   --->   "%store_ln0 = store i8 0, i8 %k"   --->   Operation 23 'store' 'store_ln0' <Predicate = true> <Delay = 0.48>
ST_1 : Operation 24 [1/1] (0.00ns)   --->   "%br_ln0 = br void %for.inc"   --->   Operation 24 'br' 'br_ln0' <Predicate = true> <Delay = 0.00>

State 2 <SV = 1> <Delay = 6.32>
ST_2 : Operation 25 [1/1] (0.00ns)   --->   "%indvar_flatten13_load = load i18 %indvar_flatten13" [../Archivos_Fuente/Hyperspectral/hyperspectral_accel.cpp:83]   --->   Operation 25 'load' 'indvar_flatten13_load' <Predicate = true> <Delay = 0.00>
ST_2 : Operation 26 [1/1] (0.89ns)   --->   "%icmp_ln83 = icmp_eq  i18 %indvar_flatten13_load, i18 184320" [../Archivos_Fuente/Hyperspectral/hyperspectral_accel.cpp:83]   --->   Operation 26 'icmp' 'icmp_ln83' <Predicate = true> <Delay = 0.89> <CoreInst = "Cmp">   --->   Core 9 'Cmp' <Latency = 0> <II = 1> <Delay = 0.89> <FuncUnit> <Opcode : 'icmp'> <InPorts = 2> <OutPorts = 1>
ST_2 : Operation 27 [1/1] (1.03ns)   --->   "%add_ln83_1 = add i18 %indvar_flatten13_load, i18 1" [../Archivos_Fuente/Hyperspectral/hyperspectral_accel.cpp:83]   --->   Operation 27 'add' 'add_ln83_1' <Predicate = true> <Delay = 1.03> <CoreInst = "Adder">   --->   Core 1 'Adder' <Latency = 0> <II = 1> <Delay = 1.03> <FuncUnit> <Opcode : 'add' 'sub'> <InPorts = 2> <OutPorts = 1>
ST_2 : Operation 28 [1/1] (0.00ns)   --->   "%br_ln83 = br i1 %icmp_ln83, void %for.inc29, void %for.inc45.preheader.exitStub" [../Archivos_Fuente/Hyperspectral/hyperspectral_accel.cpp:83]   --->   Operation 28 'br' 'br_ln83' <Predicate = true> <Delay = 0.00>
ST_2 : Operation 29 [1/1] (0.00ns)   --->   "%k_load = load i8 %k" [../Archivos_Fuente/Hyperspectral/hyperspectral_accel.cpp:85]   --->   Operation 29 'load' 'k_load' <Predicate = (!icmp_ln83)> <Delay = 0.00>
ST_2 : Operation 30 [1/1] (0.00ns)   --->   "%j_load = load i11 %j" [../Archivos_Fuente/Hyperspectral/hyperspectral_accel.cpp:83]   --->   Operation 30 'load' 'j_load' <Predicate = (!icmp_ln83)> <Delay = 0.00>
ST_2 : Operation 31 [1/1] (0.00ns)   --->   "%indvar_flatten_load = load i18 %indvar_flatten" [../Archivos_Fuente/Hyperspectral/hyperspectral_accel.cpp:84]   --->   Operation 31 'load' 'indvar_flatten_load' <Predicate = (!icmp_ln83)> <Delay = 0.00>
ST_2 : Operation 32 [1/1] (0.00ns)   --->   "%i_load = load i2 %i" [../Archivos_Fuente/Hyperspectral/hyperspectral_accel.cpp:83]   --->   Operation 32 'load' 'i_load' <Predicate = (!icmp_ln83)> <Delay = 0.00>
ST_2 : Operation 33 [1/1] (0.62ns)   --->   "%add_ln83 = add i2 %i_load, i2 1" [../Archivos_Fuente/Hyperspectral/hyperspectral_accel.cpp:83]   --->   Operation 33 'add' 'add_ln83' <Predicate = (!icmp_ln83)> <Delay = 0.62> <CoreInst = "Adder">   --->   Core 1 'Adder' <Latency = 0> <II = 1> <Delay = 0.62> <FuncUnit> <Opcode : 'add' 'sub'> <InPorts = 2> <OutPorts = 1>
ST_2 : Operation 34 [1/1] (0.89ns)   --->   "%icmp_ln84 = icmp_eq  i18 %indvar_flatten_load, i18 92160" [../Archivos_Fuente/Hyperspectral/hyperspectral_accel.cpp:84]   --->   Operation 34 'icmp' 'icmp_ln84' <Predicate = (!icmp_ln83)> <Delay = 0.89> <CoreInst = "Cmp">   --->   Core 9 'Cmp' <Latency = 0> <II = 1> <Delay = 0.89> <FuncUnit> <Opcode : 'icmp'> <InPorts = 2> <OutPorts = 1>
ST_2 : Operation 35 [1/1] (0.45ns)   --->   "%select_ln83 = select i1 %icmp_ln84, i11 0, i11 %j_load" [../Archivos_Fuente/Hyperspectral/hyperspectral_accel.cpp:83]   --->   Operation 35 'select' 'select_ln83' <Predicate = (!icmp_ln83)> <Delay = 0.45> <CoreInst = "Sel">   --->   Core 73 'Sel' <Latency = 0> <II = 1> <Delay = 0.45> <FuncUnit> <Opcode : 'select'> <InPorts = 3> <OutPorts = 1>
ST_2 : Operation 36 [1/1] (0.00ns) (grouped into LUT with out node select_ln84)   --->   "%select_ln83_1 = select i1 %icmp_ln84, i8 0, i8 %k_load" [../Archivos_Fuente/Hyperspectral/hyperspectral_accel.cpp:83]   --->   Operation 36 'select' 'select_ln83_1' <Predicate = (!icmp_ln83)> <Delay = 0.00> <CoreInst = "Sel">   --->   Core 73 'Sel' <Latency = 0> <II = 1> <Delay = 0.44> <FuncUnit> <Opcode : 'select'> <InPorts = 3> <OutPorts = 1>
ST_2 : Operation 37 [1/1] (0.26ns)   --->   "%select_ln83_2 = select i1 %icmp_ln84, i2 %add_ln83, i2 %i_load" [../Archivos_Fuente/Hyperspectral/hyperspectral_accel.cpp:83]   --->   Operation 37 'select' 'select_ln83_2' <Predicate = (!icmp_ln83)> <Delay = 0.26> <CoreInst = "Sel">   --->   Core 73 'Sel' <Latency = 0> <II = 1> <Delay = 0.26> <FuncUnit> <Opcode : 'select'> <InPorts = 3> <OutPorts = 1>
ST_2 : Operation 38 [1/1] (0.00ns)   --->   "%tmp_2 = bitconcatenate i12 @_ssdm_op_BitConcatenate.i12.i2.i10, i2 %select_ln83_2, i10 0" [../Archivos_Fuente/Hyperspectral/hyperspectral_accel.cpp:89]   --->   Operation 38 'bitconcatenate' 'tmp_2' <Predicate = (!icmp_ln83)> <Delay = 0.00>
ST_2 : Operation 39 [1/1] (0.00ns)   --->   "%zext_ln84 = zext i12 %tmp_2" [../Archivos_Fuente/Hyperspectral/hyperspectral_accel.cpp:84]   --->   Operation 39 'zext' 'zext_ln84' <Predicate = (!icmp_ln83)> <Delay = 0.00>
ST_2 : Operation 40 [1/1] (0.85ns)   --->   "%icmp_ln85 = icmp_ult  i8 %k_load, i8 180" [../Archivos_Fuente/Hyperspectral/hyperspectral_accel.cpp:85]   --->   Operation 40 'icmp' 'icmp_ln85' <Predicate = (!icmp_ln83)> <Delay = 0.85> <CoreInst = "Cmp">   --->   Core 9 'Cmp' <Latency = 0> <II = 1> <Delay = 0.85> <FuncUnit> <Opcode : 'icmp'> <InPorts = 2> <OutPorts = 1>
ST_2 : Operation 41 [1/1] (0.33ns)   --->   "%or_ln83 = or i1 %icmp_ln84, i1 %icmp_ln85" [../Archivos_Fuente/Hyperspectral/hyperspectral_accel.cpp:83]   --->   Operation 41 'or' 'or_ln83' <Predicate = (!icmp_ln83)> <Delay = 0.33> <CoreInst = "LogicGate">   --->   Core 74 'LogicGate' <Latency = 0> <II = 1> <Delay = 0.33> <FuncUnit> <Opcode : 'and' 'or' 'xor'> <InPorts = 2> <OutPorts = 1>
ST_2 : Operation 42 [1/1] (0.94ns)   --->   "%add_ln84 = add i11 %select_ln83, i11 1" [../Archivos_Fuente/Hyperspectral/hyperspectral_accel.cpp:84]   --->   Operation 42 'add' 'add_ln84' <Predicate = (!icmp_ln83)> <Delay = 0.94> <CoreInst = "Adder">   --->   Core 1 'Adder' <Latency = 0> <II = 1> <Delay = 0.94> <FuncUnit> <Opcode : 'add' 'sub'> <InPorts = 2> <OutPorts = 1>
ST_2 : Operation 43 [1/1] (0.44ns) (out node of the LUT)   --->   "%select_ln84 = select i1 %or_ln83, i8 %select_ln83_1, i8 0" [../Archivos_Fuente/Hyperspectral/hyperspectral_accel.cpp:84]   --->   Operation 43 'select' 'select_ln84' <Predicate = (!icmp_ln83)> <Delay = 0.44> <CoreInst = "Sel">   --->   Core 73 'Sel' <Latency = 0> <II = 1> <Delay = 0.44> <FuncUnit> <Opcode : 'select'> <InPorts = 3> <OutPorts = 1>
ST_2 : Operation 44 [1/1] (0.45ns)   --->   "%select_ln84_1 = select i1 %or_ln83, i11 %select_ln83, i11 %add_ln84" [../Archivos_Fuente/Hyperspectral/hyperspectral_accel.cpp:84]   --->   Operation 44 'select' 'select_ln84_1' <Predicate = (!icmp_ln83)> <Delay = 0.45> <CoreInst = "Sel">   --->   Core 73 'Sel' <Latency = 0> <II = 1> <Delay = 0.45> <FuncUnit> <Opcode : 'select'> <InPorts = 3> <OutPorts = 1>
ST_2 : Operation 45 [1/1] (0.00ns)   --->   "%zext_ln89 = zext i11 %select_ln84_1" [../Archivos_Fuente/Hyperspectral/hyperspectral_accel.cpp:89]   --->   Operation 45 'zext' 'zext_ln89' <Predicate = (!icmp_ln83)> <Delay = 0.00>
ST_2 : Operation 46 [1/1] (2.48ns) (grouped into DSP with root node mul_ln84)   --->   "%add_ln89 = add i13 %zext_ln84, i13 %zext_ln89" [../Archivos_Fuente/Hyperspectral/hyperspectral_accel.cpp:89]   --->   Operation 46 'add' 'add_ln89' <Predicate = (!icmp_ln83)> <Delay = 2.48> <CoreInst = "DSP48">   --->   Core 127 'DSP48' <Latency = 3> <II = 1> <Delay = 0.69> <IPBlock> <Opcode : 'mul' 'add' 'sub' 'select'> <InPorts = 0> <OutPorts = 1> <Sync> <CReg>
ST_2 : Operation 47 [1/1] (0.00ns) (grouped into DSP with root node mul_ln84)   --->   "%zext_ln84_1 = zext i13 %add_ln89" [../Archivos_Fuente/Hyperspectral/hyperspectral_accel.cpp:84]   --->   Operation 47 'zext' 'zext_ln84_1' <Predicate = (!icmp_ln83)> <Delay = 0.00>
ST_2 : Operation 48 [4/4] (1.08ns) (root node of the DSP)   --->   "%mul_ln84 = mul i19 %zext_ln84_1, i19 180" [../Archivos_Fuente/Hyperspectral/hyperspectral_accel.cpp:84]   --->   Operation 48 'mul' 'mul_ln84' <Predicate = (!icmp_ln83)> <Delay = 1.08> <CoreInst = "DSP48">   --->   Core 127 'DSP48' <Latency = 3> <II = 1> <Delay = 0.69> <IPBlock> <Opcode : 'mul' 'add' 'sub' 'select'> <InPorts = 0> <OutPorts = 1> <Sync> <CReg>
ST_2 : Operation 49 [1/1] (0.00ns)   --->   "%empty_19 = read i55 @_ssdm_op_Read.axis.volatile.i32P0A.i4P0A.i4P0A.i4P0A.i1P0A.i5P0A.i5P0A, i32 %in_stream_V_data_V, i4 %in_stream_V_keep_V, i4 %in_stream_V_strb_V, i4 %in_stream_V_user_V, i1 %in_stream_V_last_V, i5 %in_stream_V_id_V, i5 %in_stream_V_dest_V"   --->   Operation 49 'read' 'empty_19' <Predicate = (!icmp_ln83)> <Delay = 0.00> <CoreInst = "axis">   --->   Core 123 'axis' <Latency = 0> <II = 1> <Delay = 1.00> <Adapter> <Opcode : >
ST_2 : Operation 50 [1/1] (0.00ns)   --->   "%tmp_data_V = extractvalue i55 %empty_19"   --->   Operation 50 'extractvalue' 'tmp_data_V' <Predicate = (!icmp_ln83)> <Delay = 0.00>
ST_2 : Operation 51 [1/1] (0.00ns)   --->   "%trunc_ln714 = trunc i32 %tmp_data_V"   --->   Operation 51 'trunc' 'trunc_ln714' <Predicate = (!icmp_ln83)> <Delay = 0.00>
ST_2 : Operation 52 [1/1] (0.00ns)   --->   "%tmp_s = partselect i16 @_ssdm_op_PartSelect.i16.i32.i32.i32, i32 %tmp_data_V, i32 16, i32 31"   --->   Operation 52 'partselect' 'tmp_s' <Predicate = (!icmp_ln83)> <Delay = 0.00>
ST_2 : Operation 53 [1/1] (0.90ns)   --->   "%add_ln85 = add i8 %select_ln84, i8 2" [../Archivos_Fuente/Hyperspectral/hyperspectral_accel.cpp:85]   --->   Operation 53 'add' 'add_ln85' <Predicate = (!icmp_ln83)> <Delay = 0.90> <CoreInst = "Adder">   --->   Core 1 'Adder' <Latency = 0> <II = 1> <Delay = 0.90> <FuncUnit> <Opcode : 'add' 'sub'> <InPorts = 2> <OutPorts = 1>
ST_2 : Operation 54 [1/1] (1.03ns)   --->   "%add_ln84_1 = add i18 %indvar_flatten_load, i18 1" [../Archivos_Fuente/Hyperspectral/hyperspectral_accel.cpp:84]   --->   Operation 54 'add' 'add_ln84_1' <Predicate = (!icmp_ln83)> <Delay = 1.03> <CoreInst = "Adder">   --->   Core 1 'Adder' <Latency = 0> <II = 1> <Delay = 1.03> <FuncUnit> <Opcode : 'add' 'sub'> <InPorts = 2> <OutPorts = 1>
ST_2 : Operation 55 [1/1] (0.42ns)   --->   "%select_ln84_2 = select i1 %icmp_ln84, i18 1, i18 %add_ln84_1" [../Archivos_Fuente/Hyperspectral/hyperspectral_accel.cpp:84]   --->   Operation 55 'select' 'select_ln84_2' <Predicate = (!icmp_ln83)> <Delay = 0.42> <CoreInst = "Sel">   --->   Core 73 'Sel' <Latency = 0> <II = 1> <Delay = 0.42> <FuncUnit> <Opcode : 'select'> <InPorts = 3> <OutPorts = 1>
ST_2 : Operation 56 [1/1] (0.48ns)   --->   "%store_ln85 = store i18 %add_ln83_1, i18 %indvar_flatten13" [../Archivos_Fuente/Hyperspectral/hyperspectral_accel.cpp:85]   --->   Operation 56 'store' 'store_ln85' <Predicate = (!icmp_ln83)> <Delay = 0.48>
ST_2 : Operation 57 [1/1] (0.48ns)   --->   "%store_ln85 = store i2 %select_ln83_2, i2 %i" [../Archivos_Fuente/Hyperspectral/hyperspectral_accel.cpp:85]   --->   Operation 57 'store' 'store_ln85' <Predicate = (!icmp_ln83)> <Delay = 0.48>
ST_2 : Operation 58 [1/1] (0.48ns)   --->   "%store_ln85 = store i18 %select_ln84_2, i18 %indvar_flatten" [../Archivos_Fuente/Hyperspectral/hyperspectral_accel.cpp:85]   --->   Operation 58 'store' 'store_ln85' <Predicate = (!icmp_ln83)> <Delay = 0.48>
ST_2 : Operation 59 [1/1] (0.48ns)   --->   "%store_ln85 = store i11 %select_ln84_1, i11 %j" [../Archivos_Fuente/Hyperspectral/hyperspectral_accel.cpp:85]   --->   Operation 59 'store' 'store_ln85' <Predicate = (!icmp_ln83)> <Delay = 0.48>
ST_2 : Operation 60 [1/1] (0.48ns)   --->   "%store_ln85 = store i8 %add_ln85, i8 %k" [../Archivos_Fuente/Hyperspectral/hyperspectral_accel.cpp:85]   --->   Operation 60 'store' 'store_ln85' <Predicate = (!icmp_ln83)> <Delay = 0.48>

State 3 <SV = 2> <Delay = 1.08>
ST_3 : Operation 61 [3/4] (1.08ns) (root node of the DSP)   --->   "%mul_ln84 = mul i19 %zext_ln84_1, i19 180" [../Archivos_Fuente/Hyperspectral/hyperspectral_accel.cpp:84]   --->   Operation 61 'mul' 'mul_ln84' <Predicate = true> <Delay = 1.08> <CoreInst = "DSP48">   --->   Core 127 'DSP48' <Latency = 3> <II = 1> <Delay = 0.69> <IPBlock> <Opcode : 'mul' 'add' 'sub' 'select'> <InPorts = 0> <OutPorts = 1> <Sync> <CReg>

State 4 <SV = 3> <Delay = 1.08>
ST_4 : Operation 62 [2/4] (1.08ns) (root node of the DSP)   --->   "%mul_ln84 = mul i19 %zext_ln84_1, i19 180" [../Archivos_Fuente/Hyperspectral/hyperspectral_accel.cpp:84]   --->   Operation 62 'mul' 'mul_ln84' <Predicate = true> <Delay = 1.08> <CoreInst = "DSP48">   --->   Core 127 'DSP48' <Latency = 3> <II = 1> <Delay = 0.69> <IPBlock> <Opcode : 'mul' 'add' 'sub' 'select'> <InPorts = 0> <OutPorts = 1> <Sync> <CReg>
ST_4 : Operation 81 [1/1] (0.00ns)   --->   "%ret_ln0 = ret"   --->   Operation 81 'ret' 'ret_ln0' <Predicate = (icmp_ln83)> <Delay = 0.00>

State 5 <SV = 4> <Delay = 2.40>
ST_5 : Operation 63 [1/1] (0.00ns)   --->   "%specloopname_ln0 = specloopname void @_ssdm_op_SpecLoopName, void @VITIS_LOOP_83_1_VITIS_LOOP_84_2_VITIS_LOOP_85_3_str"   --->   Operation 63 'specloopname' 'specloopname_ln0' <Predicate = true> <Delay = 0.00>
ST_5 : Operation 64 [1/1] (0.00ns)   --->   "%empty = speclooptripcount i32 @_ssdm_op_SpecLoopTripCount, i64 184320, i64 184320, i64 184320"   --->   Operation 64 'speclooptripcount' 'empty' <Predicate = true> <Delay = 0.00>
ST_5 : Operation 65 [1/1] (0.00ns)   --->   "%specloopname_ln0 = specloopname void @_ssdm_op_SpecLoopName, void @VITIS_LOOP_84_2_VITIS_LOOP_85_3_str"   --->   Operation 65 'specloopname' 'specloopname_ln0' <Predicate = true> <Delay = 0.00>
ST_5 : Operation 66 [1/4] (0.00ns) (root node of the DSP)   --->   "%mul_ln84 = mul i19 %zext_ln84_1, i19 180" [../Archivos_Fuente/Hyperspectral/hyperspectral_accel.cpp:84]   --->   Operation 66 'mul' 'mul_ln84' <Predicate = true> <Delay = 0.00> <CoreInst = "DSP48">   --->   Core 127 'DSP48' <Latency = 3> <II = 1> <Delay = 0.69> <IPBlock> <Opcode : 'mul' 'add' 'sub' 'select'> <InPorts = 0> <OutPorts = 1> <Sync> <CReg>
ST_5 : Operation 67 [1/1] (0.00ns)   --->   "%zext_ln89_1 = zext i8 %select_ln84" [../Archivos_Fuente/Hyperspectral/hyperspectral_accel.cpp:89]   --->   Operation 67 'zext' 'zext_ln89_1' <Predicate = true> <Delay = 0.00>
ST_5 : Operation 68 [1/1] (1.05ns)   --->   "%add_ln89_1 = add i19 %mul_ln84, i19 %zext_ln89_1" [../Archivos_Fuente/Hyperspectral/hyperspectral_accel.cpp:89]   --->   Operation 68 'add' 'add_ln89_1' <Predicate = true> <Delay = 1.05> <CoreInst = "Adder">   --->   Core 1 'Adder' <Latency = 0> <II = 1> <Delay = 1.05> <FuncUnit> <Opcode : 'add' 'sub'> <InPorts = 2> <OutPorts = 1>
ST_5 : Operation 69 [1/1] (0.00ns)   --->   "%zext_ln89_2 = zext i19 %add_ln89_1" [../Archivos_Fuente/Hyperspectral/hyperspectral_accel.cpp:89]   --->   Operation 69 'zext' 'zext_ln89_2' <Predicate = true> <Delay = 0.00>
ST_5 : Operation 70 [1/1] (0.00ns)   --->   "%image_addr = getelementptr i16 %image_r, i64 0, i64 %zext_ln89_2" [../Archivos_Fuente/Hyperspectral/hyperspectral_accel.cpp:89]   --->   Operation 70 'getelementptr' 'image_addr' <Predicate = true> <Delay = 0.00>
ST_5 : Operation 71 [1/1] (0.00ns)   --->   "%specpipeline_ln86 = specpipeline void @_ssdm_op_SpecPipeline, i32 1, i32 0, i32 0, i32 0, void @empty" [../Archivos_Fuente/Hyperspectral/hyperspectral_accel.cpp:86]   --->   Operation 71 'specpipeline' 'specpipeline_ln86' <Predicate = true> <Delay = 0.00>
ST_5 : Operation 72 [1/1] (0.00ns)   --->   "%specloopname_ln0 = specloopname void @_ssdm_op_SpecLoopName, void @empty_4"   --->   Operation 72 'specloopname' 'specloopname_ln0' <Predicate = true> <Delay = 0.00>
ST_5 : Operation 73 [1/1] (1.35ns)   --->   "%store_ln89 = store i16 %trunc_ln714, i19 %image_addr" [../Archivos_Fuente/Hyperspectral/hyperspectral_accel.cpp:89]   --->   Operation 73 'store' 'store_ln89' <Predicate = true> <Delay = 1.35> <CoreInst = "RAM">   --->   Core 83 'RAM' <Latency = 1> <II = 1> <Delay = 1.35> <Storage> <Opcode : 'load' 'store'> <Ports = 2> <Width = 16> <Depth = 368640> <RAM>
ST_5 : Operation 74 [1/1] (0.00ns) (grouped into LUT with out node add_ln89_2)   --->   "%or_ln89 = or i8 %select_ln84, i8 1" [../Archivos_Fuente/Hyperspectral/hyperspectral_accel.cpp:89]   --->   Operation 74 'or' 'or_ln89' <Predicate = true> <Delay = 0.00>
ST_5 : Operation 75 [1/1] (0.00ns) (grouped into LUT with out node add_ln89_2)   --->   "%zext_ln89_3 = zext i8 %or_ln89" [../Archivos_Fuente/Hyperspectral/hyperspectral_accel.cpp:89]   --->   Operation 75 'zext' 'zext_ln89_3' <Predicate = true> <Delay = 0.00>
ST_5 : Operation 76 [1/1] (1.05ns) (out node of the LUT)   --->   "%add_ln89_2 = add i19 %mul_ln84, i19 %zext_ln89_3" [../Archivos_Fuente/Hyperspectral/hyperspectral_accel.cpp:89]   --->   Operation 76 'add' 'add_ln89_2' <Predicate = true> <Delay = 1.05> <CoreInst = "Adder">   --->   Core 1 'Adder' <Latency = 0> <II = 1> <Delay = 1.05> <FuncUnit> <Opcode : 'add' 'sub'> <InPorts = 2> <OutPorts = 1>
ST_5 : Operation 77 [1/1] (0.00ns)   --->   "%zext_ln89_4 = zext i19 %add_ln89_2" [../Archivos_Fuente/Hyperspectral/hyperspectral_accel.cpp:89]   --->   Operation 77 'zext' 'zext_ln89_4' <Predicate = true> <Delay = 0.00>
ST_5 : Operation 78 [1/1] (0.00ns)   --->   "%image_addr_1 = getelementptr i16 %image_r, i64 0, i64 %zext_ln89_4" [../Archivos_Fuente/Hyperspectral/hyperspectral_accel.cpp:89]   --->   Operation 78 'getelementptr' 'image_addr_1' <Predicate = true> <Delay = 0.00>
ST_5 : Operation 79 [1/1] (1.35ns)   --->   "%store_ln89 = store i16 %tmp_s, i19 %image_addr_1" [../Archivos_Fuente/Hyperspectral/hyperspectral_accel.cpp:89]   --->   Operation 79 'store' 'store_ln89' <Predicate = true> <Delay = 1.35> <CoreInst = "RAM">   --->   Core 83 'RAM' <Latency = 1> <II = 1> <Delay = 1.35> <Storage> <Opcode : 'load' 'store'> <Ports = 2> <Width = 16> <Depth = 368640> <RAM>
ST_5 : Operation 80 [1/1] (0.00ns)   --->   "%br_ln85 = br void %for.inc" [../Archivos_Fuente/Hyperspectral/hyperspectral_accel.cpp:85]   --->   Operation 80 'br' 'br_ln85' <Predicate = true> <Delay = 0.00>


============================================================
+ Verbose Summary: Binding
============================================================
STG Binding: 
---------------- STG Properties BEGIN ----------------
- Is combinational: 0
- Is one-state seq: 0
- Is datapath-only: 0
- Is pipelined: 0
- Is top level: 0
Port [ Return ] is wired: 1; IO mode=ap_ctrl_hs:ce=0
Port [ image_r]:  wired=1; compound=1; hidden=0; nouse=0; global=0; static=0; extern=0; dir=1; type=1; pingpong=0; private_global=0; MemPort=[00]; IO mode=ap_memory:ce=0
Port [ in_stream_V_data_V]:  wired=1; compound=1; hidden=0; nouse=0; global=0; static=0; extern=0; dir=0; type=0; pingpong=0; private_global=0; IO mode=axis:ce=0
Port [ in_stream_V_keep_V]:  wired=1; compound=1; hidden=0; nouse=0; global=0; static=0; extern=0; dir=0; type=0; pingpong=0; private_global=0; IO mode=axis:ce=0
Port [ in_stream_V_strb_V]:  wired=1; compound=1; hidden=0; nouse=0; global=0; static=0; extern=0; dir=0; type=0; pingpong=0; private_global=0; IO mode=axis:ce=0
Port [ in_stream_V_user_V]:  wired=1; compound=1; hidden=0; nouse=0; global=0; static=0; extern=0; dir=0; type=0; pingpong=0; private_global=0; IO mode=axis:ce=0
Port [ in_stream_V_last_V]:  wired=1; compound=1; hidden=0; nouse=0; global=0; static=0; extern=0; dir=0; type=0; pingpong=0; private_global=0; IO mode=axis:ce=0
Port [ in_stream_V_id_V]:  wired=1; compound=1; hidden=0; nouse=0; global=0; static=0; extern=0; dir=0; type=0; pingpong=0; private_global=0; IO mode=axis:ce=0
Port [ in_stream_V_dest_V]:  wired=1; compound=1; hidden=0; nouse=0; global=0; static=0; extern=0; dir=0; type=0; pingpong=0; private_global=0; IO mode=axis:ce=0
---------------- STG Properties END ------------------

---------------- Datapath Model BEGIN ----------------

<LifeTime>
<method=bitvector/>
k                     (alloca           ) [ 011000]
j                     (alloca           ) [ 011000]
indvar_flatten        (alloca           ) [ 011000]
i                     (alloca           ) [ 011000]
indvar_flatten13      (alloca           ) [ 011000]
specinterface_ln0     (specinterface    ) [ 000000]
specinterface_ln0     (specinterface    ) [ 000000]
specinterface_ln0     (specinterface    ) [ 000000]
specinterface_ln0     (specinterface    ) [ 000000]
specinterface_ln0     (specinterface    ) [ 000000]
specinterface_ln0     (specinterface    ) [ 000000]
specinterface_ln0     (specinterface    ) [ 000000]
store_ln0             (store            ) [ 000000]
store_ln0             (store            ) [ 000000]
store_ln0             (store            ) [ 000000]
store_ln0             (store            ) [ 000000]
store_ln0             (store            ) [ 000000]
br_ln0                (br               ) [ 000000]
indvar_flatten13_load (load             ) [ 000000]
icmp_ln83             (icmp             ) [ 011110]
add_ln83_1            (add              ) [ 000000]
br_ln83               (br               ) [ 000000]
k_load                (load             ) [ 000000]
j_load                (load             ) [ 000000]
indvar_flatten_load   (load             ) [ 000000]
i_load                (load             ) [ 000000]
add_ln83              (add              ) [ 000000]
icmp_ln84             (icmp             ) [ 000000]
select_ln83           (select           ) [ 000000]
select_ln83_1         (select           ) [ 000000]
select_ln83_2         (select           ) [ 000000]
tmp_2                 (bitconcatenate   ) [ 000000]
zext_ln84             (zext             ) [ 000000]
icmp_ln85             (icmp             ) [ 000000]
or_ln83               (or               ) [ 000000]
add_ln84              (add              ) [ 000000]
select_ln84           (select           ) [ 010111]
select_ln84_1         (select           ) [ 000000]
zext_ln89             (zext             ) [ 000000]
add_ln89              (add              ) [ 000000]
zext_ln84_1           (zext             ) [ 010111]
empty_19              (read             ) [ 000000]
tmp_data_V            (extractvalue     ) [ 000000]
trunc_ln714           (trunc            ) [ 010111]
tmp_s                 (partselect       ) [ 010111]
add_ln85              (add              ) [ 000000]
add_ln84_1            (add              ) [ 000000]
select_ln84_2         (select           ) [ 000000]
store_ln85            (store            ) [ 000000]
store_ln85            (store            ) [ 000000]
store_ln85            (store            ) [ 000000]
store_ln85            (store            ) [ 000000]
store_ln85            (store            ) [ 000000]
specloopname_ln0      (specloopname     ) [ 000000]
empty                 (speclooptripcount) [ 000000]
specloopname_ln0      (specloopname     ) [ 000000]
mul_ln84              (mul              ) [ 000000]
zext_ln89_1           (zext             ) [ 000000]
add_ln89_1            (add              ) [ 000000]
zext_ln89_2           (zext             ) [ 000000]
image_addr            (getelementptr    ) [ 000000]
specpipeline_ln86     (specpipeline     ) [ 000000]
specloopname_ln0      (specloopname     ) [ 000000]
store_ln89            (store            ) [ 000000]
or_ln89               (or               ) [ 000000]
zext_ln89_3           (zext             ) [ 000000]
add_ln89_2            (add              ) [ 000000]
zext_ln89_4           (zext             ) [ 000000]
image_addr_1          (getelementptr    ) [ 000000]
store_ln89            (store            ) [ 000000]
br_ln85               (br               ) [ 000000]
ret_ln0               (ret              ) [ 000000]
</LifeTime>

<model>

<comp_list>
<comp id="0" class="1000" name="image_r">
<pin_list>
<pin id="1" dir="1" index="0" bw="1" slack="0"/>
</pin_list>
<bind>
<StgValue><ssdm name="image_r"/><MemPortTyVec>0 0 </MemPortTyVec>
</StgValue>
</bind>
</comp>

<comp id="2" class="1000" name="in_stream_V_data_V">
<pin_list>
<pin id="3" dir="1" index="0" bw="1" slack="0"/>
</pin_list>
<bind>
<StgValue><ssdm name="in_stream_V_data_V"/></StgValue>
</bind>
</comp>

<comp id="4" class="1000" name="in_stream_V_keep_V">
<pin_list>
<pin id="5" dir="1" index="0" bw="1" slack="0"/>
</pin_list>
<bind>
<StgValue><ssdm name="in_stream_V_keep_V"/></StgValue>
</bind>
</comp>

<comp id="6" class="1000" name="in_stream_V_strb_V">
<pin_list>
<pin id="7" dir="1" index="0" bw="1" slack="0"/>
</pin_list>
<bind>
<StgValue><ssdm name="in_stream_V_strb_V"/></StgValue>
</bind>
</comp>

<comp id="8" class="1000" name="in_stream_V_user_V">
<pin_list>
<pin id="9" dir="1" index="0" bw="1" slack="0"/>
</pin_list>
<bind>
<StgValue><ssdm name="in_stream_V_user_V"/></StgValue>
</bind>
</comp>

<comp id="10" class="1000" name="in_stream_V_last_V">
<pin_list>
<pin id="11" dir="1" index="0" bw="1" slack="0"/>
</pin_list>
<bind>
<StgValue><ssdm name="in_stream_V_last_V"/></StgValue>
</bind>
</comp>

<comp id="12" class="1000" name="in_stream_V_id_V">
<pin_list>
<pin id="13" dir="1" index="0" bw="1" slack="0"/>
</pin_list>
<bind>
<StgValue><ssdm name="in_stream_V_id_V"/></StgValue>
</bind>
</comp>

<comp id="14" class="1000" name="in_stream_V_dest_V">
<pin_list>
<pin id="15" dir="1" index="0" bw="1" slack="0"/>
</pin_list>
<bind>
<StgValue><ssdm name="in_stream_V_dest_V"/></StgValue>
</bind>
</comp>

<comp id="16" class="1001" name="const_16">
<pin_list>
<pin id="17" dir="1" index="0" bw="1" slack="0"/>
</pin_list>
<bind>
<StgValue><ssdm name=""/></StgValue>
</bind>
</comp>

<comp id="18" class="1001" name="const_18">
<pin_list>
<pin id="19" dir="1" index="0" bw="1" slack="2147483647"/>
</pin_list>
<bind>
<StgValue><ssdm name="_ssdm_op_SpecInterface"/></StgValue>
</bind>
</comp>

<comp id="20" class="1001" name="const_20">
<pin_list>
<pin id="21" dir="1" index="0" bw="1" slack="2147483647"/>
</pin_list>
<bind>
<StgValue><ssdm name="empty_5"/></StgValue>
</bind>
</comp>

<comp id="22" class="1001" name="const_22">
<pin_list>
<pin id="23" dir="1" index="0" bw="1" slack="2147483647"/>
</pin_list>
<bind>
<StgValue><ssdm name=""/></StgValue>
</bind>
</comp>

<comp id="24" class="1001" name="const_24">
<pin_list>
<pin id="25" dir="1" index="0" bw="1" slack="2147483647"/>
</pin_list>
<bind>
<StgValue><ssdm name="empty_7"/></StgValue>
</bind>
</comp>

<comp id="26" class="1001" name="const_26">
<pin_list>
<pin id="27" dir="1" index="0" bw="1" slack="2147483647"/>
</pin_list>
<bind>
<StgValue><ssdm name="empty"/></StgValue>
</bind>
</comp>

<comp id="28" class="1001" name="const_28">
<pin_list>
<pin id="29" dir="1" index="0" bw="1" slack="2147483647"/>
</pin_list>
<bind>
<StgValue><ssdm name=""/></StgValue>
</bind>
</comp>

<comp id="30" class="1001" name="const_30">
<pin_list>
<pin id="31" dir="1" index="0" bw="1" slack="0"/>
</pin_list>
<bind>
<StgValue><ssdm name=""/></StgValue>
</bind>
</comp>

<comp id="32" class="1001" name="const_32">
<pin_list>
<pin id="33" dir="1" index="0" bw="1" slack="0"/>
</pin_list>
<bind>
<StgValue><ssdm name=""/></StgValue>
</bind>
</comp>

<comp id="34" class="1001" name="const_34">
<pin_list>
<pin id="35" dir="1" index="0" bw="1" slack="0"/>
</pin_list>
<bind>
<StgValue><ssdm name=""/></StgValue>
</bind>
</comp>

<comp id="36" class="1001" name="const_36">
<pin_list>
<pin id="37" dir="1" index="0" bw="1" slack="0"/>
</pin_list>
<bind>
<StgValue><ssdm name=""/></StgValue>
</bind>
</comp>

<comp id="38" class="1001" name="const_38">
<pin_list>
<pin id="39" dir="1" index="0" bw="1" slack="0"/>
</pin_list>
<bind>
<StgValue><ssdm name=""/></StgValue>
</bind>
</comp>

<comp id="40" class="1001" name="const_40">
<pin_list>
<pin id="41" dir="1" index="0" bw="1" slack="0"/>
</pin_list>
<bind>
<StgValue><ssdm name=""/></StgValue>
</bind>
</comp>

<comp id="42" class="1001" name="const_42">
<pin_list>
<pin id="43" dir="1" index="0" bw="1" slack="0"/>
</pin_list>
<bind>
<StgValue><ssdm name=""/></StgValue>
</bind>
</comp>

<comp id="44" class="1001" name="const_44">
<pin_list>
<pin id="45" dir="1" index="0" bw="1" slack="0"/>
</pin_list>
<bind>
<StgValue><ssdm name=""/></StgValue>
</bind>
</comp>

<comp id="46" class="1001" name="const_46">
<pin_list>
<pin id="47" dir="1" index="0" bw="1" slack="0"/>
</pin_list>
<bind>
<StgValue><ssdm name="_ssdm_op_BitConcatenate.i12.i2.i10"/></StgValue>
</bind>
</comp>

<comp id="48" class="1001" name="const_48">
<pin_list>
<pin id="49" dir="1" index="0" bw="1" slack="0"/>
</pin_list>
<bind>
<StgValue><ssdm name=""/></StgValue>
</bind>
</comp>

<comp id="50" class="1001" name="const_50">
<pin_list>
<pin id="51" dir="1" index="0" bw="1" slack="0"/>
</pin_list>
<bind>
<StgValue><ssdm name=""/></StgValue>
</bind>
</comp>

<comp id="52" class="1001" name="const_52">
<pin_list>
<pin id="53" dir="1" index="0" bw="1" slack="0"/>
</pin_list>
<bind>
<StgValue><ssdm name=""/></StgValue>
</bind>
</comp>

<comp id="54" class="1001" name="const_54">
<pin_list>
<pin id="55" dir="1" index="0" bw="1" slack="0"/>
</pin_list>
<bind>
<StgValue><ssdm name=""/></StgValue>
</bind>
</comp>

<comp id="56" class="1001" name="const_56">
<pin_list>
<pin id="57" dir="1" index="0" bw="1" slack="0"/>
</pin_list>
<bind>
<StgValue><ssdm name="_ssdm_op_Read.axis.volatile.i32P0A.i4P0A.i4P0A.i4P0A.i1P0A.i5P0A.i5P0A"/></StgValue>
</bind>
</comp>

<comp id="58" class="1001" name="const_58">
<pin_list>
<pin id="59" dir="1" index="0" bw="1" slack="0"/>
</pin_list>
<bind>
<StgValue><ssdm name="_ssdm_op_PartSelect.i16.i32.i32.i32"/></StgValue>
</bind>
</comp>

<comp id="60" class="1001" name="const_60">
<pin_list>
<pin id="61" dir="1" index="0" bw="1" slack="0"/>
</pin_list>
<bind>
<StgValue><ssdm name=""/></StgValue>
</bind>
</comp>

<comp id="62" class="1001" name="const_62">
<pin_list>
<pin id="63" dir="1" index="0" bw="1" slack="0"/>
</pin_list>
<bind>
<StgValue><ssdm name=""/></StgValue>
</bind>
</comp>

<comp id="64" class="1001" name="const_64">
<pin_list>
<pin id="65" dir="1" index="0" bw="1" slack="0"/>
</pin_list>
<bind>
<StgValue><ssdm name=""/></StgValue>
</bind>
</comp>

<comp id="66" class="1001" name="const_66">
<pin_list>
<pin id="67" dir="1" index="0" bw="1" slack="2147483647"/>
</pin_list>
<bind>
<StgValue><ssdm name="_ssdm_op_SpecLoopName"/></StgValue>
</bind>
</comp>

<comp id="68" class="1001" name="const_68">
<pin_list>
<pin id="69" dir="1" index="0" bw="1" slack="2147483647"/>
</pin_list>
<bind>
<StgValue><ssdm name="VITIS_LOOP_83_1_VITIS_LOOP_84_2_VITIS_LOOP_85_3_str"/></StgValue>
</bind>
</comp>

<comp id="70" class="1001" name="const_70">
<pin_list>
<pin id="71" dir="1" index="0" bw="1" slack="2147483647"/>
</pin_list>
<bind>
<StgValue><ssdm name="_ssdm_op_SpecLoopTripCount"/></StgValue>
</bind>
</comp>

<comp id="72" class="1001" name="const_72">
<pin_list>
<pin id="73" dir="1" index="0" bw="1" slack="2147483647"/>
</pin_list>
<bind>
<StgValue><ssdm name=""/></StgValue>
</bind>
</comp>

<comp id="74" class="1001" name="const_74">
<pin_list>
<pin id="75" dir="1" index="0" bw="1" slack="2147483647"/>
</pin_list>
<bind>
<StgValue><ssdm name="VITIS_LOOP_84_2_VITIS_LOOP_85_3_str"/></StgValue>
</bind>
</comp>

<comp id="76" class="1001" name="const_76">
<pin_list>
<pin id="77" dir="1" index="0" bw="1" slack="0"/>
</pin_list>
<bind>
<StgValue><ssdm name=""/></StgValue>
</bind>
</comp>

<comp id="78" class="1001" name="const_78">
<pin_list>
<pin id="79" dir="1" index="0" bw="1" slack="2147483647"/>
</pin_list>
<bind>
<StgValue><ssdm name="_ssdm_op_SpecPipeline"/></StgValue>
</bind>
</comp>

<comp id="80" class="1001" name="const_80">
<pin_list>
<pin id="81" dir="1" index="0" bw="1" slack="2147483647"/>
</pin_list>
<bind>
<StgValue><ssdm name="empty_4"/></StgValue>
</bind>
</comp>

<comp id="82" class="1001" name="const_82">
<pin_list>
<pin id="83" dir="1" index="0" bw="1" slack="0"/>
</pin_list>
<bind>
<StgValue><ssdm name=""/></StgValue>
</bind>
</comp>

<comp id="84" class="1004" name="k_fu_84">
<pin_list>
<pin id="85" dir="0" index="0" bw="1" slack="0"/>
<pin id="86" dir="1" index="1" bw="8" slack="0"/>
</pin_list>
<bind>
<opcode="alloca(26) " fcode="alloca"/>
<opset="k/1 "/>
</bind>
</comp>

<comp id="88" class="1004" name="j_fu_88">
<pin_list>
<pin id="89" dir="0" index="0" bw="1" slack="0"/>
<pin id="90" dir="1" index="1" bw="11" slack="0"/>
</pin_list>
<bind>
<opcode="alloca(26) " fcode="alloca"/>
<opset="j/1 "/>
</bind>
</comp>

<comp id="92" class="1004" name="indvar_flatten_fu_92">
<pin_list>
<pin id="93" dir="0" index="0" bw="1" slack="0"/>
<pin id="94" dir="1" index="1" bw="18" slack="0"/>
</pin_list>
<bind>
<opcode="alloca(26) " fcode="alloca"/>
<opset="indvar_flatten/1 "/>
</bind>
</comp>

<comp id="96" class="1004" name="i_fu_96">
<pin_list>
<pin id="97" dir="0" index="0" bw="1" slack="0"/>
<pin id="98" dir="1" index="1" bw="2" slack="0"/>
</pin_list>
<bind>
<opcode="alloca(26) " fcode="alloca"/>
<opset="i/1 "/>
</bind>
</comp>

<comp id="100" class="1004" name="indvar_flatten13_fu_100">
<pin_list>
<pin id="101" dir="0" index="0" bw="1" slack="0"/>
<pin id="102" dir="1" index="1" bw="18" slack="0"/>
</pin_list>
<bind>
<opcode="alloca(26) " fcode="alloca"/>
<opset="indvar_flatten13/1 "/>
</bind>
</comp>

<comp id="104" class="1004" name="empty_19_read_fu_104">
<pin_list>
<pin id="105" dir="0" index="0" bw="55" slack="0"/>
<pin id="106" dir="0" index="1" bw="32" slack="0"/>
<pin id="107" dir="0" index="2" bw="4" slack="0"/>
<pin id="108" dir="0" index="3" bw="4" slack="0"/>
<pin id="109" dir="0" index="4" bw="4" slack="0"/>
<pin id="110" dir="0" index="5" bw="1" slack="0"/>
<pin id="111" dir="0" index="6" bw="5" slack="0"/>
<pin id="112" dir="0" index="7" bw="5" slack="0"/>
<pin id="113" dir="1" index="8" bw="55" slack="0"/>
</pin_list>
<bind>
<opcode="read(1150) " fcode="read"/>
<opset="empty_19/2 "/>
</bind>
</comp>

<comp id="122" class="1004" name="image_addr_gep_fu_122">
<pin_list>
<pin id="123" dir="0" index="0" bw="16" slack="0"/>
<pin id="124" dir="0" index="1" bw="1" slack="0"/>
<pin id="125" dir="0" index="2" bw="19" slack="0"/>
<pin id="126" dir="1" index="3" bw="19" slack="0"/>
</pin_list>
<bind>
<opcode="getelementptr(29) " fcode="getelementptr"/>
<opset="image_addr/5 "/>
</bind>
</comp>

<comp id="129" class="1004" name="grp_access_fu_129">
<pin_list>
<pin id="130" dir="0" index="0" bw="19" slack="0"/>
<pin id="131" dir="0" index="1" bw="16" slack="3"/>
<pin id="132" dir="0" index="2" bw="0" slack="0"/>
<pin id="134" dir="0" index="4" bw="19" slack="3"/>
<pin id="135" dir="0" index="5" bw="16" slack="2147483647"/>
<pin id="136" dir="0" index="6" bw="0" slack="2147483647"/>
<pin id="133" dir="1" index="3" bw="16" slack="2147483647"/>
<pin id="137" dir="1" index="7" bw="16" slack="2147483647"/>
</pin_list>
<bind>
<opcode="store(28) " fcode="store"/>
<opset="store_ln89/5 store_ln89/5 "/>
</bind>
</comp>

<comp id="139" class="1004" name="image_addr_1_gep_fu_139">
<pin_list>
<pin id="140" dir="0" index="0" bw="16" slack="0"/>
<pin id="141" dir="0" index="1" bw="1" slack="0"/>
<pin id="142" dir="0" index="2" bw="19" slack="0"/>
<pin id="143" dir="1" index="3" bw="19" slack="0"/>
</pin_list>
<bind>
<opcode="getelementptr(29) " fcode="getelementptr"/>
<opset="image_addr_1/5 "/>
</bind>
</comp>

<comp id="147" class="1004" name="store_ln0_store_fu_147">
<pin_list>
<pin id="148" dir="0" index="0" bw="1" slack="0"/>
<pin id="149" dir="0" index="1" bw="18" slack="0"/>
<pin id="150" dir="1" index="2" bw="0" slack="2147483647"/>
</pin_list>
<bind>
<opcode="store(28) " fcode="store"/>
<opset="store_ln0/1 "/>
</bind>
</comp>

<comp id="152" class="1004" name="store_ln0_store_fu_152">
<pin_list>
<pin id="153" dir="0" index="0" bw="1" slack="0"/>
<pin id="154" dir="0" index="1" bw="2" slack="0"/>
<pin id="155" dir="1" index="2" bw="0" slack="2147483647"/>
</pin_list>
<bind>
<opcode="store(28) " fcode="store"/>
<opset="store_ln0/1 "/>
</bind>
</comp>

<comp id="157" class="1004" name="store_ln0_store_fu_157">
<pin_list>
<pin id="158" dir="0" index="0" bw="1" slack="0"/>
<pin id="159" dir="0" index="1" bw="18" slack="0"/>
<pin id="160" dir="1" index="2" bw="0" slack="2147483647"/>
</pin_list>
<bind>
<opcode="store(28) " fcode="store"/>
<opset="store_ln0/1 "/>
</bind>
</comp>

<comp id="162" class="1004" name="store_ln0_store_fu_162">
<pin_list>
<pin id="163" dir="0" index="0" bw="1" slack="0"/>
<pin id="164" dir="0" index="1" bw="11" slack="0"/>
<pin id="165" dir="1" index="2" bw="0" slack="2147483647"/>
</pin_list>
<bind>
<opcode="store(28) " fcode="store"/>
<opset="store_ln0/1 "/>
</bind>
</comp>

<comp id="167" class="1004" name="store_ln0_store_fu_167">
<pin_list>
<pin id="168" dir="0" index="0" bw="1" slack="0"/>
<pin id="169" dir="0" index="1" bw="8" slack="0"/>
<pin id="170" dir="1" index="2" bw="0" slack="2147483647"/>
</pin_list>
<bind>
<opcode="store(28) " fcode="store"/>
<opset="store_ln0/1 "/>
</bind>
</comp>

<comp id="172" class="1004" name="indvar_flatten13_load_load_fu_172">
<pin_list>
<pin id="173" dir="0" index="0" bw="18" slack="1"/>
<pin id="174" dir="1" index="1" bw="18" slack="0"/>
</pin_list>
<bind>
<opcode="load(27) " fcode="load"/>
<opset="indvar_flatten13_load/2 "/>
</bind>
</comp>

<comp id="175" class="1004" name="icmp_ln83_fu_175">
<pin_list>
<pin id="176" dir="0" index="0" bw="18" slack="0"/>
<pin id="177" dir="0" index="1" bw="18" slack="0"/>
<pin id="178" dir="1" index="2" bw="1" slack="2"/>
</pin_list>
<bind>
<opcode="icmp(45) " fcode="icmp"/>
<opset="icmp_ln83/2 "/>
</bind>
</comp>

<comp id="181" class="1004" name="add_ln83_1_fu_181">
<pin_list>
<pin id="182" dir="0" index="0" bw="18" slack="0"/>
<pin id="183" dir="0" index="1" bw="1" slack="0"/>
<pin id="184" dir="1" index="2" bw="18" slack="0"/>
</pin_list>
<bind>
<opcode="add(8) " fcode="add"/>
<opset="add_ln83_1/2 "/>
</bind>
</comp>

<comp id="187" class="1004" name="k_load_load_fu_187">
<pin_list>
<pin id="188" dir="0" index="0" bw="8" slack="1"/>
<pin id="189" dir="1" index="1" bw="8" slack="0"/>
</pin_list>
<bind>
<opcode="load(27) " fcode="load"/>
<opset="k_load/2 "/>
</bind>
</comp>

<comp id="190" class="1004" name="j_load_load_fu_190">
<pin_list>
<pin id="191" dir="0" index="0" bw="11" slack="1"/>
<pin id="192" dir="1" index="1" bw="11" slack="0"/>
</pin_list>
<bind>
<opcode="load(27) " fcode="load"/>
<opset="j_load/2 "/>
</bind>
</comp>

<comp id="193" class="1004" name="indvar_flatten_load_load_fu_193">
<pin_list>
<pin id="194" dir="0" index="0" bw="18" slack="1"/>
<pin id="195" dir="1" index="1" bw="18" slack="0"/>
</pin_list>
<bind>
<opcode="load(27) " fcode="load"/>
<opset="indvar_flatten_load/2 "/>
</bind>
</comp>

<comp id="196" class="1004" name="i_load_load_fu_196">
<pin_list>
<pin id="197" dir="0" index="0" bw="2" slack="1"/>
<pin id="198" dir="1" index="1" bw="2" slack="0"/>
</pin_list>
<bind>
<opcode="load(27) " fcode="load"/>
<opset="i_load/2 "/>
</bind>
</comp>

<comp id="199" class="1004" name="add_ln83_fu_199">
<pin_list>
<pin id="200" dir="0" index="0" bw="2" slack="0"/>
<pin id="201" dir="0" index="1" bw="1" slack="0"/>
<pin id="202" dir="1" index="2" bw="2" slack="0"/>
</pin_list>
<bind>
<opcode="add(8) " fcode="add"/>
<opset="add_ln83/2 "/>
</bind>
</comp>

<comp id="205" class="1004" name="icmp_ln84_fu_205">
<pin_list>
<pin id="206" dir="0" index="0" bw="18" slack="0"/>
<pin id="207" dir="0" index="1" bw="18" slack="0"/>
<pin id="208" dir="1" index="2" bw="1" slack="0"/>
</pin_list>
<bind>
<opcode="icmp(45) " fcode="icmp"/>
<opset="icmp_ln84/2 "/>
</bind>
</comp>

<comp id="211" class="1004" name="select_ln83_fu_211">
<pin_list>
<pin id="212" dir="0" index="0" bw="1" slack="0"/>
<pin id="213" dir="0" index="1" bw="1" slack="0"/>
<pin id="214" dir="0" index="2" bw="11" slack="0"/>
<pin id="215" dir="1" index="3" bw="11" slack="0"/>
</pin_list>
<bind>
<opcode="select(49) " fcode="select"/>
<opset="select_ln83/2 "/>
</bind>
</comp>

<comp id="219" class="1004" name="select_ln83_1_fu_219">
<pin_list>
<pin id="220" dir="0" index="0" bw="1" slack="0"/>
<pin id="221" dir="0" index="1" bw="1" slack="0"/>
<pin id="222" dir="0" index="2" bw="8" slack="0"/>
<pin id="223" dir="1" index="3" bw="8" slack="0"/>
</pin_list>
<bind>
<opcode="select(49) " fcode="select"/>
<opset="select_ln83_1/2 "/>
</bind>
</comp>

<comp id="227" class="1004" name="select_ln83_2_fu_227">
<pin_list>
<pin id="228" dir="0" index="0" bw="1" slack="0"/>
<pin id="229" dir="0" index="1" bw="2" slack="0"/>
<pin id="230" dir="0" index="2" bw="2" slack="0"/>
<pin id="231" dir="1" index="3" bw="2" slack="0"/>
</pin_list>
<bind>
<opcode="select(49) " fcode="select"/>
<opset="select_ln83_2/2 "/>
</bind>
</comp>

<comp id="235" class="1004" name="tmp_2_fu_235">
<pin_list>
<pin id="236" dir="0" index="0" bw="12" slack="0"/>
<pin id="237" dir="0" index="1" bw="2" slack="0"/>
<pin id="238" dir="0" index="2" bw="1" slack="0"/>
<pin id="239" dir="1" index="3" bw="12" slack="0"/>
</pin_list>
<bind>
<opcode="bitconcatenate(1004) " fcode="bitconcatenate"/>
<opset="tmp_2/2 "/>
</bind>
</comp>

<comp id="243" class="1004" name="zext_ln84_fu_243">
<pin_list>
<pin id="244" dir="0" index="0" bw="12" slack="0"/>
<pin id="245" dir="1" index="1" bw="13" slack="0"/>
</pin_list>
<bind>
<opcode="zext(34) " fcode="zext"/>
<opset="zext_ln84/2 "/>
</bind>
</comp>

<comp id="247" class="1004" name="icmp_ln85_fu_247">
<pin_list>
<pin id="248" dir="0" index="0" bw="8" slack="0"/>
<pin id="249" dir="0" index="1" bw="8" slack="0"/>
<pin id="250" dir="1" index="2" bw="1" slack="0"/>
</pin_list>
<bind>
<opcode="icmp(45) " fcode="icmp"/>
<opset="icmp_ln85/2 "/>
</bind>
</comp>

<comp id="253" class="1004" name="or_ln83_fu_253">
<pin_list>
<pin id="254" dir="0" index="0" bw="1" slack="0"/>
<pin id="255" dir="0" index="1" bw="1" slack="0"/>
<pin id="256" dir="1" index="2" bw="1" slack="0"/>
</pin_list>
<bind>
<opcode="or(24) " fcode="or"/>
<opset="or_ln83/2 "/>
</bind>
</comp>

<comp id="259" class="1004" name="add_ln84_fu_259">
<pin_list>
<pin id="260" dir="0" index="0" bw="11" slack="0"/>
<pin id="261" dir="0" index="1" bw="1" slack="0"/>
<pin id="262" dir="1" index="2" bw="11" slack="0"/>
</pin_list>
<bind>
<opcode="add(8) " fcode="add"/>
<opset="add_ln84/2 "/>
</bind>
</comp>

<comp id="265" class="1004" name="select_ln84_fu_265">
<pin_list>
<pin id="266" dir="0" index="0" bw="1" slack="0"/>
<pin id="267" dir="0" index="1" bw="8" slack="0"/>
<pin id="268" dir="0" index="2" bw="1" slack="0"/>
<pin id="269" dir="1" index="3" bw="8" slack="0"/>
</pin_list>
<bind>
<opcode="select(49) " fcode="select"/>
<opset="select_ln84/2 "/>
</bind>
</comp>

<comp id="273" class="1004" name="select_ln84_1_fu_273">
<pin_list>
<pin id="274" dir="0" index="0" bw="1" slack="0"/>
<pin id="275" dir="0" index="1" bw="11" slack="0"/>
<pin id="276" dir="0" index="2" bw="11" slack="0"/>
<pin id="277" dir="1" index="3" bw="11" slack="0"/>
</pin_list>
<bind>
<opcode="select(49) " fcode="select"/>
<opset="select_ln84_1/2 "/>
</bind>
</comp>

<comp id="281" class="1004" name="zext_ln89_fu_281">
<pin_list>
<pin id="282" dir="0" index="0" bw="11" slack="0"/>
<pin id="283" dir="1" index="1" bw="13" slack="0"/>
</pin_list>
<bind>
<opcode="zext(34) " fcode="zext"/>
<opset="zext_ln89/2 "/>
</bind>
</comp>

<comp id="285" class="1004" name="tmp_data_V_fu_285">
<pin_list>
<pin id="286" dir="0" index="0" bw="55" slack="0"/>
<pin id="287" dir="1" index="1" bw="32" slack="0"/>
</pin_list>
<bind>
<opcode="extractvalue(56) " fcode="extractvalue"/>
<opset="tmp_data_V/2 "/>
</bind>
</comp>

<comp id="289" class="1004" name="trunc_ln714_fu_289">
<pin_list>
<pin id="290" dir="0" index="0" bw="32" slack="0"/>
<pin id="291" dir="1" index="1" bw="16" slack="3"/>
</pin_list>
<bind>
<opcode="trunc(33) " fcode="trunc"/>
<opset="trunc_ln714/2 "/>
</bind>
</comp>

<comp id="293" class="1004" name="tmp_s_fu_293">
<pin_list>
<pin id="294" dir="0" index="0" bw="16" slack="0"/>
<pin id="295" dir="0" index="1" bw="32" slack="0"/>
<pin id="296" dir="0" index="2" bw="6" slack="0"/>
<pin id="297" dir="0" index="3" bw="6" slack="0"/>
<pin id="298" dir="1" index="4" bw="16" slack="3"/>
</pin_list>
<bind>
<opcode="partselect(1002) " fcode="partselect"/>
<opset="tmp_s/2 "/>
</bind>
</comp>

<comp id="303" class="1004" name="add_ln85_fu_303">
<pin_list>
<pin id="304" dir="0" index="0" bw="8" slack="0"/>
<pin id="305" dir="0" index="1" bw="3" slack="0"/>
<pin id="306" dir="1" index="2" bw="8" slack="0"/>
</pin_list>
<bind>
<opcode="add(8) " fcode="add"/>
<opset="add_ln85/2 "/>
</bind>
</comp>

<comp id="309" class="1004" name="add_ln84_1_fu_309">
<pin_list>
<pin id="310" dir="0" index="0" bw="18" slack="0"/>
<pin id="311" dir="0" index="1" bw="1" slack="0"/>
<pin id="312" dir="1" index="2" bw="18" slack="0"/>
</pin_list>
<bind>
<opcode="add(8) " fcode="add"/>
<opset="add_ln84_1/2 "/>
</bind>
</comp>

<comp id="315" class="1004" name="select_ln84_2_fu_315">
<pin_list>
<pin id="316" dir="0" index="0" bw="1" slack="0"/>
<pin id="317" dir="0" index="1" bw="1" slack="0"/>
<pin id="318" dir="0" index="2" bw="18" slack="0"/>
<pin id="319" dir="1" index="3" bw="18" slack="0"/>
</pin_list>
<bind>
<opcode="select(49) " fcode="select"/>
<opset="select_ln84_2/2 "/>
</bind>
</comp>

<comp id="323" class="1004" name="store_ln85_store_fu_323">
<pin_list>
<pin id="324" dir="0" index="0" bw="18" slack="0"/>
<pin id="325" dir="0" index="1" bw="18" slack="1"/>
<pin id="326" dir="1" index="2" bw="0" slack="2147483647"/>
</pin_list>
<bind>
<opcode="store(28) " fcode="store"/>
<opset="store_ln85/2 "/>
</bind>
</comp>

<comp id="328" class="1004" name="store_ln85_store_fu_328">
<pin_list>
<pin id="329" dir="0" index="0" bw="2" slack="0"/>
<pin id="330" dir="0" index="1" bw="2" slack="1"/>
<pin id="331" dir="1" index="2" bw="0" slack="2147483647"/>
</pin_list>
<bind>
<opcode="store(28) " fcode="store"/>
<opset="store_ln85/2 "/>
</bind>
</comp>

<comp id="333" class="1004" name="store_ln85_store_fu_333">
<pin_list>
<pin id="334" dir="0" index="0" bw="18" slack="0"/>
<pin id="335" dir="0" index="1" bw="18" slack="1"/>
<pin id="336" dir="1" index="2" bw="0" slack="2147483647"/>
</pin_list>
<bind>
<opcode="store(28) " fcode="store"/>
<opset="store_ln85/2 "/>
</bind>
</comp>

<comp id="338" class="1004" name="store_ln85_store_fu_338">
<pin_list>
<pin id="339" dir="0" index="0" bw="11" slack="0"/>
<pin id="340" dir="0" index="1" bw="11" slack="1"/>
<pin id="341" dir="1" index="2" bw="0" slack="2147483647"/>
</pin_list>
<bind>
<opcode="store(28) " fcode="store"/>
<opset="store_ln85/2 "/>
</bind>
</comp>

<comp id="343" class="1004" name="store_ln85_store_fu_343">
<pin_list>
<pin id="344" dir="0" index="0" bw="8" slack="0"/>
<pin id="345" dir="0" index="1" bw="8" slack="1"/>
<pin id="346" dir="1" index="2" bw="0" slack="2147483647"/>
</pin_list>
<bind>
<opcode="store(28) " fcode="store"/>
<opset="store_ln85/2 "/>
</bind>
</comp>

<comp id="348" class="1004" name="zext_ln89_1_fu_348">
<pin_list>
<pin id="349" dir="0" index="0" bw="8" slack="3"/>
<pin id="350" dir="1" index="1" bw="19" slack="0"/>
</pin_list>
<bind>
<opcode="zext(34) " fcode="zext"/>
<opset="zext_ln89_1/5 "/>
</bind>
</comp>

<comp id="351" class="1004" name="add_ln89_1_fu_351">
<pin_list>
<pin id="352" dir="0" index="0" bw="19" slack="0"/>
<pin id="353" dir="0" index="1" bw="8" slack="0"/>
<pin id="354" dir="1" index="2" bw="19" slack="0"/>
</pin_list>
<bind>
<opcode="add(8) " fcode="add"/>
<opset="add_ln89_1/5 "/>
</bind>
</comp>

<comp id="356" class="1004" name="zext_ln89_2_fu_356">
<pin_list>
<pin id="357" dir="0" index="0" bw="19" slack="0"/>
<pin id="358" dir="1" index="1" bw="64" slack="0"/>
</pin_list>
<bind>
<opcode="zext(34) " fcode="zext"/>
<opset="zext_ln89_2/5 "/>
</bind>
</comp>

<comp id="361" class="1004" name="or_ln89_fu_361">
<pin_list>
<pin id="362" dir="0" index="0" bw="8" slack="3"/>
<pin id="363" dir="0" index="1" bw="1" slack="0"/>
<pin id="364" dir="1" index="2" bw="8" slack="0"/>
</pin_list>
<bind>
<opcode="or(24) " fcode="or"/>
<opset="or_ln89/5 "/>
</bind>
</comp>

<comp id="366" class="1004" name="zext_ln89_3_fu_366">
<pin_list>
<pin id="367" dir="0" index="0" bw="8" slack="0"/>
<pin id="368" dir="1" index="1" bw="19" slack="0"/>
</pin_list>
<bind>
<opcode="zext(34) " fcode="zext"/>
<opset="zext_ln89_3/5 "/>
</bind>
</comp>

<comp id="370" class="1004" name="add_ln89_2_fu_370">
<pin_list>
<pin id="371" dir="0" index="0" bw="19" slack="0"/>
<pin id="372" dir="0" index="1" bw="8" slack="0"/>
<pin id="373" dir="1" index="2" bw="19" slack="0"/>
</pin_list>
<bind>
<opcode="add(8) " fcode="add"/>
<opset="add_ln89_2/5 "/>
</bind>
</comp>

<comp id="375" class="1004" name="zext_ln89_4_fu_375">
<pin_list>
<pin id="376" dir="0" index="0" bw="19" slack="0"/>
<pin id="377" dir="1" index="1" bw="64" slack="0"/>
</pin_list>
<bind>
<opcode="zext(34) " fcode="zext"/>
<opset="zext_ln89_4/5 "/>
</bind>
</comp>

<comp id="380" class="1007" name="grp_fu_380">
<pin_list>
<pin id="381" dir="0" index="0" bw="12" slack="0"/>
<pin id="382" dir="0" index="1" bw="11" slack="0"/>
<pin id="383" dir="0" index="2" bw="8" slack="0"/>
<pin id="384" dir="1" index="3" bw="19" slack="0"/>
</pin_list>
<bind>
<opcode="addmul(1170) " fcode="addmul"/>
<opset="add_ln89/2 zext_ln84_1/2 mul_ln84/2 "/>
</bind>
</comp>

<comp id="390" class="1005" name="k_reg_390">
<pin_list>
<pin id="391" dir="0" index="0" bw="8" slack="0"/>
<pin id="392" dir="1" index="1" bw="8" slack="0"/>
</pin_list>
<bind>
<opset="k "/>
</bind>
</comp>

<comp id="397" class="1005" name="j_reg_397">
<pin_list>
<pin id="398" dir="0" index="0" bw="11" slack="0"/>
<pin id="399" dir="1" index="1" bw="11" slack="0"/>
</pin_list>
<bind>
<opset="j "/>
</bind>
</comp>

<comp id="404" class="1005" name="indvar_flatten_reg_404">
<pin_list>
<pin id="405" dir="0" index="0" bw="18" slack="0"/>
<pin id="406" dir="1" index="1" bw="18" slack="0"/>
</pin_list>
<bind>
<opset="indvar_flatten "/>
</bind>
</comp>

<comp id="411" class="1005" name="i_reg_411">
<pin_list>
<pin id="412" dir="0" index="0" bw="2" slack="0"/>
<pin id="413" dir="1" index="1" bw="2" slack="0"/>
</pin_list>
<bind>
<opset="i "/>
</bind>
</comp>

<comp id="418" class="1005" name="indvar_flatten13_reg_418">
<pin_list>
<pin id="419" dir="0" index="0" bw="18" slack="0"/>
<pin id="420" dir="1" index="1" bw="18" slack="0"/>
</pin_list>
<bind>
<opset="indvar_flatten13 "/>
</bind>
</comp>

<comp id="425" class="1005" name="icmp_ln83_reg_425">
<pin_list>
<pin id="426" dir="0" index="0" bw="1" slack="2"/>
<pin id="427" dir="1" index="1" bw="1" slack="2147483647"/>
</pin_list>
<bind>
<opset="icmp_ln83 "/>
</bind>
</comp>

<comp id="429" class="1005" name="select_ln84_reg_429">
<pin_list>
<pin id="430" dir="0" index="0" bw="8" slack="3"/>
<pin id="431" dir="1" index="1" bw="8" slack="3"/>
</pin_list>
<bind>
<opset="select_ln84 "/>
</bind>
</comp>

<comp id="435" class="1005" name="trunc_ln714_reg_435">
<pin_list>
<pin id="436" dir="0" index="0" bw="16" slack="3"/>
<pin id="437" dir="1" index="1" bw="16" slack="3"/>
</pin_list>
<bind>
<opset="trunc_ln714 "/>
</bind>
</comp>

<comp id="440" class="1005" name="tmp_s_reg_440">
<pin_list>
<pin id="441" dir="0" index="0" bw="16" slack="3"/>
<pin id="442" dir="1" index="1" bw="16" slack="3"/>
</pin_list>
<bind>
<opset="tmp_s "/>
</bind>
</comp>

</comp_list>

<net_list>
<net id="87"><net_src comp="16" pin="0"/><net_sink comp="84" pin=0"/></net>

<net id="91"><net_src comp="16" pin="0"/><net_sink comp="88" pin=0"/></net>

<net id="95"><net_src comp="16" pin="0"/><net_sink comp="92" pin=0"/></net>

<net id="99"><net_src comp="16" pin="0"/><net_sink comp="96" pin=0"/></net>

<net id="103"><net_src comp="16" pin="0"/><net_sink comp="100" pin=0"/></net>

<net id="114"><net_src comp="56" pin="0"/><net_sink comp="104" pin=0"/></net>

<net id="115"><net_src comp="2" pin="0"/><net_sink comp="104" pin=1"/></net>

<net id="116"><net_src comp="4" pin="0"/><net_sink comp="104" pin=2"/></net>

<net id="117"><net_src comp="6" pin="0"/><net_sink comp="104" pin=3"/></net>

<net id="118"><net_src comp="8" pin="0"/><net_sink comp="104" pin=4"/></net>

<net id="119"><net_src comp="10" pin="0"/><net_sink comp="104" pin=5"/></net>

<net id="120"><net_src comp="12" pin="0"/><net_sink comp="104" pin=6"/></net>

<net id="121"><net_src comp="14" pin="0"/><net_sink comp="104" pin=7"/></net>

<net id="127"><net_src comp="0" pin="0"/><net_sink comp="122" pin=0"/></net>

<net id="128"><net_src comp="76" pin="0"/><net_sink comp="122" pin=1"/></net>

<net id="138"><net_src comp="122" pin="3"/><net_sink comp="129" pin=2"/></net>

<net id="144"><net_src comp="0" pin="0"/><net_sink comp="139" pin=0"/></net>

<net id="145"><net_src comp="76" pin="0"/><net_sink comp="139" pin=1"/></net>

<net id="146"><net_src comp="139" pin="3"/><net_sink comp="129" pin=0"/></net>

<net id="151"><net_src comp="30" pin="0"/><net_sink comp="147" pin=0"/></net>

<net id="156"><net_src comp="32" pin="0"/><net_sink comp="152" pin=0"/></net>

<net id="161"><net_src comp="30" pin="0"/><net_sink comp="157" pin=0"/></net>

<net id="166"><net_src comp="34" pin="0"/><net_sink comp="162" pin=0"/></net>

<net id="171"><net_src comp="36" pin="0"/><net_sink comp="167" pin=0"/></net>

<net id="179"><net_src comp="172" pin="1"/><net_sink comp="175" pin=0"/></net>

<net id="180"><net_src comp="38" pin="0"/><net_sink comp="175" pin=1"/></net>

<net id="185"><net_src comp="172" pin="1"/><net_sink comp="181" pin=0"/></net>

<net id="186"><net_src comp="40" pin="0"/><net_sink comp="181" pin=1"/></net>

<net id="203"><net_src comp="196" pin="1"/><net_sink comp="199" pin=0"/></net>

<net id="204"><net_src comp="42" pin="0"/><net_sink comp="199" pin=1"/></net>

<net id="209"><net_src comp="193" pin="1"/><net_sink comp="205" pin=0"/></net>

<net id="210"><net_src comp="44" pin="0"/><net_sink comp="205" pin=1"/></net>

<net id="216"><net_src comp="205" pin="2"/><net_sink comp="211" pin=0"/></net>

<net id="217"><net_src comp="34" pin="0"/><net_sink comp="211" pin=1"/></net>

<net id="218"><net_src comp="190" pin="1"/><net_sink comp="211" pin=2"/></net>

<net id="224"><net_src comp="205" pin="2"/><net_sink comp="219" pin=0"/></net>

<net id="225"><net_src comp="36" pin="0"/><net_sink comp="219" pin=1"/></net>

<net id="226"><net_src comp="187" pin="1"/><net_sink comp="219" pin=2"/></net>

<net id="232"><net_src comp="205" pin="2"/><net_sink comp="227" pin=0"/></net>

<net id="233"><net_src comp="199" pin="2"/><net_sink comp="227" pin=1"/></net>

<net id="234"><net_src comp="196" pin="1"/><net_sink comp="227" pin=2"/></net>

<net id="240"><net_src comp="46" pin="0"/><net_sink comp="235" pin=0"/></net>

<net id="241"><net_src comp="227" pin="3"/><net_sink comp="235" pin=1"/></net>

<net id="242"><net_src comp="48" pin="0"/><net_sink comp="235" pin=2"/></net>

<net id="246"><net_src comp="235" pin="3"/><net_sink comp="243" pin=0"/></net>

<net id="251"><net_src comp="187" pin="1"/><net_sink comp="247" pin=0"/></net>

<net id="252"><net_src comp="50" pin="0"/><net_sink comp="247" pin=1"/></net>

<net id="257"><net_src comp="205" pin="2"/><net_sink comp="253" pin=0"/></net>

<net id="258"><net_src comp="247" pin="2"/><net_sink comp="253" pin=1"/></net>

<net id="263"><net_src comp="211" pin="3"/><net_sink comp="259" pin=0"/></net>

<net id="264"><net_src comp="52" pin="0"/><net_sink comp="259" pin=1"/></net>

<net id="270"><net_src comp="253" pin="2"/><net_sink comp="265" pin=0"/></net>

<net id="271"><net_src comp="219" pin="3"/><net_sink comp="265" pin=1"/></net>

<net id="272"><net_src comp="36" pin="0"/><net_sink comp="265" pin=2"/></net>

<net id="278"><net_src comp="253" pin="2"/><net_sink comp="273" pin=0"/></net>

<net id="279"><net_src comp="211" pin="3"/><net_sink comp="273" pin=1"/></net>

<net id="280"><net_src comp="259" pin="2"/><net_sink comp="273" pin=2"/></net>

<net id="284"><net_src comp="273" pin="3"/><net_sink comp="281" pin=0"/></net>

<net id="288"><net_src comp="104" pin="8"/><net_sink comp="285" pin=0"/></net>

<net id="292"><net_src comp="285" pin="1"/><net_sink comp="289" pin=0"/></net>

<net id="299"><net_src comp="58" pin="0"/><net_sink comp="293" pin=0"/></net>

<net id="300"><net_src comp="285" pin="1"/><net_sink comp="293" pin=1"/></net>

<net id="301"><net_src comp="60" pin="0"/><net_sink comp="293" pin=2"/></net>

<net id="302"><net_src comp="62" pin="0"/><net_sink comp="293" pin=3"/></net>

<net id="307"><net_src comp="265" pin="3"/><net_sink comp="303" pin=0"/></net>

<net id="308"><net_src comp="64" pin="0"/><net_sink comp="303" pin=1"/></net>

<net id="313"><net_src comp="193" pin="1"/><net_sink comp="309" pin=0"/></net>

<net id="314"><net_src comp="40" pin="0"/><net_sink comp="309" pin=1"/></net>

<net id="320"><net_src comp="205" pin="2"/><net_sink comp="315" pin=0"/></net>

<net id="321"><net_src comp="40" pin="0"/><net_sink comp="315" pin=1"/></net>

<net id="322"><net_src comp="309" pin="2"/><net_sink comp="315" pin=2"/></net>

<net id="327"><net_src comp="181" pin="2"/><net_sink comp="323" pin=0"/></net>

<net id="332"><net_src comp="227" pin="3"/><net_sink comp="328" pin=0"/></net>

<net id="337"><net_src comp="315" pin="3"/><net_sink comp="333" pin=0"/></net>

<net id="342"><net_src comp="273" pin="3"/><net_sink comp="338" pin=0"/></net>

<net id="347"><net_src comp="303" pin="2"/><net_sink comp="343" pin=0"/></net>

<net id="355"><net_src comp="348" pin="1"/><net_sink comp="351" pin=1"/></net>

<net id="359"><net_src comp="351" pin="2"/><net_sink comp="356" pin=0"/></net>

<net id="360"><net_src comp="356" pin="1"/><net_sink comp="122" pin=2"/></net>

<net id="365"><net_src comp="82" pin="0"/><net_sink comp="361" pin=1"/></net>

<net id="369"><net_src comp="361" pin="2"/><net_sink comp="366" pin=0"/></net>

<net id="374"><net_src comp="366" pin="1"/><net_sink comp="370" pin=1"/></net>

<net id="378"><net_src comp="370" pin="2"/><net_sink comp="375" pin=0"/></net>

<net id="379"><net_src comp="375" pin="1"/><net_sink comp="139" pin=2"/></net>

<net id="385"><net_src comp="243" pin="1"/><net_sink comp="380" pin=0"/></net>

<net id="386"><net_src comp="281" pin="1"/><net_sink comp="380" pin=1"/></net>

<net id="387"><net_src comp="54" pin="0"/><net_sink comp="380" pin=2"/></net>

<net id="388"><net_src comp="380" pin="3"/><net_sink comp="351" pin=0"/></net>

<net id="389"><net_src comp="380" pin="3"/><net_sink comp="370" pin=0"/></net>

<net id="393"><net_src comp="84" pin="1"/><net_sink comp="390" pin=0"/></net>

<net id="394"><net_src comp="390" pin="1"/><net_sink comp="167" pin=1"/></net>

<net id="395"><net_src comp="390" pin="1"/><net_sink comp="187" pin=0"/></net>

<net id="396"><net_src comp="390" pin="1"/><net_sink comp="343" pin=1"/></net>

<net id="400"><net_src comp="88" pin="1"/><net_sink comp="397" pin=0"/></net>

<net id="401"><net_src comp="397" pin="1"/><net_sink comp="162" pin=1"/></net>

<net id="402"><net_src comp="397" pin="1"/><net_sink comp="190" pin=0"/></net>

<net id="403"><net_src comp="397" pin="1"/><net_sink comp="338" pin=1"/></net>

<net id="407"><net_src comp="92" pin="1"/><net_sink comp="404" pin=0"/></net>

<net id="408"><net_src comp="404" pin="1"/><net_sink comp="157" pin=1"/></net>

<net id="409"><net_src comp="404" pin="1"/><net_sink comp="193" pin=0"/></net>

<net id="410"><net_src comp="404" pin="1"/><net_sink comp="333" pin=1"/></net>

<net id="414"><net_src comp="96" pin="1"/><net_sink comp="411" pin=0"/></net>

<net id="415"><net_src comp="411" pin="1"/><net_sink comp="152" pin=1"/></net>

<net id="416"><net_src comp="411" pin="1"/><net_sink comp="196" pin=0"/></net>

<net id="417"><net_src comp="411" pin="1"/><net_sink comp="328" pin=1"/></net>

<net id="421"><net_src comp="100" pin="1"/><net_sink comp="418" pin=0"/></net>

<net id="422"><net_src comp="418" pin="1"/><net_sink comp="147" pin=1"/></net>

<net id="423"><net_src comp="418" pin="1"/><net_sink comp="172" pin=0"/></net>

<net id="424"><net_src comp="418" pin="1"/><net_sink comp="323" pin=1"/></net>

<net id="428"><net_src comp="175" pin="2"/><net_sink comp="425" pin=0"/></net>

<net id="432"><net_src comp="265" pin="3"/><net_sink comp="429" pin=0"/></net>

<net id="433"><net_src comp="429" pin="1"/><net_sink comp="348" pin=0"/></net>

<net id="434"><net_src comp="429" pin="1"/><net_sink comp="361" pin=0"/></net>

<net id="438"><net_src comp="289" pin="1"/><net_sink comp="435" pin=0"/></net>

<net id="439"><net_src comp="435" pin="1"/><net_sink comp="129" pin=4"/></net>

<net id="443"><net_src comp="293" pin="4"/><net_sink comp="440" pin=0"/></net>

<net id="444"><net_src comp="440" pin="1"/><net_sink comp="129" pin=1"/></net>

</net_list>

</model> 
---------------- Datapath Model END ------------------

* FSMD analyzer results:
  - Output states:
	Port: image_r | {5 }
 - Input state : 
	Port: hyperspectral_hw_wrapped_Pipeline_VITIS_LOOP_83_1_VITIS_LOOP_84_2_VITIS_LOOP_85_ : in_stream_V_data_V | {2 }
	Port: hyperspectral_hw_wrapped_Pipeline_VITIS_LOOP_83_1_VITIS_LOOP_84_2_VITIS_LOOP_85_ : in_stream_V_keep_V | {2 }
	Port: hyperspectral_hw_wrapped_Pipeline_VITIS_LOOP_83_1_VITIS_LOOP_84_2_VITIS_LOOP_85_ : in_stream_V_strb_V | {2 }
	Port: hyperspectral_hw_wrapped_Pipeline_VITIS_LOOP_83_1_VITIS_LOOP_84_2_VITIS_LOOP_85_ : in_stream_V_user_V | {2 }
	Port: hyperspectral_hw_wrapped_Pipeline_VITIS_LOOP_83_1_VITIS_LOOP_84_2_VITIS_LOOP_85_ : in_stream_V_last_V | {2 }
	Port: hyperspectral_hw_wrapped_Pipeline_VITIS_LOOP_83_1_VITIS_LOOP_84_2_VITIS_LOOP_85_ : in_stream_V_id_V | {2 }
	Port: hyperspectral_hw_wrapped_Pipeline_VITIS_LOOP_83_1_VITIS_LOOP_84_2_VITIS_LOOP_85_ : in_stream_V_dest_V | {2 }
  - Chain level:
	State 1
		store_ln0 : 1
		store_ln0 : 1
		store_ln0 : 1
		store_ln0 : 1
		store_ln0 : 1
	State 2
		icmp_ln83 : 1
		add_ln83_1 : 1
		br_ln83 : 2
		add_ln83 : 1
		icmp_ln84 : 1
		select_ln83 : 2
		select_ln83_1 : 2
		select_ln83_2 : 2
		tmp_2 : 3
		zext_ln84 : 4
		icmp_ln85 : 1
		or_ln83 : 2
		add_ln84 : 3
		select_ln84 : 2
		select_ln84_1 : 4
		zext_ln89 : 5
		add_ln89 : 6
		zext_ln84_1 : 7
		mul_ln84 : 8
		trunc_ln714 : 1
		tmp_s : 1
		add_ln85 : 3
		add_ln84_1 : 1
		select_ln84_2 : 2
		store_ln85 : 2
		store_ln85 : 3
		store_ln85 : 3
		store_ln85 : 5
		store_ln85 : 4
	State 3
	State 4
	State 5
		add_ln89_1 : 1
		zext_ln89_2 : 2
		image_addr : 3
		store_ln89 : 4
		add_ln89_2 : 1
		zext_ln89_4 : 2
		image_addr_1 : 3
		store_ln89 : 4


============================================================
+ Verbose Summary: Datapath Resource usage 
============================================================

* Functional unit list:
|----------|----------------------|---------|---------|---------|
| Operation|    Functional Unit   |   DSP   |    FF   |   LUT   |
|----------|----------------------|---------|---------|---------|
|          |   add_ln83_1_fu_181  |    0    |    0    |    25   |
|          |    add_ln83_fu_199   |    0    |    0    |    9    |
|          |    add_ln84_fu_259   |    0    |    0    |    18   |
|    add   |    add_ln85_fu_303   |    0    |    0    |    15   |
|          |   add_ln84_1_fu_309  |    0    |    0    |    25   |
|          |   add_ln89_1_fu_351  |    0    |    0    |    26   |
|          |   add_ln89_2_fu_370  |    0    |    0    |    26   |
|----------|----------------------|---------|---------|---------|
|          |  select_ln83_fu_211  |    0    |    0    |    10   |
|          | select_ln83_1_fu_219 |    0    |    0    |    8    |
|  select  | select_ln83_2_fu_227 |    0    |    0    |    2    |
|          |  select_ln84_fu_265  |    0    |    0    |    8    |
|          | select_ln84_1_fu_273 |    0    |    0    |    10   |
|          | select_ln84_2_fu_315 |    0    |    0    |    18   |
|----------|----------------------|---------|---------|---------|
|          |   icmp_ln83_fu_175   |    0    |    0    |    13   |
|   icmp   |   icmp_ln84_fu_205   |    0    |    0    |    13   |
|          |   icmp_ln85_fu_247   |    0    |    0    |    11   |
|----------|----------------------|---------|---------|---------|
|    or    |    or_ln83_fu_253    |    0    |    0    |    2    |
|          |    or_ln89_fu_361    |    0    |    0    |    0    |
|----------|----------------------|---------|---------|---------|
|  addmul  |      grp_fu_380      |    1    |    0    |    0    |
|----------|----------------------|---------|---------|---------|
|   read   | empty_19_read_fu_104 |    0    |    0    |    0    |
|----------|----------------------|---------|---------|---------|
|bitconcatenate|     tmp_2_fu_235     |    0    |    0    |    0    |
|----------|----------------------|---------|---------|---------|
|          |   zext_ln84_fu_243   |    0    |    0    |    0    |
|          |   zext_ln89_fu_281   |    0    |    0    |    0    |
|   zext   |  zext_ln89_1_fu_348  |    0    |    0    |    0    |
|          |  zext_ln89_2_fu_356  |    0    |    0    |    0    |
|          |  zext_ln89_3_fu_366  |    0    |    0    |    0    |
|          |  zext_ln89_4_fu_375  |    0    |    0    |    0    |
|----------|----------------------|---------|---------|---------|
|extractvalue|   tmp_data_V_fu_285  |    0    |    0    |    0    |
|----------|----------------------|---------|---------|---------|
|   trunc  |  trunc_ln714_fu_289  |    0    |    0    |    0    |
|----------|----------------------|---------|---------|---------|
|partselect|     tmp_s_fu_293     |    0    |    0    |    0    |
|----------|----------------------|---------|---------|---------|
|   Total  |                      |    1    |    0    |   239   |
|----------|----------------------|---------|---------|---------|

Memories:
N/A

* Register list:
+------------------------+--------+
|                        |   FF   |
+------------------------+--------+
|        i_reg_411       |    2   |
|    icmp_ln83_reg_425   |    1   |
|indvar_flatten13_reg_418|   18   |
| indvar_flatten_reg_404 |   18   |
|        j_reg_397       |   11   |
|        k_reg_390       |    8   |
|   select_ln84_reg_429  |    8   |
|      tmp_s_reg_440     |   16   |
|   trunc_ln714_reg_435  |   16   |
+------------------------+--------+
|          Total         |   98   |
+------------------------+--------+

* Multiplexer (MUX) list: 
|--------|------|------|------|--------|
|  Comp  |  Pin | Size |  BW  | S x BW |
|--------|------|------|------|--------|
|  Total |      |      |      |    0   |
|--------|------|------|------|--------|



* Summary:
+-----------+--------+--------+--------+
|           |   DSP  |   FF   |   LUT  |
+-----------+--------+--------+--------+
|  Function |    1   |    0   |   239  |
|   Memory  |    -   |    -   |    -   |
|Multiplexer|    -   |    -   |    -   |
|  Register |    -   |   98   |    -   |
+-----------+--------+--------+--------+
|   Total   |    1   |   98   |   239  |
+-----------+--------+--------+--------+
