

================================================================
== Vitis HLS Report for 'hyperspectral_hw_wrapped'
================================================================
* Date:           Mon Oct 14 21:11:53 2024

* Version:        2022.1 (Build 3526262 on Mon Apr 18 15:47:01 MDT 2022)
* Project:        hyperspectral
* Solution:       solution1 (Vivado IP Flow Target)
* Product family: zynquplus
* Target device:  xczu3eg-sbva484-1-e


================================================================
== Performance Estimates
================================================================
+ Timing: 
    * Summary: 
    +--------+----------+----------+------------+
    |  Clock |  Target  | Estimated| Uncertainty|
    +--------+----------+----------+------------+
    |ap_clk  |  10.00 ns|  6.848 ns|     2.70 ns|
    +--------+----------+----------+------------+

+ Latency: 
    * Summary: 
    +---------+---------+----------+----------+--------+--------+---------+
    |  Latency (cycles) |  Latency (absolute) |     Interval    | Pipeline|
    |   min   |   max   |    min   |    max   |   min  |   max  |   Type  |
    +---------+---------+----------+----------+--------+--------+---------+
    |   184997|   184997|  1.850 ms|  1.850 ms|  184998|  184998|       no|
    +---------+---------+----------+----------+--------+--------+---------+

    + Detail: 
        * Instance: 
        +---------------------------------------------------------------+---------------------------------------------------+---------+---------+----------+----------+--------+--------+---------+
        |                                                               |                                                   |  Latency (cycles) |  Latency (absolute) |     Interval    | Pipeline|
        |                            Instance                           |                       Module                      |   min   |   max   |    min   |    max   |   min  |   max  |   Type  |
        +---------------------------------------------------------------+---------------------------------------------------+---------+---------+----------+----------+--------+--------+---------+
        |grp_hyperspectral_hw_wrapped_Pipeline_VITIS_LOOP_52_1_fu_2653  |hyperspectral_hw_wrapped_Pipeline_VITIS_LOOP_52_1  |       92|       92|  0.920 us|  0.920 us|      92|      92|       no|
        |grp_hyperspectral_hw_wrapped_Pipeline_L1_fu_2672               |hyperspectral_hw_wrapped_Pipeline_L1               |   184712|   184712|  1.847 ms|  1.847 ms|  184712|  184712|       no|
        |grp_hyperspectral_hw_wrapped_Pipeline_VITIS_LOOP_93_2_fu_3056  |hyperspectral_hw_wrapped_Pipeline_VITIS_LOOP_93_2  |       92|       92|  0.920 us|  0.920 us|      92|      92|       no|
        +---------------------------------------------------------------+---------------------------------------------------+---------+---------+----------+----------+--------+--------+---------+

        * Loop: 
        N/A



================================================================
== Utilization Estimates
================================================================
* Summary: 
+-----------------+---------+-----+--------+-------+-----+
|       Name      | BRAM_18K| DSP |   FF   |  LUT  | URAM|
+-----------------+---------+-----+--------+-------+-----+
|DSP              |        -|    -|       -|      -|    -|
|Expression       |        -|    -|       0|      6|    -|
|FIFO             |        -|    -|       -|      -|    -|
|Instance         |        0|   10|   28906|  16962|    0|
|Memory           |        1|    -|    2880|    180|    0|
|Multiplexer      |        -|    -|       -|   8302|    -|
|Register         |        -|    -|    2987|      -|    -|
+-----------------+---------+-----+--------+-------+-----+
|Total            |        1|   10|   34773|  25450|    0|
+-----------------+---------+-----+--------+-------+-----+
|Available        |      432|  360|  141120|  70560|    0|
+-----------------+---------+-----+--------+-------+-----+
|Utilization (%)  |       ~0|    2|      24|     36|    0|
+-----------------+---------+-----+--------+-------+-----+

+ Detail: 
    * Instance: 
    +---------------------------------------------------------------+---------------------------------------------------+---------+----+-------+-------+-----+
    |                            Instance                           |                       Module                      | BRAM_18K| DSP|   FF  |  LUT  | URAM|
    +---------------------------------------------------------------+---------------------------------------------------+---------+----+-------+-------+-----+
    |CONTROL_BUS_s_axi_U                                            |CONTROL_BUS_s_axi                                  |        0|   0|     36|     40|    0|
    |grp_hyperspectral_hw_wrapped_Pipeline_L1_fu_2672               |hyperspectral_hw_wrapped_Pipeline_L1               |        0|  10|  28841|  14879|    0|
    |grp_hyperspectral_hw_wrapped_Pipeline_VITIS_LOOP_52_1_fu_2653  |hyperspectral_hw_wrapped_Pipeline_VITIS_LOOP_52_1  |        0|   0|     10|     74|    0|
    |grp_hyperspectral_hw_wrapped_Pipeline_VITIS_LOOP_93_2_fu_3056  |hyperspectral_hw_wrapped_Pipeline_VITIS_LOOP_93_2  |        0|   0|     19|   1969|    0|
    +---------------------------------------------------------------+---------------------------------------------------+---------+----+-------+-------+-----+
    |Total                                                          |                                                   |        0|  10|  28906|  16962|    0|
    +---------------------------------------------------------------+---------------------------------------------------+---------+----+-------+-------+-----+

    * DSP: 
    N/A

    * Memory: 
    +--------------+-------------------------+---------+----+----+-----+------+-----+------+-------------+
    |    Memory    |          Module         | BRAM_18K| FF | LUT| URAM| Words| Bits| Banks| W*Bits*Banks|
    +--------------+-------------------------+---------+----+----+-----+------+-----+------+-------------+
    |pixels_U      |pixels_RAM_AUTO_1R1W     |        0|  16|   1|    0|     2|   16|     1|           32|
    |pixels_1_U    |pixels_RAM_AUTO_1R1W     |        0|  16|   1|    0|     2|   16|     1|           32|
    |pixels_2_U    |pixels_RAM_AUTO_1R1W     |        0|  16|   1|    0|     2|   16|     1|           32|
    |pixels_3_U    |pixels_RAM_AUTO_1R1W     |        0|  16|   1|    0|     2|   16|     1|           32|
    |pixels_4_U    |pixels_RAM_AUTO_1R1W     |        0|  16|   1|    0|     2|   16|     1|           32|
    |pixels_5_U    |pixels_RAM_AUTO_1R1W     |        0|  16|   1|    0|     2|   16|     1|           32|
    |pixels_6_U    |pixels_RAM_AUTO_1R1W     |        0|  16|   1|    0|     2|   16|     1|           32|
    |pixels_7_U    |pixels_RAM_AUTO_1R1W     |        0|  16|   1|    0|     2|   16|     1|           32|
    |pixels_8_U    |pixels_RAM_AUTO_1R1W     |        0|  16|   1|    0|     2|   16|     1|           32|
    |pixels_9_U    |pixels_RAM_AUTO_1R1W     |        0|  16|   1|    0|     2|   16|     1|           32|
    |pixels_10_U   |pixels_RAM_AUTO_1R1W     |        0|  16|   1|    0|     2|   16|     1|           32|
    |pixels_11_U   |pixels_RAM_AUTO_1R1W     |        0|  16|   1|    0|     2|   16|     1|           32|
    |pixels_12_U   |pixels_RAM_AUTO_1R1W     |        0|  16|   1|    0|     2|   16|     1|           32|
    |pixels_13_U   |pixels_RAM_AUTO_1R1W     |        0|  16|   1|    0|     2|   16|     1|           32|
    |pixels_14_U   |pixels_RAM_AUTO_1R1W     |        0|  16|   1|    0|     2|   16|     1|           32|
    |pixels_15_U   |pixels_RAM_AUTO_1R1W     |        0|  16|   1|    0|     2|   16|     1|           32|
    |pixels_16_U   |pixels_RAM_AUTO_1R1W     |        0|  16|   1|    0|     2|   16|     1|           32|
    |pixels_17_U   |pixels_RAM_AUTO_1R1W     |        0|  16|   1|    0|     2|   16|     1|           32|
    |pixels_18_U   |pixels_RAM_AUTO_1R1W     |        0|  16|   1|    0|     2|   16|     1|           32|
    |pixels_19_U   |pixels_RAM_AUTO_1R1W     |        0|  16|   1|    0|     2|   16|     1|           32|
    |pixels_20_U   |pixels_RAM_AUTO_1R1W     |        0|  16|   1|    0|     2|   16|     1|           32|
    |pixels_21_U   |pixels_RAM_AUTO_1R1W     |        0|  16|   1|    0|     2|   16|     1|           32|
    |pixels_22_U   |pixels_RAM_AUTO_1R1W     |        0|  16|   1|    0|     2|   16|     1|           32|
    |pixels_23_U   |pixels_RAM_AUTO_1R1W     |        0|  16|   1|    0|     2|   16|     1|           32|
    |pixels_24_U   |pixels_RAM_AUTO_1R1W     |        0|  16|   1|    0|     2|   16|     1|           32|
    |pixels_25_U   |pixels_RAM_AUTO_1R1W     |        0|  16|   1|    0|     2|   16|     1|           32|
    |pixels_26_U   |pixels_RAM_AUTO_1R1W     |        0|  16|   1|    0|     2|   16|     1|           32|
    |pixels_27_U   |pixels_RAM_AUTO_1R1W     |        0|  16|   1|    0|     2|   16|     1|           32|
    |pixels_28_U   |pixels_RAM_AUTO_1R1W     |        0|  16|   1|    0|     2|   16|     1|           32|
    |pixels_29_U   |pixels_RAM_AUTO_1R1W     |        0|  16|   1|    0|     2|   16|     1|           32|
    |pixels_30_U   |pixels_RAM_AUTO_1R1W     |        0|  16|   1|    0|     2|   16|     1|           32|
    |pixels_31_U   |pixels_RAM_AUTO_1R1W     |        0|  16|   1|    0|     2|   16|     1|           32|
    |pixels_32_U   |pixels_RAM_AUTO_1R1W     |        0|  16|   1|    0|     2|   16|     1|           32|
    |pixels_33_U   |pixels_RAM_AUTO_1R1W     |        0|  16|   1|    0|     2|   16|     1|           32|
    |pixels_34_U   |pixels_RAM_AUTO_1R1W     |        0|  16|   1|    0|     2|   16|     1|           32|
    |pixels_35_U   |pixels_RAM_AUTO_1R1W     |        0|  16|   1|    0|     2|   16|     1|           32|
    |pixels_36_U   |pixels_RAM_AUTO_1R1W     |        0|  16|   1|    0|     2|   16|     1|           32|
    |pixels_37_U   |pixels_RAM_AUTO_1R1W     |        0|  16|   1|    0|     2|   16|     1|           32|
    |pixels_38_U   |pixels_RAM_AUTO_1R1W     |        0|  16|   1|    0|     2|   16|     1|           32|
    |pixels_39_U   |pixels_RAM_AUTO_1R1W     |        0|  16|   1|    0|     2|   16|     1|           32|
    |pixels_40_U   |pixels_RAM_AUTO_1R1W     |        0|  16|   1|    0|     2|   16|     1|           32|
    |pixels_41_U   |pixels_RAM_AUTO_1R1W     |        0|  16|   1|    0|     2|   16|     1|           32|
    |pixels_42_U   |pixels_RAM_AUTO_1R1W     |        0|  16|   1|    0|     2|   16|     1|           32|
    |pixels_43_U   |pixels_RAM_AUTO_1R1W     |        0|  16|   1|    0|     2|   16|     1|           32|
    |pixels_44_U   |pixels_RAM_AUTO_1R1W     |        0|  16|   1|    0|     2|   16|     1|           32|
    |pixels_45_U   |pixels_RAM_AUTO_1R1W     |        0|  16|   1|    0|     2|   16|     1|           32|
    |pixels_46_U   |pixels_RAM_AUTO_1R1W     |        0|  16|   1|    0|     2|   16|     1|           32|
    |pixels_47_U   |pixels_RAM_AUTO_1R1W     |        0|  16|   1|    0|     2|   16|     1|           32|
    |pixels_48_U   |pixels_RAM_AUTO_1R1W     |        0|  16|   1|    0|     2|   16|     1|           32|
    |pixels_49_U   |pixels_RAM_AUTO_1R1W     |        0|  16|   1|    0|     2|   16|     1|           32|
    |pixels_50_U   |pixels_RAM_AUTO_1R1W     |        0|  16|   1|    0|     2|   16|     1|           32|
    |pixels_51_U   |pixels_RAM_AUTO_1R1W     |        0|  16|   1|    0|     2|   16|     1|           32|
    |pixels_52_U   |pixels_RAM_AUTO_1R1W     |        0|  16|   1|    0|     2|   16|     1|           32|
    |pixels_53_U   |pixels_RAM_AUTO_1R1W     |        0|  16|   1|    0|     2|   16|     1|           32|
    |pixels_54_U   |pixels_RAM_AUTO_1R1W     |        0|  16|   1|    0|     2|   16|     1|           32|
    |pixels_55_U   |pixels_RAM_AUTO_1R1W     |        0|  16|   1|    0|     2|   16|     1|           32|
    |pixels_56_U   |pixels_RAM_AUTO_1R1W     |        0|  16|   1|    0|     2|   16|     1|           32|
    |pixels_57_U   |pixels_RAM_AUTO_1R1W     |        0|  16|   1|    0|     2|   16|     1|           32|
    |pixels_58_U   |pixels_RAM_AUTO_1R1W     |        0|  16|   1|    0|     2|   16|     1|           32|
    |pixels_59_U   |pixels_RAM_AUTO_1R1W     |        0|  16|   1|    0|     2|   16|     1|           32|
    |pixels_60_U   |pixels_RAM_AUTO_1R1W     |        0|  16|   1|    0|     2|   16|     1|           32|
    |pixels_61_U   |pixels_RAM_AUTO_1R1W     |        0|  16|   1|    0|     2|   16|     1|           32|
    |pixels_62_U   |pixels_RAM_AUTO_1R1W     |        0|  16|   1|    0|     2|   16|     1|           32|
    |pixels_63_U   |pixels_RAM_AUTO_1R1W     |        0|  16|   1|    0|     2|   16|     1|           32|
    |pixels_64_U   |pixels_RAM_AUTO_1R1W     |        0|  16|   1|    0|     2|   16|     1|           32|
    |pixels_65_U   |pixels_RAM_AUTO_1R1W     |        0|  16|   1|    0|     2|   16|     1|           32|
    |pixels_66_U   |pixels_RAM_AUTO_1R1W     |        0|  16|   1|    0|     2|   16|     1|           32|
    |pixels_67_U   |pixels_RAM_AUTO_1R1W     |        0|  16|   1|    0|     2|   16|     1|           32|
    |pixels_68_U   |pixels_RAM_AUTO_1R1W     |        0|  16|   1|    0|     2|   16|     1|           32|
    |pixels_69_U   |pixels_RAM_AUTO_1R1W     |        0|  16|   1|    0|     2|   16|     1|           32|
    |pixels_70_U   |pixels_RAM_AUTO_1R1W     |        0|  16|   1|    0|     2|   16|     1|           32|
    |pixels_71_U   |pixels_RAM_AUTO_1R1W     |        0|  16|   1|    0|     2|   16|     1|           32|
    |pixels_72_U   |pixels_RAM_AUTO_1R1W     |        0|  16|   1|    0|     2|   16|     1|           32|
    |pixels_73_U   |pixels_RAM_AUTO_1R1W     |        0|  16|   1|    0|     2|   16|     1|           32|
    |pixels_74_U   |pixels_RAM_AUTO_1R1W     |        0|  16|   1|    0|     2|   16|     1|           32|
    |pixels_75_U   |pixels_RAM_AUTO_1R1W     |        0|  16|   1|    0|     2|   16|     1|           32|
    |pixels_76_U   |pixels_RAM_AUTO_1R1W     |        0|  16|   1|    0|     2|   16|     1|           32|
    |pixels_77_U   |pixels_RAM_AUTO_1R1W     |        0|  16|   1|    0|     2|   16|     1|           32|
    |pixels_78_U   |pixels_RAM_AUTO_1R1W     |        0|  16|   1|    0|     2|   16|     1|           32|
    |pixels_79_U   |pixels_RAM_AUTO_1R1W     |        0|  16|   1|    0|     2|   16|     1|           32|
    |pixels_80_U   |pixels_RAM_AUTO_1R1W     |        0|  16|   1|    0|     2|   16|     1|           32|
    |pixels_81_U   |pixels_RAM_AUTO_1R1W     |        0|  16|   1|    0|     2|   16|     1|           32|
    |pixels_82_U   |pixels_RAM_AUTO_1R1W     |        0|  16|   1|    0|     2|   16|     1|           32|
    |pixels_83_U   |pixels_RAM_AUTO_1R1W     |        0|  16|   1|    0|     2|   16|     1|           32|
    |pixels_84_U   |pixels_RAM_AUTO_1R1W     |        0|  16|   1|    0|     2|   16|     1|           32|
    |pixels_85_U   |pixels_RAM_AUTO_1R1W     |        0|  16|   1|    0|     2|   16|     1|           32|
    |pixels_86_U   |pixels_RAM_AUTO_1R1W     |        0|  16|   1|    0|     2|   16|     1|           32|
    |pixels_87_U   |pixels_RAM_AUTO_1R1W     |        0|  16|   1|    0|     2|   16|     1|           32|
    |pixels_88_U   |pixels_RAM_AUTO_1R1W     |        0|  16|   1|    0|     2|   16|     1|           32|
    |pixels_89_U   |pixels_RAM_AUTO_1R1W     |        0|  16|   1|    0|     2|   16|     1|           32|
    |pixels_90_U   |pixels_RAM_AUTO_1R1W     |        0|  16|   1|    0|     2|   16|     1|           32|
    |pixels_91_U   |pixels_RAM_AUTO_1R1W     |        0|  16|   1|    0|     2|   16|     1|           32|
    |pixels_92_U   |pixels_RAM_AUTO_1R1W     |        0|  16|   1|    0|     2|   16|     1|           32|
    |pixels_93_U   |pixels_RAM_AUTO_1R1W     |        0|  16|   1|    0|     2|   16|     1|           32|
    |pixels_94_U   |pixels_RAM_AUTO_1R1W     |        0|  16|   1|    0|     2|   16|     1|           32|
    |pixels_95_U   |pixels_RAM_AUTO_1R1W     |        0|  16|   1|    0|     2|   16|     1|           32|
    |pixels_96_U   |pixels_RAM_AUTO_1R1W     |        0|  16|   1|    0|     2|   16|     1|           32|
    |pixels_97_U   |pixels_RAM_AUTO_1R1W     |        0|  16|   1|    0|     2|   16|     1|           32|
    |pixels_98_U   |pixels_RAM_AUTO_1R1W     |        0|  16|   1|    0|     2|   16|     1|           32|
    |pixels_99_U   |pixels_RAM_AUTO_1R1W     |        0|  16|   1|    0|     2|   16|     1|           32|
    |pixels_100_U  |pixels_RAM_AUTO_1R1W     |        0|  16|   1|    0|     2|   16|     1|           32|
    |pixels_101_U  |pixels_RAM_AUTO_1R1W     |        0|  16|   1|    0|     2|   16|     1|           32|
    |pixels_102_U  |pixels_RAM_AUTO_1R1W     |        0|  16|   1|    0|     2|   16|     1|           32|
    |pixels_103_U  |pixels_RAM_AUTO_1R1W     |        0|  16|   1|    0|     2|   16|     1|           32|
    |pixels_104_U  |pixels_RAM_AUTO_1R1W     |        0|  16|   1|    0|     2|   16|     1|           32|
    |pixels_105_U  |pixels_RAM_AUTO_1R1W     |        0|  16|   1|    0|     2|   16|     1|           32|
    |pixels_106_U  |pixels_RAM_AUTO_1R1W     |        0|  16|   1|    0|     2|   16|     1|           32|
    |pixels_107_U  |pixels_RAM_AUTO_1R1W     |        0|  16|   1|    0|     2|   16|     1|           32|
    |pixels_108_U  |pixels_RAM_AUTO_1R1W     |        0|  16|   1|    0|     2|   16|     1|           32|
    |pixels_109_U  |pixels_RAM_AUTO_1R1W     |        0|  16|   1|    0|     2|   16|     1|           32|
    |pixels_110_U  |pixels_RAM_AUTO_1R1W     |        0|  16|   1|    0|     2|   16|     1|           32|
    |pixels_111_U  |pixels_RAM_AUTO_1R1W     |        0|  16|   1|    0|     2|   16|     1|           32|
    |pixels_112_U  |pixels_RAM_AUTO_1R1W     |        0|  16|   1|    0|     2|   16|     1|           32|
    |pixels_113_U  |pixels_RAM_AUTO_1R1W     |        0|  16|   1|    0|     2|   16|     1|           32|
    |pixels_114_U  |pixels_RAM_AUTO_1R1W     |        0|  16|   1|    0|     2|   16|     1|           32|
    |pixels_115_U  |pixels_RAM_AUTO_1R1W     |        0|  16|   1|    0|     2|   16|     1|           32|
    |pixels_116_U  |pixels_RAM_AUTO_1R1W     |        0|  16|   1|    0|     2|   16|     1|           32|
    |pixels_117_U  |pixels_RAM_AUTO_1R1W     |        0|  16|   1|    0|     2|   16|     1|           32|
    |pixels_118_U  |pixels_RAM_AUTO_1R1W     |        0|  16|   1|    0|     2|   16|     1|           32|
    |pixels_119_U  |pixels_RAM_AUTO_1R1W     |        0|  16|   1|    0|     2|   16|     1|           32|
    |pixels_120_U  |pixels_RAM_AUTO_1R1W     |        0|  16|   1|    0|     2|   16|     1|           32|
    |pixels_121_U  |pixels_RAM_AUTO_1R1W     |        0|  16|   1|    0|     2|   16|     1|           32|
    |pixels_122_U  |pixels_RAM_AUTO_1R1W     |        0|  16|   1|    0|     2|   16|     1|           32|
    |pixels_123_U  |pixels_RAM_AUTO_1R1W     |        0|  16|   1|    0|     2|   16|     1|           32|
    |pixels_124_U  |pixels_RAM_AUTO_1R1W     |        0|  16|   1|    0|     2|   16|     1|           32|
    |pixels_125_U  |pixels_RAM_AUTO_1R1W     |        0|  16|   1|    0|     2|   16|     1|           32|
    |pixels_126_U  |pixels_RAM_AUTO_1R1W     |        0|  16|   1|    0|     2|   16|     1|           32|
    |pixels_127_U  |pixels_RAM_AUTO_1R1W     |        0|  16|   1|    0|     2|   16|     1|           32|
    |pixels_128_U  |pixels_RAM_AUTO_1R1W     |        0|  16|   1|    0|     2|   16|     1|           32|
    |pixels_129_U  |pixels_RAM_AUTO_1R1W     |        0|  16|   1|    0|     2|   16|     1|           32|
    |pixels_130_U  |pixels_RAM_AUTO_1R1W     |        0|  16|   1|    0|     2|   16|     1|           32|
    |pixels_131_U  |pixels_RAM_AUTO_1R1W     |        0|  16|   1|    0|     2|   16|     1|           32|
    |pixels_132_U  |pixels_RAM_AUTO_1R1W     |        0|  16|   1|    0|     2|   16|     1|           32|
    |pixels_133_U  |pixels_RAM_AUTO_1R1W     |        0|  16|   1|    0|     2|   16|     1|           32|
    |pixels_134_U  |pixels_RAM_AUTO_1R1W     |        0|  16|   1|    0|     2|   16|     1|           32|
    |pixels_135_U  |pixels_RAM_AUTO_1R1W     |        0|  16|   1|    0|     2|   16|     1|           32|
    |pixels_136_U  |pixels_RAM_AUTO_1R1W     |        0|  16|   1|    0|     2|   16|     1|           32|
    |pixels_137_U  |pixels_RAM_AUTO_1R1W     |        0|  16|   1|    0|     2|   16|     1|           32|
    |pixels_138_U  |pixels_RAM_AUTO_1R1W     |        0|  16|   1|    0|     2|   16|     1|           32|
    |pixels_139_U  |pixels_RAM_AUTO_1R1W     |        0|  16|   1|    0|     2|   16|     1|           32|
    |pixels_140_U  |pixels_RAM_AUTO_1R1W     |        0|  16|   1|    0|     2|   16|     1|           32|
    |pixels_141_U  |pixels_RAM_AUTO_1R1W     |        0|  16|   1|    0|     2|   16|     1|           32|
    |pixels_142_U  |pixels_RAM_AUTO_1R1W     |        0|  16|   1|    0|     2|   16|     1|           32|
    |pixels_143_U  |pixels_RAM_AUTO_1R1W     |        0|  16|   1|    0|     2|   16|     1|           32|
    |pixels_144_U  |pixels_RAM_AUTO_1R1W     |        0|  16|   1|    0|     2|   16|     1|           32|
    |pixels_145_U  |pixels_RAM_AUTO_1R1W     |        0|  16|   1|    0|     2|   16|     1|           32|
    |pixels_146_U  |pixels_RAM_AUTO_1R1W     |        0|  16|   1|    0|     2|   16|     1|           32|
    |pixels_147_U  |pixels_RAM_AUTO_1R1W     |        0|  16|   1|    0|     2|   16|     1|           32|
    |pixels_148_U  |pixels_RAM_AUTO_1R1W     |        0|  16|   1|    0|     2|   16|     1|           32|
    |pixels_149_U  |pixels_RAM_AUTO_1R1W     |        0|  16|   1|    0|     2|   16|     1|           32|
    |pixels_150_U  |pixels_RAM_AUTO_1R1W     |        0|  16|   1|    0|     2|   16|     1|           32|
    |pixels_151_U  |pixels_RAM_AUTO_1R1W     |        0|  16|   1|    0|     2|   16|     1|           32|
    |pixels_152_U  |pixels_RAM_AUTO_1R1W     |        0|  16|   1|    0|     2|   16|     1|           32|
    |pixels_153_U  |pixels_RAM_AUTO_1R1W     |        0|  16|   1|    0|     2|   16|     1|           32|
    |pixels_154_U  |pixels_RAM_AUTO_1R1W     |        0|  16|   1|    0|     2|   16|     1|           32|
    |pixels_155_U  |pixels_RAM_AUTO_1R1W     |        0|  16|   1|    0|     2|   16|     1|           32|
    |pixels_156_U  |pixels_RAM_AUTO_1R1W     |        0|  16|   1|    0|     2|   16|     1|           32|
    |pixels_157_U  |pixels_RAM_AUTO_1R1W     |        0|  16|   1|    0|     2|   16|     1|           32|
    |pixels_158_U  |pixels_RAM_AUTO_1R1W     |        0|  16|   1|    0|     2|   16|     1|           32|
    |pixels_159_U  |pixels_RAM_AUTO_1R1W     |        0|  16|   1|    0|     2|   16|     1|           32|
    |pixels_160_U  |pixels_RAM_AUTO_1R1W     |        0|  16|   1|    0|     2|   16|     1|           32|
    |pixels_161_U  |pixels_RAM_AUTO_1R1W     |        0|  16|   1|    0|     2|   16|     1|           32|
    |pixels_162_U  |pixels_RAM_AUTO_1R1W     |        0|  16|   1|    0|     2|   16|     1|           32|
    |pixels_163_U  |pixels_RAM_AUTO_1R1W     |        0|  16|   1|    0|     2|   16|     1|           32|
    |pixels_164_U  |pixels_RAM_AUTO_1R1W     |        0|  16|   1|    0|     2|   16|     1|           32|
    |pixels_165_U  |pixels_RAM_AUTO_1R1W     |        0|  16|   1|    0|     2|   16|     1|           32|
    |pixels_166_U  |pixels_RAM_AUTO_1R1W     |        0|  16|   1|    0|     2|   16|     1|           32|
    |pixels_167_U  |pixels_RAM_AUTO_1R1W     |        0|  16|   1|    0|     2|   16|     1|           32|
    |pixels_168_U  |pixels_RAM_AUTO_1R1W     |        0|  16|   1|    0|     2|   16|     1|           32|
    |pixels_169_U  |pixels_RAM_AUTO_1R1W     |        0|  16|   1|    0|     2|   16|     1|           32|
    |pixels_170_U  |pixels_RAM_AUTO_1R1W     |        0|  16|   1|    0|     2|   16|     1|           32|
    |pixels_171_U  |pixels_RAM_AUTO_1R1W     |        0|  16|   1|    0|     2|   16|     1|           32|
    |pixels_172_U  |pixels_RAM_AUTO_1R1W     |        0|  16|   1|    0|     2|   16|     1|           32|
    |pixels_173_U  |pixels_RAM_AUTO_1R1W     |        0|  16|   1|    0|     2|   16|     1|           32|
    |pixels_174_U  |pixels_RAM_AUTO_1R1W     |        0|  16|   1|    0|     2|   16|     1|           32|
    |pixels_175_U  |pixels_RAM_AUTO_1R1W     |        0|  16|   1|    0|     2|   16|     1|           32|
    |pixels_176_U  |pixels_RAM_AUTO_1R1W     |        0|  16|   1|    0|     2|   16|     1|           32|
    |pixels_177_U  |pixels_RAM_AUTO_1R1W     |        0|  16|   1|    0|     2|   16|     1|           32|
    |pixels_178_U  |pixels_RAM_AUTO_1R1W     |        0|  16|   1|    0|     2|   16|     1|           32|
    |pixels_179_U  |pixels_RAM_AUTO_1R1W     |        0|  16|   1|    0|     2|   16|     1|           32|
    |ref_pixel_U   |ref_pixel_RAM_AUTO_1R1W  |        1|   0|   0|    0|   180|   16|     1|         2880|
    +--------------+-------------------------+---------+----+----+-----+------+-----+------+-------------+
    |Total         |                         |        1|2880| 180|    0|   540| 2896|   181|         8640|
    +--------------+-------------------------+---------+----+----+-----+------+-----+------+-------------+

    * FIFO: 
    N/A

    * Expression: 
    +---------------------------------------------------------------------------------+----------+----+---+----+------------+------------+
    |                                  Variable Name                                  | Operation| DSP| FF| LUT| Bitwidth P0| Bitwidth P1|
    +---------------------------------------------------------------------------------+----------+----+---+----+------------+------------+
    |grp_hyperspectral_hw_wrapped_Pipeline_VITIS_LOOP_93_2_fu_3056_out_stream_TREADY  |       and|   0|  0|   2|           1|           1|
    |ap_block_state102                                                                |        or|   0|  0|   2|           1|           1|
    |sub70_fu_3258_p2                                                                 |       xor|   0|  0|   2|           2|           1|
    +---------------------------------------------------------------------------------+----------+----+---+----+------------+------------+
    |Total                                                                            |          |   0|  0|   6|           4|           3|
    +---------------------------------------------------------------------------------+----------+----+---+----+------------+------------+

    * Multiplexer: 
    +--------------------------------+-----+-----------+-----+-----------+
    |              Name              | LUT | Input Size| Bits| Total Bits|
    +--------------------------------+-----+-----------+-----+-----------+
    |ap_NS_fsm                       |  513|        103|    1|        103|
    |in_stream_TREADY_int_regslice   |   14|          3|    1|          3|
    |out_stream_TDATA_blk_n          |    9|          2|    1|          2|
    |out_stream_TDATA_int_regslice   |   26|          5|   32|        160|
    |out_stream_TDEST_int_regslice   |   14|          3|    5|         15|
    |out_stream_TID_int_regslice     |   14|          3|    5|         15|
    |out_stream_TKEEP_int_regslice   |   14|          3|    4|         12|
    |out_stream_TLAST_int_regslice   |   20|          4|    1|          4|
    |out_stream_TSTRB_int_regslice   |   14|          3|    4|         12|
    |out_stream_TUSER_int_regslice   |   14|          3|    4|         12|
    |out_stream_TVALID_int_regslice  |   14|          3|    1|          3|
    |pixels_100_address0             |   14|          3|    1|          3|
    |pixels_100_ce0                  |   14|          3|    1|          3|
    |pixels_100_we0                  |    9|          2|    1|          2|
    |pixels_101_address0             |   14|          3|    1|          3|
    |pixels_101_ce0                  |   14|          3|    1|          3|
    |pixels_101_we0                  |    9|          2|    1|          2|
    |pixels_102_address0             |   14|          3|    1|          3|
    |pixels_102_ce0                  |   14|          3|    1|          3|
    |pixels_102_we0                  |    9|          2|    1|          2|
    |pixels_103_address0             |   14|          3|    1|          3|
    |pixels_103_ce0                  |   14|          3|    1|          3|
    |pixels_103_we0                  |    9|          2|    1|          2|
    |pixels_104_address0             |   14|          3|    1|          3|
    |pixels_104_ce0                  |   14|          3|    1|          3|
    |pixels_104_we0                  |    9|          2|    1|          2|
    |pixels_105_address0             |   14|          3|    1|          3|
    |pixels_105_ce0                  |   14|          3|    1|          3|
    |pixels_105_we0                  |    9|          2|    1|          2|
    |pixels_106_address0             |   14|          3|    1|          3|
    |pixels_106_ce0                  |   14|          3|    1|          3|
    |pixels_106_we0                  |    9|          2|    1|          2|
    |pixels_107_address0             |   14|          3|    1|          3|
    |pixels_107_ce0                  |   14|          3|    1|          3|
    |pixels_107_we0                  |    9|          2|    1|          2|
    |pixels_108_address0             |   14|          3|    1|          3|
    |pixels_108_ce0                  |   14|          3|    1|          3|
    |pixels_108_we0                  |    9|          2|    1|          2|
    |pixels_109_address0             |   14|          3|    1|          3|
    |pixels_109_ce0                  |   14|          3|    1|          3|
    |pixels_109_we0                  |    9|          2|    1|          2|
    |pixels_10_address0              |   14|          3|    1|          3|
    |pixels_10_ce0                   |   14|          3|    1|          3|
    |pixels_10_we0                   |    9|          2|    1|          2|
    |pixels_110_address0             |   14|          3|    1|          3|
    |pixels_110_ce0                  |   14|          3|    1|          3|
    |pixels_110_we0                  |    9|          2|    1|          2|
    |pixels_111_address0             |   14|          3|    1|          3|
    |pixels_111_ce0                  |   14|          3|    1|          3|
    |pixels_111_we0                  |    9|          2|    1|          2|
    |pixels_112_address0             |   14|          3|    1|          3|
    |pixels_112_ce0                  |   14|          3|    1|          3|
    |pixels_112_we0                  |    9|          2|    1|          2|
    |pixels_113_address0             |   14|          3|    1|          3|
    |pixels_113_ce0                  |   14|          3|    1|          3|
    |pixels_113_we0                  |    9|          2|    1|          2|
    |pixels_114_address0             |   14|          3|    1|          3|
    |pixels_114_ce0                  |   14|          3|    1|          3|
    |pixels_114_we0                  |    9|          2|    1|          2|
    |pixels_115_address0             |   14|          3|    1|          3|
    |pixels_115_ce0                  |   14|          3|    1|          3|
    |pixels_115_we0                  |    9|          2|    1|          2|
    |pixels_116_address0             |   14|          3|    1|          3|
    |pixels_116_ce0                  |   14|          3|    1|          3|
    |pixels_116_we0                  |    9|          2|    1|          2|
    |pixels_117_address0             |   14|          3|    1|          3|
    |pixels_117_ce0                  |   14|          3|    1|          3|
    |pixels_117_we0                  |    9|          2|    1|          2|
    |pixels_118_address0             |   14|          3|    1|          3|
    |pixels_118_ce0                  |   14|          3|    1|          3|
    |pixels_118_we0                  |    9|          2|    1|          2|
    |pixels_119_address0             |   14|          3|    1|          3|
    |pixels_119_ce0                  |   14|          3|    1|          3|
    |pixels_119_we0                  |    9|          2|    1|          2|
    |pixels_11_address0              |   14|          3|    1|          3|
    |pixels_11_ce0                   |   14|          3|    1|          3|
    |pixels_11_we0                   |    9|          2|    1|          2|
    |pixels_120_address0             |   14|          3|    1|          3|
    |pixels_120_ce0                  |   14|          3|    1|          3|
    |pixels_120_we0                  |    9|          2|    1|          2|
    |pixels_121_address0             |   14|          3|    1|          3|
    |pixels_121_ce0                  |   14|          3|    1|          3|
    |pixels_121_we0                  |    9|          2|    1|          2|
    |pixels_122_address0             |   14|          3|    1|          3|
    |pixels_122_ce0                  |   14|          3|    1|          3|
    |pixels_122_we0                  |    9|          2|    1|          2|
    |pixels_123_address0             |   14|          3|    1|          3|
    |pixels_123_ce0                  |   14|          3|    1|          3|
    |pixels_123_we0                  |    9|          2|    1|          2|
    |pixels_124_address0             |   14|          3|    1|          3|
    |pixels_124_ce0                  |   14|          3|    1|          3|
    |pixels_124_we0                  |    9|          2|    1|          2|
    |pixels_125_address0             |   14|          3|    1|          3|
    |pixels_125_ce0                  |   14|          3|    1|          3|
    |pixels_125_we0                  |    9|          2|    1|          2|
    |pixels_126_address0             |   14|          3|    1|          3|
    |pixels_126_ce0                  |   14|          3|    1|          3|
    |pixels_126_we0                  |    9|          2|    1|          2|
    |pixels_127_address0             |   14|          3|    1|          3|
    |pixels_127_ce0                  |   14|          3|    1|          3|
    |pixels_127_we0                  |    9|          2|    1|          2|
    |pixels_128_address0             |   14|          3|    1|          3|
    |pixels_128_ce0                  |   14|          3|    1|          3|
    |pixels_128_we0                  |    9|          2|    1|          2|
    |pixels_129_address0             |   14|          3|    1|          3|
    |pixels_129_ce0                  |   14|          3|    1|          3|
    |pixels_129_we0                  |    9|          2|    1|          2|
    |pixels_12_address0              |   14|          3|    1|          3|
    |pixels_12_ce0                   |   14|          3|    1|          3|
    |pixels_12_we0                   |    9|          2|    1|          2|
    |pixels_130_address0             |   14|          3|    1|          3|
    |pixels_130_ce0                  |   14|          3|    1|          3|
    |pixels_130_we0                  |    9|          2|    1|          2|
    |pixels_131_address0             |   14|          3|    1|          3|
    |pixels_131_ce0                  |   14|          3|    1|          3|
    |pixels_131_we0                  |    9|          2|    1|          2|
    |pixels_132_address0             |   14|          3|    1|          3|
    |pixels_132_ce0                  |   14|          3|    1|          3|
    |pixels_132_we0                  |    9|          2|    1|          2|
    |pixels_133_address0             |   14|          3|    1|          3|
    |pixels_133_ce0                  |   14|          3|    1|          3|
    |pixels_133_we0                  |    9|          2|    1|          2|
    |pixels_134_address0             |   14|          3|    1|          3|
    |pixels_134_ce0                  |   14|          3|    1|          3|
    |pixels_134_we0                  |    9|          2|    1|          2|
    |pixels_135_address0             |   14|          3|    1|          3|
    |pixels_135_ce0                  |   14|          3|    1|          3|
    |pixels_135_we0                  |    9|          2|    1|          2|
    |pixels_136_address0             |   14|          3|    1|          3|
    |pixels_136_ce0                  |   14|          3|    1|          3|
    |pixels_136_we0                  |    9|          2|    1|          2|
    |pixels_137_address0             |   14|          3|    1|          3|
    |pixels_137_ce0                  |   14|          3|    1|          3|
    |pixels_137_we0                  |    9|          2|    1|          2|
    |pixels_138_address0             |   14|          3|    1|          3|
    |pixels_138_ce0                  |   14|          3|    1|          3|
    |pixels_138_we0                  |    9|          2|    1|          2|
    |pixels_139_address0             |   14|          3|    1|          3|
    |pixels_139_ce0                  |   14|          3|    1|          3|
    |pixels_139_we0                  |    9|          2|    1|          2|
    |pixels_13_address0              |   14|          3|    1|          3|
    |pixels_13_ce0                   |   14|          3|    1|          3|
    |pixels_13_we0                   |    9|          2|    1|          2|
    |pixels_140_address0             |   14|          3|    1|          3|
    |pixels_140_ce0                  |   14|          3|    1|          3|
    |pixels_140_we0                  |    9|          2|    1|          2|
    |pixels_141_address0             |   14|          3|    1|          3|
    |pixels_141_ce0                  |   14|          3|    1|          3|
    |pixels_141_we0                  |    9|          2|    1|          2|
    |pixels_142_address0             |   14|          3|    1|          3|
    |pixels_142_ce0                  |   14|          3|    1|          3|
    |pixels_142_we0                  |    9|          2|    1|          2|
    |pixels_143_address0             |   14|          3|    1|          3|
    |pixels_143_ce0                  |   14|          3|    1|          3|
    |pixels_143_we0                  |    9|          2|    1|          2|
    |pixels_144_address0             |   14|          3|    1|          3|
    |pixels_144_ce0                  |   14|          3|    1|          3|
    |pixels_144_we0                  |    9|          2|    1|          2|
    |pixels_145_address0             |   14|          3|    1|          3|
    |pixels_145_ce0                  |   14|          3|    1|          3|
    |pixels_145_we0                  |    9|          2|    1|          2|
    |pixels_146_address0             |   14|          3|    1|          3|
    |pixels_146_ce0                  |   14|          3|    1|          3|
    |pixels_146_we0                  |    9|          2|    1|          2|
    |pixels_147_address0             |   14|          3|    1|          3|
    |pixels_147_ce0                  |   14|          3|    1|          3|
    |pixels_147_we0                  |    9|          2|    1|          2|
    |pixels_148_address0             |   14|          3|    1|          3|
    |pixels_148_ce0                  |   14|          3|    1|          3|
    |pixels_148_we0                  |    9|          2|    1|          2|
    |pixels_149_address0             |   14|          3|    1|          3|
    |pixels_149_ce0                  |   14|          3|    1|          3|
    |pixels_149_we0                  |    9|          2|    1|          2|
    |pixels_14_address0              |   14|          3|    1|          3|
    |pixels_14_ce0                   |   14|          3|    1|          3|
    |pixels_14_we0                   |    9|          2|    1|          2|
    |pixels_150_address0             |   14|          3|    1|          3|
    |pixels_150_ce0                  |   14|          3|    1|          3|
    |pixels_150_we0                  |    9|          2|    1|          2|
    |pixels_151_address0             |   14|          3|    1|          3|
    |pixels_151_ce0                  |   14|          3|    1|          3|
    |pixels_151_we0                  |    9|          2|    1|          2|
    |pixels_152_address0             |   14|          3|    1|          3|
    |pixels_152_ce0                  |   14|          3|    1|          3|
    |pixels_152_we0                  |    9|          2|    1|          2|
    |pixels_153_address0             |   14|          3|    1|          3|
    |pixels_153_ce0                  |   14|          3|    1|          3|
    |pixels_153_we0                  |    9|          2|    1|          2|
    |pixels_154_address0             |   14|          3|    1|          3|
    |pixels_154_ce0                  |   14|          3|    1|          3|
    |pixels_154_we0                  |    9|          2|    1|          2|
    |pixels_155_address0             |   14|          3|    1|          3|
    |pixels_155_ce0                  |   14|          3|    1|          3|
    |pixels_155_we0                  |    9|          2|    1|          2|
    |pixels_156_address0             |   14|          3|    1|          3|
    |pixels_156_ce0                  |   14|          3|    1|          3|
    |pixels_156_we0                  |    9|          2|    1|          2|
    |pixels_157_address0             |   14|          3|    1|          3|
    |pixels_157_ce0                  |   14|          3|    1|          3|
    |pixels_157_we0                  |    9|          2|    1|          2|
    |pixels_158_address0             |   14|          3|    1|          3|
    |pixels_158_ce0                  |   14|          3|    1|          3|
    |pixels_158_we0                  |    9|          2|    1|          2|
    |pixels_159_address0             |   14|          3|    1|          3|
    |pixels_159_ce0                  |   14|          3|    1|          3|
    |pixels_159_we0                  |    9|          2|    1|          2|
    |pixels_15_address0              |   14|          3|    1|          3|
    |pixels_15_ce0                   |   14|          3|    1|          3|
    |pixels_15_we0                   |    9|          2|    1|          2|
    |pixels_160_address0             |   14|          3|    1|          3|
    |pixels_160_ce0                  |   14|          3|    1|          3|
    |pixels_160_we0                  |    9|          2|    1|          2|
    |pixels_161_address0             |   14|          3|    1|          3|
    |pixels_161_ce0                  |   14|          3|    1|          3|
    |pixels_161_we0                  |    9|          2|    1|          2|
    |pixels_162_address0             |   14|          3|    1|          3|
    |pixels_162_ce0                  |   14|          3|    1|          3|
    |pixels_162_we0                  |    9|          2|    1|          2|
    |pixels_163_address0             |   14|          3|    1|          3|
    |pixels_163_ce0                  |   14|          3|    1|          3|
    |pixels_163_we0                  |    9|          2|    1|          2|
    |pixels_164_address0             |   14|          3|    1|          3|
    |pixels_164_ce0                  |   14|          3|    1|          3|
    |pixels_164_we0                  |    9|          2|    1|          2|
    |pixels_165_address0             |   14|          3|    1|          3|
    |pixels_165_ce0                  |   14|          3|    1|          3|
    |pixels_165_we0                  |    9|          2|    1|          2|
    |pixels_166_address0             |   14|          3|    1|          3|
    |pixels_166_ce0                  |   14|          3|    1|          3|
    |pixels_166_we0                  |    9|          2|    1|          2|
    |pixels_167_address0             |   14|          3|    1|          3|
    |pixels_167_ce0                  |   14|          3|    1|          3|
    |pixels_167_we0                  |    9|          2|    1|          2|
    |pixels_168_address0             |   14|          3|    1|          3|
    |pixels_168_ce0                  |   14|          3|    1|          3|
    |pixels_168_we0                  |    9|          2|    1|          2|
    |pixels_169_address0             |   14|          3|    1|          3|
    |pixels_169_ce0                  |   14|          3|    1|          3|
    |pixels_169_we0                  |    9|          2|    1|          2|
    |pixels_16_address0              |   14|          3|    1|          3|
    |pixels_16_ce0                   |   14|          3|    1|          3|
    |pixels_16_we0                   |    9|          2|    1|          2|
    |pixels_170_address0             |   14|          3|    1|          3|
    |pixels_170_ce0                  |   14|          3|    1|          3|
    |pixels_170_we0                  |    9|          2|    1|          2|
    |pixels_171_address0             |   14|          3|    1|          3|
    |pixels_171_ce0                  |   14|          3|    1|          3|
    |pixels_171_we0                  |    9|          2|    1|          2|
    |pixels_172_address0             |   14|          3|    1|          3|
    |pixels_172_ce0                  |   14|          3|    1|          3|
    |pixels_172_we0                  |    9|          2|    1|          2|
    |pixels_173_address0             |   14|          3|    1|          3|
    |pixels_173_ce0                  |   14|          3|    1|          3|
    |pixels_173_we0                  |    9|          2|    1|          2|
    |pixels_174_address0             |   14|          3|    1|          3|
    |pixels_174_ce0                  |   14|          3|    1|          3|
    |pixels_174_we0                  |    9|          2|    1|          2|
    |pixels_175_address0             |   14|          3|    1|          3|
    |pixels_175_ce0                  |   14|          3|    1|          3|
    |pixels_175_we0                  |    9|          2|    1|          2|
    |pixels_176_address0             |   14|          3|    1|          3|
    |pixels_176_ce0                  |   14|          3|    1|          3|
    |pixels_176_we0                  |    9|          2|    1|          2|
    |pixels_177_address0             |   14|          3|    1|          3|
    |pixels_177_ce0                  |   14|          3|    1|          3|
    |pixels_177_we0                  |    9|          2|    1|          2|
    |pixels_178_address0             |   14|          3|    1|          3|
    |pixels_178_ce0                  |   14|          3|    1|          3|
    |pixels_178_we0                  |    9|          2|    1|          2|
    |pixels_179_address0             |   14|          3|    1|          3|
    |pixels_179_ce0                  |   14|          3|    1|          3|
    |pixels_179_we0                  |    9|          2|    1|          2|
    |pixels_17_address0              |   14|          3|    1|          3|
    |pixels_17_ce0                   |   14|          3|    1|          3|
    |pixels_17_we0                   |    9|          2|    1|          2|
    |pixels_18_address0              |   14|          3|    1|          3|
    |pixels_18_ce0                   |   14|          3|    1|          3|
    |pixels_18_we0                   |    9|          2|    1|          2|
    |pixels_19_address0              |   14|          3|    1|          3|
    |pixels_19_ce0                   |   14|          3|    1|          3|
    |pixels_19_we0                   |    9|          2|    1|          2|
    |pixels_1_address0               |   14|          3|    1|          3|
    |pixels_1_ce0                    |   14|          3|    1|          3|
    |pixels_1_we0                    |    9|          2|    1|          2|
    |pixels_20_address0              |   14|          3|    1|          3|
    |pixels_20_ce0                   |   14|          3|    1|          3|
    |pixels_20_we0                   |    9|          2|    1|          2|
    |pixels_21_address0              |   14|          3|    1|          3|
    |pixels_21_ce0                   |   14|          3|    1|          3|
    |pixels_21_we0                   |    9|          2|    1|          2|
    |pixels_22_address0              |   14|          3|    1|          3|
    |pixels_22_ce0                   |   14|          3|    1|          3|
    |pixels_22_we0                   |    9|          2|    1|          2|
    |pixels_23_address0              |   14|          3|    1|          3|
    |pixels_23_ce0                   |   14|          3|    1|          3|
    |pixels_23_we0                   |    9|          2|    1|          2|
    |pixels_24_address0              |   14|          3|    1|          3|
    |pixels_24_ce0                   |   14|          3|    1|          3|
    |pixels_24_we0                   |    9|          2|    1|          2|
    |pixels_25_address0              |   14|          3|    1|          3|
    |pixels_25_ce0                   |   14|          3|    1|          3|
    |pixels_25_we0                   |    9|          2|    1|          2|
    |pixels_26_address0              |   14|          3|    1|          3|
    |pixels_26_ce0                   |   14|          3|    1|          3|
    |pixels_26_we0                   |    9|          2|    1|          2|
    |pixels_27_address0              |   14|          3|    1|          3|
    |pixels_27_ce0                   |   14|          3|    1|          3|
    |pixels_27_we0                   |    9|          2|    1|          2|
    |pixels_28_address0              |   14|          3|    1|          3|
    |pixels_28_ce0                   |   14|          3|    1|          3|
    |pixels_28_we0                   |    9|          2|    1|          2|
    |pixels_29_address0              |   14|          3|    1|          3|
    |pixels_29_ce0                   |   14|          3|    1|          3|
    |pixels_29_we0                   |    9|          2|    1|          2|
    |pixels_2_address0               |   14|          3|    1|          3|
    |pixels_2_ce0                    |   14|          3|    1|          3|
    |pixels_2_we0                    |    9|          2|    1|          2|
    |pixels_30_address0              |   14|          3|    1|          3|
    |pixels_30_ce0                   |   14|          3|    1|          3|
    |pixels_30_we0                   |    9|          2|    1|          2|
    |pixels_31_address0              |   14|          3|    1|          3|
    |pixels_31_ce0                   |   14|          3|    1|          3|
    |pixels_31_we0                   |    9|          2|    1|          2|
    |pixels_32_address0              |   14|          3|    1|          3|
    |pixels_32_ce0                   |   14|          3|    1|          3|
    |pixels_32_we0                   |    9|          2|    1|          2|
    |pixels_33_address0              |   14|          3|    1|          3|
    |pixels_33_ce0                   |   14|          3|    1|          3|
    |pixels_33_we0                   |    9|          2|    1|          2|
    |pixels_34_address0              |   14|          3|    1|          3|
    |pixels_34_ce0                   |   14|          3|    1|          3|
    |pixels_34_we0                   |    9|          2|    1|          2|
    |pixels_35_address0              |   14|          3|    1|          3|
    |pixels_35_ce0                   |   14|          3|    1|          3|
    |pixels_35_we0                   |    9|          2|    1|          2|
    |pixels_36_address0              |   14|          3|    1|          3|
    |pixels_36_ce0                   |   14|          3|    1|          3|
    |pixels_36_we0                   |    9|          2|    1|          2|
    |pixels_37_address0              |   14|          3|    1|          3|
    |pixels_37_ce0                   |   14|          3|    1|          3|
    |pixels_37_we0                   |    9|          2|    1|          2|
    |pixels_38_address0              |   14|          3|    1|          3|
    |pixels_38_ce0                   |   14|          3|    1|          3|
    |pixels_38_we0                   |    9|          2|    1|          2|
    |pixels_39_address0              |   14|          3|    1|          3|
    |pixels_39_ce0                   |   14|          3|    1|          3|
    |pixels_39_we0                   |    9|          2|    1|          2|
    |pixels_3_address0               |   14|          3|    1|          3|
    |pixels_3_ce0                    |   14|          3|    1|          3|
    |pixels_3_we0                    |    9|          2|    1|          2|
    |pixels_40_address0              |   14|          3|    1|          3|
    |pixels_40_ce0                   |   14|          3|    1|          3|
    |pixels_40_we0                   |    9|          2|    1|          2|
    |pixels_41_address0              |   14|          3|    1|          3|
    |pixels_41_ce0                   |   14|          3|    1|          3|
    |pixels_41_we0                   |    9|          2|    1|          2|
    |pixels_42_address0              |   14|          3|    1|          3|
    |pixels_42_ce0                   |   14|          3|    1|          3|
    |pixels_42_we0                   |    9|          2|    1|          2|
    |pixels_43_address0              |   14|          3|    1|          3|
    |pixels_43_ce0                   |   14|          3|    1|          3|
    |pixels_43_we0                   |    9|          2|    1|          2|
    |pixels_44_address0              |   14|          3|    1|          3|
    |pixels_44_ce0                   |   14|          3|    1|          3|
    |pixels_44_we0                   |    9|          2|    1|          2|
    |pixels_45_address0              |   14|          3|    1|          3|
    |pixels_45_ce0                   |   14|          3|    1|          3|
    |pixels_45_we0                   |    9|          2|    1|          2|
    |pixels_46_address0              |   14|          3|    1|          3|
    |pixels_46_ce0                   |   14|          3|    1|          3|
    |pixels_46_we0                   |    9|          2|    1|          2|
    |pixels_47_address0              |   14|          3|    1|          3|
    |pixels_47_ce0                   |   14|          3|    1|          3|
    |pixels_47_we0                   |    9|          2|    1|          2|
    |pixels_48_address0              |   14|          3|    1|          3|
    |pixels_48_ce0                   |   14|          3|    1|          3|
    |pixels_48_we0                   |    9|          2|    1|          2|
    |pixels_49_address0              |   14|          3|    1|          3|
    |pixels_49_ce0                   |   14|          3|    1|          3|
    |pixels_49_we0                   |    9|          2|    1|          2|
    |pixels_4_address0               |   14|          3|    1|          3|
    |pixels_4_ce0                    |   14|          3|    1|          3|
    |pixels_4_we0                    |    9|          2|    1|          2|
    |pixels_50_address0              |   14|          3|    1|          3|
    |pixels_50_ce0                   |   14|          3|    1|          3|
    |pixels_50_we0                   |    9|          2|    1|          2|
    |pixels_51_address0              |   14|          3|    1|          3|
    |pixels_51_ce0                   |   14|          3|    1|          3|
    |pixels_51_we0                   |    9|          2|    1|          2|
    |pixels_52_address0              |   14|          3|    1|          3|
    |pixels_52_ce0                   |   14|          3|    1|          3|
    |pixels_52_we0                   |    9|          2|    1|          2|
    |pixels_53_address0              |   14|          3|    1|          3|
    |pixels_53_ce0                   |   14|          3|    1|          3|
    |pixels_53_we0                   |    9|          2|    1|          2|
    |pixels_54_address0              |   14|          3|    1|          3|
    |pixels_54_ce0                   |   14|          3|    1|          3|
    |pixels_54_we0                   |    9|          2|    1|          2|
    |pixels_55_address0              |   14|          3|    1|          3|
    |pixels_55_ce0                   |   14|          3|    1|          3|
    |pixels_55_we0                   |    9|          2|    1|          2|
    |pixels_56_address0              |   14|          3|    1|          3|
    |pixels_56_ce0                   |   14|          3|    1|          3|
    |pixels_56_we0                   |    9|          2|    1|          2|
    |pixels_57_address0              |   14|          3|    1|          3|
    |pixels_57_ce0                   |   14|          3|    1|          3|
    |pixels_57_we0                   |    9|          2|    1|          2|
    |pixels_58_address0              |   14|          3|    1|          3|
    |pixels_58_ce0                   |   14|          3|    1|          3|
    |pixels_58_we0                   |    9|          2|    1|          2|
    |pixels_59_address0              |   14|          3|    1|          3|
    |pixels_59_ce0                   |   14|          3|    1|          3|
    |pixels_59_we0                   |    9|          2|    1|          2|
    |pixels_5_address0               |   14|          3|    1|          3|
    |pixels_5_ce0                    |   14|          3|    1|          3|
    |pixels_5_we0                    |    9|          2|    1|          2|
    |pixels_60_address0              |   14|          3|    1|          3|
    |pixels_60_ce0                   |   14|          3|    1|          3|
    |pixels_60_we0                   |    9|          2|    1|          2|
    |pixels_61_address0              |   14|          3|    1|          3|
    |pixels_61_ce0                   |   14|          3|    1|          3|
    |pixels_61_we0                   |    9|          2|    1|          2|
    |pixels_62_address0              |   14|          3|    1|          3|
    |pixels_62_ce0                   |   14|          3|    1|          3|
    |pixels_62_we0                   |    9|          2|    1|          2|
    |pixels_63_address0              |   14|          3|    1|          3|
    |pixels_63_ce0                   |   14|          3|    1|          3|
    |pixels_63_we0                   |    9|          2|    1|          2|
    |pixels_64_address0              |   14|          3|    1|          3|
    |pixels_64_ce0                   |   14|          3|    1|          3|
    |pixels_64_we0                   |    9|          2|    1|          2|
    |pixels_65_address0              |   14|          3|    1|          3|
    |pixels_65_ce0                   |   14|          3|    1|          3|
    |pixels_65_we0                   |    9|          2|    1|          2|
    |pixels_66_address0              |   14|          3|    1|          3|
    |pixels_66_ce0                   |   14|          3|    1|          3|
    |pixels_66_we0                   |    9|          2|    1|          2|
    |pixels_67_address0              |   14|          3|    1|          3|
    |pixels_67_ce0                   |   14|          3|    1|          3|
    |pixels_67_we0                   |    9|          2|    1|          2|
    |pixels_68_address0              |   14|          3|    1|          3|
    |pixels_68_ce0                   |   14|          3|    1|          3|
    |pixels_68_we0                   |    9|          2|    1|          2|
    |pixels_69_address0              |   14|          3|    1|          3|
    |pixels_69_ce0                   |   14|          3|    1|          3|
    |pixels_69_we0                   |    9|          2|    1|          2|
    |pixels_6_address0               |   14|          3|    1|          3|
    |pixels_6_ce0                    |   14|          3|    1|          3|
    |pixels_6_we0                    |    9|          2|    1|          2|
    |pixels_70_address0              |   14|          3|    1|          3|
    |pixels_70_ce0                   |   14|          3|    1|          3|
    |pixels_70_we0                   |    9|          2|    1|          2|
    |pixels_71_address0              |   14|          3|    1|          3|
    |pixels_71_ce0                   |   14|          3|    1|          3|
    |pixels_71_we0                   |    9|          2|    1|          2|
    |pixels_72_address0              |   14|          3|    1|          3|
    |pixels_72_ce0                   |   14|          3|    1|          3|
    |pixels_72_we0                   |    9|          2|    1|          2|
    |pixels_73_address0              |   14|          3|    1|          3|
    |pixels_73_ce0                   |   14|          3|    1|          3|
    |pixels_73_we0                   |    9|          2|    1|          2|
    |pixels_74_address0              |   14|          3|    1|          3|
    |pixels_74_ce0                   |   14|          3|    1|          3|
    |pixels_74_we0                   |    9|          2|    1|          2|
    |pixels_75_address0              |   14|          3|    1|          3|
    |pixels_75_ce0                   |   14|          3|    1|          3|
    |pixels_75_we0                   |    9|          2|    1|          2|
    |pixels_76_address0              |   14|          3|    1|          3|
    |pixels_76_ce0                   |   14|          3|    1|          3|
    |pixels_76_we0                   |    9|          2|    1|          2|
    |pixels_77_address0              |   14|          3|    1|          3|
    |pixels_77_ce0                   |   14|          3|    1|          3|
    |pixels_77_we0                   |    9|          2|    1|          2|
    |pixels_78_address0              |   14|          3|    1|          3|
    |pixels_78_ce0                   |   14|          3|    1|          3|
    |pixels_78_we0                   |    9|          2|    1|          2|
    |pixels_79_address0              |   14|          3|    1|          3|
    |pixels_79_ce0                   |   14|          3|    1|          3|
    |pixels_79_we0                   |    9|          2|    1|          2|
    |pixels_7_address0               |   14|          3|    1|          3|
    |pixels_7_ce0                    |   14|          3|    1|          3|
    |pixels_7_we0                    |    9|          2|    1|          2|
    |pixels_80_address0              |   14|          3|    1|          3|
    |pixels_80_ce0                   |   14|          3|    1|          3|
    |pixels_80_we0                   |    9|          2|    1|          2|
    |pixels_81_address0              |   14|          3|    1|          3|
    |pixels_81_ce0                   |   14|          3|    1|          3|
    |pixels_81_we0                   |    9|          2|    1|          2|
    |pixels_82_address0              |   14|          3|    1|          3|
    |pixels_82_ce0                   |   14|          3|    1|          3|
    |pixels_82_we0                   |    9|          2|    1|          2|
    |pixels_83_address0              |   14|          3|    1|          3|
    |pixels_83_ce0                   |   14|          3|    1|          3|
    |pixels_83_we0                   |    9|          2|    1|          2|
    |pixels_84_address0              |   14|          3|    1|          3|
    |pixels_84_ce0                   |   14|          3|    1|          3|
    |pixels_84_we0                   |    9|          2|    1|          2|
    |pixels_85_address0              |   14|          3|    1|          3|
    |pixels_85_ce0                   |   14|          3|    1|          3|
    |pixels_85_we0                   |    9|          2|    1|          2|
    |pixels_86_address0              |   14|          3|    1|          3|
    |pixels_86_ce0                   |   14|          3|    1|          3|
    |pixels_86_we0                   |    9|          2|    1|          2|
    |pixels_87_address0              |   14|          3|    1|          3|
    |pixels_87_ce0                   |   14|          3|    1|          3|
    |pixels_87_we0                   |    9|          2|    1|          2|
    |pixels_88_address0              |   14|          3|    1|          3|
    |pixels_88_ce0                   |   14|          3|    1|          3|
    |pixels_88_we0                   |    9|          2|    1|          2|
    |pixels_89_address0              |   14|          3|    1|          3|
    |pixels_89_ce0                   |   14|          3|    1|          3|
    |pixels_89_we0                   |    9|          2|    1|          2|
    |pixels_8_address0               |   14|          3|    1|          3|
    |pixels_8_ce0                    |   14|          3|    1|          3|
    |pixels_8_we0                    |    9|          2|    1|          2|
    |pixels_90_address0              |   14|          3|    1|          3|
    |pixels_90_ce0                   |   14|          3|    1|          3|
    |pixels_90_we0                   |    9|          2|    1|          2|
    |pixels_91_address0              |   14|          3|    1|          3|
    |pixels_91_ce0                   |   14|          3|    1|          3|
    |pixels_91_we0                   |    9|          2|    1|          2|
    |pixels_92_address0              |   14|          3|    1|          3|
    |pixels_92_ce0                   |   14|          3|    1|          3|
    |pixels_92_we0                   |    9|          2|    1|          2|
    |pixels_93_address0              |   14|          3|    1|          3|
    |pixels_93_ce0                   |   14|          3|    1|          3|
    |pixels_93_we0                   |    9|          2|    1|          2|
    |pixels_94_address0              |   14|          3|    1|          3|
    |pixels_94_ce0                   |   14|          3|    1|          3|
    |pixels_94_we0                   |    9|          2|    1|          2|
    |pixels_95_address0              |   14|          3|    1|          3|
    |pixels_95_ce0                   |   14|          3|    1|          3|
    |pixels_95_we0                   |    9|          2|    1|          2|
    |pixels_96_address0              |   14|          3|    1|          3|
    |pixels_96_ce0                   |   14|          3|    1|          3|
    |pixels_96_we0                   |    9|          2|    1|          2|
    |pixels_97_address0              |   14|          3|    1|          3|
    |pixels_97_ce0                   |   14|          3|    1|          3|
    |pixels_97_we0                   |    9|          2|    1|          2|
    |pixels_98_address0              |   14|          3|    1|          3|
    |pixels_98_ce0                   |   14|          3|    1|          3|
    |pixels_98_we0                   |    9|          2|    1|          2|
    |pixels_99_address0              |   14|          3|    1|          3|
    |pixels_99_ce0                   |   14|          3|    1|          3|
    |pixels_99_we0                   |    9|          2|    1|          2|
    |pixels_9_address0               |   14|          3|    1|          3|
    |pixels_9_ce0                    |   14|          3|    1|          3|
    |pixels_9_we0                    |    9|          2|    1|          2|
    |pixels_address0                 |   14|          3|    1|          3|
    |pixels_ce0                      |   14|          3|    1|          3|
    |pixels_we0                      |    9|          2|    1|          2|
    |ref_pixel_address0              |  465|         92|    8|        736|
    |ref_pixel_address1              |  465|         92|    8|        736|
    |ref_pixel_ce0                   |   14|          3|    1|          3|
    |ref_pixel_ce1                   |   14|          3|    1|          3|
    |ref_pixel_we0                   |    9|          2|    1|          2|
    |ref_pixel_we1                   |    9|          2|    1|          2|
    +--------------------------------+-----+-----------+-----+-----------+
    |Total                           | 8302|       1769|  619|       3263|
    +--------------------------------+-----+-----------+-----+-----------+

    * Register: 
    +----------------------------------------------------------------------------+-----+----+-----+-----------+
    |                                    Name                                    |  FF | LUT| Bits| Const Bits|
    +----------------------------------------------------------------------------+-----+----+-----+-----------+
    |active_idx_2_loc_fu_432                                                     |    1|   0|    1|          0|
    |ap_CS_fsm                                                                   |  102|   0|  102|          0|
    |grp_hyperspectral_hw_wrapped_Pipeline_L1_fu_2672_ap_start_reg               |    1|   0|    1|          0|
    |grp_hyperspectral_hw_wrapped_Pipeline_VITIS_LOOP_52_1_fu_2653_ap_start_reg  |    1|   0|    1|          0|
    |grp_hyperspectral_hw_wrapped_Pipeline_VITIS_LOOP_93_2_fu_3056_ap_start_reg  |    1|   0|    1|          0|
    |ref_pixel_load_100_reg_4315                                                 |   16|   0|   16|          0|
    |ref_pixel_load_101_reg_4320                                                 |   16|   0|   16|          0|
    |ref_pixel_load_102_reg_4335                                                 |   16|   0|   16|          0|
    |ref_pixel_load_103_reg_4340                                                 |   16|   0|   16|          0|
    |ref_pixel_load_104_reg_4355                                                 |   16|   0|   16|          0|
    |ref_pixel_load_105_reg_4360                                                 |   16|   0|   16|          0|
    |ref_pixel_load_106_reg_4375                                                 |   16|   0|   16|          0|
    |ref_pixel_load_107_reg_4380                                                 |   16|   0|   16|          0|
    |ref_pixel_load_108_reg_4395                                                 |   16|   0|   16|          0|
    |ref_pixel_load_109_reg_4400                                                 |   16|   0|   16|          0|
    |ref_pixel_load_10_reg_3415                                                  |   16|   0|   16|          0|
    |ref_pixel_load_110_reg_4415                                                 |   16|   0|   16|          0|
    |ref_pixel_load_111_reg_4420                                                 |   16|   0|   16|          0|
    |ref_pixel_load_112_reg_4435                                                 |   16|   0|   16|          0|
    |ref_pixel_load_113_reg_4440                                                 |   16|   0|   16|          0|
    |ref_pixel_load_114_reg_4455                                                 |   16|   0|   16|          0|
    |ref_pixel_load_115_reg_4460                                                 |   16|   0|   16|          0|
    |ref_pixel_load_116_reg_4475                                                 |   16|   0|   16|          0|
    |ref_pixel_load_117_reg_4480                                                 |   16|   0|   16|          0|
    |ref_pixel_load_118_reg_4495                                                 |   16|   0|   16|          0|
    |ref_pixel_load_119_reg_4500                                                 |   16|   0|   16|          0|
    |ref_pixel_load_11_reg_3420                                                  |   16|   0|   16|          0|
    |ref_pixel_load_120_reg_4515                                                 |   16|   0|   16|          0|
    |ref_pixel_load_121_reg_4520                                                 |   16|   0|   16|          0|
    |ref_pixel_load_122_reg_4535                                                 |   16|   0|   16|          0|
    |ref_pixel_load_123_reg_4540                                                 |   16|   0|   16|          0|
    |ref_pixel_load_124_reg_4555                                                 |   16|   0|   16|          0|
    |ref_pixel_load_125_reg_4560                                                 |   16|   0|   16|          0|
    |ref_pixel_load_126_reg_4575                                                 |   16|   0|   16|          0|
    |ref_pixel_load_127_reg_4580                                                 |   16|   0|   16|          0|
    |ref_pixel_load_128_reg_4595                                                 |   16|   0|   16|          0|
    |ref_pixel_load_129_reg_4600                                                 |   16|   0|   16|          0|
    |ref_pixel_load_12_reg_3435                                                  |   16|   0|   16|          0|
    |ref_pixel_load_130_reg_4615                                                 |   16|   0|   16|          0|
    |ref_pixel_load_131_reg_4620                                                 |   16|   0|   16|          0|
    |ref_pixel_load_132_reg_4635                                                 |   16|   0|   16|          0|
    |ref_pixel_load_133_reg_4640                                                 |   16|   0|   16|          0|
    |ref_pixel_load_134_reg_4655                                                 |   16|   0|   16|          0|
    |ref_pixel_load_135_reg_4660                                                 |   16|   0|   16|          0|
    |ref_pixel_load_136_reg_4675                                                 |   16|   0|   16|          0|
    |ref_pixel_load_137_reg_4680                                                 |   16|   0|   16|          0|
    |ref_pixel_load_138_reg_4695                                                 |   16|   0|   16|          0|
    |ref_pixel_load_139_reg_4700                                                 |   16|   0|   16|          0|
    |ref_pixel_load_13_reg_3440                                                  |   16|   0|   16|          0|
    |ref_pixel_load_140_reg_4715                                                 |   16|   0|   16|          0|
    |ref_pixel_load_141_reg_4720                                                 |   16|   0|   16|          0|
    |ref_pixel_load_142_reg_4735                                                 |   16|   0|   16|          0|
    |ref_pixel_load_143_reg_4740                                                 |   16|   0|   16|          0|
    |ref_pixel_load_144_reg_4755                                                 |   16|   0|   16|          0|
    |ref_pixel_load_145_reg_4760                                                 |   16|   0|   16|          0|
    |ref_pixel_load_146_reg_4775                                                 |   16|   0|   16|          0|
    |ref_pixel_load_147_reg_4780                                                 |   16|   0|   16|          0|
    |ref_pixel_load_148_reg_4795                                                 |   16|   0|   16|          0|
    |ref_pixel_load_149_reg_4800                                                 |   16|   0|   16|          0|
    |ref_pixel_load_14_reg_3455                                                  |   16|   0|   16|          0|
    |ref_pixel_load_150_reg_4815                                                 |   16|   0|   16|          0|
    |ref_pixel_load_151_reg_4820                                                 |   16|   0|   16|          0|
    |ref_pixel_load_152_reg_4835                                                 |   16|   0|   16|          0|
    |ref_pixel_load_153_reg_4840                                                 |   16|   0|   16|          0|
    |ref_pixel_load_154_reg_4855                                                 |   16|   0|   16|          0|
    |ref_pixel_load_155_reg_4860                                                 |   16|   0|   16|          0|
    |ref_pixel_load_156_reg_4875                                                 |   16|   0|   16|          0|
    |ref_pixel_load_157_reg_4880                                                 |   16|   0|   16|          0|
    |ref_pixel_load_158_reg_4895                                                 |   16|   0|   16|          0|
    |ref_pixel_load_159_reg_4900                                                 |   16|   0|   16|          0|
    |ref_pixel_load_15_reg_3460                                                  |   16|   0|   16|          0|
    |ref_pixel_load_160_reg_4915                                                 |   16|   0|   16|          0|
    |ref_pixel_load_161_reg_4920                                                 |   16|   0|   16|          0|
    |ref_pixel_load_162_reg_4935                                                 |   16|   0|   16|          0|
    |ref_pixel_load_163_reg_4940                                                 |   16|   0|   16|          0|
    |ref_pixel_load_164_reg_4955                                                 |   16|   0|   16|          0|
    |ref_pixel_load_165_reg_4960                                                 |   16|   0|   16|          0|
    |ref_pixel_load_166_reg_4975                                                 |   16|   0|   16|          0|
    |ref_pixel_load_167_reg_4980                                                 |   16|   0|   16|          0|
    |ref_pixel_load_168_reg_4995                                                 |   16|   0|   16|          0|
    |ref_pixel_load_169_reg_5000                                                 |   16|   0|   16|          0|
    |ref_pixel_load_16_reg_3475                                                  |   16|   0|   16|          0|
    |ref_pixel_load_170_reg_5015                                                 |   16|   0|   16|          0|
    |ref_pixel_load_171_reg_5020                                                 |   16|   0|   16|          0|
    |ref_pixel_load_172_reg_5035                                                 |   16|   0|   16|          0|
    |ref_pixel_load_173_reg_5040                                                 |   16|   0|   16|          0|
    |ref_pixel_load_174_reg_5055                                                 |   16|   0|   16|          0|
    |ref_pixel_load_175_reg_5060                                                 |   16|   0|   16|          0|
    |ref_pixel_load_176_reg_5075                                                 |   16|   0|   16|          0|
    |ref_pixel_load_177_reg_5080                                                 |   16|   0|   16|          0|
    |ref_pixel_load_178_reg_5095                                                 |   16|   0|   16|          0|
    |ref_pixel_load_179_reg_5100                                                 |   16|   0|   16|          0|
    |ref_pixel_load_17_reg_3480                                                  |   16|   0|   16|          0|
    |ref_pixel_load_18_reg_3495                                                  |   16|   0|   16|          0|
    |ref_pixel_load_19_reg_3500                                                  |   16|   0|   16|          0|
    |ref_pixel_load_1_reg_3320                                                   |   16|   0|   16|          0|
    |ref_pixel_load_20_reg_3515                                                  |   16|   0|   16|          0|
    |ref_pixel_load_21_reg_3520                                                  |   16|   0|   16|          0|
    |ref_pixel_load_22_reg_3535                                                  |   16|   0|   16|          0|
    |ref_pixel_load_23_reg_3540                                                  |   16|   0|   16|          0|
    |ref_pixel_load_24_reg_3555                                                  |   16|   0|   16|          0|
    |ref_pixel_load_25_reg_3560                                                  |   16|   0|   16|          0|
    |ref_pixel_load_26_reg_3575                                                  |   16|   0|   16|          0|
    |ref_pixel_load_27_reg_3580                                                  |   16|   0|   16|          0|
    |ref_pixel_load_28_reg_3595                                                  |   16|   0|   16|          0|
    |ref_pixel_load_29_reg_3600                                                  |   16|   0|   16|          0|
    |ref_pixel_load_2_reg_3335                                                   |   16|   0|   16|          0|
    |ref_pixel_load_30_reg_3615                                                  |   16|   0|   16|          0|
    |ref_pixel_load_31_reg_3620                                                  |   16|   0|   16|          0|
    |ref_pixel_load_32_reg_3635                                                  |   16|   0|   16|          0|
    |ref_pixel_load_33_reg_3640                                                  |   16|   0|   16|          0|
    |ref_pixel_load_34_reg_3655                                                  |   16|   0|   16|          0|
    |ref_pixel_load_35_reg_3660                                                  |   16|   0|   16|          0|
    |ref_pixel_load_36_reg_3675                                                  |   16|   0|   16|          0|
    |ref_pixel_load_37_reg_3680                                                  |   16|   0|   16|          0|
    |ref_pixel_load_38_reg_3695                                                  |   16|   0|   16|          0|
    |ref_pixel_load_39_reg_3700                                                  |   16|   0|   16|          0|
    |ref_pixel_load_3_reg_3340                                                   |   16|   0|   16|          0|
    |ref_pixel_load_40_reg_3715                                                  |   16|   0|   16|          0|
    |ref_pixel_load_41_reg_3720                                                  |   16|   0|   16|          0|
    |ref_pixel_load_42_reg_3735                                                  |   16|   0|   16|          0|
    |ref_pixel_load_43_reg_3740                                                  |   16|   0|   16|          0|
    |ref_pixel_load_44_reg_3755                                                  |   16|   0|   16|          0|
    |ref_pixel_load_45_reg_3760                                                  |   16|   0|   16|          0|
    |ref_pixel_load_46_reg_3775                                                  |   16|   0|   16|          0|
    |ref_pixel_load_47_reg_3780                                                  |   16|   0|   16|          0|
    |ref_pixel_load_48_reg_3795                                                  |   16|   0|   16|          0|
    |ref_pixel_load_49_reg_3800                                                  |   16|   0|   16|          0|
    |ref_pixel_load_4_reg_3355                                                   |   16|   0|   16|          0|
    |ref_pixel_load_50_reg_3815                                                  |   16|   0|   16|          0|
    |ref_pixel_load_51_reg_3820                                                  |   16|   0|   16|          0|
    |ref_pixel_load_52_reg_3835                                                  |   16|   0|   16|          0|
    |ref_pixel_load_53_reg_3840                                                  |   16|   0|   16|          0|
    |ref_pixel_load_54_reg_3855                                                  |   16|   0|   16|          0|
    |ref_pixel_load_55_reg_3860                                                  |   16|   0|   16|          0|
    |ref_pixel_load_56_reg_3875                                                  |   16|   0|   16|          0|
    |ref_pixel_load_57_reg_3880                                                  |   16|   0|   16|          0|
    |ref_pixel_load_58_reg_3895                                                  |   16|   0|   16|          0|
    |ref_pixel_load_59_reg_3900                                                  |   16|   0|   16|          0|
    |ref_pixel_load_5_reg_3360                                                   |   16|   0|   16|          0|
    |ref_pixel_load_60_reg_3915                                                  |   16|   0|   16|          0|
    |ref_pixel_load_61_reg_3920                                                  |   16|   0|   16|          0|
    |ref_pixel_load_62_reg_3935                                                  |   16|   0|   16|          0|
    |ref_pixel_load_63_reg_3940                                                  |   16|   0|   16|          0|
    |ref_pixel_load_64_reg_3955                                                  |   16|   0|   16|          0|
    |ref_pixel_load_65_reg_3960                                                  |   16|   0|   16|          0|
    |ref_pixel_load_66_reg_3975                                                  |   16|   0|   16|          0|
    |ref_pixel_load_67_reg_3980                                                  |   16|   0|   16|          0|
    |ref_pixel_load_68_reg_3995                                                  |   16|   0|   16|          0|
    |ref_pixel_load_69_reg_4000                                                  |   16|   0|   16|          0|
    |ref_pixel_load_6_reg_3375                                                   |   16|   0|   16|          0|
    |ref_pixel_load_70_reg_4015                                                  |   16|   0|   16|          0|
    |ref_pixel_load_71_reg_4020                                                  |   16|   0|   16|          0|
    |ref_pixel_load_72_reg_4035                                                  |   16|   0|   16|          0|
    |ref_pixel_load_73_reg_4040                                                  |   16|   0|   16|          0|
    |ref_pixel_load_74_reg_4055                                                  |   16|   0|   16|          0|
    |ref_pixel_load_75_reg_4060                                                  |   16|   0|   16|          0|
    |ref_pixel_load_76_reg_4075                                                  |   16|   0|   16|          0|
    |ref_pixel_load_77_reg_4080                                                  |   16|   0|   16|          0|
    |ref_pixel_load_78_reg_4095                                                  |   16|   0|   16|          0|
    |ref_pixel_load_79_reg_4100                                                  |   16|   0|   16|          0|
    |ref_pixel_load_7_reg_3380                                                   |   16|   0|   16|          0|
    |ref_pixel_load_80_reg_4115                                                  |   16|   0|   16|          0|
    |ref_pixel_load_81_reg_4120                                                  |   16|   0|   16|          0|
    |ref_pixel_load_82_reg_4135                                                  |   16|   0|   16|          0|
    |ref_pixel_load_83_reg_4140                                                  |   16|   0|   16|          0|
    |ref_pixel_load_84_reg_4155                                                  |   16|   0|   16|          0|
    |ref_pixel_load_85_reg_4160                                                  |   16|   0|   16|          0|
    |ref_pixel_load_86_reg_4175                                                  |   16|   0|   16|          0|
    |ref_pixel_load_87_reg_4180                                                  |   16|   0|   16|          0|
    |ref_pixel_load_88_reg_4195                                                  |   16|   0|   16|          0|
    |ref_pixel_load_89_reg_4200                                                  |   16|   0|   16|          0|
    |ref_pixel_load_8_reg_3395                                                   |   16|   0|   16|          0|
    |ref_pixel_load_90_reg_4215                                                  |   16|   0|   16|          0|
    |ref_pixel_load_91_reg_4220                                                  |   16|   0|   16|          0|
    |ref_pixel_load_92_reg_4235                                                  |   16|   0|   16|          0|
    |ref_pixel_load_93_reg_4240                                                  |   16|   0|   16|          0|
    |ref_pixel_load_94_reg_4255                                                  |   16|   0|   16|          0|
    |ref_pixel_load_95_reg_4260                                                  |   16|   0|   16|          0|
    |ref_pixel_load_96_reg_4275                                                  |   16|   0|   16|          0|
    |ref_pixel_load_97_reg_4280                                                  |   16|   0|   16|          0|
    |ref_pixel_load_98_reg_4295                                                  |   16|   0|   16|          0|
    |ref_pixel_load_99_reg_4300                                                  |   16|   0|   16|          0|
    |ref_pixel_load_9_reg_3400                                                   |   16|   0|   16|          0|
    |ref_pixel_load_reg_3315                                                     |   16|   0|   16|          0|
    |sub70_reg_5105                                                              |    1|   0|    1|          0|
    +----------------------------------------------------------------------------+-----+----+-----+-----------+
    |Total                                                                       | 2987|   0| 2987|          0|
    +----------------------------------------------------------------------------+-----+----+-----+-----------+



================================================================
== Interface
================================================================
* Summary: 
+---------------------------+-----+-----+------------+--------------------------+--------------+
|         RTL Ports         | Dir | Bits|  Protocol  |       Source Object      |    C Type    |
+---------------------------+-----+-----+------------+--------------------------+--------------+
|s_axi_CONTROL_BUS_AWVALID  |   in|    1|       s_axi|               CONTROL_BUS|   return void|
|s_axi_CONTROL_BUS_AWREADY  |  out|    1|       s_axi|               CONTROL_BUS|   return void|
|s_axi_CONTROL_BUS_AWADDR   |   in|    4|       s_axi|               CONTROL_BUS|   return void|
|s_axi_CONTROL_BUS_WVALID   |   in|    1|       s_axi|               CONTROL_BUS|   return void|
|s_axi_CONTROL_BUS_WREADY   |  out|    1|       s_axi|               CONTROL_BUS|   return void|
|s_axi_CONTROL_BUS_WDATA    |   in|   32|       s_axi|               CONTROL_BUS|   return void|
|s_axi_CONTROL_BUS_WSTRB    |   in|    4|       s_axi|               CONTROL_BUS|   return void|
|s_axi_CONTROL_BUS_ARVALID  |   in|    1|       s_axi|               CONTROL_BUS|   return void|
|s_axi_CONTROL_BUS_ARREADY  |  out|    1|       s_axi|               CONTROL_BUS|   return void|
|s_axi_CONTROL_BUS_ARADDR   |   in|    4|       s_axi|               CONTROL_BUS|   return void|
|s_axi_CONTROL_BUS_RVALID   |  out|    1|       s_axi|               CONTROL_BUS|   return void|
|s_axi_CONTROL_BUS_RREADY   |   in|    1|       s_axi|               CONTROL_BUS|   return void|
|s_axi_CONTROL_BUS_RDATA    |  out|   32|       s_axi|               CONTROL_BUS|   return void|
|s_axi_CONTROL_BUS_RRESP    |  out|    2|       s_axi|               CONTROL_BUS|   return void|
|s_axi_CONTROL_BUS_BVALID   |  out|    1|       s_axi|               CONTROL_BUS|   return void|
|s_axi_CONTROL_BUS_BREADY   |   in|    1|       s_axi|               CONTROL_BUS|   return void|
|s_axi_CONTROL_BUS_BRESP    |  out|    2|       s_axi|               CONTROL_BUS|   return void|
|ap_clk                     |   in|    1|  ap_ctrl_hs|  hyperspectral_hw_wrapped|  return value|
|ap_rst_n                   |   in|    1|  ap_ctrl_hs|  hyperspectral_hw_wrapped|  return value|
|interrupt                  |  out|    1|  ap_ctrl_hs|  hyperspectral_hw_wrapped|  return value|
|in_stream_TDATA            |   in|   32|        axis|        in_stream_V_data_V|       pointer|
|in_stream_TVALID           |   in|    1|        axis|        in_stream_V_dest_V|       pointer|
|in_stream_TREADY           |  out|    1|        axis|        in_stream_V_dest_V|       pointer|
|in_stream_TDEST            |   in|    5|        axis|        in_stream_V_dest_V|       pointer|
|in_stream_TKEEP            |   in|    4|        axis|        in_stream_V_keep_V|       pointer|
|in_stream_TSTRB            |   in|    4|        axis|        in_stream_V_strb_V|       pointer|
|in_stream_TUSER            |   in|    4|        axis|        in_stream_V_user_V|       pointer|
|in_stream_TLAST            |   in|    1|        axis|        in_stream_V_last_V|       pointer|
|in_stream_TID              |   in|    5|        axis|          in_stream_V_id_V|       pointer|
|out_stream_TDATA           |  out|   32|        axis|       out_stream_V_data_V|       pointer|
|out_stream_TVALID          |  out|    1|        axis|       out_stream_V_dest_V|       pointer|
|out_stream_TREADY          |   in|    1|        axis|       out_stream_V_dest_V|       pointer|
|out_stream_TDEST           |  out|    5|        axis|       out_stream_V_dest_V|       pointer|
|out_stream_TKEEP           |  out|    4|        axis|       out_stream_V_keep_V|       pointer|
|out_stream_TSTRB           |  out|    4|        axis|       out_stream_V_strb_V|       pointer|
|out_stream_TUSER           |  out|    4|        axis|       out_stream_V_user_V|       pointer|
|out_stream_TLAST           |  out|    1|        axis|       out_stream_V_last_V|       pointer|
|out_stream_TID             |  out|    5|        axis|         out_stream_V_id_V|       pointer|
+---------------------------+-----+-----+------------+--------------------------+--------------+

