

================================================================
== Vitis HLS Report for 'hyperspectral_hw_wrapped_Pipeline_L1_L2_L3'
================================================================
* Date:           Mon Jul  8 10:50:21 2024

* Version:        2022.1 (Build 3526262 on Mon Apr 18 15:47:01 MDT 2022)
* Project:        Hyperspectral
* Solution:       solution1 (Vivado IP Flow Target)
* Product family: zynquplus
* Target device:  xczu3eg-sbva484-1-e


================================================================
== Performance Estimates
================================================================
+ Timing: 
    * Summary: 
    +--------+----------+----------+------------+
    |  Clock |  Target  | Estimated| Uncertainty|
    +--------+----------+----------+------------+
    |ap_clk  |  10.00 ns|  5.637 ns|     2.70 ns|
    +--------+----------+----------+------------+

+ Latency: 
    * Summary: 
    +---------+---------+----------+----------+--------+--------+---------+
    |  Latency (cycles) |  Latency (absolute) |     Interval    | Pipeline|
    |   min   |   max   |    min   |    max   |   min  |   max  |   Type  |
    +---------+---------+----------+----------+--------+--------+---------+
    |   368646|   368646|  3.686 ms|  3.686 ms|  368646|  368646|       no|
    +---------+---------+----------+----------+--------+--------+---------+

    + Detail: 
        * Instance: 
        N/A

        * Loop: 
        +------------+---------+---------+----------+-----------+-----------+--------+----------+
        |            |  Latency (cycles) | Iteration|  Initiation Interval  |  Trip  |          |
        |  Loop Name |   min   |   max   |  Latency |  achieved |   target  |  Count | Pipelined|
        +------------+---------+---------+----------+-----------+-----------+--------+----------+
        |- L1_L2_L3  |   368644|   368644|         5|          1|          1|  368640|       yes|
        +------------+---------+---------+----------+-----------+-----------+--------+----------+



================================================================
== Utilization Estimates
================================================================
* Summary: 
+-----------------+---------+-----+--------+-------+-----+
|       Name      | BRAM_18K| DSP |   FF   |  LUT  | URAM|
+-----------------+---------+-----+--------+-------+-----+
|DSP              |        -|    1|       -|      -|    -|
|Expression       |        -|    -|       0|    695|    -|
|FIFO             |        -|    -|       -|      -|    -|
|Instance         |        -|    -|       -|      -|    -|
|Memory           |        -|    -|       -|      -|    -|
|Multiplexer      |        -|    -|       -|     90|    -|
|Register         |        -|    -|     746|    256|    -|
+-----------------+---------+-----+--------+-------+-----+
|Total            |        0|    1|     746|   1041|    0|
+-----------------+---------+-----+--------+-------+-----+
|Available        |      432|  360|  141120|  70560|    0|
+-----------------+---------+-----+--------+-------+-----+
|Utilization (%)  |        0|   ~0|      ~0|      1|    0|
+-----------------+---------+-----+--------+-------+-----+

+ Detail: 
    * Instance: 
    N/A

    * DSP: 
    +--------------------------------------------+----------------------------------------+---------------------+
    |                  Instance                  |                 Module                 |      Expression     |
    +--------------------------------------------+----------------------------------------+---------------------+
    |ama_addmuladd_12ns_11ns_8ns_8ns_19_4_1_U30  |ama_addmuladd_12ns_11ns_8ns_8ns_19_4_1  |  (i0 + i1) * i2 + i3|
    +--------------------------------------------+----------------------------------------+---------------------+

    * Memory: 
    N/A

    * FIFO: 
    N/A

    * Expression: 
    +-------------------------------+----------+----+---+----+------------+------------+
    |         Variable Name         | Operation| DSP| FF| LUT| Bitwidth P0| Bitwidth P1|
    +-------------------------------+----------+----+---+----+------------+------------+
    |add_ln37_1_fu_185_p2           |         +|   0|  0|  26|          19|           1|
    |add_ln37_fu_197_p2             |         +|   0|  0|   9|           2|           1|
    |add_ln38_1_fu_293_p2           |         +|   0|  0|  26|          19|           1|
    |add_ln38_fu_255_p2             |         +|   0|  0|  18|          11|           1|
    |add_ln40_fu_287_p2             |         +|   0|  0|  15|           8|           1|
    |currentBrightness_3_fu_507_p2  |         +|   0|  0|  31|          24|          24|
    |and_ln47_fu_249_p2             |       and|   0|  0|   2|           1|           1|
    |icmp_ln37_fu_179_p2            |      icmp|   0|  0|  14|          19|          19|
    |icmp_ln38_fu_203_p2            |      icmp|   0|  0|  14|          19|          18|
    |icmp_ln40_fu_243_p2            |      icmp|   0|  0|  11|           8|           8|
    |icmp_ln44_1_fu_358_p2          |      icmp|   0|  0|  20|          32|          32|
    |icmp_ln44_fu_438_p2            |      icmp|   0|  0|  20|          32|          32|
    |or_ln38_fu_261_p2              |        or|   0|  0|   2|           1|           1|
    |maxBrightness_fu_467_p3        |    select|   0|  0|  32|           1|          32|
    |select_ln38_1_fu_475_p3        |    select|   0|  0|  24|           1|           1|
    |select_ln38_2_fu_275_p3        |    select|   0|  0|  10|           1|          11|
    |select_ln38_3_fu_482_p3        |    select|   0|  0|  32|           1|          32|
    |select_ln38_4_fu_489_p3        |    select|   0|  0|  32|           1|          32|
    |select_ln38_5_fu_496_p3        |    select|   0|  0|  32|           1|          32|
    |select_ln38_6_fu_299_p3        |    select|   0|  0|  19|           1|           1|
    |select_ln38_fu_267_p3          |    select|   0|  0|   8|           1|           1|
    |select_ln44_1_fu_459_p3        |    select|   0|  0|  32|           1|          32|
    |select_ln44_2_fu_367_p3        |    select|   0|  0|  32|           1|          32|
    |select_ln44_3_fu_376_p3        |    select|   0|  0|  32|           1|          32|
    |select_ln44_4_fu_399_p3        |    select|   0|  0|  32|           1|          32|
    |select_ln44_fu_451_p3          |    select|   0|  0|  32|           1|          32|
    |select_ln47_1_fu_385_p3        |    select|   0|  0|  32|           1|          32|
    |select_ln47_2_fu_392_p3        |    select|   0|  0|  32|           1|          32|
    |select_ln47_3_fu_407_p3        |    select|   0|  0|  32|           1|          32|
    |select_ln47_4_fu_217_p3        |    select|   0|  0|   2|           1|           2|
    |select_ln47_5_fu_417_p3        |    select|   0|  0|   2|           1|           1|
    |select_ln47_6_fu_427_p3        |    select|   0|  0|  24|           1|           1|
    |select_ln47_fu_209_p3          |    select|   0|  0|  10|           1|           1|
    |ap_enable_pp0                  |       xor|   0|  0|   2|           1|           2|
    |xor_ln47_fu_237_p2             |       xor|   0|  0|   2|           1|           2|
    +-------------------------------+----------+----+---+----+------------+------------+
    |Total                          |          |   0|  0| 695|         217|         547|
    +-------------------------------+----------+----+---+----+------------+------------+

    * Multiplexer: 
    +----------------------------------+----+-----------+-----+-----------+
    |               Name               | LUT| Input Size| Bits| Total Bits|
    +----------------------------------+----+-----------+-----+-----------+
    |ap_done_int                       |   9|          2|    1|          2|
    |ap_enable_reg_pp0_iter1           |   9|          2|    1|          2|
    |ap_loop_exit_ready_pp0_iter5_reg  |   9|          2|    1|          2|
    |currentBrightness_fu_64           |   9|          2|   24|         48|
    |empty_fu_72                       |   9|          2|   32|         64|
    |i_3_fu_92                         |   9|          2|    2|          4|
    |indvar_flatten31_fu_88            |   9|          2|   19|         38|
    |indvar_flatten52_fu_96            |   9|          2|   19|         38|
    |j_fu_84                           |   9|          2|   11|         22|
    |k_fu_68                           |   9|          2|    8|         16|
    +----------------------------------+----+-----------+-----+-----------+
    |Total                             |  90|         20|  118|        236|
    +----------------------------------+----+-----------+-----+-----------+

    * Register: 
    +-----------------------------------+----+----+-----+-----------+
    |                Name               | FF | LUT| Bits| Const Bits|
    +-----------------------------------+----+----+-----+-----------+
    |add_ln37_reg_620                   |   2|   0|    2|          0|
    |and_ln47_reg_639                   |   1|   0|    1|          0|
    |ap_CS_fsm                          |   1|   0|    1|          0|
    |ap_done_reg                        |   1|   0|    1|          0|
    |ap_enable_reg_pp0_iter1            |   1|   0|    1|          0|
    |ap_enable_reg_pp0_iter2            |   1|   0|    1|          0|
    |ap_enable_reg_pp0_iter3            |   1|   0|    1|          0|
    |ap_enable_reg_pp0_iter4            |   1|   0|    1|          0|
    |ap_enable_reg_pp0_iter5            |   1|   0|    1|          0|
    |ap_loop_exit_ready_pp0_iter2_reg   |   1|   0|    1|          0|
    |ap_loop_exit_ready_pp0_iter3_reg   |   1|   0|    1|          0|
    |ap_loop_exit_ready_pp0_iter4_reg   |   1|   0|    1|          0|
    |ap_loop_exit_ready_pp0_iter5_reg   |   1|   0|    1|          0|
    |currentBrightness_fu_64            |  24|   0|   24|          0|
    |empty_20_reg_605                   |   1|   0|    1|          0|
    |empty_fu_72                        |  32|   0|   32|          0|
    |i_06_i_i631_fu_76                  |  32|   0|   32|          0|
    |i_3_fu_92                          |   2|   0|    2|          0|
    |icmp_ln37_reg_616                  |   1|   0|    1|          0|
    |icmp_ln38_reg_625                  |   1|   0|    1|          0|
    |indvar_flatten31_fu_88             |  19|   0|   19|          0|
    |indvar_flatten52_fu_96             |  19|   0|   19|          0|
    |j_05_i_i633_fu_80                  |  32|   0|   32|          0|
    |j_fu_84                            |  11|   0|   11|          0|
    |k_fu_68                            |   8|   0|    8|          0|
    |or_ln38_reg_646                    |   1|   0|    1|          0|
    |select_ln38_reg_651                |   8|   0|    8|          0|
    |select_ln38_reg_651_pp0_iter2_reg  |   8|   0|    8|          0|
    |select_ln47_reg_634                |  11|   0|   11|          0|
    |trunc_ln44_reg_611                 |  10|   0|   10|          0|
    |add_ln37_reg_620                   |  64|  32|    2|          0|
    |and_ln47_reg_639                   |  64|  32|    1|          0|
    |empty_20_reg_605                   |  64|  32|    1|          0|
    |icmp_ln37_reg_616                  |  64|  32|    1|          0|
    |icmp_ln38_reg_625                  |  64|  32|    1|          0|
    |or_ln38_reg_646                    |  64|  32|    1|          0|
    |select_ln47_reg_634                |  64|  32|   11|          0|
    |trunc_ln44_reg_611                 |  64|  32|   10|          0|
    +-----------------------------------+----+----+-----+-----------+
    |Total                              | 746| 256|  262|          0|
    +-----------------------------------+----+----+-----+-----------+



================================================================
== Interface
================================================================
* Summary: 
+--------------------------+-----+-----+------------+--------------------------------------------+--------------+
|         RTL Ports        | Dir | Bits|  Protocol  |                Source Object               |    C Type    |
+--------------------------+-----+-----+------------+--------------------------------------------+--------------+
|ap_clk                    |   in|    1|  ap_ctrl_hs|  hyperspectral_hw_wrapped_Pipeline_L1_L2_L3|  return value|
|ap_rst                    |   in|    1|  ap_ctrl_hs|  hyperspectral_hw_wrapped_Pipeline_L1_L2_L3|  return value|
|ap_start                  |   in|    1|  ap_ctrl_hs|  hyperspectral_hw_wrapped_Pipeline_L1_L2_L3|  return value|
|ap_done                   |  out|    1|  ap_ctrl_hs|  hyperspectral_hw_wrapped_Pipeline_L1_L2_L3|  return value|
|ap_idle                   |  out|    1|  ap_ctrl_hs|  hyperspectral_hw_wrapped_Pipeline_L1_L2_L3|  return value|
|ap_ready                  |  out|    1|  ap_ctrl_hs|  hyperspectral_hw_wrapped_Pipeline_L1_L2_L3|  return value|
|image_r_address0          |  out|   19|   ap_memory|                                     image_r|         array|
|image_r_ce0               |  out|    1|   ap_memory|                                     image_r|         array|
|image_r_q0                |   in|   16|   ap_memory|                                     image_r|         array|
|select_ln44_2_out         |  out|   32|      ap_vld|                           select_ln44_2_out|       pointer|
|select_ln44_2_out_ap_vld  |  out|    1|      ap_vld|                           select_ln44_2_out|       pointer|
|select_ln44_3_out         |  out|   32|      ap_vld|                           select_ln44_3_out|       pointer|
|select_ln44_3_out_ap_vld  |  out|    1|      ap_vld|                           select_ln44_3_out|       pointer|
+--------------------------+-----+-----+------------+--------------------------------------------+--------------+

