INFO: [HLS 200-10] Running '/tools/Xilinx/Vitis_HLS/2022.1/bin/unwrapped/lnx64.o/vitis_hls'
INFO: [HLS 200-10] For user 'andresitocc99' on host 'andresitocc99-portatil' (Linux_x86_64 version 6.8.0-45-generic) on Wed Oct 02 15:17:01 CEST 2024
INFO: [HLS 200-10] On os Ubuntu 22.04.4 LTS
INFO: [HLS 200-10] In directory '/home/andresitocc99/Documentos/GitHub/SSEE_Xilinx/Vitis_HLS'
Sourcing Tcl script '/home/andresitocc99/Documentos/GitHub/SSEE_Xilinx/Vitis_HLS/Hyperspectral_DataFlow/solution1/csim.tcl'
INFO: [HLS 200-1510] Running: source /home/andresitocc99/Documentos/GitHub/SSEE_Xilinx/Vitis_HLS/Hyperspectral_DataFlow/solution1/csim.tcl
INFO: [HLS 200-1510] Running: open_project Hyperspectral_DataFlow 
INFO: [HLS 200-10] Opening project '/home/andresitocc99/Documentos/GitHub/SSEE_Xilinx/Vitis_HLS/Hyperspectral_DataFlow'.
INFO: [HLS 200-1510] Running: set_top hyperspectral_hw_wrapped 
INFO: [HLS 200-1510] Running: add_files ../Archivos_Fuente/Hyperspectral/DataFlow_2/hyperspectral.h 
INFO: [HLS 200-10] Adding design file '../Archivos_Fuente/Hyperspectral/DataFlow_2/hyperspectral.h' to the project
INFO: [HLS 200-1510] Running: add_files ../Archivos_Fuente/Hyperspectral/DataFlow_2/hyperspectral_accel.cpp 
INFO: [HLS 200-10] Adding design file '../Archivos_Fuente/Hyperspectral/DataFlow_2/hyperspectral_accel.cpp' to the project
INFO: [HLS 200-1510] Running: add_files -tb ../Archivos_Fuente/Hyperspectral/DataFlow_2/cuboH.bin -cflags -Wno-unknown-pragmas -csimflags -Wno-unknown-pragmas 
INFO: [HLS 200-10] Adding test bench file '../Archivos_Fuente/Hyperspectral/DataFlow_2/cuboH.bin' to the project
INFO: [HLS 200-1510] Running: add_files -tb ../Archivos_Fuente/Hyperspectral/DataFlow_2/hyperspectral_test.cpp -cflags -Wno-unknown-pragmas -csimflags -Wno-unknown-pragmas 
INFO: [HLS 200-10] Adding test bench file '../Archivos_Fuente/Hyperspectral/DataFlow_2/hyperspectral_test.cpp' to the project
INFO: [HLS 200-1510] Running: open_solution solution1 -flow_target vivado 
INFO: [HLS 200-10] Opening solution '/home/andresitocc99/Documentos/GitHub/SSEE_Xilinx/Vitis_HLS/Hyperspectral_DataFlow/solution1'.
INFO: [SYN 201-201] Setting up clock 'default' with a period of 10ns.
INFO: [HLS 200-1611] Setting target device to 'xczu3eg-sbva484-1-e'
INFO: [HLS 200-1505] Using flow_target 'vivado'
Resolution: For help on HLS 200-1505 see www.xilinx.com/cgi-bin/docs/rdoc?v=2022.1;t=hls+guidance;d=200-1505.html
INFO: [HLS 200-1464] Running solution command: config_export -format=ip_catalog
INFO: [HLS 200-1464] Running solution command: config_export -rtl=verilog
INFO: [HLS 200-1510] Running: set_part xczu3eg-sbva484-1-e 
INFO: [HLS 200-1510] Running: create_clock -period 10 -name default 
INFO: [HLS 200-1510] Running: config_export -format ip_catalog -rtl verilog 
INFO: [HLS 200-1510] Running: source ./Hyperspectral_DataFlow/solution1/directives.tcl
INFO: [HLS 200-1510] Running: set_directive_top -name hyperspectral_hw_wrapped hyperspectral_hw_wrapped 
INFO: [HLS 200-1510] Running: csim_design -quiet 
INFO: [SIM 211-2] *************** CSIM start ***************
INFO: [SIM 211-4] CSIM will launch GCC as the compiler.
   Compiling ../../../../../Archivos_Fuente/Hyperspectral/DataFlow_2/hyperspectral_test.cpp in debug mode
../../../../../Archivos_Fuente/Hyperspectral/DataFlow_2/hyperspectral_test.cpp:13:1: error: expected initializer before ‘void’
 void calculate_distance(band_t ref_band1, band_t ref_band2, band_t band1, band_t band2, dist_t &distance) {
 ^~~~
../../../../../Archivos_Fuente/Hyperspectral/DataFlow_2/hyperspectral_test.cpp: In function ‘void hyperspectral_sw(band_t (*)[1024][180], band_t*, band_t*)’:
../../../../../Archivos_Fuente/Hyperspectral/DataFlow_2/hyperspectral_test.cpp:32:5: error: ‘calculate_distance’ was not declared in this scope
     calculate_distance(ref_pixel[k], ref_pixel[k + 1], image[i][j][k], image[i][j][k + 1], distance);
     ^~~~~~~~~~~~~~~~~~
../../../../../Archivos_Fuente/Hyperspectral/DataFlow_2/hyperspectral_test.cpp:32:5: note: suggested alternative: ‘min_distance’
     calculate_distance(ref_pixel[k], ref_pixel[k + 1], image[i][j][k], image[i][j][k + 1], distance);
     ^~~~~~~~~~~~~~~~~~
     min_distance
../../../../../Archivos_Fuente/Hyperspectral/DataFlow_2/hyperspectral_test.cpp:37:8: error: ‘min_distance_index_i’ was not declared in this scope
        min_distance_index_i = i;
        ^~~~~~~~~~~~~~~~~~~~
../../../../../Archivos_Fuente/Hyperspectral/DataFlow_2/hyperspectral_test.cpp:37:8: note: suggested alternative: ‘min_pixel_index_i’
        min_distance_index_i = i;
        ^~~~~~~~~~~~~~~~~~~~
        min_pixel_index_i
../../../../../Archivos_Fuente/Hyperspectral/DataFlow_2/hyperspectral_test.cpp:38:8: error: ‘min_distance_index_j’ was not declared in this scope
        min_distance_index_j = j;
        ^~~~~~~~~~~~~~~~~~~~
../../../../../Archivos_Fuente/Hyperspectral/DataFlow_2/hyperspectral_test.cpp:38:8: note: suggested alternative: ‘min_pixel_index_j’
        min_distance_index_j = j;
        ^~~~~~~~~~~~~~~~~~~~
        min_pixel_index_j
../../../../../Archivos_Fuente/Hyperspectral/DataFlow_2/hyperspectral_test.cpp: In function ‘int main_axi()’:
../../../../../Archivos_Fuente/Hyperspectral/DataFlow_2/hyperspectral_test.cpp:147:59: error: lvalue required as left operand of assignment
     e.last = (i = FILAS-1 && j= COLUMNAS-1 && k >= BANDAS-2);
                                                           ^
../../../../../Archivos_Fuente/Hyperspectral/DataFlow_2/hyperspectral_test.cpp:159:26: error: no match for call to ‘(ap_uint<32>) ()’
      WORD_MEM w = e.data();
                          ^
In file included from /tools/Xilinx/Vitis_HLS/2022.1/include/ap_int.h:57,
                 from /tools/Xilinx/Vitis_HLS/2022.1/include/ap_fixed_base.h:62,
                 from /tools/Xilinx/Vitis_HLS/2022.1/include/ap_fixed.h:56,
                 from /tools/Xilinx/Vitis_HLS/2022.1/include/hls_hotbm_apfixed.h:42,
                 from /tools/Xilinx/Vitis_HLS/2022.1/include/hls_math.h:1065,
                 from ../../../../../Archivos_Fuente/Hyperspectral/DataFlow_2/hyperspectral_test.cpp:4:
/tools/Xilinx/Vitis_HLS/2022.1/include/ap_int_base.h:1130:37: note: candidate: ‘ap_range_ref<_AP_W, _AP_S> ap_int_base<_AP_W, _AP_S>::operator()(int, int) [with int _AP_W = 32; bool _AP_S = false]’
   INLINE ap_range_ref<_AP_W, _AP_S> operator()(int Hi, int Lo) {
                                     ^~~~~~~~
/tools/Xilinx/Vitis_HLS/2022.1/include/ap_int_base.h:1130:37: note:   candidate expects 2 arguments, 0 provided
/tools/Xilinx/Vitis_HLS/2022.1/include/ap_int_base.h:1134:37: note: candidate: ‘ap_range_ref<_AP_W, _AP_S> ap_int_base<_AP_W, _AP_S>::operator()(int, int) const [with int _AP_W = 32; bool _AP_S = false]’
   INLINE ap_range_ref<_AP_W, _AP_S> operator()(int Hi, int Lo) const {
                                     ^~~~~~~~
/tools/Xilinx/Vitis_HLS/2022.1/include/ap_int_base.h:1134:37: note:   candidate expects 2 arguments, 0 provided
/tools/Xilinx/Vitis_HLS/2022.1/include/ap_int_base.h:1139:37: note: candidate: ‘template<int _AP_W2, bool _AP_S2, int _AP_W3, bool _AP_S3> ap_range_ref<_AP_W, _AP_S> ap_int_base<_AP_W, _AP_S>::operator()(const ap_int_base<_AP_W2, _AP_S2>&, const ap_int_base<_AP_W3, _AP_S3>&) [with int _AP_W2 = _AP_W2; bool _AP_S2 = _AP_S2; int _AP_W3 = _AP_W3; bool _AP_S3 = _AP_S3; int _AP_W = 32; bool _AP_S = false]’
   INLINE ap_range_ref<_AP_W, _AP_S> operator()(
                                     ^~~~~~~~
/tools/Xilinx/Vitis_HLS/2022.1/include/ap_int_base.h:1139:37: note:   template argument deduction/substitution failed:
../../../../../Archivos_Fuente/Hyperspectral/DataFlow_2/hyperspectral_test.cpp:159:26: note:   candidate expects 2 arguments, 0 provided
      WORD_MEM w = e.data();
                          ^
In file included from /tools/Xilinx/Vitis_HLS/2022.1/include/ap_int.h:57,
                 from /tools/Xilinx/Vitis_HLS/2022.1/include/ap_fixed_base.h:62,
                 from /tools/Xilinx/Vitis_HLS/2022.1/include/ap_fixed.h:56,
                 from /tools/Xilinx/Vitis_HLS/2022.1/include/hls_hotbm_apfixed.h:42,
                 from /tools/Xilinx/Vitis_HLS/2022.1/include/hls_math.h:1065,
                 from ../../../../../Archivos_Fuente/Hyperspectral/DataFlow_2/hyperspectral_test.cpp:4:
/tools/Xilinx/Vitis_HLS/2022.1/include/ap_int_base.h:1148:37: note: candidate: ‘template<int _AP_W2, bool _AP_S2, int _AP_W3, bool _AP_S3> ap_range_ref<_AP_W, _AP_S> ap_int_base<_AP_W, _AP_S>::operator()(const ap_int_base<_AP_W2, _AP_S2>&, const ap_int_base<_AP_W3, _AP_S3>&) const [with int _AP_W2 = _AP_W2; bool _AP_S2 = _AP_S2; int _AP_W3 = _AP_W3; bool _AP_S3 = _AP_S3; int _AP_W = 32; bool _AP_S = false]’
   INLINE ap_range_ref<_AP_W, _AP_S> operator()(
                                     ^~~~~~~~
/tools/Xilinx/Vitis_HLS/2022.1/include/ap_int_base.h:1148:37: note:   template argument deduction/substitution failed:
../../../../../Archivos_Fuente/Hyperspectral/DataFlow_2/hyperspectral_test.cpp:159:26: note:   candidate expects 2 arguments, 0 provided
      WORD_MEM w = e.data();
                          ^
../../../../../Archivos_Fuente/Hyperspectral/DataFlow_2/hyperspectral_test.cpp:165:23: error: cannot convert ‘uint16_t (*)[1024][180]’ {aka ‘short unsigned int (*)[1024][180]’} to ‘band_t (*)[1024][180]’ {aka ‘ap_uint<16> (*)[1024][180]’}
     hyperspectral_sw (image, ref_pixel, closest_pixel_sw);
                       ^~~~~
../../../../../Archivos_Fuente/Hyperspectral/DataFlow_2/hyperspectral_test.cpp:21:30: note:   initializing argument 1 of ‘void hyperspectral_sw(band_t (*)[1024][180], band_t*, band_t*)’
 void hyperspectral_sw(band_t image[FILAS][COLUMNAS][BANDAS], band_t ref_pixel[BANDAS], band_t closest_pixel_sw[BANDAS]) {
                       ~~~~~~~^~~~~~~~~~~~~~~~~~~~~~~~~~~~~~
make: *** [csim.mk:74: obj/hyperspectral_test.o] Error 1
ERROR: [SIM 211-100] 'csim_design' failed: compilation error(s).
INFO: [SIM 211-3] *************** CSIM finish ***************
INFO: [HLS 200-111] Finished Command csim_design CPU user time: 6.02 seconds. CPU system time: 0.53 seconds. Elapsed time: 6.3 seconds; current allocated memory: -1033.656 MB.
4
    while executing
"source /home/andresitocc99/Documentos/GitHub/SSEE_Xilinx/Vitis_HLS/Hyperspectral_DataFlow/solution1/csim.tcl"
    invoked from within
"hls::main /home/andresitocc99/Documentos/GitHub/SSEE_Xilinx/Vitis_HLS/Hyperspectral_DataFlow/solution1/csim.tcl"
    ("uplevel" body line 1)
    invoked from within
"uplevel 1 hls::main {*}$newargs"
    (procedure "hls_proc" line 16)
    invoked from within
"hls_proc [info nameofexecutable] $argv"
INFO: [HLS 200-112] Total CPU user time: 8.92 seconds. Total CPU system time: 1.12 seconds. Total elapsed time: 8.91 seconds; peak allocated memory: 132.672 MB.
