Copyright 1986-2022 Xilinx, Inc. All Rights Reserved.
-----------------------------------------------------------------------------------------------------------------------------
| Tool Version : Vivado v.2022.1 (lin64) Build 3526262 Mon Apr 18 15:47:01 MDT 2022
| Date         : Thu Oct 10 04:09:19 2024
| Host         : andresitocc99 running 64-bit Ubuntu 24.04.1 LTS
| Command      : report_utilization -file design_1_wrapper_utilization_placed.rpt -pb design_1_wrapper_utilization_placed.pb
| Design       : design_1_wrapper
| Device       : xczu3eg-sbva484-1-e
| Speed File   : -1
| Design State : Fully Placed
-----------------------------------------------------------------------------------------------------------------------------

Utilization Design Information

Table of Contents
-----------------
1. CLB Logic
1.1 Summary of Registers by Type
2. CLB Logic Distribution
3. BLOCKRAM
4. ARITHMETIC
5. I/O
6. CLOCK
7. ADVANCED
8. CONFIGURATION
9. Primitives
10. Black Boxes
11. Instantiated Netlists

1. CLB Logic
------------

+----------------------------+-------+-------+------------+-----------+-------+
|          Site Type         |  Used | Fixed | Prohibited | Available | Util% |
+----------------------------+-------+-------+------------+-----------+-------+
| CLB LUTs                   | 16698 |     0 |          0 |     70560 | 23.66 |
|   LUT as Logic             | 12785 |     0 |          0 |     70560 | 18.12 |
|   LUT as Memory            |  3913 |     0 |          0 |     28800 | 13.59 |
|     LUT as Distributed RAM |  3350 |     0 |            |           |       |
|     LUT as Shift Register  |   563 |     0 |            |           |       |
| CLB Registers              | 22851 |     0 |          0 |    141120 | 16.19 |
|   Register as Flip Flop    | 22851 |     0 |          0 |    141120 | 16.19 |
|   Register as Latch        |     0 |     0 |          0 |    141120 |  0.00 |
| CARRY8                     |   844 |     0 |          0 |      8820 |  9.57 |
| F7 Muxes                   |   452 |     0 |          0 |     35280 |  1.28 |
| F8 Muxes                   |   192 |     0 |          0 |     17640 |  1.09 |
| F9 Muxes                   |     0 |     0 |          0 |      8820 |  0.00 |
+----------------------------+-------+-------+------------+-----------+-------+


1.1 Summary of Registers by Type
--------------------------------

+-------+--------------+-------------+--------------+
| Total | Clock Enable | Synchronous | Asynchronous |
+-------+--------------+-------------+--------------+
| 0     |            _ |           - |            - |
| 0     |            _ |           - |          Set |
| 0     |            _ |           - |        Reset |
| 0     |            _ |         Set |            - |
| 0     |            _ |       Reset |            - |
| 0     |          Yes |           - |            - |
| 74    |          Yes |           - |          Set |
| 298   |          Yes |           - |        Reset |
| 288   |          Yes |         Set |            - |
| 22191 |          Yes |       Reset |            - |
+-------+--------------+-------------+--------------+


2. CLB Logic Distribution
-------------------------

+--------------------------------------------+-------+-------+------------+-----------+-------+
|                  Site Type                 |  Used | Fixed | Prohibited | Available | Util% |
+--------------------------------------------+-------+-------+------------+-----------+-------+
| CLB                                        |  5023 |     0 |          0 |      8820 | 56.95 |
|   CLBL                                     |  2096 |     0 |            |           |       |
|   CLBM                                     |  2927 |     0 |            |           |       |
| LUT as Logic                               | 12785 |     0 |          0 |     70560 | 18.12 |
|   using O5 output only                     |   300 |       |            |           |       |
|   using O6 output only                     |  9836 |       |            |           |       |
|   using O5 and O6                          |  2649 |       |            |           |       |
| LUT as Memory                              |  3913 |     0 |          0 |     28800 | 13.59 |
|   LUT as Distributed RAM                   |  3350 |     0 |            |           |       |
|     using O5 output only                   |     0 |       |            |           |       |
|     using O6 output only                   |  2502 |       |            |           |       |
|     using O5 and O6                        |   848 |       |            |           |       |
|   LUT as Shift Register                    |   563 |     0 |            |           |       |
|     using O5 output only                   |     0 |       |            |           |       |
|     using O6 output only                   |   181 |       |            |           |       |
|     using O5 and O6                        |   382 |       |            |           |       |
| CLB Registers                              | 22851 |     0 |          0 |    141120 | 16.19 |
|   Register driven from within the CLB      | 10536 |       |            |           |       |
|   Register driven from outside the CLB     | 12315 |       |            |           |       |
|     LUT in front of the register is unused |  9254 |       |            |           |       |
|     LUT in front of the register is used   |  3061 |       |            |           |       |
| Unique Control Sets                        |   911 |       |          0 |     17640 |  5.16 |
+--------------------------------------------+-------+-------+------------+-----------+-------+
* * Note: Available Control Sets calculated as Slices * 2, Review the Control Sets Report for more information regarding control sets.


3. BLOCKRAM
-----------

+-------------------+------+-------+------------+-----------+-------+
|     Site Type     | Used | Fixed | Prohibited | Available | Util% |
+-------------------+------+-------+------------+-----------+-------+
| Block RAM Tile    |  8.5 |     0 |          0 |       216 |  3.94 |
|   RAMB36/FIFO*    |    8 |     0 |          0 |       216 |  3.70 |
|     RAMB36E2 only |    8 |       |            |           |       |
|   RAMB18          |    1 |     0 |          0 |       432 |  0.23 |
|     RAMB18E2 only |    1 |       |            |           |       |
+-------------------+------+-------+------------+-----------+-------+
* Note: Each Block RAM Tile only has one FIFO logic available and therefore can accommodate only one FIFO36E2 or one FIFO18E2. However, if a FIFO18E2 occupies a Block RAM Tile, that tile can still accommodate a RAMB18E2


4. ARITHMETIC
-------------

+----------------+------+-------+------------+-----------+-------+
|    Site Type   | Used | Fixed | Prohibited | Available | Util% |
+----------------+------+-------+------------+-----------+-------+
| DSPs           |  180 |     0 |          0 |       360 | 50.00 |
|   DSP48E2 only |  180 |       |            |           |       |
+----------------+------+-------+------------+-----------+-------+


5. I/O
------

+------------------+------+-------+------------+-----------+-------+
|     Site Type    | Used | Fixed | Prohibited | Available | Util% |
+------------------+------+-------+------------+-----------+-------+
| Bonded IOB       |    0 |     0 |          0 |        82 |  0.00 |
| HPIOB_M          |    0 |     0 |          0 |        26 |  0.00 |
| HPIOB_S          |    0 |     0 |          0 |        26 |  0.00 |
| HDIOB_M          |    0 |     0 |          0 |        12 |  0.00 |
| HDIOB_S          |    0 |     0 |          0 |        12 |  0.00 |
| HPIOB_SNGL       |    0 |     0 |          0 |         6 |  0.00 |
| HPIOBDIFFINBUF   |    0 |     0 |          0 |        72 |  0.00 |
| HPIOBDIFFOUTBUF  |    0 |     0 |          0 |        72 |  0.00 |
| HDIOBDIFFINBUF   |    0 |     0 |          0 |        48 |  0.00 |
| BITSLICE_CONTROL |    0 |     0 |          0 |        24 |  0.00 |
| BITSLICE_RX_TX   |    0 |     0 |          0 |       936 |  0.00 |
| BITSLICE_TX      |    0 |     0 |          0 |        24 |  0.00 |
| RIU_OR           |    0 |     0 |          0 |        12 |  0.00 |
+------------------+------+-------+------------+-----------+-------+


6. CLOCK
--------

+----------------------+------+-------+------------+-----------+-------+
|       Site Type      | Used | Fixed | Prohibited | Available | Util% |
+----------------------+------+-------+------------+-----------+-------+
| GLOBAL CLOCK BUFFERs |    3 |     0 |          0 |       196 |  1.53 |
|   BUFGCE             |    2 |     0 |          0 |        88 |  2.27 |
|   BUFGCE_DIV         |    0 |     0 |          0 |        12 |  0.00 |
|   BUFG_PS            |    1 |     0 |          0 |        72 |  1.39 |
|   BUFGCTRL*          |    0 |     0 |          0 |        24 |  0.00 |
| PLL                  |    0 |     0 |          0 |         6 |  0.00 |
| MMCM                 |    0 |     0 |          0 |         3 |  0.00 |
+----------------------+------+-------+------------+-----------+-------+
* Note: Each used BUFGCTRL counts as two GLOBAL CLOCK BUFFERs. This table does not include global clocking resources, only buffer cell usage. See the Clock Utilization Report (report_clock_utilization) for detailed accounting of global clocking resource availability.


7. ADVANCED
-----------

+-----------+------+-------+------------+-----------+--------+
| Site Type | Used | Fixed | Prohibited | Available |  Util% |
+-----------+------+-------+------------+-----------+--------+
| PS8       |    1 |     0 |          0 |         1 | 100.00 |
| SYSMONE4  |    0 |     0 |          0 |         1 |   0.00 |
+-----------+------+-------+------------+-----------+--------+


8. CONFIGURATION
----------------

+-------------+------+-------+------------+-----------+-------+
|  Site Type  | Used | Fixed | Prohibited | Available | Util% |
+-------------+------+-------+------------+-----------+-------+
| BSCANE2     |    1 |     0 |          0 |         4 | 25.00 |
| DNA_PORTE2  |    0 |     0 |          0 |         1 |  0.00 |
| EFUSE_USR   |    0 |     0 |          0 |         1 |  0.00 |
| FRAME_ECCE4 |    0 |     0 |          0 |         1 |  0.00 |
| ICAPE3      |    0 |     0 |          0 |         2 |  0.00 |
| MASTER_JTAG |    0 |     0 |          0 |         1 |  0.00 |
| STARTUPE3   |    0 |     0 |          0 |         1 |  0.00 |
+-------------+------+-------+------------+-----------+-------+


9. Primitives
-------------

+----------+-------+---------------------+
| Ref Name |  Used | Functional Category |
+----------+-------+---------------------+
| FDRE     | 22191 |            Register |
| LUT4     |  4619 |                 CLB |
| LUT6     |  4228 |                 CLB |
| RAMS32   |  3044 |                 CLB |
| LUT3     |  2806 |                 CLB |
| LUT5     |  1957 |                 CLB |
| LUT2     |  1518 |                 CLB |
| RAMD32   |  1154 |                 CLB |
| CARRY8   |   844 |                 CLB |
| SRL16E   |   630 |                 CLB |
| MUXF7    |   452 |                 CLB |
| SRLC32E  |   313 |                 CLB |
| LUT1     |   306 |                 CLB |
| FDCE     |   298 |            Register |
| FDSE     |   288 |            Register |
| MUXF8    |   192 |                 CLB |
| DSP48E2  |   180 |          Arithmetic |
| FDPE     |    74 |            Register |
| RAMB36E2 |     8 |            BLOCKRAM |
| SRLC16E  |     2 |                 CLB |
| BUFGCE   |     2 |               Clock |
| RAMB18E2 |     1 |            BLOCKRAM |
| PS8      |     1 |            Advanced |
| BUFG_PS  |     1 |               Clock |
| BSCANE2  |     1 |       Configuration |
+----------+-------+---------------------+


10. Black Boxes
---------------

+----------+------+
| Ref Name | Used |
+----------+------+


11. Instantiated Netlists
-------------------------

+-----------------------------------+------+
|              Ref Name             | Used |
+-----------------------------------+------+
| design_1_zynq_ultra_ps_e_0_1      |    1 |
| design_1_xbar_1                   |    1 |
| design_1_system_ila_0_0           |    1 |
| design_1_rst_ps8_0_100M_1         |    1 |
| design_1_hyperspectral_hw_wra_0_1 |    1 |
| design_1_axi_timer_0_1            |    1 |
| design_1_axi_smc_1                |    1 |
| design_1_axi_dma_0_1              |    1 |
| design_1_auto_pc_1                |    1 |
| design_1_auto_ds_1                |    1 |
| dbg_hub                           |    1 |
+-----------------------------------+------+


