#-----------------------------------------------------------
# Vivado v2022.1 (64-bit)
# SW Build 3526262 on Mon Apr 18 15:47:01 MDT 2022
# IP Build 3524634 on Mon Apr 18 20:55:01 MDT 2022
# Start of session at: Thu Oct  3 02:33:17 2024
# Process ID: 4938
# Current directory: /home/andresitocc99/Documentos/GitHub/SSEE_Xilinx/Vitis_HLS/Hyperspectral_DataFlow/solution1/.autopilot/db/ip_tmp
# Command line: vivado  -notrace -log vivado.log -mode batch -source run_vivado_gen_ip.tcl
# Log file: /home/andresitocc99/Documentos/GitHub/SSEE_Xilinx/Vitis_HLS/Hyperspectral_DataFlow/solution1/.autopilot/db/ip_tmp/vivado.log
# Journal file: /home/andresitocc99/Documentos/GitHub/SSEE_Xilinx/Vitis_HLS/Hyperspectral_DataFlow/solution1/.autopilot/db/ip_tmp/vivado.jou
# Running On: andresitocc99-portatil, OS: Linux, CPU Frequency: 3999.989 MHz, CPU Physical cores: 6, Host memory: 16601 MB
#-----------------------------------------------------------
source run_vivado_gen_ip.tcl -notrace
INFO: [IP_Flow 19-234] Refreshing IP repositories
INFO: [IP_Flow 19-1704] No user IP repositories specified
INFO: [IP_Flow 19-2313] Loaded Vivado IP repository '/tools/Xilinx/Vivado/2022.1/data/ip'.
WARNING: [IP_Flow 19-4832] The IP name 'hyperspectral_hw_wrapped_uitofp_32ns_32_4_no_dsp_1_ip' you have specified is long. The Windows operating system has path length limitations. It is recommended you use shorter names to reduce the likelihood of issues.
create_ip: Time (s): cpu = 00:00:02 ; elapsed = 00:00:25 . Memory (MB): peak = 2536.703 ; gain = 37.988 ; free physical = 6310 ; free virtual = 42853
INFO: [IP_Flow 19-1686] Generating 'Synthesis' target for IP 'hyperspectral_hw_wrapped_uitofp_32ns_32_4_no_dsp_1_ip'...
INFO: [IP_Flow 19-1686] Generating 'Simulation' target for IP 'hyperspectral_hw_wrapped_uitofp_32ns_32_4_no_dsp_1_ip'...
INFO: [Common 17-206] Exiting Vivado at Thu Oct  3 02:34:16 2024...
