#-----------------------------------------------------------
# Vivado v2022.1 (64-bit)
# SW Build 3526262 on Mon Apr 18 15:47:01 MDT 2022
# IP Build 3524634 on Mon Apr 18 20:55:01 MDT 2022
# Start of session at: Thu Oct 10 03:42:42 2024
# Process ID: 7308
# Current directory: /home/andresitocc99/Documentos/SSEE_Xilinx/Vitis_HLS/Hyperspectral_DataFlow/solution1/impl/ip
# Command line: vivado -notrace -mode batch -source run_ippack.tcl
# Log file: /home/andresitocc99/Documentos/SSEE_Xilinx/Vitis_HLS/Hyperspectral_DataFlow/solution1/impl/ip/vivado.log
# Journal file: /home/andresitocc99/Documentos/SSEE_Xilinx/Vitis_HLS/Hyperspectral_DataFlow/solution1/impl/ip/vivado.jou
# Running On: andresitocc99, OS: Linux, CPU Frequency: 3034.127 MHz, CPU Physical cores: 16, Host memory: 33547 MB
#-----------------------------------------------------------
source run_ippack.tcl -notrace
INFO: [IP_Flow 19-234] Refreshing IP repositories
INFO: [IP_Flow 19-1704] No user IP repositories specified
INFO: [IP_Flow 19-2313] Loaded Vivado IP repository '/tools/Xilinx/Vivado/2022.1/data/ip'.
WARNING: [IP_Flow 19-4832] The IP name 'hyperspectral_hw_wrapped_uitofp_32ns_32_4_no_dsp_1_ip' you have specified is long. The Windows operating system has path length limitations. It is recommended you use shorter names to reduce the likelihood of issues.
INFO: [IP_Flow 19-1686] Generating 'Synthesis' target for IP 'hyperspectral_hw_wrapped_uitofp_32ns_32_4_no_dsp_1_ip'...
INFO: [IP_Flow 19-1686] Generating 'Simulation' target for IP 'hyperspectral_hw_wrapped_uitofp_32ns_32_4_no_dsp_1_ip'...
INFO: [IP_Flow 19-234] Refreshing IP repositories
INFO: [IP_Flow 19-1704] No user IP repositories specified
INFO: [IP_Flow 19-2313] Loaded Vivado IP repository '/tools/Xilinx/Vivado/2022.1/data/ip'.
INFO: [Common 17-206] Exiting Vivado at Thu Oct 10 03:42:51 2024...
